# cmd: /home/snirhordan/miniconda3/envs/rwnn/bin/python3 -u quickstart/train_qm9.py --target gap --walk_type search --distances 0 --mol_edge_feat 0 --epochs 10 --early_stopping 3 --n_splits 1 --batch_size 128 --h_dim 128 --num_layers 2 --m 1 --w 8 --reduce mean --seed 43 --num_workers 4 --device_idx 0 --out_root /home/snirhordan/ito/RandomSearchNNs/runs/qm9_rsnn/_stage --run_subdir m1/gap/split1 --limit 0
# gpu: 1
# seed: 43
[d0_m0/gap] device=cuda:0 seed=43 cwd=/home/snirhordan/ito/RandomSearchNNs
[d0_m0/gap] loading preprocessed cache from data/qm9/qm9_d_rwnn_cache/mols_gap.pt
/home/snirhordan/ito/RandomSearchNNs/quickstart/train_qm9.py:357: FutureWarning: You are using `torch.load` with `weights_only=False` (the current default value), which uses the default pickle module implicitly. It is possible to construct malicious pickle data which will execute arbitrary code during unpickling (See https://github.com/pytorch/pytorch/blob/main/SECURITY.md#untrusted-models for more details). In a future release, the default value for `weights_only` will be flipped to `True`. This limits the functions that could be executed during unpickling. Arbitrary objects will no longer be allowed to be loaded via this mode unless they are explicitly allowlisted by the user via `torch.serialization.add_safe_globals`. We recommend you start setting `weights_only=True` for any use case where you don't have full control of the loaded file. Please open an issue on GitHub for any issues related to this experimental feature.
  mols = torch.load(cache_path)
/home/snirhordan/ito/RandomSearchNNs/quickstart/train_qm9.py:358: FutureWarning: You are using `torch.load` with `weights_only=False` (the current default value), which uses the default pickle module implicitly. It is possible to construct malicious pickle data which will execute arbitrary code during unpickling (See https://github.com/pytorch/pytorch/blob/main/SECURITY.md#untrusted-models for more details). In a future release, the default value for `weights_only` will be flipped to `True`. This limits the functions that could be executed during unpickling. Arbitrary objects will no longer be allowed to be loaded via this mode unless they are explicitly allowlisted by the user via `torch.serialization.add_safe_globals`. We recommend you start setting `weights_only=True` for any use case where you don't have full control of the loaded file. Please open an issue on GitHub for any issues related to this experimental feature.
  vocab = torch.load(vocab_path)
[d0_m0/gap] loaded cache (130831 mols, vocab={'C': 0, 'F': 1, 'H': 2, 'N': 3, 'O': 4, 'PAD': 5}), dt=46.0s
[d0_m0/gap] max_len=29
[d0_m0/gap] target stats: mean=6.8585 std=1.2842
[d0_m0/gap] pe_in_dim=8 pe_out_dim=16 vocab_size=6
[d0_m0/gap] split 0: train=78498 valid=26166 test=26167
[d0_m0/gap] split 0 epoch   0 train_mse=0.5358 valid_mae=0.6401 dt=79.8s *
[d0_m0/gap] split 0 epoch   1 train_mse=0.3533 valid_mae=0.5405 dt=78.4s *
[d0_m0/gap] split 0 epoch   2 train_mse=0.3000 valid_mae=0.5049 dt=77.9s *
[d0_m0/gap] split 0 epoch   3 train_mse=0.2655 valid_mae=0.4704 dt=77.6s *
[d0_m0/gap] split 0 epoch   4 train_mse=0.2360 valid_mae=0.4696 dt=77.6s *
[d0_m0/gap] split 0 epoch   5 train_mse=0.2160 valid_mae=0.4163 dt=77.7s *
[d0_m0/gap] split 0 epoch   6 train_mse=0.2020 valid_mae=0.4396 dt=77.7s  
[d0_m0/gap] split 0 epoch   7 train_mse=0.1882 valid_mae=0.3978 dt=77.8s *
[d0_m0/gap] split 0 epoch   8 train_mse=0.1813 valid_mae=0.3993 dt=78.1s  
[d0_m0/gap] split 0 epoch   9 train_mse=0.1701 valid_mae=0.3812 dt=78.0s *
[d0_m0/gap] split 0 DONE best_valid_mae=0.3812 test_mae=0.3818 split_dt=799.2s
[d0_m0/gap] DONE mean_test_mae=0.3818 total=799.3s peak_gpu_mem=106.0MB
[d0_m0/gap] metrics saved -> /home/snirhordan/ito/RandomSearchNNs/runs/qm9_rsnn/_stage/m1/gap/split1/gap/metrics.json
