# cmd: /home/snirhordan/miniconda3/envs/rwnn/bin/python3 -u /home/snirhordan/ito/RandomSearchNNs/quickstart/train_qm9.py --target H --walk_type walk_ada --distances 1 --mol_edge_feat 1 --epochs 15 --early_stopping 4 --n_splits 1 --batch_size 128 --h_dim 128 --num_layers 2 --m 4 --w 8 --reduce mean --seed 44 --num_workers 4 --device_idx 0 --out_root /home/snirhordan/ito/RandomSearchNNs/runs/qm9_rwnn/_stage --run_subdir m4/H/split2 --limit 0
# gpu: 0 seed: 44 (CVD=0)
[d1_m1/H] device=cuda:0 seed=44 cwd=/home/snirhordan/ito/RandomSearchNNs
[d1_m1/H] loading preprocessed cache from data/qm9/qm9_d_rwnn_cache/mols_H.pt
/home/snirhordan/ito/RandomSearchNNs/quickstart/train_qm9.py:357: FutureWarning: You are using `torch.load` with `weights_only=False` (the current default value), which uses the default pickle module implicitly. It is possible to construct malicious pickle data which will execute arbitrary code during unpickling (See https://github.com/pytorch/pytorch/blob/main/SECURITY.md#untrusted-models for more details). In a future release, the default value for `weights_only` will be flipped to `True`. This limits the functions that could be executed during unpickling. Arbitrary objects will no longer be allowed to be loaded via this mode unless they are explicitly allowlisted by the user via `torch.serialization.add_safe_globals`. We recommend you start setting `weights_only=True` for any use case where you don't have full control of the loaded file. Please open an issue on GitHub for any issues related to this experimental feature.
  mols = torch.load(cache_path)
/home/snirhordan/ito/RandomSearchNNs/quickstart/train_qm9.py:358: FutureWarning: You are using `torch.load` with `weights_only=False` (the current default value), which uses the default pickle module implicitly. It is possible to construct malicious pickle data which will execute arbitrary code during unpickling (See https://github.com/pytorch/pytorch/blob/main/SECURITY.md#untrusted-models for more details). In a future release, the default value for `weights_only` will be flipped to `True`. This limits the functions that could be executed during unpickling. Arbitrary objects will no longer be allowed to be loaded via this mode unless they are explicitly allowlisted by the user via `torch.serialization.add_safe_globals`. We recommend you start setting `weights_only=True` for any use case where you don't have full control of the loaded file. Please open an issue on GitHub for any issues related to this experimental feature.
  vocab = torch.load(vocab_path)
[d1_m1/H] loaded cache (130831 mols, vocab={'C': 0, 'F': 1, 'H': 2, 'N': 3, 'O': 4, 'PAD': 5}), dt=53.7s
[d1_m1/H] max_len=29
[d1_m1/H] target stats: mean=-11178.7100 std=1085.5728
[d1_m1/H] pe_in_dim=35 pe_out_dim=16 vocab_size=6
[d1_m1/H] split 0: train=78498 valid=26166 test=26167
[d1_m1/H] split 0 epoch   0 train_mse=0.4487 valid_mae=471.2442 dt=387.2s *
[d1_m1/H] split 0 epoch   1 train_mse=0.3540 valid_mae=432.9982 dt=417.0s *
[d1_m1/H] split 0 epoch   2 train_mse=0.3419 valid_mae=397.0796 dt=412.2s *
[d1_m1/H] split 0 epoch   3 train_mse=0.3423 valid_mae=404.9716 dt=413.1s  
[d1_m1/H] split 0 epoch   4 train_mse=0.3374 valid_mae=399.3510 dt=419.4s  
[d1_m1/H] split 0 epoch   5 train_mse=0.3284 valid_mae=401.7621 dt=422.5s  
[d1_m1/H] split 0 epoch   6 train_mse=0.3328 valid_mae=390.9040 dt=411.1s *
[d1_m1/H] split 0 epoch   7 train_mse=0.3246 valid_mae=417.8250 dt=427.2s  
[d1_m1/H] split 0 epoch   8 train_mse=0.3247 valid_mae=400.5296 dt=403.9s  
[d1_m1/H] split 0 epoch   9 train_mse=0.3216 valid_mae=405.5335 dt=411.4s  
[d1_m1/H] split 0 epoch  10 train_mse=0.3195 valid_mae=398.8118 dt=382.0s  
[d1_m1/H] split 0 early stop at epoch 11
[d1_m1/H] split 0 DONE best_valid_mae=390.9040 test_mae=393.1474 split_dt=4603.5s
[d1_m1/H] DONE mean_test_mae=393.1474 total=4603.5s peak_gpu_mem=264.0MB
[d1_m1/H] metrics saved -> /home/snirhordan/ito/RandomSearchNNs/runs/qm9_rwnn/_stage/m4/H/split2/H/metrics.json
