[d1_m0/mu] device=cuda:0 seed=42 cwd=/home/snirhordan/ito/RandomSearchNNs
[d1_m0/mu] loading preprocessed cache from data/qm9/qm9_d_rwnn_cache/mols_mu.pt
/home/snirhordan/ito/RandomSearchNNs/quickstart/train_qm9.py:329: FutureWarning: You are using `torch.load` with `weights_only=False` (the current default value), which uses the default pickle module implicitly. It is possible to construct malicious pickle data which will execute arbitrary code during unpickling (See https://github.com/pytorch/pytorch/blob/main/SECURITY.md#untrusted-models for more details). In a future release, the default value for `weights_only` will be flipped to `True`. This limits the functions that could be executed during unpickling. Arbitrary objects will no longer be allowed to be loaded via this mode unless they are explicitly allowlisted by the user via `torch.serialization.add_safe_globals`. We recommend you start setting `weights_only=True` for any use case where you don't have full control of the loaded file. Please open an issue on GitHub for any issues related to this experimental feature.
  mols = torch.load(cache_path)
/home/snirhordan/ito/RandomSearchNNs/quickstart/train_qm9.py:330: FutureWarning: You are using `torch.load` with `weights_only=False` (the current default value), which uses the default pickle module implicitly. It is possible to construct malicious pickle data which will execute arbitrary code during unpickling (See https://github.com/pytorch/pytorch/blob/main/SECURITY.md#untrusted-models for more details). In a future release, the default value for `weights_only` will be flipped to `True`. This limits the functions that could be executed during unpickling. Arbitrary objects will no longer be allowed to be loaded via this mode unless they are explicitly allowlisted by the user via `torch.serialization.add_safe_globals`. We recommend you start setting `weights_only=True` for any use case where you don't have full control of the loaded file. Please open an issue on GitHub for any issues related to this experimental feature.
  vocab = torch.load(vocab_path)
[d1_m0/mu] loaded cache (130831 mols, vocab={'C': 0, 'F': 1, 'H': 2, 'N': 3, 'O': 4, 'PAD': 5}), dt=47.7s
[d1_m0/mu] max_len=29
[d1_m0/mu] target stats: mean=2.6730 std=1.5035
[d1_m0/mu] pe_in_dim=32 pe_out_dim=16 vocab_size=6
[d1_m0/mu] split 0: train=78498 valid=26166 test=26167
[d1_m0/mu] split 0 epoch   0 train_mse=0.6783 valid_mae=0.8108 dt=261.4s *
[d1_m0/mu] split 0 epoch   1 train_mse=0.5754 valid_mae=0.7759 dt=257.2s *
[d1_m0/mu] split 0 epoch   2 train_mse=0.5354 valid_mae=0.7683 dt=258.5s *
[d1_m0/mu] split 0 epoch   3 train_mse=0.4917 valid_mae=0.7367 dt=258.3s *
[d1_m0/mu] split 0 epoch   4 train_mse=0.4704 valid_mae=0.7279 dt=258.2s *
[d1_m0/mu] split 0 epoch   5 train_mse=0.4483 valid_mae=0.7099 dt=257.9s *
[d1_m0/mu] split 0 epoch   6 train_mse=0.4378 valid_mae=0.7160 dt=257.7s  
[d1_m0/mu] split 0 epoch   7 train_mse=0.4210 valid_mae=0.7219 dt=257.4s  
[d1_m0/mu] split 0 epoch   8 train_mse=0.4110 valid_mae=0.7040 dt=257.9s *
[d1_m0/mu] split 0 epoch   9 train_mse=0.4062 valid_mae=0.6917 dt=256.9s *
[d1_m0/mu] split 0 epoch  10 train_mse=0.3933 valid_mae=0.6715 dt=258.3s *
[d1_m0/mu] split 0 epoch  11 train_mse=0.3783 valid_mae=0.6693 dt=258.0s *
[d1_m0/mu] split 0 epoch  12 train_mse=0.3772 valid_mae=0.6580 dt=258.2s *
[d1_m0/mu] split 0 epoch  13 train_mse=0.3683 valid_mae=0.6558 dt=256.7s *
[d1_m0/mu] split 0 epoch  14 train_mse=0.3583 valid_mae=0.6569 dt=256.7s  
[d1_m0/mu] split 0 DONE best_valid_mae=0.6558 test_mae=0.6528 split_dt=3931.4s
[d1_m0/mu] DONE mean_test_mae=0.6528 total=3931.6s peak_gpu_mem=479.1MB
[d1_m0/mu] metrics saved -> runs/qm9/d1_m0/mu/metrics.json
