[d0_m0/lumo] device=cuda:0 seed=42 cwd=/home/snirhordan/ito/RandomSearchNNs
[d0_m0/lumo] loading preprocessed cache from data/qm9/qm9_d_rwnn_cache/mols_lumo.pt
/home/snirhordan/ito/RandomSearchNNs/quickstart/train_qm9.py:336: FutureWarning: You are using `torch.load` with `weights_only=False` (the current default value), which uses the default pickle module implicitly. It is possible to construct malicious pickle data which will execute arbitrary code during unpickling (See https://github.com/pytorch/pytorch/blob/main/SECURITY.md#untrusted-models for more details). In a future release, the default value for `weights_only` will be flipped to `True`. This limits the functions that could be executed during unpickling. Arbitrary objects will no longer be allowed to be loaded via this mode unless they are explicitly allowlisted by the user via `torch.serialization.add_safe_globals`. We recommend you start setting `weights_only=True` for any use case where you don't have full control of the loaded file. Please open an issue on GitHub for any issues related to this experimental feature.
  mols = torch.load(cache_path)
/home/snirhordan/ito/RandomSearchNNs/quickstart/train_qm9.py:337: FutureWarning: You are using `torch.load` with `weights_only=False` (the current default value), which uses the default pickle module implicitly. It is possible to construct malicious pickle data which will execute arbitrary code during unpickling (See https://github.com/pytorch/pytorch/blob/main/SECURITY.md#untrusted-models for more details). In a future release, the default value for `weights_only` will be flipped to `True`. This limits the functions that could be executed during unpickling. Arbitrary objects will no longer be allowed to be loaded via this mode unless they are explicitly allowlisted by the user via `torch.serialization.add_safe_globals`. We recommend you start setting `weights_only=True` for any use case where you don't have full control of the loaded file. Please open an issue on GitHub for any issues related to this experimental feature.
  vocab = torch.load(vocab_path)
[d0_m0/lumo] loaded cache (130831 mols, vocab={'C': 0, 'F': 1, 'H': 2, 'N': 3, 'O': 4, 'PAD': 5}), dt=50.6s
[d0_m0/lumo] max_len=29
[d0_m0/lumo] target stats: mean=0.3220 std=1.2749
[d0_m0/lumo] pe_in_dim=16 pe_out_dim=16 vocab_size=6
[d0_m0/lumo] split 0: train=78498 valid=26166 test=26167
[d0_m0/lumo] split 0 epoch   0 train_mse=0.4635 valid_mae=0.5988 dt=239.3s *
[d0_m0/lumo] split 0 epoch   1 train_mse=0.3225 valid_mae=0.5433 dt=235.5s *
[d0_m0/lumo] split 0 epoch   2 train_mse=0.2754 valid_mae=0.4706 dt=235.8s *
[d0_m0/lumo] split 0 epoch   3 train_mse=0.2435 valid_mae=0.4503 dt=235.8s *
[d0_m0/lumo] split 0 epoch   4 train_mse=0.2170 valid_mae=0.4254 dt=234.6s *
[d0_m0/lumo] split 0 epoch   5 train_mse=0.1996 valid_mae=0.4151 dt=235.2s *
[d0_m0/lumo] split 0 epoch   6 train_mse=0.1895 valid_mae=0.3903 dt=235.7s *
[d0_m0/lumo] split 0 epoch   7 train_mse=0.1783 valid_mae=0.3854 dt=235.2s *
[d0_m0/lumo] split 0 epoch   8 train_mse=0.1674 valid_mae=0.3738 dt=235.1s *
[d0_m0/lumo] split 0 epoch   9 train_mse=0.1654 valid_mae=0.3616 dt=235.0s *
[d0_m0/lumo] split 0 epoch  10 train_mse=0.1556 valid_mae=0.3508 dt=235.3s *
[d0_m0/lumo] split 0 epoch  11 train_mse=0.1554 valid_mae=0.3530 dt=235.5s  
[d0_m0/lumo] split 0 epoch  12 train_mse=0.1522 valid_mae=0.3471 dt=236.0s *
[d0_m0/lumo] split 0 epoch  13 train_mse=0.1465 valid_mae=0.3385 dt=235.5s *
[d0_m0/lumo] split 0 epoch  14 train_mse=0.1428 valid_mae=0.3218 dt=234.8s *
[d0_m0/lumo] split 0 DONE best_valid_mae=0.3218 test_mae=0.3227 split_dt=3591.9s
[d0_m0/lumo] DONE mean_test_mae=0.3227 total=3591.9s peak_gpu_mem=475.6MB
[d0_m0/lumo] metrics saved -> runs/qm9/d0_m0/lumo/metrics.json
