[d1_m1/U] device=cuda:0 seed=42 cwd=/home/snirhordan/ito/RandomSearchNNs
[d1_m1/U] loading preprocessed cache from data/qm9/qm9_d_rwnn_cache/mols_U.pt
/home/snirhordan/ito/RandomSearchNNs/quickstart/train_qm9.py:336: FutureWarning: You are using `torch.load` with `weights_only=False` (the current default value), which uses the default pickle module implicitly. It is possible to construct malicious pickle data which will execute arbitrary code during unpickling (See https://github.com/pytorch/pytorch/blob/main/SECURITY.md#untrusted-models for more details). In a future release, the default value for `weights_only` will be flipped to `True`. This limits the functions that could be executed during unpickling. Arbitrary objects will no longer be allowed to be loaded via this mode unless they are explicitly allowlisted by the user via `torch.serialization.add_safe_globals`. We recommend you start setting `weights_only=True` for any use case where you don't have full control of the loaded file. Please open an issue on GitHub for any issues related to this experimental feature.
  mols = torch.load(cache_path)
/home/snirhordan/ito/RandomSearchNNs/quickstart/train_qm9.py:337: FutureWarning: You are using `torch.load` with `weights_only=False` (the current default value), which uses the default pickle module implicitly. It is possible to construct malicious pickle data which will execute arbitrary code during unpickling (See https://github.com/pytorch/pytorch/blob/main/SECURITY.md#untrusted-models for more details). In a future release, the default value for `weights_only` will be flipped to `True`. This limits the functions that could be executed during unpickling. Arbitrary objects will no longer be allowed to be loaded via this mode unless they are explicitly allowlisted by the user via `torch.serialization.add_safe_globals`. We recommend you start setting `weights_only=True` for any use case where you don't have full control of the loaded file. Please open an issue on GitHub for any issues related to this experimental feature.
  vocab = torch.load(vocab_path)
[d1_m1/U] loaded cache (130831 mols, vocab={'C': 0, 'F': 1, 'H': 2, 'N': 3, 'O': 4, 'PAD': 5}), dt=49.6s
[d1_m1/U] max_len=29
[d1_m1/U] target stats: mean=-11178.7354 std=1085.5728
[d1_m1/U] pe_in_dim=35 pe_out_dim=16 vocab_size=6
[d1_m1/U] split 0: train=78498 valid=26166 test=26167
[d1_m1/U] split 0 epoch   0 train_mse=0.2400 valid_mae=232.6518 dt=254.3s *
[d1_m1/U] split 0 epoch   1 train_mse=0.1172 valid_mae=274.8297 dt=250.8s  
[d1_m1/U] split 0 epoch   2 train_mse=0.1063 valid_mae=162.2458 dt=252.2s *
[d1_m1/U] split 0 epoch   3 train_mse=0.0984 valid_mae=225.9491 dt=251.8s  
[d1_m1/U] split 0 epoch   4 train_mse=0.0990 valid_mae=172.3998 dt=252.4s  
[d1_m1/U] split 0 epoch   5 train_mse=0.0964 valid_mae=155.5567 dt=252.3s *
[d1_m1/U] split 0 epoch   6 train_mse=0.0967 valid_mae=163.1177 dt=250.6s  
[d1_m1/U] split 0 epoch   7 train_mse=0.0947 valid_mae=212.5481 dt=250.6s  
[d1_m1/U] split 0 epoch   8 train_mse=0.0914 valid_mae=156.2650 dt=249.7s  
[d1_m1/U] split 0 epoch   9 train_mse=0.0892 valid_mae=146.0990 dt=250.2s *
[d1_m1/U] split 0 epoch  10 train_mse=0.0904 valid_mae=151.5089 dt=250.9s  
[d1_m1/U] split 0 epoch  11 train_mse=0.0891 valid_mae=142.7191 dt=251.6s *
[d1_m1/U] split 0 epoch  12 train_mse=0.0902 valid_mae=147.4795 dt=251.8s  
[d1_m1/U] split 0 epoch  13 train_mse=0.0875 valid_mae=135.8222 dt=248.7s *
[d1_m1/U] split 0 epoch  14 train_mse=0.0874 valid_mae=140.9397 dt=249.1s  
[d1_m1/U] split 0 DONE best_valid_mae=135.8222 test_mae=137.2517 split_dt=3827.5s
[d1_m1/U] DONE mean_test_mae=137.2517 total=3827.6s peak_gpu_mem=482.0MB
[d1_m1/U] metrics saved -> runs/qm9/d1_m1/U/metrics.json
