# cmd: /home/snirhordan/miniconda3/envs/rwnn/bin/python3 -u /home/snirhordan/ito/RandomSearchNNs/quickstart/train_qm9.py --target Cv --walk_type walk_ada --distances 1 --mol_edge_feat 1 --epochs 15 --early_stopping 4 --n_splits 1 --batch_size 128 --h_dim 128 --num_layers 2 --m 16 --w 8 --reduce mean --seed 42 --num_workers 4 --device_idx 0 --out_root /home/snirhordan/ito/RandomSearchNNs/runs/qm9_rwnn/_stage --run_subdir m16/Cv/split0 --limit 0
# gpu: 0 seed: 42 (CVD=0)
[d1_m1/Cv] device=cuda:0 seed=42 cwd=/home/snirhordan/ito/RandomSearchNNs
[d1_m1/Cv] loading preprocessed cache from data/qm9/qm9_d_rwnn_cache/mols_Cv.pt
/home/snirhordan/ito/RandomSearchNNs/quickstart/train_qm9.py:357: FutureWarning: You are using `torch.load` with `weights_only=False` (the current default value), which uses the default pickle module implicitly. It is possible to construct malicious pickle data which will execute arbitrary code during unpickling (See https://github.com/pytorch/pytorch/blob/main/SECURITY.md#untrusted-models for more details). In a future release, the default value for `weights_only` will be flipped to `True`. This limits the functions that could be executed during unpickling. Arbitrary objects will no longer be allowed to be loaded via this mode unless they are explicitly allowlisted by the user via `torch.serialization.add_safe_globals`. We recommend you start setting `weights_only=True` for any use case where you don't have full control of the loaded file. Please open an issue on GitHub for any issues related to this experimental feature.
  mols = torch.load(cache_path)
/home/snirhordan/ito/RandomSearchNNs/quickstart/train_qm9.py:358: FutureWarning: You are using `torch.load` with `weights_only=False` (the current default value), which uses the default pickle module implicitly. It is possible to construct malicious pickle data which will execute arbitrary code during unpickling (See https://github.com/pytorch/pytorch/blob/main/SECURITY.md#untrusted-models for more details). In a future release, the default value for `weights_only` will be flipped to `True`. This limits the functions that could be executed during unpickling. Arbitrary objects will no longer be allowed to be loaded via this mode unless they are explicitly allowlisted by the user via `torch.serialization.add_safe_globals`. We recommend you start setting `weights_only=True` for any use case where you don't have full control of the loaded file. Please open an issue on GitHub for any issues related to this experimental feature.
  vocab = torch.load(vocab_path)
[d1_m1/Cv] loaded cache (130831 mols, vocab={'C': 0, 'F': 1, 'H': 2, 'N': 3, 'O': 4, 'PAD': 5}), dt=37.1s
[d1_m1/Cv] max_len=29
[d1_m1/Cv] target stats: mean=31.6204 std=4.0676
[d1_m1/Cv] pe_in_dim=35 pe_out_dim=16 vocab_size=6
[d1_m1/Cv] split 0: train=78498 valid=26166 test=26167
[d1_m1/Cv] split 0 epoch   0 train_mse=0.1680 valid_mae=1.1370 dt=522.3s *
[d1_m1/Cv] split 0 epoch   1 train_mse=0.0440 valid_mae=0.5527 dt=515.8s *
[d1_m1/Cv] split 0 epoch   2 train_mse=0.0334 valid_mae=0.5602 dt=519.1s  
[d1_m1/Cv] split 0 epoch   3 train_mse=0.0295 valid_mae=0.5018 dt=517.8s *
[d1_m1/Cv] split 0 epoch   4 train_mse=0.0241 valid_mae=0.5321 dt=515.8s  
[d1_m1/Cv] split 0 epoch   5 train_mse=0.0224 valid_mae=0.4706 dt=517.5s *
[d1_m1/Cv] split 0 epoch   6 train_mse=0.0209 valid_mae=0.4222 dt=516.3s *
[d1_m1/Cv] split 0 epoch   7 train_mse=0.0203 valid_mae=0.4142 dt=523.5s *
[d1_m1/Cv] split 0 epoch   8 train_mse=0.0183 valid_mae=0.7433 dt=513.9s  
[d1_m1/Cv] split 0 epoch   9 train_mse=0.0168 valid_mae=0.4833 dt=516.8s  
[d1_m1/Cv] split 0 epoch  10 train_mse=0.0155 valid_mae=0.3678 dt=518.8s *
[d1_m1/Cv] split 0 epoch  11 train_mse=0.0151 valid_mae=0.3482 dt=516.6s *
[d1_m1/Cv] split 0 epoch  12 train_mse=0.0142 valid_mae=0.3451 dt=519.0s *
[d1_m1/Cv] split 0 epoch  13 train_mse=0.0132 valid_mae=0.3283 dt=518.2s *
[d1_m1/Cv] split 0 epoch  14 train_mse=0.0127 valid_mae=0.3206 dt=518.4s *
[d1_m1/Cv] split 0 DONE best_valid_mae=0.3206 test_mae=0.3220 split_dt=7892.3s
[d1_m1/Cv] DONE mean_test_mae=0.3220 total=7892.4s peak_gpu_mem=913.7MB
[d1_m1/Cv] metrics saved -> /home/snirhordan/ito/RandomSearchNNs/runs/qm9_rwnn/_stage/m16/Cv/split0/Cv/metrics.json
