# cmd: /home/snirhordan/miniconda3/envs/rwnn/bin/python3 -u /home/snirhordan/ito/RandomSearchNNs/quickstart/train_qm9.py --target mu --walk_type walk_ada --distances 1 --mol_edge_feat 1 --epochs 15 --early_stopping 4 --n_splits 1 --batch_size 128 --h_dim 128 --num_layers 2 --m 16 --w 8 --reduce mean --seed 43 --num_workers 4 --device_idx 0 --out_root /home/snirhordan/ito/RandomSearchNNs/runs/qm9_rwnn/_stage --run_subdir m16/mu/split1 --limit 0
# gpu: 3 seed: 43
[d1_m1/mu] device=cuda:0 seed=43 cwd=/home/snirhordan/ito/RandomSearchNNs
[d1_m1/mu] loading preprocessed cache from data/qm9/qm9_d_rwnn_cache/mols_mu.pt
/home/snirhordan/ito/RandomSearchNNs/quickstart/train_qm9.py:357: FutureWarning: You are using `torch.load` with `weights_only=False` (the current default value), which uses the default pickle module implicitly. It is possible to construct malicious pickle data which will execute arbitrary code during unpickling (See https://github.com/pytorch/pytorch/blob/main/SECURITY.md#untrusted-models for more details). In a future release, the default value for `weights_only` will be flipped to `True`. This limits the functions that could be executed during unpickling. Arbitrary objects will no longer be allowed to be loaded via this mode unless they are explicitly allowlisted by the user via `torch.serialization.add_safe_globals`. We recommend you start setting `weights_only=True` for any use case where you don't have full control of the loaded file. Please open an issue on GitHub for any issues related to this experimental feature.
  mols = torch.load(cache_path)
/home/snirhordan/ito/RandomSearchNNs/quickstart/train_qm9.py:358: FutureWarning: You are using `torch.load` with `weights_only=False` (the current default value), which uses the default pickle module implicitly. It is possible to construct malicious pickle data which will execute arbitrary code during unpickling (See https://github.com/pytorch/pytorch/blob/main/SECURITY.md#untrusted-models for more details). In a future release, the default value for `weights_only` will be flipped to `True`. This limits the functions that could be executed during unpickling. Arbitrary objects will no longer be allowed to be loaded via this mode unless they are explicitly allowlisted by the user via `torch.serialization.add_safe_globals`. We recommend you start setting `weights_only=True` for any use case where you don't have full control of the loaded file. Please open an issue on GitHub for any issues related to this experimental feature.
  vocab = torch.load(vocab_path)
[d1_m1/mu] loaded cache (130831 mols, vocab={'C': 0, 'F': 1, 'H': 2, 'N': 3, 'O': 4, 'PAD': 5}), dt=47.3s
[d1_m1/mu] max_len=29
[d1_m1/mu] target stats: mean=2.6730 std=1.5035
[d1_m1/mu] pe_in_dim=35 pe_out_dim=16 vocab_size=6
[d1_m1/mu] split 0: train=78498 valid=26166 test=26167
[d1_m1/mu] split 0 epoch   0 train_mse=0.6112 valid_mae=0.7458 dt=744.9s *
[d1_m1/mu] split 0 epoch   1 train_mse=0.5070 valid_mae=0.7277 dt=738.3s *
[d1_m1/mu] split 0 epoch   2 train_mse=0.4383 valid_mae=0.7033 dt=735.6s *
[d1_m1/mu] split 0 epoch   3 train_mse=0.3969 valid_mae=0.6749 dt=738.1s *
[d1_m1/mu] split 0 epoch   4 train_mse=0.3750 valid_mae=0.6484 dt=738.0s *
[d1_m1/mu] split 0 epoch   5 train_mse=0.3588 valid_mae=0.6456 dt=737.1s *
[d1_m1/mu] split 0 epoch   6 train_mse=0.3463 valid_mae=0.6269 dt=738.0s *
[d1_m1/mu] split 0 epoch   7 train_mse=0.3329 valid_mae=0.6133 dt=732.9s *
[d1_m1/mu] split 0 epoch   8 train_mse=0.3215 valid_mae=0.6245 dt=732.0s  
[d1_m1/mu] split 0 epoch   9 train_mse=0.3153 valid_mae=0.6078 dt=734.5s *
[d1_m1/mu] split 0 epoch  10 train_mse=0.3071 valid_mae=0.6092 dt=735.8s  
[d1_m1/mu] split 0 epoch  11 train_mse=0.2984 valid_mae=0.5896 dt=734.8s *
[d1_m1/mu] split 0 epoch  12 train_mse=0.2975 valid_mae=0.5876 dt=735.5s *
[d1_m1/mu] split 0 epoch  13 train_mse=0.2857 valid_mae=0.5732 dt=734.8s *
[d1_m1/mu] split 0 epoch  14 train_mse=0.2787 valid_mae=0.5884 dt=734.4s  
[d1_m1/mu] split 0 DONE best_valid_mae=0.5732 test_mae=0.5708 split_dt=11220.0s
[d1_m1/mu] DONE mean_test_mae=0.5708 total=11220.1s peak_gpu_mem=910.4MB
[d1_m1/mu] metrics saved -> /home/snirhordan/ito/RandomSearchNNs/runs/qm9_rwnn/_stage/m16/mu/split1/mu/metrics.json
