# cmd: /home/snirhordan/miniconda3/envs/rwnn/bin/python3 -u quickstart/train_qm9.py --target G --walk_type search --distances 0 --mol_edge_feat 0 --epochs 10 --early_stopping 3 --n_splits 1 --batch_size 128 --h_dim 128 --num_layers 2 --m 16 --w 8 --reduce mean --seed 42 --num_workers 4 --device_idx 0 --out_root /home/snirhordan/ito/RandomSearchNNs/runs/qm9_rsnn/_stage --run_subdir m16/G/split0 --limit 0
# gpu: 1
# seed: 42
[d0_m0/G] device=cuda:0 seed=42 cwd=/home/snirhordan/ito/RandomSearchNNs
[d0_m0/G] loading preprocessed cache from data/qm9/qm9_d_rwnn_cache/mols_G.pt
/home/snirhordan/ito/RandomSearchNNs/quickstart/train_qm9.py:357: FutureWarning: You are using `torch.load` with `weights_only=False` (the current default value), which uses the default pickle module implicitly. It is possible to construct malicious pickle data which will execute arbitrary code during unpickling (See https://github.com/pytorch/pytorch/blob/main/SECURITY.md#untrusted-models for more details). In a future release, the default value for `weights_only` will be flipped to `True`. This limits the functions that could be executed during unpickling. Arbitrary objects will no longer be allowed to be loaded via this mode unless they are explicitly allowlisted by the user via `torch.serialization.add_safe_globals`. We recommend you start setting `weights_only=True` for any use case where you don't have full control of the loaded file. Please open an issue on GitHub for any issues related to this experimental feature.
  mols = torch.load(cache_path)
/home/snirhordan/ito/RandomSearchNNs/quickstart/train_qm9.py:358: FutureWarning: You are using `torch.load` with `weights_only=False` (the current default value), which uses the default pickle module implicitly. It is possible to construct malicious pickle data which will execute arbitrary code during unpickling (See https://github.com/pytorch/pytorch/blob/main/SECURITY.md#untrusted-models for more details). In a future release, the default value for `weights_only` will be flipped to `True`. This limits the functions that could be executed during unpickling. Arbitrary objects will no longer be allowed to be loaded via this mode unless they are explicitly allowlisted by the user via `torch.serialization.add_safe_globals`. We recommend you start setting `weights_only=True` for any use case where you don't have full control of the loaded file. Please open an issue on GitHub for any issues related to this experimental feature.
  vocab = torch.load(vocab_path)
[d0_m0/G] loaded cache (130831 mols, vocab={'C': 0, 'F': 1, 'H': 2, 'N': 3, 'O': 4, 'PAD': 5}), dt=46.0s
[d0_m0/G] max_len=29
[d0_m0/G] target stats: mean=-11179.8770 std=1085.5924
[d0_m0/G] pe_in_dim=8 pe_out_dim=16 vocab_size=6
[d0_m0/G] split 0: train=78498 valid=26166 test=26167
[d0_m0/G] split 0 epoch   0 train_mse=0.0943 valid_mae=25.2573 dt=236.7s *
[d0_m0/G] split 0 epoch   1 train_mse=0.0064 valid_mae=26.3377 dt=234.0s  
[d0_m0/G] split 0 epoch   2 train_mse=0.0042 valid_mae=30.2912 dt=233.8s  
[d0_m0/G] split 0 epoch   3 train_mse=0.0020 valid_mae=65.5238 dt=234.3s  
[d0_m0/G] split 0 early stop at epoch 4
[d0_m0/G] split 0 DONE best_valid_mae=25.2573 test_mae=24.9844 split_dt=996.4s
[d0_m0/G] DONE mean_test_mae=24.9844 total=996.5s peak_gpu_mem=896.5MB
[d0_m0/G] metrics saved -> /home/snirhordan/ito/RandomSearchNNs/runs/qm9_rsnn/_stage/m16/G/split0/G/metrics.json
