# cmd: /home/snirhordan/miniconda3/envs/rwnn/bin/python3 -u quickstart/train_qm9.py --target U0 --walk_type search --distances 0 --mol_edge_feat 0 --epochs 10 --early_stopping 3 --n_splits 1 --batch_size 128 --h_dim 128 --num_layers 2 --m 4 --w 8 --reduce mean --seed 42 --num_workers 4 --device_idx 0 --out_root /home/snirhordan/ito/RandomSearchNNs/runs/qm9_rsnn/_stage --run_subdir m4/U0/split0 --limit 0
# gpu: 0
# seed: 42
[d0_m0/U0] device=cuda:0 seed=42 cwd=/home/snirhordan/ito/RandomSearchNNs
[d0_m0/U0] loading preprocessed cache from data/qm9/qm9_d_rwnn_cache/mols_U0.pt
/home/snirhordan/ito/RandomSearchNNs/quickstart/train_qm9.py:357: FutureWarning: You are using `torch.load` with `weights_only=False` (the current default value), which uses the default pickle module implicitly. It is possible to construct malicious pickle data which will execute arbitrary code during unpickling (See https://github.com/pytorch/pytorch/blob/main/SECURITY.md#untrusted-models for more details). In a future release, the default value for `weights_only` will be flipped to `True`. This limits the functions that could be executed during unpickling. Arbitrary objects will no longer be allowed to be loaded via this mode unless they are explicitly allowlisted by the user via `torch.serialization.add_safe_globals`. We recommend you start setting `weights_only=True` for any use case where you don't have full control of the loaded file. Please open an issue on GitHub for any issues related to this experimental feature.
  mols = torch.load(cache_path)
/home/snirhordan/ito/RandomSearchNNs/quickstart/train_qm9.py:358: FutureWarning: You are using `torch.load` with `weights_only=False` (the current default value), which uses the default pickle module implicitly. It is possible to construct malicious pickle data which will execute arbitrary code during unpickling (See https://github.com/pytorch/pytorch/blob/main/SECURITY.md#untrusted-models for more details). In a future release, the default value for `weights_only` will be flipped to `True`. This limits the functions that could be executed during unpickling. Arbitrary objects will no longer be allowed to be loaded via this mode unless they are explicitly allowlisted by the user via `torch.serialization.add_safe_globals`. We recommend you start setting `weights_only=True` for any use case where you don't have full control of the loaded file. Please open an issue on GitHub for any issues related to this experimental feature.
  vocab = torch.load(vocab_path)
[d0_m0/U0] loaded cache (130831 mols, vocab={'C': 0, 'F': 1, 'H': 2, 'N': 3, 'O': 4, 'PAD': 5}), dt=46.4s
[d0_m0/U0] max_len=29
[d0_m0/U0] target stats: mean=-11178.9668 std=1085.5787
[d0_m0/U0] pe_in_dim=8 pe_out_dim=16 vocab_size=6
[d0_m0/U0] split 0: train=78498 valid=26166 test=26167
[d0_m0/U0] split 0 epoch   0 train_mse=0.0771 valid_mae=60.1450 dt=80.9s *
[d0_m0/U0] split 0 epoch   1 train_mse=0.0062 valid_mae=39.4234 dt=79.0s *
[d0_m0/U0] split 0 epoch   2 train_mse=0.0027 valid_mae=21.9270 dt=78.8s *
[d0_m0/U0] split 0 epoch   3 train_mse=0.0027 valid_mae=29.6444 dt=79.1s  
[d0_m0/U0] split 0 epoch   4 train_mse=0.0016 valid_mae=15.8170 dt=78.9s *
[d0_m0/U0] split 0 epoch   5 train_mse=0.0014 valid_mae=75.3027 dt=78.8s  
[d0_m0/U0] split 0 epoch   6 train_mse=0.0069 valid_mae=15.5651 dt=78.8s *
[d0_m0/U0] split 0 epoch   7 train_mse=0.0006 valid_mae=9.0722 dt=78.6s *
[d0_m0/U0] split 0 epoch   8 train_mse=0.0004 valid_mae=12.3966 dt=78.9s  
[d0_m0/U0] split 0 epoch   9 train_mse=0.0005 valid_mae=14.6919 dt=78.9s  
[d0_m0/U0] split 0 DONE best_valid_mae=9.0722 test_mae=9.2498 split_dt=809.9s
[d0_m0/U0] DONE mean_test_mae=9.2498 total=809.9s peak_gpu_mem=260.1MB
[d0_m0/U0] metrics saved -> /home/snirhordan/ito/RandomSearchNNs/runs/qm9_rsnn/_stage/m4/U0/split0/U0/metrics.json
