[d1_m1/alpha] device=cuda:0 seed=42 cwd=/home/snirhordan/ito/RandomSearchNNs
[d1_m1/alpha] loading preprocessed cache from data/qm9/qm9_d_rwnn_cache/mols_alpha.pt
/home/snirhordan/ito/RandomSearchNNs/quickstart/train_qm9.py:336: FutureWarning: You are using `torch.load` with `weights_only=False` (the current default value), which uses the default pickle module implicitly. It is possible to construct malicious pickle data which will execute arbitrary code during unpickling (See https://github.com/pytorch/pytorch/blob/main/SECURITY.md#untrusted-models for more details). In a future release, the default value for `weights_only` will be flipped to `True`. This limits the functions that could be executed during unpickling. Arbitrary objects will no longer be allowed to be loaded via this mode unless they are explicitly allowlisted by the user via `torch.serialization.add_safe_globals`. We recommend you start setting `weights_only=True` for any use case where you don't have full control of the loaded file. Please open an issue on GitHub for any issues related to this experimental feature.
  mols = torch.load(cache_path)
/home/snirhordan/ito/RandomSearchNNs/quickstart/train_qm9.py:337: FutureWarning: You are using `torch.load` with `weights_only=False` (the current default value), which uses the default pickle module implicitly. It is possible to construct malicious pickle data which will execute arbitrary code during unpickling (See https://github.com/pytorch/pytorch/blob/main/SECURITY.md#untrusted-models for more details). In a future release, the default value for `weights_only` will be flipped to `True`. This limits the functions that could be executed during unpickling. Arbitrary objects will no longer be allowed to be loaded via this mode unless they are explicitly allowlisted by the user via `torch.serialization.add_safe_globals`. We recommend you start setting `weights_only=True` for any use case where you don't have full control of the loaded file. Please open an issue on GitHub for any issues related to this experimental feature.
  vocab = torch.load(vocab_path)
[d1_m1/alpha] loaded cache (130831 mols, vocab={'C': 0, 'F': 1, 'H': 2, 'N': 3, 'O': 4, 'PAD': 5}), dt=47.9s
[d1_m1/alpha] max_len=29
[d1_m1/alpha] target stats: mean=75.2812 std=8.1738
[d1_m1/alpha] pe_in_dim=35 pe_out_dim=16 vocab_size=6
[d1_m1/alpha] split 0: train=78498 valid=26166 test=26167
[d1_m1/alpha] split 0 epoch   0 train_mse=0.2022 valid_mae=1.8356 dt=259.7s *
[d1_m1/alpha] split 0 epoch   1 train_mse=0.0956 valid_mae=1.7273 dt=255.8s *
[d1_m1/alpha] split 0 epoch   2 train_mse=0.0812 valid_mae=1.5622 dt=256.3s *
[d1_m1/alpha] split 0 epoch   3 train_mse=0.0711 valid_mae=1.7940 dt=256.1s  
[d1_m1/alpha] split 0 epoch   4 train_mse=0.0656 valid_mae=1.3637 dt=257.0s *
[d1_m1/alpha] split 0 epoch   5 train_mse=0.0593 valid_mae=2.0235 dt=255.6s  
[d1_m1/alpha] split 0 epoch   6 train_mse=0.0565 valid_mae=1.3549 dt=256.0s *
[d1_m1/alpha] split 0 epoch   7 train_mse=0.0523 valid_mae=1.3171 dt=256.5s *
[d1_m1/alpha] split 0 epoch   8 train_mse=0.0493 valid_mae=1.1817 dt=256.2s *
[d1_m1/alpha] split 0 epoch   9 train_mse=0.0485 valid_mae=1.3204 dt=256.4s  
[d1_m1/alpha] split 0 epoch  10 train_mse=0.0453 valid_mae=1.1987 dt=255.7s  
[d1_m1/alpha] split 0 epoch  11 train_mse=0.0445 valid_mae=1.1245 dt=256.5s *
[d1_m1/alpha] split 0 epoch  12 train_mse=0.0430 valid_mae=1.1390 dt=256.5s  
[d1_m1/alpha] split 0 epoch  13 train_mse=0.0417 valid_mae=1.0516 dt=255.6s *
[d1_m1/alpha] split 0 epoch  14 train_mse=0.0417 valid_mae=1.0881 dt=254.1s  
[d1_m1/alpha] split 0 DONE best_valid_mae=1.0516 test_mae=1.0644 split_dt=3905.7s
[d1_m1/alpha] DONE mean_test_mae=1.0644 total=3905.7s peak_gpu_mem=481.4MB
[d1_m1/alpha] metrics saved -> runs/qm9/d1_m1/alpha/metrics.json
