# cmd: /home/snirhordan/miniconda3/envs/rwnn/bin/python3 -u /home/snirhordan/ito/RandomSearchNNs/quickstart/train_qm9.py --target R2 --walk_type walk_ada --distances 1 --mol_edge_feat 1 --epochs 15 --early_stopping 4 --n_splits 1 --batch_size 128 --h_dim 128 --num_layers 2 --m 8 --w 8 --reduce mean --seed 43 --num_workers 4 --device_idx 0 --out_root /home/snirhordan/ito/RandomSearchNNs/runs/qm9_rwnn/_stage --run_subdir m8/R2/split1 --limit 0
# gpu: 0 seed: 43 (CVD=0)
[d1_m1/R2] device=cuda:0 seed=43 cwd=/home/snirhordan/ito/RandomSearchNNs
[d1_m1/R2] loading preprocessed cache from data/qm9/qm9_d_rwnn_cache/mols_R2.pt
/home/snirhordan/ito/RandomSearchNNs/quickstart/train_qm9.py:357: FutureWarning: You are using `torch.load` with `weights_only=False` (the current default value), which uses the default pickle module implicitly. It is possible to construct malicious pickle data which will execute arbitrary code during unpickling (See https://github.com/pytorch/pytorch/blob/main/SECURITY.md#untrusted-models for more details). In a future release, the default value for `weights_only` will be flipped to `True`. This limits the functions that could be executed during unpickling. Arbitrary objects will no longer be allowed to be loaded via this mode unless they are explicitly allowlisted by the user via `torch.serialization.add_safe_globals`. We recommend you start setting `weights_only=True` for any use case where you don't have full control of the loaded file. Please open an issue on GitHub for any issues related to this experimental feature.
  mols = torch.load(cache_path)
/home/snirhordan/ito/RandomSearchNNs/quickstart/train_qm9.py:358: FutureWarning: You are using `torch.load` with `weights_only=False` (the current default value), which uses the default pickle module implicitly. It is possible to construct malicious pickle data which will execute arbitrary code during unpickling (See https://github.com/pytorch/pytorch/blob/main/SECURITY.md#untrusted-models for more details). In a future release, the default value for `weights_only` will be flipped to `True`. This limits the functions that could be executed during unpickling. Arbitrary objects will no longer be allowed to be loaded via this mode unless they are explicitly allowlisted by the user via `torch.serialization.add_safe_globals`. We recommend you start setting `weights_only=True` for any use case where you don't have full control of the loaded file. Please open an issue on GitHub for any issues related to this experimental feature.
  vocab = torch.load(vocab_path)
[d1_m1/R2] loaded cache (130831 mols, vocab={'C': 0, 'F': 1, 'H': 2, 'N': 3, 'O': 4, 'PAD': 5}), dt=33.7s
[d1_m1/R2] max_len=29
[d1_m1/R2] target stats: mean=1189.4105 std=280.4781
[d1_m1/R2] pe_in_dim=35 pe_out_dim=16 vocab_size=6
[d1_m1/R2] split 0: train=78498 valid=26166 test=26167
[d1_m1/R2] split 0 epoch   0 train_mse=0.5245 valid_mae=116.7765 dt=288.7s *
[d1_m1/R2] split 0 epoch   1 train_mse=0.3120 valid_mae=103.7123 dt=285.2s *
[d1_m1/R2] split 0 epoch   2 train_mse=0.2624 valid_mae=98.8945 dt=286.1s *
[d1_m1/R2] split 0 epoch   3 train_mse=0.2321 valid_mae=92.5310 dt=285.1s *
[d1_m1/R2] split 0 epoch   4 train_mse=0.2161 valid_mae=89.1029 dt=285.1s *
[d1_m1/R2] split 0 epoch   5 train_mse=0.1972 valid_mae=84.7116 dt=284.6s *
[d1_m1/R2] split 0 epoch   6 train_mse=0.1877 valid_mae=83.8221 dt=285.0s *
[d1_m1/R2] split 0 epoch   7 train_mse=0.1814 valid_mae=80.7281 dt=285.2s *
[d1_m1/R2] split 0 epoch   8 train_mse=0.1678 valid_mae=79.0937 dt=283.6s *
[d1_m1/R2] split 0 epoch   9 train_mse=0.1618 valid_mae=77.5237 dt=289.0s *
[d1_m1/R2] split 0 epoch  10 train_mse=0.1547 valid_mae=74.7656 dt=287.6s *
[d1_m1/R2] split 0 epoch  11 train_mse=0.1481 valid_mae=71.1742 dt=285.7s *
[d1_m1/R2] split 0 epoch  12 train_mse=0.1422 valid_mae=71.1872 dt=287.7s  
[d1_m1/R2] split 0 epoch  13 train_mse=0.1375 valid_mae=72.9930 dt=288.0s  
[d1_m1/R2] split 0 epoch  14 train_mse=0.1340 valid_mae=69.3068 dt=286.3s *
[d1_m1/R2] split 0 DONE best_valid_mae=69.3068 test_mae=69.9819 split_dt=4362.1s
[d1_m1/R2] DONE mean_test_mae=69.9819 total=4362.1s peak_gpu_mem=481.1MB
[d1_m1/R2] metrics saved -> /home/snirhordan/ito/RandomSearchNNs/runs/qm9_rwnn/_stage/m8/R2/split1/R2/metrics.json
