# cmd: /home/snirhordan/miniconda3/envs/rwnn/bin/python3 -u /home/snirhordan/ito/RandomSearchNNs/quickstart/train_qm9.py --target gap --walk_type walk_ada --distances 1 --mol_edge_feat 1 --epochs 15 --early_stopping 4 --n_splits 1 --batch_size 128 --h_dim 128 --num_layers 2 --m 16 --w 8 --reduce mean --seed 44 --num_workers 4 --device_idx 0 --out_root /home/snirhordan/ito/RandomSearchNNs/runs/qm9_rwnn/_stage --run_subdir m16/gap/split2 --limit 0
# gpu: 0 seed: 44 (CVD=0)
[d1_m1/gap] device=cuda:0 seed=44 cwd=/home/snirhordan/ito/RandomSearchNNs
[d1_m1/gap] loading preprocessed cache from data/qm9/qm9_d_rwnn_cache/mols_gap.pt
/home/snirhordan/ito/RandomSearchNNs/quickstart/train_qm9.py:357: FutureWarning: You are using `torch.load` with `weights_only=False` (the current default value), which uses the default pickle module implicitly. It is possible to construct malicious pickle data which will execute arbitrary code during unpickling (See https://github.com/pytorch/pytorch/blob/main/SECURITY.md#untrusted-models for more details). In a future release, the default value for `weights_only` will be flipped to `True`. This limits the functions that could be executed during unpickling. Arbitrary objects will no longer be allowed to be loaded via this mode unless they are explicitly allowlisted by the user via `torch.serialization.add_safe_globals`. We recommend you start setting `weights_only=True` for any use case where you don't have full control of the loaded file. Please open an issue on GitHub for any issues related to this experimental feature.
  mols = torch.load(cache_path)
/home/snirhordan/ito/RandomSearchNNs/quickstart/train_qm9.py:358: FutureWarning: You are using `torch.load` with `weights_only=False` (the current default value), which uses the default pickle module implicitly. It is possible to construct malicious pickle data which will execute arbitrary code during unpickling (See https://github.com/pytorch/pytorch/blob/main/SECURITY.md#untrusted-models for more details). In a future release, the default value for `weights_only` will be flipped to `True`. This limits the functions that could be executed during unpickling. Arbitrary objects will no longer be allowed to be loaded via this mode unless they are explicitly allowlisted by the user via `torch.serialization.add_safe_globals`. We recommend you start setting `weights_only=True` for any use case where you don't have full control of the loaded file. Please open an issue on GitHub for any issues related to this experimental feature.
  vocab = torch.load(vocab_path)
[d1_m1/gap] loaded cache (130831 mols, vocab={'C': 0, 'F': 1, 'H': 2, 'N': 3, 'O': 4, 'PAD': 5}), dt=37.6s
[d1_m1/gap] max_len=29
[d1_m1/gap] target stats: mean=6.8585 std=1.2842
[d1_m1/gap] pe_in_dim=35 pe_out_dim=16 vocab_size=6
[d1_m1/gap] split 0: train=78498 valid=26166 test=26167
[d1_m1/gap] split 0 epoch   0 train_mse=0.3142 valid_mae=0.3792 dt=1371.1s *
[d1_m1/gap] split 0 epoch   1 train_mse=0.1543 valid_mae=0.3202 dt=1366.3s *
[d1_m1/gap] split 0 epoch   2 train_mse=0.1111 valid_mae=0.2880 dt=1434.2s *
[d1_m1/gap] split 0 epoch   3 train_mse=0.1084 valid_mae=0.2862 dt=1449.5s *
[d1_m1/gap] split 0 epoch   4 train_mse=0.0874 valid_mae=0.2660 dt=1460.0s *
[d1_m1/gap] split 0 epoch   5 train_mse=0.0757 valid_mae=0.2500 dt=1368.0s *
[d1_m1/gap] split 0 epoch   6 train_mse=0.0710 valid_mae=0.2483 dt=1410.4s *
[d1_m1/gap] split 0 epoch   7 train_mse=0.0668 valid_mae=0.2352 dt=1365.3s *
[d1_m1/gap] split 0 epoch   8 train_mse=0.0624 valid_mae=0.2349 dt=1414.7s *
[d1_m1/gap] split 0 epoch   9 train_mse=0.0602 valid_mae=0.2340 dt=1394.1s *
[d1_m1/gap] split 0 epoch  10 train_mse=0.0561 valid_mae=0.2198 dt=1437.0s *
[d1_m1/gap] split 0 epoch  11 train_mse=0.0531 valid_mae=0.2217 dt=1361.2s  
[d1_m1/gap] split 0 epoch  12 train_mse=0.0514 valid_mae=0.2141 dt=1385.9s *
[d1_m1/gap] split 0 epoch  13 train_mse=0.0499 valid_mae=0.2072 dt=1383.4s *
[d1_m1/gap] split 0 epoch  14 train_mse=0.0472 valid_mae=0.2061 dt=1410.6s *
Traceback (most recent call last):
  File "/home/snirhordan/ito/RandomSearchNNs/quickstart/train_qm9.py", line 625, in <module>
    raise SystemExit(main())
                     ^^^^^^
  File "/home/snirhordan/ito/RandomSearchNNs/quickstart/train_qm9.py", line 569, in main
    torch.save({
  File "/home/snirhordan/miniconda3/envs/rwnn/lib/python3.11/site-packages/torch/serialization.py", line 651, in save
    with _open_zipfile_writer(f) as opened_zipfile:
         ^^^^^^^^^^^^^^^^^^^^^^^
  File "/home/snirhordan/miniconda3/envs/rwnn/lib/python3.11/site-packages/torch/serialization.py", line 525, in _open_zipfile_writer
    return container(name_or_buffer)
           ^^^^^^^^^^^^^^^^^^^^^^^^^
  File "/home/snirhordan/miniconda3/envs/rwnn/lib/python3.11/site-packages/torch/serialization.py", line 496, in __init__
    super().__init__(torch._C.PyTorchFileWriter(self.name))
                     ^^^^^^^^^^^^^^^^^^^^^^^^^^^^^^^^^^^^^
RuntimeError: Parent directory /home/snirhordan/ito/RandomSearchNNs/runs/qm9_rwnn/_stage/m16/gap/split2/gap does not exist.
