# cmd: /home/snirhordan/miniconda3/envs/rwnn/bin/python3 -u /home/snirhordan/ito/RandomSearchNNs/quickstart/train_qm9.py --target lumo --walk_type walk_ada --distances 1 --mol_edge_feat 1 --epochs 15 --early_stopping 4 --n_splits 1 --batch_size 128 --h_dim 128 --num_layers 2 --m 8 --w 8 --reduce mean --seed 44 --num_workers 4 --device_idx 0 --out_root /home/snirhordan/ito/RandomSearchNNs/runs/qm9_rwnn/_stage --run_subdir m8/lumo/split2 --limit 0
# gpu: 0 seed: 44 (CVD=0)
[d1_m1/lumo] device=cuda:0 seed=44 cwd=/home/snirhordan/ito/RandomSearchNNs
[d1_m1/lumo] loading preprocessed cache from data/qm9/qm9_d_rwnn_cache/mols_lumo.pt
/home/snirhordan/ito/RandomSearchNNs/quickstart/train_qm9.py:357: FutureWarning: You are using `torch.load` with `weights_only=False` (the current default value), which uses the default pickle module implicitly. It is possible to construct malicious pickle data which will execute arbitrary code during unpickling (See https://github.com/pytorch/pytorch/blob/main/SECURITY.md#untrusted-models for more details). In a future release, the default value for `weights_only` will be flipped to `True`. This limits the functions that could be executed during unpickling. Arbitrary objects will no longer be allowed to be loaded via this mode unless they are explicitly allowlisted by the user via `torch.serialization.add_safe_globals`. We recommend you start setting `weights_only=True` for any use case where you don't have full control of the loaded file. Please open an issue on GitHub for any issues related to this experimental feature.
  mols = torch.load(cache_path)
/home/snirhordan/ito/RandomSearchNNs/quickstart/train_qm9.py:358: FutureWarning: You are using `torch.load` with `weights_only=False` (the current default value), which uses the default pickle module implicitly. It is possible to construct malicious pickle data which will execute arbitrary code during unpickling (See https://github.com/pytorch/pytorch/blob/main/SECURITY.md#untrusted-models for more details). In a future release, the default value for `weights_only` will be flipped to `True`. This limits the functions that could be executed during unpickling. Arbitrary objects will no longer be allowed to be loaded via this mode unless they are explicitly allowlisted by the user via `torch.serialization.add_safe_globals`. We recommend you start setting `weights_only=True` for any use case where you don't have full control of the loaded file. Please open an issue on GitHub for any issues related to this experimental feature.
  vocab = torch.load(vocab_path)
[d1_m1/lumo] loaded cache (130831 mols, vocab={'C': 0, 'F': 1, 'H': 2, 'N': 3, 'O': 4, 'PAD': 5}), dt=34.4s
[d1_m1/lumo] max_len=29
[d1_m1/lumo] target stats: mean=0.3220 std=1.2749
[d1_m1/lumo] pe_in_dim=35 pe_out_dim=16 vocab_size=6
[d1_m1/lumo] split 0: train=78498 valid=26166 test=26167
[d1_m1/lumo] split 0 epoch   0 train_mse=0.3217 valid_mae=0.4012 dt=280.9s *
[d1_m1/lumo] split 0 epoch   1 train_mse=0.1636 valid_mae=0.3343 dt=277.5s *
[d1_m1/lumo] split 0 epoch   2 train_mse=0.1328 valid_mae=0.3012 dt=277.3s *
[d1_m1/lumo] split 0 epoch   3 train_mse=0.1156 valid_mae=0.3100 dt=275.8s  
[d1_m1/lumo] split 0 epoch   4 train_mse=0.1081 valid_mae=0.2796 dt=280.1s *
[d1_m1/lumo] split 0 epoch   5 train_mse=0.0998 valid_mae=0.2610 dt=278.2s *
[d1_m1/lumo] split 0 epoch   6 train_mse=0.0931 valid_mae=0.2631 dt=275.9s  
[d1_m1/lumo] split 0 epoch   7 train_mse=0.0890 valid_mae=0.2589 dt=277.0s *
[d1_m1/lumo] split 0 epoch   8 train_mse=0.0854 valid_mae=0.2521 dt=276.2s *
[d1_m1/lumo] split 0 epoch   9 train_mse=0.0803 valid_mae=0.2314 dt=277.1s *
[d1_m1/lumo] split 0 epoch  10 train_mse=0.0772 valid_mae=0.2317 dt=277.8s  
[d1_m1/lumo] split 0 epoch  11 train_mse=0.0759 valid_mae=0.2347 dt=276.5s  
[d1_m1/lumo] split 0 epoch  12 train_mse=0.0724 valid_mae=0.2217 dt=276.4s *
[d1_m1/lumo] split 0 epoch  13 train_mse=0.0711 valid_mae=0.2192 dt=276.4s *
[d1_m1/lumo] split 0 epoch  14 train_mse=0.0675 valid_mae=0.2217 dt=279.3s  
[d1_m1/lumo] split 0 DONE best_valid_mae=0.2192 test_mae=0.2210 split_dt=4227.4s
[d1_m1/lumo] DONE mean_test_mae=0.2210 total=4227.4s peak_gpu_mem=478.2MB
[d1_m1/lumo] metrics saved -> /home/snirhordan/ito/RandomSearchNNs/runs/qm9_rwnn/_stage/m8/lumo/split2/lumo/metrics.json
