# cmd: /home/snirhordan/miniconda3/envs/rwnn/bin/python3 -u /home/snirhordan/ito/RandomSearchNNs/quickstart/train_qm9.py --target U0 --walk_type walk_ada --distances 1 --mol_edge_feat 1 --epochs 15 --early_stopping 4 --n_splits 1 --batch_size 128 --h_dim 128 --num_layers 2 --m 4 --w 8 --reduce mean --seed 43 --num_workers 4 --device_idx 0 --out_root /home/snirhordan/ito/RandomSearchNNs/runs/qm9_rwnn/_stage --run_subdir m4/U0/split1 --limit 0
# gpu: 0 seed: 43 (CVD=0)
[d1_m1/U0] device=cuda:0 seed=43 cwd=/home/snirhordan/ito/RandomSearchNNs
[d1_m1/U0] loading preprocessed cache from data/qm9/qm9_d_rwnn_cache/mols_U0.pt
/home/snirhordan/ito/RandomSearchNNs/quickstart/train_qm9.py:357: FutureWarning: You are using `torch.load` with `weights_only=False` (the current default value), which uses the default pickle module implicitly. It is possible to construct malicious pickle data which will execute arbitrary code during unpickling (See https://github.com/pytorch/pytorch/blob/main/SECURITY.md#untrusted-models for more details). In a future release, the default value for `weights_only` will be flipped to `True`. This limits the functions that could be executed during unpickling. Arbitrary objects will no longer be allowed to be loaded via this mode unless they are explicitly allowlisted by the user via `torch.serialization.add_safe_globals`. We recommend you start setting `weights_only=True` for any use case where you don't have full control of the loaded file. Please open an issue on GitHub for any issues related to this experimental feature.
  mols = torch.load(cache_path)
/home/snirhordan/ito/RandomSearchNNs/quickstart/train_qm9.py:358: FutureWarning: You are using `torch.load` with `weights_only=False` (the current default value), which uses the default pickle module implicitly. It is possible to construct malicious pickle data which will execute arbitrary code during unpickling (See https://github.com/pytorch/pytorch/blob/main/SECURITY.md#untrusted-models for more details). In a future release, the default value for `weights_only` will be flipped to `True`. This limits the functions that could be executed during unpickling. Arbitrary objects will no longer be allowed to be loaded via this mode unless they are explicitly allowlisted by the user via `torch.serialization.add_safe_globals`. We recommend you start setting `weights_only=True` for any use case where you don't have full control of the loaded file. Please open an issue on GitHub for any issues related to this experimental feature.
  vocab = torch.load(vocab_path)
[d1_m1/U0] loaded cache (130831 mols, vocab={'C': 0, 'F': 1, 'H': 2, 'N': 3, 'O': 4, 'PAD': 5}), dt=59.1s
[d1_m1/U0] max_len=29
[d1_m1/U0] target stats: mean=-11178.9668 std=1085.5787
[d1_m1/U0] pe_in_dim=35 pe_out_dim=16 vocab_size=6
[d1_m1/U0] split 0: train=78498 valid=26166 test=26167
[d1_m1/U0] split 0 epoch   0 train_mse=0.4591 valid_mae=476.7250 dt=392.5s *
[d1_m1/U0] split 0 epoch   1 train_mse=0.3545 valid_mae=419.7738 dt=416.9s *
[d1_m1/U0] split 0 epoch   2 train_mse=0.3418 valid_mae=414.5956 dt=417.7s *
[d1_m1/U0] split 0 epoch   3 train_mse=0.3388 valid_mae=436.7211 dt=405.4s  
[d1_m1/U0] split 0 epoch   4 train_mse=0.3294 valid_mae=421.8533 dt=415.1s  
[d1_m1/U0] split 0 epoch   5 train_mse=0.3276 valid_mae=397.1468 dt=407.7s *
[d1_m1/U0] split 0 epoch   6 train_mse=0.3254 valid_mae=403.2964 dt=374.9s  
[d1_m1/U0] split 0 epoch   7 train_mse=0.3249 valid_mae=405.1220 dt=414.8s  
[d1_m1/U0] split 0 epoch   8 train_mse=0.3202 valid_mae=406.3458 dt=410.7s  
[d1_m1/U0] split 0 epoch   9 train_mse=0.3225 valid_mae=393.7094 dt=405.8s *
[d1_m1/U0] split 0 epoch  10 train_mse=0.3236 valid_mae=400.6679 dt=405.3s  
[d1_m1/U0] split 0 epoch  11 train_mse=0.3198 valid_mae=392.4296 dt=380.4s *
[d1_m1/U0] split 0 epoch  12 train_mse=0.3176 valid_mae=393.1039 dt=419.0s  
[d1_m1/U0] split 0 epoch  13 train_mse=0.3135 valid_mae=391.5800 dt=405.3s *
[d1_m1/U0] split 0 epoch  14 train_mse=0.3131 valid_mae=386.7782 dt=422.6s *
[d1_m1/U0] split 0 DONE best_valid_mae=386.7782 test_mae=384.9835 split_dt=6184.6s
[d1_m1/U0] DONE mean_test_mae=384.9835 total=6184.6s peak_gpu_mem=265.7MB
[d1_m1/U0] metrics saved -> /home/snirhordan/ito/RandomSearchNNs/runs/qm9_rwnn/_stage/m4/U0/split1/U0/metrics.json
