# cmd: /home/snirhordan/miniconda3/envs/rwnn/bin/python3 -u /home/snirhordan/ito/RandomSearchNNs/quickstart/train_qm9.py --target lumo --walk_type walk_ada --distances 1 --mol_edge_feat 1 --epochs 15 --early_stopping 4 --n_splits 1 --batch_size 128 --h_dim 128 --num_layers 2 --m 8 --w 8 --reduce mean --seed 42 --num_workers 4 --device_idx 0 --out_root /home/snirhordan/ito/RandomSearchNNs/runs/qm9_rwnn/_stage --run_subdir m8/lumo/split0 --limit 0
# gpu: 0 seed: 42 (CVD=0)
[d1_m1/lumo] device=cuda:0 seed=42 cwd=/home/snirhordan/ito/RandomSearchNNs
[d1_m1/lumo] loading preprocessed cache from data/qm9/qm9_d_rwnn_cache/mols_lumo.pt
/home/snirhordan/ito/RandomSearchNNs/quickstart/train_qm9.py:357: FutureWarning: You are using `torch.load` with `weights_only=False` (the current default value), which uses the default pickle module implicitly. It is possible to construct malicious pickle data which will execute arbitrary code during unpickling (See https://github.com/pytorch/pytorch/blob/main/SECURITY.md#untrusted-models for more details). In a future release, the default value for `weights_only` will be flipped to `True`. This limits the functions that could be executed during unpickling. Arbitrary objects will no longer be allowed to be loaded via this mode unless they are explicitly allowlisted by the user via `torch.serialization.add_safe_globals`. We recommend you start setting `weights_only=True` for any use case where you don't have full control of the loaded file. Please open an issue on GitHub for any issues related to this experimental feature.
  mols = torch.load(cache_path)
/home/snirhordan/ito/RandomSearchNNs/quickstart/train_qm9.py:358: FutureWarning: You are using `torch.load` with `weights_only=False` (the current default value), which uses the default pickle module implicitly. It is possible to construct malicious pickle data which will execute arbitrary code during unpickling (See https://github.com/pytorch/pytorch/blob/main/SECURITY.md#untrusted-models for more details). In a future release, the default value for `weights_only` will be flipped to `True`. This limits the functions that could be executed during unpickling. Arbitrary objects will no longer be allowed to be loaded via this mode unless they are explicitly allowlisted by the user via `torch.serialization.add_safe_globals`. We recommend you start setting `weights_only=True` for any use case where you don't have full control of the loaded file. Please open an issue on GitHub for any issues related to this experimental feature.
  vocab = torch.load(vocab_path)
[d1_m1/lumo] loaded cache (130831 mols, vocab={'C': 0, 'F': 1, 'H': 2, 'N': 3, 'O': 4, 'PAD': 5}), dt=37.4s
[d1_m1/lumo] max_len=29
[d1_m1/lumo] target stats: mean=0.3220 std=1.2749
[d1_m1/lumo] pe_in_dim=35 pe_out_dim=16 vocab_size=6
[d1_m1/lumo] split 0: train=78498 valid=26166 test=26167
[d1_m1/lumo] split 0 epoch   0 train_mse=0.3309 valid_mae=0.4167 dt=363.0s *
[d1_m1/lumo] split 0 epoch   1 train_mse=0.1673 valid_mae=0.3361 dt=283.6s *
[d1_m1/lumo] split 0 epoch   2 train_mse=0.1342 valid_mae=0.2988 dt=314.5s *
[d1_m1/lumo] split 0 epoch   3 train_mse=0.1183 valid_mae=0.2969 dt=312.6s *
[d1_m1/lumo] split 0 epoch   4 train_mse=0.1055 valid_mae=0.2826 dt=347.3s *
[d1_m1/lumo] split 0 epoch   5 train_mse=0.0990 valid_mae=0.2825 dt=284.5s *
[d1_m1/lumo] split 0 epoch   6 train_mse=0.0927 valid_mae=0.2582 dt=285.1s *
[d1_m1/lumo] split 0 epoch   7 train_mse=0.0894 valid_mae=0.2541 dt=288.6s *
[d1_m1/lumo] split 0 epoch   8 train_mse=0.0845 valid_mae=0.2453 dt=282.4s *
[d1_m1/lumo] split 0 epoch   9 train_mse=0.0840 valid_mae=0.2396 dt=284.5s *
[d1_m1/lumo] split 0 epoch  10 train_mse=0.0778 valid_mae=0.2321 dt=283.5s *
[d1_m1/lumo] split 0 epoch  11 train_mse=0.0776 valid_mae=0.2370 dt=283.9s  
[d1_m1/lumo] split 0 epoch  12 train_mse=0.0736 valid_mae=0.2327 dt=285.4s  
[d1_m1/lumo] split 0 epoch  13 train_mse=0.0715 valid_mae=0.2306 dt=286.8s *
[d1_m1/lumo] split 0 epoch  14 train_mse=0.0686 valid_mae=0.2254 dt=283.7s *
[d1_m1/lumo] split 0 DONE best_valid_mae=0.2254 test_mae=0.2235 split_dt=4536.6s
[d1_m1/lumo] DONE mean_test_mae=0.2235 total=4536.6s peak_gpu_mem=481.3MB
[d1_m1/lumo] metrics saved -> /home/snirhordan/ito/RandomSearchNNs/runs/qm9_rwnn/_stage/m8/lumo/split0/lumo/metrics.json
