# cmd: /home/snirhordan/miniconda3/envs/rwnn/bin/python3 -u /home/snirhordan/ito/RandomSearchNNs/quickstart/train_qm9.py --target alpha --walk_type walk_ada --distances 1 --mol_edge_feat 1 --epochs 15 --early_stopping 4 --n_splits 1 --batch_size 128 --h_dim 128 --num_layers 2 --m 16 --w 8 --reduce mean --seed 43 --num_workers 4 --device_idx 0 --out_root /home/snirhordan/ito/RandomSearchNNs/runs/qm9_rwnn/_stage --run_subdir m16/alpha/split1 --limit 0
# gpu: 3 seed: 43
[d1_m1/alpha] device=cuda:0 seed=43 cwd=/home/snirhordan/ito/RandomSearchNNs
[d1_m1/alpha] loading preprocessed cache from data/qm9/qm9_d_rwnn_cache/mols_alpha.pt
/home/snirhordan/ito/RandomSearchNNs/quickstart/train_qm9.py:357: FutureWarning: You are using `torch.load` with `weights_only=False` (the current default value), which uses the default pickle module implicitly. It is possible to construct malicious pickle data which will execute arbitrary code during unpickling (See https://github.com/pytorch/pytorch/blob/main/SECURITY.md#untrusted-models for more details). In a future release, the default value for `weights_only` will be flipped to `True`. This limits the functions that could be executed during unpickling. Arbitrary objects will no longer be allowed to be loaded via this mode unless they are explicitly allowlisted by the user via `torch.serialization.add_safe_globals`. We recommend you start setting `weights_only=True` for any use case where you don't have full control of the loaded file. Please open an issue on GitHub for any issues related to this experimental feature.
  mols = torch.load(cache_path)
/home/snirhordan/ito/RandomSearchNNs/quickstart/train_qm9.py:358: FutureWarning: You are using `torch.load` with `weights_only=False` (the current default value), which uses the default pickle module implicitly. It is possible to construct malicious pickle data which will execute arbitrary code during unpickling (See https://github.com/pytorch/pytorch/blob/main/SECURITY.md#untrusted-models for more details). In a future release, the default value for `weights_only` will be flipped to `True`. This limits the functions that could be executed during unpickling. Arbitrary objects will no longer be allowed to be loaded via this mode unless they are explicitly allowlisted by the user via `torch.serialization.add_safe_globals`. We recommend you start setting `weights_only=True` for any use case where you don't have full control of the loaded file. Please open an issue on GitHub for any issues related to this experimental feature.
  vocab = torch.load(vocab_path)
[d1_m1/alpha] loaded cache (130831 mols, vocab={'C': 0, 'F': 1, 'H': 2, 'N': 3, 'O': 4, 'PAD': 5}), dt=45.8s
[d1_m1/alpha] max_len=29
[d1_m1/alpha] target stats: mean=75.2812 std=8.1738
[d1_m1/alpha] pe_in_dim=35 pe_out_dim=16 vocab_size=6
[d1_m1/alpha] split 0: train=78498 valid=26166 test=26167
[d1_m1/alpha] split 0 epoch   0 train_mse=0.1711 valid_mae=1.4291 dt=738.4s *
[d1_m1/alpha] split 0 epoch   1 train_mse=0.0596 valid_mae=1.3097 dt=733.5s *
[d1_m1/alpha] split 0 epoch   2 train_mse=0.0523 valid_mae=1.3777 dt=733.6s  
[d1_m1/alpha] split 0 epoch   3 train_mse=0.0449 valid_mae=1.0828 dt=735.2s *
[d1_m1/alpha] split 0 epoch   4 train_mse=0.0396 valid_mae=1.2155 dt=734.9s  
[d1_m1/alpha] split 0 epoch   5 train_mse=0.0341 valid_mae=1.1405 dt=733.3s  
[d1_m1/alpha] split 0 epoch   6 train_mse=0.0319 valid_mae=0.9389 dt=733.4s *
[d1_m1/alpha] split 0 epoch   7 train_mse=0.0276 valid_mae=0.8485 dt=735.0s *
[d1_m1/alpha] split 0 epoch   8 train_mse=0.0262 valid_mae=0.9667 dt=734.2s  
[d1_m1/alpha] split 0 epoch   9 train_mse=0.0241 valid_mae=0.8093 dt=734.2s *
[d1_m1/alpha] split 0 epoch  10 train_mse=0.0221 valid_mae=0.7846 dt=735.3s *
[d1_m1/alpha] split 0 epoch  11 train_mse=0.0212 valid_mae=0.8258 dt=733.3s  
[d1_m1/alpha] split 0 epoch  12 train_mse=0.0201 valid_mae=0.9032 dt=734.8s  
[d1_m1/alpha] split 0 epoch  13 train_mse=0.0192 valid_mae=0.8346 dt=732.4s  
[d1_m1/alpha] split 0 epoch  14 train_mse=0.0179 valid_mae=0.7005 dt=734.0s *
[d1_m1/alpha] split 0 DONE best_valid_mae=0.7005 test_mae=0.7000 split_dt=11191.4s
[d1_m1/alpha] DONE mean_test_mae=0.7000 total=11191.5s peak_gpu_mem=910.7MB
[d1_m1/alpha] metrics saved -> /home/snirhordan/ito/RandomSearchNNs/runs/qm9_rwnn/_stage/m16/alpha/split1/alpha/metrics.json
