# cmd: /home/snirhordan/miniconda3/envs/rwnn/bin/python3 -u quickstart/train_qm9.py --target lumo --walk_type search --distances 0 --mol_edge_feat 0 --epochs 10 --early_stopping 3 --n_splits 1 --batch_size 128 --h_dim 128 --num_layers 2 --m 1 --w 8 --reduce mean --seed 43 --num_workers 4 --device_idx 0 --out_root /home/snirhordan/ito/RandomSearchNNs/runs/qm9_rsnn/_stage --run_subdir m1/lumo/split1 --limit 0
# gpu: 2
# seed: 43
[d0_m0/lumo] device=cuda:0 seed=43 cwd=/home/snirhordan/ito/RandomSearchNNs
[d0_m0/lumo] loading preprocessed cache from data/qm9/qm9_d_rwnn_cache/mols_lumo.pt
/home/snirhordan/ito/RandomSearchNNs/quickstart/train_qm9.py:357: FutureWarning: You are using `torch.load` with `weights_only=False` (the current default value), which uses the default pickle module implicitly. It is possible to construct malicious pickle data which will execute arbitrary code during unpickling (See https://github.com/pytorch/pytorch/blob/main/SECURITY.md#untrusted-models for more details). In a future release, the default value for `weights_only` will be flipped to `True`. This limits the functions that could be executed during unpickling. Arbitrary objects will no longer be allowed to be loaded via this mode unless they are explicitly allowlisted by the user via `torch.serialization.add_safe_globals`. We recommend you start setting `weights_only=True` for any use case where you don't have full control of the loaded file. Please open an issue on GitHub for any issues related to this experimental feature.
  mols = torch.load(cache_path)
/home/snirhordan/ito/RandomSearchNNs/quickstart/train_qm9.py:358: FutureWarning: You are using `torch.load` with `weights_only=False` (the current default value), which uses the default pickle module implicitly. It is possible to construct malicious pickle data which will execute arbitrary code during unpickling (See https://github.com/pytorch/pytorch/blob/main/SECURITY.md#untrusted-models for more details). In a future release, the default value for `weights_only` will be flipped to `True`. This limits the functions that could be executed during unpickling. Arbitrary objects will no longer be allowed to be loaded via this mode unless they are explicitly allowlisted by the user via `torch.serialization.add_safe_globals`. We recommend you start setting `weights_only=True` for any use case where you don't have full control of the loaded file. Please open an issue on GitHub for any issues related to this experimental feature.
  vocab = torch.load(vocab_path)
[d0_m0/lumo] loaded cache (130831 mols, vocab={'C': 0, 'F': 1, 'H': 2, 'N': 3, 'O': 4, 'PAD': 5}), dt=47.1s
[d0_m0/lumo] max_len=29
[d0_m0/lumo] target stats: mean=0.3220 std=1.2749
[d0_m0/lumo] pe_in_dim=8 pe_out_dim=16 vocab_size=6
[d0_m0/lumo] split 0: train=78498 valid=26166 test=26167
[d0_m0/lumo] split 0 epoch   0 train_mse=0.4348 valid_mae=0.5771 dt=87.2s *
[d0_m0/lumo] split 0 epoch   1 train_mse=0.2717 valid_mae=0.4700 dt=85.5s *
[d0_m0/lumo] split 0 epoch   2 train_mse=0.2365 valid_mae=0.4413 dt=85.0s *
[d0_m0/lumo] split 0 epoch   3 train_mse=0.2123 valid_mae=0.4286 dt=84.6s *
[d0_m0/lumo] split 0 epoch   4 train_mse=0.1917 valid_mae=0.4329 dt=85.3s  
[d0_m0/lumo] split 0 epoch   5 train_mse=0.1768 valid_mae=0.3767 dt=85.5s *
[d0_m0/lumo] split 0 epoch   6 train_mse=0.1643 valid_mae=0.3623 dt=85.3s *
[d0_m0/lumo] split 0 epoch   7 train_mse=0.1525 valid_mae=0.3547 dt=85.3s *
[d0_m0/lumo] split 0 epoch   8 train_mse=0.1456 valid_mae=0.3423 dt=85.4s *
[d0_m0/lumo] split 0 epoch   9 train_mse=0.1353 valid_mae=0.3438 dt=85.4s  
[d0_m0/lumo] split 0 DONE best_valid_mae=0.3423 test_mae=0.3363 split_dt=874.9s
[d0_m0/lumo] DONE mean_test_mae=0.3363 total=875.0s peak_gpu_mem=105.8MB
[d0_m0/lumo] metrics saved -> /home/snirhordan/ito/RandomSearchNNs/runs/qm9_rsnn/_stage/m1/lumo/split1/lumo/metrics.json
