# cmd: /home/snirhordan/miniconda3/envs/rwnn/bin/python3 -u /home/snirhordan/ito/RandomSearchNNs/quickstart/train_qm9.py --target U --walk_type walk_ada --distances 1 --mol_edge_feat 1 --epochs 15 --early_stopping 4 --n_splits 1 --batch_size 128 --h_dim 128 --num_layers 2 --m 16 --w 8 --reduce mean --seed 43 --num_workers 4 --device_idx 0 --out_root /home/snirhordan/ito/RandomSearchNNs/runs/qm9_rwnn/_stage --run_subdir m16/U/split1 --limit 0
# gpu: 0 seed: 43 (CVD=0)
[d1_m1/U] device=cuda:0 seed=43 cwd=/home/snirhordan/ito/RandomSearchNNs
[d1_m1/U] loading preprocessed cache from data/qm9/qm9_d_rwnn_cache/mols_U.pt
/home/snirhordan/ito/RandomSearchNNs/quickstart/train_qm9.py:357: FutureWarning: You are using `torch.load` with `weights_only=False` (the current default value), which uses the default pickle module implicitly. It is possible to construct malicious pickle data which will execute arbitrary code during unpickling (See https://github.com/pytorch/pytorch/blob/main/SECURITY.md#untrusted-models for more details). In a future release, the default value for `weights_only` will be flipped to `True`. This limits the functions that could be executed during unpickling. Arbitrary objects will no longer be allowed to be loaded via this mode unless they are explicitly allowlisted by the user via `torch.serialization.add_safe_globals`. We recommend you start setting `weights_only=True` for any use case where you don't have full control of the loaded file. Please open an issue on GitHub for any issues related to this experimental feature.
  mols = torch.load(cache_path)
/home/snirhordan/ito/RandomSearchNNs/quickstart/train_qm9.py:358: FutureWarning: You are using `torch.load` with `weights_only=False` (the current default value), which uses the default pickle module implicitly. It is possible to construct malicious pickle data which will execute arbitrary code during unpickling (See https://github.com/pytorch/pytorch/blob/main/SECURITY.md#untrusted-models for more details). In a future release, the default value for `weights_only` will be flipped to `True`. This limits the functions that could be executed during unpickling. Arbitrary objects will no longer be allowed to be loaded via this mode unless they are explicitly allowlisted by the user via `torch.serialization.add_safe_globals`. We recommend you start setting `weights_only=True` for any use case where you don't have full control of the loaded file. Please open an issue on GitHub for any issues related to this experimental feature.
  vocab = torch.load(vocab_path)
[d1_m1/U] loaded cache (130831 mols, vocab={'C': 0, 'F': 1, 'H': 2, 'N': 3, 'O': 4, 'PAD': 5}), dt=33.5s
[d1_m1/U] max_len=29
[d1_m1/U] target stats: mean=-11178.7354 std=1085.5728
[d1_m1/U] pe_in_dim=35 pe_out_dim=16 vocab_size=6
[d1_m1/U] split 0: train=78498 valid=26166 test=26167
[d1_m1/U] split 0 epoch   0 train_mse=0.1315 valid_mae=132.6673 dt=531.4s *
[d1_m1/U] split 0 epoch   1 train_mse=0.0209 valid_mae=64.5009 dt=527.0s *
[d1_m1/U] split 0 epoch   2 train_mse=0.0184 valid_mae=49.5449 dt=534.3s *
[d1_m1/U] split 0 epoch   3 train_mse=0.0115 valid_mae=49.1044 dt=528.1s *
[d1_m1/U] split 0 epoch   4 train_mse=0.0138 valid_mae=156.3551 dt=537.0s  
[d1_m1/U] split 0 epoch   5 train_mse=0.0132 valid_mae=42.9662 dt=537.2s *
[d1_m1/U] split 0 epoch   6 train_mse=0.0111 valid_mae=44.0637 dt=537.1s  
[d1_m1/U] split 0 epoch   7 train_mse=0.0086 valid_mae=27.6017 dt=540.3s *
[d1_m1/U] split 0 epoch   8 train_mse=0.0094 valid_mae=40.4309 dt=532.3s  
[d1_m1/U] split 0 epoch   9 train_mse=0.0087 valid_mae=44.2332 dt=533.8s  
[d1_m1/U] split 0 epoch  10 train_mse=0.0089 valid_mae=75.4787 dt=531.5s  
[d1_m1/U] split 0 epoch  11 train_mse=0.0089 valid_mae=45.4403 dt=531.2s  
[d1_m1/U] split 0 early stop at epoch 12
[d1_m1/U] split 0 DONE best_valid_mae=27.6017 test_mae=27.2127 split_dt=6527.8s
[d1_m1/U] DONE mean_test_mae=27.2127 total=6527.8s peak_gpu_mem=912.3MB
[d1_m1/U] metrics saved -> /home/snirhordan/ito/RandomSearchNNs/runs/qm9_rwnn/_stage/m16/U/split1/U/metrics.json
