# cmd: /home/snirhordan/miniconda3/envs/rwnn/bin/python3 -u /home/snirhordan/ito/RandomSearchNNs/quickstart/train_qm9.py --target mu --walk_type walk_ada --distances 1 --mol_edge_feat 1 --epochs 15 --early_stopping 4 --n_splits 1 --batch_size 128 --h_dim 128 --num_layers 2 --m 16 --w 8 --reduce mean --seed 42 --num_workers 4 --device_idx 0 --out_root /home/snirhordan/ito/RandomSearchNNs/runs/qm9_rwnn/_stage --run_subdir m16/mu/split0 --limit 0
# gpu: 2 seed: 42
[d1_m1/mu] device=cuda:0 seed=42 cwd=/home/snirhordan/ito/RandomSearchNNs
[d1_m1/mu] loading preprocessed cache from data/qm9/qm9_d_rwnn_cache/mols_mu.pt
/home/snirhordan/ito/RandomSearchNNs/quickstart/train_qm9.py:357: FutureWarning: You are using `torch.load` with `weights_only=False` (the current default value), which uses the default pickle module implicitly. It is possible to construct malicious pickle data which will execute arbitrary code during unpickling (See https://github.com/pytorch/pytorch/blob/main/SECURITY.md#untrusted-models for more details). In a future release, the default value for `weights_only` will be flipped to `True`. This limits the functions that could be executed during unpickling. Arbitrary objects will no longer be allowed to be loaded via this mode unless they are explicitly allowlisted by the user via `torch.serialization.add_safe_globals`. We recommend you start setting `weights_only=True` for any use case where you don't have full control of the loaded file. Please open an issue on GitHub for any issues related to this experimental feature.
  mols = torch.load(cache_path)
/home/snirhordan/ito/RandomSearchNNs/quickstart/train_qm9.py:358: FutureWarning: You are using `torch.load` with `weights_only=False` (the current default value), which uses the default pickle module implicitly. It is possible to construct malicious pickle data which will execute arbitrary code during unpickling (See https://github.com/pytorch/pytorch/blob/main/SECURITY.md#untrusted-models for more details). In a future release, the default value for `weights_only` will be flipped to `True`. This limits the functions that could be executed during unpickling. Arbitrary objects will no longer be allowed to be loaded via this mode unless they are explicitly allowlisted by the user via `torch.serialization.add_safe_globals`. We recommend you start setting `weights_only=True` for any use case where you don't have full control of the loaded file. Please open an issue on GitHub for any issues related to this experimental feature.
  vocab = torch.load(vocab_path)
[d1_m1/mu] loaded cache (130831 mols, vocab={'C': 0, 'F': 1, 'H': 2, 'N': 3, 'O': 4, 'PAD': 5}), dt=46.8s
[d1_m1/mu] max_len=29
[d1_m1/mu] target stats: mean=2.6730 std=1.5035
[d1_m1/mu] pe_in_dim=35 pe_out_dim=16 vocab_size=6
[d1_m1/mu] split 0: train=78498 valid=26166 test=26167
[d1_m1/mu] split 0 epoch   0 train_mse=0.6147 valid_mae=0.7532 dt=741.5s *
[d1_m1/mu] split 0 epoch   1 train_mse=0.5069 valid_mae=0.7232 dt=732.9s *
[d1_m1/mu] split 0 epoch   2 train_mse=0.4490 valid_mae=0.6938 dt=731.9s *
[d1_m1/mu] split 0 epoch   3 train_mse=0.4069 valid_mae=0.6764 dt=735.2s *
[d1_m1/mu] split 0 epoch   4 train_mse=0.3809 valid_mae=0.6616 dt=736.3s *
[d1_m1/mu] split 0 epoch   5 train_mse=0.3641 valid_mae=0.6377 dt=736.2s *
[d1_m1/mu] split 0 epoch   6 train_mse=0.3477 valid_mae=0.6452 dt=734.8s  
[d1_m1/mu] split 0 epoch   7 train_mse=0.3379 valid_mae=0.6184 dt=731.4s *
[d1_m1/mu] split 0 epoch   8 train_mse=0.3255 valid_mae=0.6190 dt=729.6s  
[d1_m1/mu] split 0 epoch   9 train_mse=0.3162 valid_mae=0.6070 dt=732.0s *
[d1_m1/mu] split 0 epoch  10 train_mse=0.3100 valid_mae=0.6067 dt=735.8s *
[d1_m1/mu] split 0 epoch  11 train_mse=0.3006 valid_mae=0.6041 dt=733.2s *
[d1_m1/mu] split 0 epoch  12 train_mse=0.2941 valid_mae=0.6040 dt=733.3s *
[d1_m1/mu] split 0 epoch  13 train_mse=0.2868 valid_mae=0.5834 dt=732.7s *
[d1_m1/mu] split 0 epoch  14 train_mse=0.2832 valid_mae=0.5787 dt=730.9s *
[d1_m1/mu] split 0 DONE best_valid_mae=0.5787 test_mae=0.5770 split_dt=11183.3s
[d1_m1/mu] DONE mean_test_mae=0.5770 total=11183.3s peak_gpu_mem=912.6MB
[d1_m1/mu] metrics saved -> /home/snirhordan/ito/RandomSearchNNs/runs/qm9_rwnn/_stage/m16/mu/split0/mu/metrics.json
