[d1_m1/G] device=cuda:0 seed=42 cwd=/home/snirhordan/ito/RandomSearchNNs
[d1_m1/G] loading preprocessed cache from data/qm9/qm9_d_rwnn_cache/mols_G.pt
/home/snirhordan/ito/RandomSearchNNs/quickstart/train_qm9.py:336: FutureWarning: You are using `torch.load` with `weights_only=False` (the current default value), which uses the default pickle module implicitly. It is possible to construct malicious pickle data which will execute arbitrary code during unpickling (See https://github.com/pytorch/pytorch/blob/main/SECURITY.md#untrusted-models for more details). In a future release, the default value for `weights_only` will be flipped to `True`. This limits the functions that could be executed during unpickling. Arbitrary objects will no longer be allowed to be loaded via this mode unless they are explicitly allowlisted by the user via `torch.serialization.add_safe_globals`. We recommend you start setting `weights_only=True` for any use case where you don't have full control of the loaded file. Please open an issue on GitHub for any issues related to this experimental feature.
  mols = torch.load(cache_path)
/home/snirhordan/ito/RandomSearchNNs/quickstart/train_qm9.py:337: FutureWarning: You are using `torch.load` with `weights_only=False` (the current default value), which uses the default pickle module implicitly. It is possible to construct malicious pickle data which will execute arbitrary code during unpickling (See https://github.com/pytorch/pytorch/blob/main/SECURITY.md#untrusted-models for more details). In a future release, the default value for `weights_only` will be flipped to `True`. This limits the functions that could be executed during unpickling. Arbitrary objects will no longer be allowed to be loaded via this mode unless they are explicitly allowlisted by the user via `torch.serialization.add_safe_globals`. We recommend you start setting `weights_only=True` for any use case where you don't have full control of the loaded file. Please open an issue on GitHub for any issues related to this experimental feature.
  vocab = torch.load(vocab_path)
[d1_m1/G] loaded cache (130831 mols, vocab={'C': 0, 'F': 1, 'H': 2, 'N': 3, 'O': 4, 'PAD': 5}), dt=49.1s
[d1_m1/G] max_len=29
[d1_m1/G] target stats: mean=-11179.8770 std=1085.5924
[d1_m1/G] pe_in_dim=35 pe_out_dim=16 vocab_size=6
[d1_m1/G] split 0: train=78498 valid=26166 test=26167
[d1_m1/G] split 0 epoch   0 train_mse=0.2390 valid_mae=226.6474 dt=259.6s *
[d1_m1/G] split 0 epoch   1 train_mse=0.1161 valid_mae=263.0092 dt=255.8s  
[d1_m1/G] split 0 epoch   2 train_mse=0.1064 valid_mae=150.2029 dt=256.8s *
[d1_m1/G] split 0 epoch   3 train_mse=0.0982 valid_mae=228.5154 dt=255.6s  
[d1_m1/G] split 0 epoch   4 train_mse=0.0990 valid_mae=174.1032 dt=257.5s  
[d1_m1/G] split 0 epoch   5 train_mse=0.0963 valid_mae=150.4727 dt=256.1s  
[d1_m1/G] split 0 epoch   6 train_mse=0.0966 valid_mae=166.3816 dt=255.0s  
[d1_m1/G] split 0 early stop at epoch 7
[d1_m1/G] split 0 DONE best_valid_mae=150.2029 test_mae=151.8083 split_dt=1858.9s
[d1_m1/G] DONE mean_test_mae=151.8083 total=1859.0s peak_gpu_mem=478.7MB
[d1_m1/G] metrics saved -> runs/qm9/d1_m1/G/metrics.json
