# cmd: /home/snirhordan/miniconda3/envs/rwnn/bin/python3 -u quickstart/train_qm9.py --target U0 --walk_type search --distances 0 --mol_edge_feat 0 --epochs 10 --early_stopping 3 --n_splits 1 --batch_size 128 --h_dim 128 --num_layers 2 --m 8 --w 8 --reduce mean --seed 43 --num_workers 4 --device_idx 0 --out_root /home/snirhordan/ito/RandomSearchNNs/runs/qm9_rsnn/_stage --run_subdir m8/U0/split1 --limit 0
# gpu: 1
# seed: 43
[d0_m0/U0] device=cuda:0 seed=43 cwd=/home/snirhordan/ito/RandomSearchNNs
[d0_m0/U0] loading preprocessed cache from data/qm9/qm9_d_rwnn_cache/mols_U0.pt
/home/snirhordan/ito/RandomSearchNNs/quickstart/train_qm9.py:357: FutureWarning: You are using `torch.load` with `weights_only=False` (the current default value), which uses the default pickle module implicitly. It is possible to construct malicious pickle data which will execute arbitrary code during unpickling (See https://github.com/pytorch/pytorch/blob/main/SECURITY.md#untrusted-models for more details). In a future release, the default value for `weights_only` will be flipped to `True`. This limits the functions that could be executed during unpickling. Arbitrary objects will no longer be allowed to be loaded via this mode unless they are explicitly allowlisted by the user via `torch.serialization.add_safe_globals`. We recommend you start setting `weights_only=True` for any use case where you don't have full control of the loaded file. Please open an issue on GitHub for any issues related to this experimental feature.
  mols = torch.load(cache_path)
/home/snirhordan/ito/RandomSearchNNs/quickstart/train_qm9.py:358: FutureWarning: You are using `torch.load` with `weights_only=False` (the current default value), which uses the default pickle module implicitly. It is possible to construct malicious pickle data which will execute arbitrary code during unpickling (See https://github.com/pytorch/pytorch/blob/main/SECURITY.md#untrusted-models for more details). In a future release, the default value for `weights_only` will be flipped to `True`. This limits the functions that could be executed during unpickling. Arbitrary objects will no longer be allowed to be loaded via this mode unless they are explicitly allowlisted by the user via `torch.serialization.add_safe_globals`. We recommend you start setting `weights_only=True` for any use case where you don't have full control of the loaded file. Please open an issue on GitHub for any issues related to this experimental feature.
  vocab = torch.load(vocab_path)
[d0_m0/U0] loaded cache (130831 mols, vocab={'C': 0, 'F': 1, 'H': 2, 'N': 3, 'O': 4, 'PAD': 5}), dt=46.9s
[d0_m0/U0] max_len=29
[d0_m0/U0] target stats: mean=-11178.9668 std=1085.5787
[d0_m0/U0] pe_in_dim=8 pe_out_dim=16 vocab_size=6
[d0_m0/U0] split 0: train=78498 valid=26166 test=26167
[d0_m0/U0] split 0 epoch   0 train_mse=0.0893 valid_mae=33.4043 dt=129.3s *
[d0_m0/U0] split 0 epoch   1 train_mse=0.0046 valid_mae=96.1112 dt=127.0s  
[d0_m0/U0] split 0 epoch   2 train_mse=0.0052 valid_mae=25.4770 dt=127.0s *
[d0_m0/U0] split 0 epoch   3 train_mse=0.0014 valid_mae=15.0545 dt=126.4s *
[d0_m0/U0] split 0 epoch   4 train_mse=0.0034 valid_mae=25.9081 dt=126.9s  
[d0_m0/U0] split 0 epoch   5 train_mse=0.0020 valid_mae=25.3824 dt=126.3s  
[d0_m0/U0] split 0 epoch   6 train_mse=0.0011 valid_mae=14.1814 dt=126.6s *
[d0_m0/U0] split 0 epoch   7 train_mse=0.0037 valid_mae=30.7629 dt=126.8s  
[d0_m0/U0] split 0 epoch   8 train_mse=0.0005 valid_mae=16.7560 dt=126.6s  
[d0_m0/U0] split 0 epoch   9 train_mse=0.0004 valid_mae=15.1908 dt=126.4s  
[d0_m0/U0] split 0 DONE best_valid_mae=14.1814 test_mae=14.1637 split_dt=1301.3s
[d0_m0/U0] DONE mean_test_mae=14.1637 total=1301.3s peak_gpu_mem=477.3MB
[d0_m0/U0] metrics saved -> /home/snirhordan/ito/RandomSearchNNs/runs/qm9_rsnn/_stage/m8/U0/split1/U0/metrics.json
