# cmd: /home/snirhordan/miniconda3/envs/rwnn/bin/python3 -u quickstart/train_qm9.py --target Cv --walk_type search --distances 0 --mol_edge_feat 0 --epochs 10 --early_stopping 3 --n_splits 1 --batch_size 128 --h_dim 128 --num_layers 2 --m 16 --w 8 --reduce mean --seed 44 --num_workers 4 --device_idx 0 --out_root /home/snirhordan/ito/RandomSearchNNs/runs/qm9_rsnn/_stage --run_subdir m16/Cv/split2 --limit 0
# gpu: 2
# seed: 44
[d0_m0/Cv] device=cuda:0 seed=44 cwd=/home/snirhordan/ito/RandomSearchNNs
[d0_m0/Cv] loading preprocessed cache from data/qm9/qm9_d_rwnn_cache/mols_Cv.pt
/home/snirhordan/ito/RandomSearchNNs/quickstart/train_qm9.py:357: FutureWarning: You are using `torch.load` with `weights_only=False` (the current default value), which uses the default pickle module implicitly. It is possible to construct malicious pickle data which will execute arbitrary code during unpickling (See https://github.com/pytorch/pytorch/blob/main/SECURITY.md#untrusted-models for more details). In a future release, the default value for `weights_only` will be flipped to `True`. This limits the functions that could be executed during unpickling. Arbitrary objects will no longer be allowed to be loaded via this mode unless they are explicitly allowlisted by the user via `torch.serialization.add_safe_globals`. We recommend you start setting `weights_only=True` for any use case where you don't have full control of the loaded file. Please open an issue on GitHub for any issues related to this experimental feature.
  mols = torch.load(cache_path)
/home/snirhordan/ito/RandomSearchNNs/quickstart/train_qm9.py:358: FutureWarning: You are using `torch.load` with `weights_only=False` (the current default value), which uses the default pickle module implicitly. It is possible to construct malicious pickle data which will execute arbitrary code during unpickling (See https://github.com/pytorch/pytorch/blob/main/SECURITY.md#untrusted-models for more details). In a future release, the default value for `weights_only` will be flipped to `True`. This limits the functions that could be executed during unpickling. Arbitrary objects will no longer be allowed to be loaded via this mode unless they are explicitly allowlisted by the user via `torch.serialization.add_safe_globals`. We recommend you start setting `weights_only=True` for any use case where you don't have full control of the loaded file. Please open an issue on GitHub for any issues related to this experimental feature.
  vocab = torch.load(vocab_path)
[d0_m0/Cv] loaded cache (130831 mols, vocab={'C': 0, 'F': 1, 'H': 2, 'N': 3, 'O': 4, 'PAD': 5}), dt=45.8s
[d0_m0/Cv] max_len=29
[d0_m0/Cv] target stats: mean=31.6204 std=4.0676
[d0_m0/Cv] pe_in_dim=8 pe_out_dim=16 vocab_size=6
[d0_m0/Cv] split 0: train=78498 valid=26166 test=26167
[d0_m0/Cv] split 0 epoch   0 train_mse=0.1278 valid_mae=0.6278 dt=234.9s *
[d0_m0/Cv] split 0 epoch   1 train_mse=0.0353 valid_mae=0.4954 dt=233.1s *
[d0_m0/Cv] split 0 epoch   2 train_mse=0.0248 valid_mae=0.4467 dt=233.4s *
[d0_m0/Cv] split 0 epoch   3 train_mse=0.0188 valid_mae=0.4046 dt=233.3s *
[d0_m0/Cv] split 0 epoch   4 train_mse=0.0165 valid_mae=0.3540 dt=232.7s *
[d0_m0/Cv] split 0 epoch   5 train_mse=0.0140 valid_mae=0.4357 dt=234.0s  
[d0_m0/Cv] split 0 epoch   6 train_mse=0.0120 valid_mae=0.3312 dt=232.6s *
[d0_m0/Cv] split 0 epoch   7 train_mse=0.0111 valid_mae=0.4536 dt=231.8s  
[d0_m0/Cv] split 0 epoch   8 train_mse=0.0100 valid_mae=0.4628 dt=231.9s  
[d0_m0/Cv] split 0 epoch   9 train_mse=0.0094 valid_mae=0.2847 dt=230.3s *
[d0_m0/Cv] split 0 DONE best_valid_mae=0.2847 test_mae=0.2815 split_dt=2383.6s
[d0_m0/Cv] DONE mean_test_mae=0.2815 total=2383.7s peak_gpu_mem=910.8MB
[d0_m0/Cv] metrics saved -> /home/snirhordan/ito/RandomSearchNNs/runs/qm9_rsnn/_stage/m16/Cv/split2/Cv/metrics.json
