[d0_m0/gap] device=cuda:0 seed=42 cwd=/home/snirhordan/ito/RandomSearchNNs
[d0_m0/gap] loading preprocessed cache from data/qm9/qm9_d_rwnn_cache/mols_gap.pt
/home/snirhordan/ito/RandomSearchNNs/quickstart/train_qm9.py:329: FutureWarning: You are using `torch.load` with `weights_only=False` (the current default value), which uses the default pickle module implicitly. It is possible to construct malicious pickle data which will execute arbitrary code during unpickling (See https://github.com/pytorch/pytorch/blob/main/SECURITY.md#untrusted-models for more details). In a future release, the default value for `weights_only` will be flipped to `True`. This limits the functions that could be executed during unpickling. Arbitrary objects will no longer be allowed to be loaded via this mode unless they are explicitly allowlisted by the user via `torch.serialization.add_safe_globals`. We recommend you start setting `weights_only=True` for any use case where you don't have full control of the loaded file. Please open an issue on GitHub for any issues related to this experimental feature.
  mols = torch.load(cache_path)
/home/snirhordan/ito/RandomSearchNNs/quickstart/train_qm9.py:330: FutureWarning: You are using `torch.load` with `weights_only=False` (the current default value), which uses the default pickle module implicitly. It is possible to construct malicious pickle data which will execute arbitrary code during unpickling (See https://github.com/pytorch/pytorch/blob/main/SECURITY.md#untrusted-models for more details). In a future release, the default value for `weights_only` will be flipped to `True`. This limits the functions that could be executed during unpickling. Arbitrary objects will no longer be allowed to be loaded via this mode unless they are explicitly allowlisted by the user via `torch.serialization.add_safe_globals`. We recommend you start setting `weights_only=True` for any use case where you don't have full control of the loaded file. Please open an issue on GitHub for any issues related to this experimental feature.
  vocab = torch.load(vocab_path)
[d0_m0/gap] loaded cache (130831 mols, vocab={'C': 0, 'F': 1, 'H': 2, 'N': 3, 'O': 4, 'PAD': 5}), dt=53.9s
[d0_m0/gap] max_len=29
[d0_m0/gap] target stats: mean=6.8585 std=1.2842
[d0_m0/gap] pe_in_dim=16 pe_out_dim=16 vocab_size=6
[d0_m0/gap] split 0: train=78498 valid=26166 test=26167
[d0_m0/gap] split 0 epoch   0 train_mse=0.5429 valid_mae=0.6800 dt=232.4s *
[d0_m0/gap] split 0 epoch   1 train_mse=0.3883 valid_mae=0.6144 dt=229.2s *
[d0_m0/gap] split 0 epoch   2 train_mse=0.3280 valid_mae=0.5276 dt=229.2s *
[d0_m0/gap] split 0 epoch   3 train_mse=0.2804 valid_mae=0.5026 dt=228.9s *
[d0_m0/gap] split 0 epoch   4 train_mse=0.2491 valid_mae=0.4784 dt=228.3s *
[d0_m0/gap] split 0 epoch   5 train_mse=0.2319 valid_mae=0.4531 dt=228.0s *
[d0_m0/gap] split 0 epoch   6 train_mse=0.2180 valid_mae=0.4309 dt=228.6s *
[d0_m0/gap] split 0 epoch   7 train_mse=0.2082 valid_mae=0.4121 dt=228.8s *
[d0_m0/gap] split 0 epoch   8 train_mse=0.1987 valid_mae=0.4036 dt=228.6s *
[d0_m0/gap] split 0 epoch   9 train_mse=0.1941 valid_mae=0.4007 dt=228.4s *
[d0_m0/gap] split 0 epoch  10 train_mse=0.1855 valid_mae=0.3881 dt=228.5s *
[d0_m0/gap] split 0 epoch  11 train_mse=0.1835 valid_mae=0.3828 dt=228.8s *
[d0_m0/gap] split 0 epoch  12 train_mse=0.1783 valid_mae=0.3909 dt=228.8s  
[d0_m0/gap] split 0 epoch  13 train_mse=0.1713 valid_mae=0.3740 dt=228.4s *
[d0_m0/gap] split 0 epoch  14 train_mse=0.1672 valid_mae=0.3702 dt=228.4s *
[d0_m0/gap] split 0 DONE best_valid_mae=0.3702 test_mae=0.3706 split_dt=3489.2s
[d0_m0/gap] DONE mean_test_mae=0.3706 total=3489.2s peak_gpu_mem=475.6MB
[d0_m0/gap] metrics saved -> runs/qm9/d0_m0/gap/metrics.json
