[d0_m1/alpha] device=cuda:0 seed=42 cwd=/home/snirhordan/ito/RandomSearchNNs
[d0_m1/alpha] loading preprocessed cache from data/qm9/qm9_d_rwnn_cache/mols_alpha.pt
/home/snirhordan/ito/RandomSearchNNs/quickstart/train_qm9.py:336: FutureWarning: You are using `torch.load` with `weights_only=False` (the current default value), which uses the default pickle module implicitly. It is possible to construct malicious pickle data which will execute arbitrary code during unpickling (See https://github.com/pytorch/pytorch/blob/main/SECURITY.md#untrusted-models for more details). In a future release, the default value for `weights_only` will be flipped to `True`. This limits the functions that could be executed during unpickling. Arbitrary objects will no longer be allowed to be loaded via this mode unless they are explicitly allowlisted by the user via `torch.serialization.add_safe_globals`. We recommend you start setting `weights_only=True` for any use case where you don't have full control of the loaded file. Please open an issue on GitHub for any issues related to this experimental feature.
  mols = torch.load(cache_path)
/home/snirhordan/ito/RandomSearchNNs/quickstart/train_qm9.py:337: FutureWarning: You are using `torch.load` with `weights_only=False` (the current default value), which uses the default pickle module implicitly. It is possible to construct malicious pickle data which will execute arbitrary code during unpickling (See https://github.com/pytorch/pytorch/blob/main/SECURITY.md#untrusted-models for more details). In a future release, the default value for `weights_only` will be flipped to `True`. This limits the functions that could be executed during unpickling. Arbitrary objects will no longer be allowed to be loaded via this mode unless they are explicitly allowlisted by the user via `torch.serialization.add_safe_globals`. We recommend you start setting `weights_only=True` for any use case where you don't have full control of the loaded file. Please open an issue on GitHub for any issues related to this experimental feature.
  vocab = torch.load(vocab_path)
[d0_m1/alpha] loaded cache (130831 mols, vocab={'C': 0, 'F': 1, 'H': 2, 'N': 3, 'O': 4, 'PAD': 5}), dt=48.1s
[d0_m1/alpha] max_len=29
[d0_m1/alpha] target stats: mean=75.2812 std=8.1738
[d0_m1/alpha] pe_in_dim=19 pe_out_dim=16 vocab_size=6
[d0_m1/alpha] split 0: train=78498 valid=26166 test=26167
[d0_m1/alpha] split 0 epoch   0 train_mse=0.1985 valid_mae=1.8175 dt=257.2s *
[d0_m1/alpha] split 0 epoch   1 train_mse=0.0996 valid_mae=1.6338 dt=254.7s *
[d0_m1/alpha] split 0 epoch   2 train_mse=0.0850 valid_mae=1.6040 dt=254.5s *
[d0_m1/alpha] split 0 epoch   3 train_mse=0.0807 valid_mae=1.4865 dt=254.0s *
[d0_m1/alpha] split 0 epoch   4 train_mse=0.0720 valid_mae=1.4037 dt=253.7s *
[d0_m1/alpha] split 0 epoch   5 train_mse=0.0677 valid_mae=1.6446 dt=254.7s  
[d0_m1/alpha] split 0 epoch   6 train_mse=0.0649 valid_mae=1.3929 dt=254.9s *
[d0_m1/alpha] split 0 epoch   7 train_mse=0.0606 valid_mae=1.3246 dt=255.3s *
[d0_m1/alpha] split 0 epoch   8 train_mse=0.0590 valid_mae=1.3997 dt=253.8s  
[d0_m1/alpha] split 0 epoch   9 train_mse=0.0565 valid_mae=1.2399 dt=254.2s *
[d0_m1/alpha] split 0 epoch  10 train_mse=0.0546 valid_mae=1.3589 dt=253.7s  
[d0_m1/alpha] split 0 epoch  11 train_mse=0.0538 valid_mae=1.1909 dt=254.6s *
[d0_m1/alpha] split 0 epoch  12 train_mse=0.0525 valid_mae=1.3402 dt=254.1s  
[d0_m1/alpha] split 0 epoch  13 train_mse=0.0506 valid_mae=1.2106 dt=254.5s  
[d0_m1/alpha] split 0 epoch  14 train_mse=0.0504 valid_mae=1.2287 dt=252.4s  
[d0_m1/alpha] split 0 DONE best_valid_mae=1.1909 test_mae=1.1961 split_dt=3877.7s
[d0_m1/alpha] DONE mean_test_mae=1.1961 total=3878.1s peak_gpu_mem=477.4MB
[d0_m1/alpha] metrics saved -> runs/qm9/d0_m1/alpha/metrics.json
