# cmd: /home/snirhordan/miniconda3/envs/rwnn/bin/python3 -u quickstart/train_qm9.py --target homo --walk_type search --distances 0 --mol_edge_feat 0 --epochs 10 --early_stopping 3 --n_splits 1 --batch_size 128 --h_dim 128 --num_layers 2 --m 8 --w 8 --reduce mean --seed 43 --num_workers 4 --device_idx 0 --out_root /home/snirhordan/ito/RandomSearchNNs/runs/qm9_rsnn/_stage --run_subdir m8/homo/split1 --limit 0
# gpu: 3
# seed: 43
[d0_m0/homo] device=cuda:0 seed=43 cwd=/home/snirhordan/ito/RandomSearchNNs
[d0_m0/homo] loading preprocessed cache from data/qm9/qm9_d_rwnn_cache/mols_homo.pt
/home/snirhordan/ito/RandomSearchNNs/quickstart/train_qm9.py:357: FutureWarning: You are using `torch.load` with `weights_only=False` (the current default value), which uses the default pickle module implicitly. It is possible to construct malicious pickle data which will execute arbitrary code during unpickling (See https://github.com/pytorch/pytorch/blob/main/SECURITY.md#untrusted-models for more details). In a future release, the default value for `weights_only` will be flipped to `True`. This limits the functions that could be executed during unpickling. Arbitrary objects will no longer be allowed to be loaded via this mode unless they are explicitly allowlisted by the user via `torch.serialization.add_safe_globals`. We recommend you start setting `weights_only=True` for any use case where you don't have full control of the loaded file. Please open an issue on GitHub for any issues related to this experimental feature.
  mols = torch.load(cache_path)
/home/snirhordan/ito/RandomSearchNNs/quickstart/train_qm9.py:358: FutureWarning: You are using `torch.load` with `weights_only=False` (the current default value), which uses the default pickle module implicitly. It is possible to construct malicious pickle data which will execute arbitrary code during unpickling (See https://github.com/pytorch/pytorch/blob/main/SECURITY.md#untrusted-models for more details). In a future release, the default value for `weights_only` will be flipped to `True`. This limits the functions that could be executed during unpickling. Arbitrary objects will no longer be allowed to be loaded via this mode unless they are explicitly allowlisted by the user via `torch.serialization.add_safe_globals`. We recommend you start setting `weights_only=True` for any use case where you don't have full control of the loaded file. Please open an issue on GitHub for any issues related to this experimental feature.
  vocab = torch.load(vocab_path)
[d0_m0/homo] loaded cache (130831 mols, vocab={'C': 0, 'F': 1, 'H': 2, 'N': 3, 'O': 4, 'PAD': 5}), dt=47.5s
[d0_m0/homo] max_len=29
[d0_m0/homo] target stats: mean=-6.5365 std=0.5977
[d0_m0/homo] pe_in_dim=8 pe_out_dim=16 vocab_size=6
[d0_m0/homo] split 0: train=78498 valid=26166 test=26167
[d0_m0/homo] split 0 epoch   0 train_mse=0.5455 valid_mae=0.2802 dt=128.9s *
[d0_m0/homo] split 0 epoch   1 train_mse=0.3073 valid_mae=0.2233 dt=126.3s *
[d0_m0/homo] split 0 epoch   2 train_mse=0.2286 valid_mae=0.2079 dt=126.4s *
[d0_m0/homo] split 0 epoch   3 train_mse=0.1874 valid_mae=0.1929 dt=125.8s *
[d0_m0/homo] split 0 epoch   4 train_mse=0.1625 valid_mae=0.1803 dt=125.9s *
[d0_m0/homo] split 0 epoch   5 train_mse=0.1468 valid_mae=0.1750 dt=126.6s *
[d0_m0/homo] split 0 epoch   6 train_mse=0.1333 valid_mae=0.1681 dt=126.1s *
[d0_m0/homo] split 0 epoch   7 train_mse=0.1252 valid_mae=0.1617 dt=126.3s *
[d0_m0/homo] split 0 epoch   8 train_mse=0.1190 valid_mae=0.1514 dt=125.7s *
[d0_m0/homo] split 0 epoch   9 train_mse=0.1099 valid_mae=0.1530 dt=126.1s  
[d0_m0/homo] split 0 DONE best_valid_mae=0.1514 test_mae=0.1514 split_dt=1295.8s
[d0_m0/homo] DONE mean_test_mae=0.1514 total=1295.9s peak_gpu_mem=477.5MB
[d0_m0/homo] metrics saved -> /home/snirhordan/ito/RandomSearchNNs/runs/qm9_rsnn/_stage/m8/homo/split1/homo/metrics.json
