[d1_m1/H] device=cuda:0 seed=42 cwd=/home/snirhordan/ito/RandomSearchNNs
[d1_m1/H] loading preprocessed cache from data/qm9/qm9_d_rwnn_cache/mols_H.pt
/home/snirhordan/ito/RandomSearchNNs/quickstart/train_qm9.py:336: FutureWarning: You are using `torch.load` with `weights_only=False` (the current default value), which uses the default pickle module implicitly. It is possible to construct malicious pickle data which will execute arbitrary code during unpickling (See https://github.com/pytorch/pytorch/blob/main/SECURITY.md#untrusted-models for more details). In a future release, the default value for `weights_only` will be flipped to `True`. This limits the functions that could be executed during unpickling. Arbitrary objects will no longer be allowed to be loaded via this mode unless they are explicitly allowlisted by the user via `torch.serialization.add_safe_globals`. We recommend you start setting `weights_only=True` for any use case where you don't have full control of the loaded file. Please open an issue on GitHub for any issues related to this experimental feature.
  mols = torch.load(cache_path)
/home/snirhordan/ito/RandomSearchNNs/quickstart/train_qm9.py:337: FutureWarning: You are using `torch.load` with `weights_only=False` (the current default value), which uses the default pickle module implicitly. It is possible to construct malicious pickle data which will execute arbitrary code during unpickling (See https://github.com/pytorch/pytorch/blob/main/SECURITY.md#untrusted-models for more details). In a future release, the default value for `weights_only` will be flipped to `True`. This limits the functions that could be executed during unpickling. Arbitrary objects will no longer be allowed to be loaded via this mode unless they are explicitly allowlisted by the user via `torch.serialization.add_safe_globals`. We recommend you start setting `weights_only=True` for any use case where you don't have full control of the loaded file. Please open an issue on GitHub for any issues related to this experimental feature.
  vocab = torch.load(vocab_path)
[d1_m1/H] loaded cache (130831 mols, vocab={'C': 0, 'F': 1, 'H': 2, 'N': 3, 'O': 4, 'PAD': 5}), dt=50.2s
[d1_m1/H] max_len=29
[d1_m1/H] target stats: mean=-11178.7100 std=1085.5728
[d1_m1/H] pe_in_dim=35 pe_out_dim=16 vocab_size=6
[d1_m1/H] split 0: train=78498 valid=26166 test=26167
[d1_m1/H] split 0 epoch   0 train_mse=0.2399 valid_mae=234.3442 dt=257.2s *
[d1_m1/H] split 0 epoch   1 train_mse=0.1174 valid_mae=281.4733 dt=253.7s  
[d1_m1/H] split 0 epoch   2 train_mse=0.1069 valid_mae=173.0478 dt=254.2s *
[d1_m1/H] split 0 epoch   3 train_mse=0.0985 valid_mae=218.3781 dt=252.6s  
[d1_m1/H] split 0 epoch   4 train_mse=0.0989 valid_mae=175.5613 dt=254.5s  
[d1_m1/H] split 0 epoch   5 train_mse=0.0966 valid_mae=161.6366 dt=253.8s *
[d1_m1/H] split 0 epoch   6 train_mse=0.0967 valid_mae=163.3442 dt=253.2s  
[d1_m1/H] split 0 epoch   7 train_mse=0.0945 valid_mae=211.4213 dt=251.8s  
[d1_m1/H] split 0 epoch   8 train_mse=0.0919 valid_mae=158.3717 dt=251.6s *
[d1_m1/H] split 0 epoch   9 train_mse=0.0896 valid_mae=144.0598 dt=251.3s *
[d1_m1/H] split 0 epoch  10 train_mse=0.0907 valid_mae=149.0518 dt=251.5s  
[d1_m1/H] split 0 epoch  11 train_mse=0.0896 valid_mae=139.9958 dt=252.8s *
[d1_m1/H] split 0 epoch  12 train_mse=0.0903 valid_mae=146.3770 dt=252.3s  
[d1_m1/H] split 0 epoch  13 train_mse=0.0877 valid_mae=134.1732 dt=251.1s *
[d1_m1/H] split 0 epoch  14 train_mse=0.0876 valid_mae=140.7570 dt=249.6s  
[d1_m1/H] split 0 DONE best_valid_mae=134.1732 test_mae=135.4236 split_dt=3852.3s
[d1_m1/H] DONE mean_test_mae=135.4236 total=3852.3s peak_gpu_mem=481.3MB
[d1_m1/H] metrics saved -> runs/qm9/d1_m1/H/metrics.json
