# cmd: /home/snirhordan/miniconda3/envs/rwnn/bin/python3 -u /home/snirhordan/ito/RandomSearchNNs/quickstart/train_qm9.py --target homo --walk_type walk_ada --distances 1 --mol_edge_feat 1 --epochs 15 --early_stopping 4 --n_splits 1 --batch_size 128 --h_dim 128 --num_layers 2 --m 4 --w 8 --reduce mean --seed 44 --num_workers 4 --device_idx 0 --out_root /home/snirhordan/ito/RandomSearchNNs/runs/qm9_rwnn/_stage --run_subdir m4/homo/split2 --limit 0
# gpu: 3 seed: 44 (CVD=3)
[d1_m1/homo] device=cuda:0 seed=44 cwd=/home/snirhordan/ito/RandomSearchNNs
[d1_m1/homo] loading preprocessed cache from data/qm9/qm9_d_rwnn_cache/mols_homo.pt
/home/snirhordan/ito/RandomSearchNNs/quickstart/train_qm9.py:357: FutureWarning: You are using `torch.load` with `weights_only=False` (the current default value), which uses the default pickle module implicitly. It is possible to construct malicious pickle data which will execute arbitrary code during unpickling (See https://github.com/pytorch/pytorch/blob/main/SECURITY.md#untrusted-models for more details). In a future release, the default value for `weights_only` will be flipped to `True`. This limits the functions that could be executed during unpickling. Arbitrary objects will no longer be allowed to be loaded via this mode unless they are explicitly allowlisted by the user via `torch.serialization.add_safe_globals`. We recommend you start setting `weights_only=True` for any use case where you don't have full control of the loaded file. Please open an issue on GitHub for any issues related to this experimental feature.
  mols = torch.load(cache_path)
/home/snirhordan/ito/RandomSearchNNs/quickstart/train_qm9.py:358: FutureWarning: You are using `torch.load` with `weights_only=False` (the current default value), which uses the default pickle module implicitly. It is possible to construct malicious pickle data which will execute arbitrary code during unpickling (See https://github.com/pytorch/pytorch/blob/main/SECURITY.md#untrusted-models for more details). In a future release, the default value for `weights_only` will be flipped to `True`. This limits the functions that could be executed during unpickling. Arbitrary objects will no longer be allowed to be loaded via this mode unless they are explicitly allowlisted by the user via `torch.serialization.add_safe_globals`. We recommend you start setting `weights_only=True` for any use case where you don't have full control of the loaded file. Please open an issue on GitHub for any issues related to this experimental feature.
  vocab = torch.load(vocab_path)
[d1_m1/homo] loaded cache (130831 mols, vocab={'C': 0, 'F': 1, 'H': 2, 'N': 3, 'O': 4, 'PAD': 5}), dt=87.4s
[d1_m1/homo] max_len=29
[d1_m1/homo] target stats: mean=-6.5365 std=0.5977
[d1_m1/homo] pe_in_dim=35 pe_out_dim=16 vocab_size=6
[d1_m1/homo] split 0: train=78498 valid=26166 test=26167
[d1_m1/homo] split 0 epoch   0 train_mse=0.6441 valid_mae=0.3078 dt=216.5s *
[d1_m1/homo] split 0 epoch   1 train_mse=0.4234 valid_mae=0.2822 dt=212.4s *
[d1_m1/homo] split 0 epoch   2 train_mse=0.3764 valid_mae=0.2721 dt=210.2s *
[d1_m1/homo] split 0 epoch   3 train_mse=0.3522 valid_mae=0.2647 dt=210.5s *
[d1_m1/homo] split 0 epoch   4 train_mse=0.3372 valid_mae=0.2575 dt=212.0s *
[d1_m1/homo] split 0 epoch   5 train_mse=0.3207 valid_mae=0.2446 dt=210.5s *
[d1_m1/homo] split 0 epoch   6 train_mse=0.3066 valid_mae=0.2421 dt=210.6s *
[d1_m1/homo] split 0 epoch   7 train_mse=0.2898 valid_mae=0.2367 dt=210.6s *
[d1_m1/homo] split 0 epoch   8 train_mse=0.2871 valid_mae=0.2352 dt=210.5s *
[d1_m1/homo] split 0 epoch   9 train_mse=0.2755 valid_mae=0.2330 dt=210.5s *
[d1_m1/homo] split 0 epoch  10 train_mse=0.2685 valid_mae=0.2303 dt=209.2s *
[d1_m1/homo] split 0 epoch  11 train_mse=0.2603 valid_mae=0.2237 dt=209.6s *
[d1_m1/homo] split 0 epoch  12 train_mse=0.2542 valid_mae=0.2300 dt=209.5s  
[d1_m1/homo] split 0 epoch  13 train_mse=0.2536 valid_mae=0.2201 dt=209.2s *
[d1_m1/homo] split 0 epoch  14 train_mse=0.2443 valid_mae=0.2165 dt=209.0s *
[d1_m1/homo] split 0 DONE best_valid_mae=0.2165 test_mae=0.2157 split_dt=3214.3s
[d1_m1/homo] DONE mean_test_mae=0.2157 total=3214.4s peak_gpu_mem=263.9MB
[d1_m1/homo] metrics saved -> /home/snirhordan/ito/RandomSearchNNs/runs/qm9_rwnn/_stage/m4/homo/split2/homo/metrics.json
