[d1_m1/mu] device=cuda:0 seed=42 cwd=/home/snirhordan/ito/RandomSearchNNs
[d1_m1/mu] loading preprocessed cache from data/qm9/qm9_d_rwnn_cache/mols_mu.pt
/home/snirhordan/ito/RandomSearchNNs/quickstart/train_qm9.py:329: FutureWarning: You are using `torch.load` with `weights_only=False` (the current default value), which uses the default pickle module implicitly. It is possible to construct malicious pickle data which will execute arbitrary code during unpickling (See https://github.com/pytorch/pytorch/blob/main/SECURITY.md#untrusted-models for more details). In a future release, the default value for `weights_only` will be flipped to `True`. This limits the functions that could be executed during unpickling. Arbitrary objects will no longer be allowed to be loaded via this mode unless they are explicitly allowlisted by the user via `torch.serialization.add_safe_globals`. We recommend you start setting `weights_only=True` for any use case where you don't have full control of the loaded file. Please open an issue on GitHub for any issues related to this experimental feature.
  mols = torch.load(cache_path)
/home/snirhordan/ito/RandomSearchNNs/quickstart/train_qm9.py:330: FutureWarning: You are using `torch.load` with `weights_only=False` (the current default value), which uses the default pickle module implicitly. It is possible to construct malicious pickle data which will execute arbitrary code during unpickling (See https://github.com/pytorch/pytorch/blob/main/SECURITY.md#untrusted-models for more details). In a future release, the default value for `weights_only` will be flipped to `True`. This limits the functions that could be executed during unpickling. Arbitrary objects will no longer be allowed to be loaded via this mode unless they are explicitly allowlisted by the user via `torch.serialization.add_safe_globals`. We recommend you start setting `weights_only=True` for any use case where you don't have full control of the loaded file. Please open an issue on GitHub for any issues related to this experimental feature.
  vocab = torch.load(vocab_path)
[d1_m1/mu] loaded cache (130831 mols, vocab={'C': 0, 'F': 1, 'H': 2, 'N': 3, 'O': 4, 'PAD': 5}), dt=48.2s
[d1_m1/mu] max_len=29
[d1_m1/mu] target stats: mean=2.6730 std=1.5035
[d1_m1/mu] pe_in_dim=35 pe_out_dim=16 vocab_size=6
[d1_m1/mu] split 0: train=78498 valid=26166 test=26167
[d1_m1/mu] split 0 epoch   0 train_mse=0.6617 valid_mae=0.7974 dt=253.1s *
[d1_m1/mu] split 0 epoch   1 train_mse=0.5747 valid_mae=0.7752 dt=249.4s *
[d1_m1/mu] split 0 epoch   2 train_mse=0.5420 valid_mae=0.7500 dt=249.4s *
[d1_m1/mu] split 0 epoch   3 train_mse=0.4892 valid_mae=0.7417 dt=250.0s *
[d1_m1/mu] split 0 epoch   4 train_mse=0.4556 valid_mae=0.7269 dt=250.2s *
[d1_m1/mu] split 0 epoch   5 train_mse=0.4405 valid_mae=0.6985 dt=249.3s *
[d1_m1/mu] split 0 epoch   6 train_mse=0.4220 valid_mae=0.7032 dt=249.6s  
[d1_m1/mu] split 0 epoch   7 train_mse=0.4170 valid_mae=0.6949 dt=249.3s *
[d1_m1/mu] split 0 epoch   8 train_mse=0.4094 valid_mae=0.6843 dt=248.9s *
[d1_m1/mu] split 0 epoch   9 train_mse=0.3943 valid_mae=0.6870 dt=250.2s  
[d1_m1/mu] split 0 epoch  10 train_mse=0.3870 valid_mae=0.6778 dt=249.2s *
[d1_m1/mu] split 0 epoch  11 train_mse=0.3818 valid_mae=0.6715 dt=250.1s *
[d1_m1/mu] split 0 epoch  12 train_mse=0.3771 valid_mae=0.6703 dt=249.6s *
[d1_m1/mu] split 0 epoch  13 train_mse=0.3665 valid_mae=0.6523 dt=249.1s *
[d1_m1/mu] split 0 epoch  14 train_mse=0.3576 valid_mae=0.6607 dt=247.5s  
[d1_m1/mu] split 0 DONE best_valid_mae=0.6523 test_mae=0.6507 split_dt=3805.8s
[d1_m1/mu] DONE mean_test_mae=0.6507 total=3806.0s peak_gpu_mem=481.4MB
[d1_m1/mu] metrics saved -> runs/qm9/d1_m1/mu/metrics.json
