[d0_m0/H] device=cuda:0 seed=42 cwd=/home/snirhordan/ito/RandomSearchNNs
[d0_m0/H] loading preprocessed cache from data/qm9/qm9_d_rwnn_cache/mols_H.pt
/home/snirhordan/ito/RandomSearchNNs/quickstart/train_qm9.py:336: FutureWarning: You are using `torch.load` with `weights_only=False` (the current default value), which uses the default pickle module implicitly. It is possible to construct malicious pickle data which will execute arbitrary code during unpickling (See https://github.com/pytorch/pytorch/blob/main/SECURITY.md#untrusted-models for more details). In a future release, the default value for `weights_only` will be flipped to `True`. This limits the functions that could be executed during unpickling. Arbitrary objects will no longer be allowed to be loaded via this mode unless they are explicitly allowlisted by the user via `torch.serialization.add_safe_globals`. We recommend you start setting `weights_only=True` for any use case where you don't have full control of the loaded file. Please open an issue on GitHub for any issues related to this experimental feature.
  mols = torch.load(cache_path)
/home/snirhordan/ito/RandomSearchNNs/quickstart/train_qm9.py:337: FutureWarning: You are using `torch.load` with `weights_only=False` (the current default value), which uses the default pickle module implicitly. It is possible to construct malicious pickle data which will execute arbitrary code during unpickling (See https://github.com/pytorch/pytorch/blob/main/SECURITY.md#untrusted-models for more details). In a future release, the default value for `weights_only` will be flipped to `True`. This limits the functions that could be executed during unpickling. Arbitrary objects will no longer be allowed to be loaded via this mode unless they are explicitly allowlisted by the user via `torch.serialization.add_safe_globals`. We recommend you start setting `weights_only=True` for any use case where you don't have full control of the loaded file. Please open an issue on GitHub for any issues related to this experimental feature.
  vocab = torch.load(vocab_path)
[d0_m0/H] loaded cache (130831 mols, vocab={'C': 0, 'F': 1, 'H': 2, 'N': 3, 'O': 4, 'PAD': 5}), dt=50.1s
[d0_m0/H] max_len=29
[d0_m0/H] target stats: mean=-11178.7100 std=1085.5728
[d0_m0/H] pe_in_dim=16 pe_out_dim=16 vocab_size=6
[d0_m0/H] split 0: train=78498 valid=26166 test=26167
[d0_m0/H] split 0 epoch   0 train_mse=0.2695 valid_mae=249.8843 dt=226.4s *
[d0_m0/H] split 0 epoch   1 train_mse=0.1203 valid_mae=185.3974 dt=222.4s *
[d0_m0/H] split 0 epoch   2 train_mse=0.1045 valid_mae=176.6252 dt=223.2s *
[d0_m0/H] split 0 epoch   3 train_mse=0.1022 valid_mae=181.0923 dt=223.6s  
[d0_m0/H] split 0 epoch   4 train_mse=0.1025 valid_mae=160.9672 dt=222.2s *
[d0_m0/H] split 0 epoch   5 train_mse=0.0994 valid_mae=191.1723 dt=222.6s  
[d0_m0/H] split 0 epoch   6 train_mse=0.1004 valid_mae=178.7092 dt=223.3s  
[d0_m0/H] split 0 epoch   7 train_mse=0.0974 valid_mae=202.6183 dt=223.3s  
[d0_m0/H] split 0 epoch   8 train_mse=0.0954 valid_mae=142.5244 dt=221.5s *
[d0_m0/H] split 0 epoch   9 train_mse=0.0966 valid_mae=142.3117 dt=221.5s *
[d0_m0/H] split 0 epoch  10 train_mse=0.0939 valid_mae=149.3757 dt=220.8s  
[d0_m0/H] split 0 epoch  11 train_mse=0.0970 valid_mae=216.6080 dt=221.6s  
[d0_m0/H] split 0 epoch  12 train_mse=0.0940 valid_mae=168.3681 dt=221.7s  
[d0_m0/H] split 0 epoch  13 train_mse=0.0916 valid_mae=137.4262 dt=221.1s *
[d0_m0/H] split 0 epoch  14 train_mse=0.0906 valid_mae=157.0517 dt=221.6s  
[d0_m0/H] split 0 DONE best_valid_mae=137.4262 test_mae=139.7775 split_dt=3390.7s
[d0_m0/H] DONE mean_test_mae=139.7775 total=3390.8s peak_gpu_mem=475.5MB
[d0_m0/H] metrics saved -> runs/qm9/d0_m0/H/metrics.json
