[d1_m0/H] device=cuda:0 seed=42 cwd=/home/snirhordan/ito/RandomSearchNNs
[d1_m0/H] loading preprocessed cache from data/qm9/qm9_d_rwnn_cache/mols_H.pt
/home/snirhordan/ito/RandomSearchNNs/quickstart/train_qm9.py:336: FutureWarning: You are using `torch.load` with `weights_only=False` (the current default value), which uses the default pickle module implicitly. It is possible to construct malicious pickle data which will execute arbitrary code during unpickling (See https://github.com/pytorch/pytorch/blob/main/SECURITY.md#untrusted-models for more details). In a future release, the default value for `weights_only` will be flipped to `True`. This limits the functions that could be executed during unpickling. Arbitrary objects will no longer be allowed to be loaded via this mode unless they are explicitly allowlisted by the user via `torch.serialization.add_safe_globals`. We recommend you start setting `weights_only=True` for any use case where you don't have full control of the loaded file. Please open an issue on GitHub for any issues related to this experimental feature.
  mols = torch.load(cache_path)
/home/snirhordan/ito/RandomSearchNNs/quickstart/train_qm9.py:337: FutureWarning: You are using `torch.load` with `weights_only=False` (the current default value), which uses the default pickle module implicitly. It is possible to construct malicious pickle data which will execute arbitrary code during unpickling (See https://github.com/pytorch/pytorch/blob/main/SECURITY.md#untrusted-models for more details). In a future release, the default value for `weights_only` will be flipped to `True`. This limits the functions that could be executed during unpickling. Arbitrary objects will no longer be allowed to be loaded via this mode unless they are explicitly allowlisted by the user via `torch.serialization.add_safe_globals`. We recommend you start setting `weights_only=True` for any use case where you don't have full control of the loaded file. Please open an issue on GitHub for any issues related to this experimental feature.
  vocab = torch.load(vocab_path)
[d1_m0/H] loaded cache (130831 mols, vocab={'C': 0, 'F': 1, 'H': 2, 'N': 3, 'O': 4, 'PAD': 5}), dt=50.5s
[d1_m0/H] max_len=29
[d1_m0/H] target stats: mean=-11178.7100 std=1085.5728
[d1_m0/H] pe_in_dim=32 pe_out_dim=16 vocab_size=6
[d1_m0/H] split 0: train=78498 valid=26166 test=26167
[d1_m0/H] split 0 epoch   0 train_mse=0.2524 valid_mae=244.5845 dt=256.1s *
[d1_m0/H] split 0 epoch   1 train_mse=0.1188 valid_mae=183.1190 dt=252.5s *
[d1_m0/H] split 0 epoch   2 train_mse=0.1113 valid_mae=210.9780 dt=253.7s  
[d1_m0/H] split 0 epoch   3 train_mse=0.1023 valid_mae=167.7999 dt=253.3s *
[d1_m0/H] split 0 epoch   4 train_mse=0.1017 valid_mae=188.0459 dt=253.0s  
[d1_m0/H] split 0 epoch   5 train_mse=0.1015 valid_mae=170.1688 dt=253.0s  
[d1_m0/H] split 0 epoch   6 train_mse=0.0975 valid_mae=160.1259 dt=250.6s *
[d1_m0/H] split 0 epoch   7 train_mse=0.0984 valid_mae=201.2219 dt=252.8s  
[d1_m0/H] split 0 epoch   8 train_mse=0.0995 valid_mae=162.9847 dt=251.9s  
[d1_m0/H] split 0 epoch   9 train_mse=0.0939 valid_mae=145.0881 dt=250.6s *
[d1_m0/H] split 0 epoch  10 train_mse=0.0955 valid_mae=160.3741 dt=251.1s  
[d1_m0/H] split 0 epoch  11 train_mse=0.0924 valid_mae=151.3574 dt=250.9s  
[d1_m0/H] split 0 epoch  12 train_mse=0.0916 valid_mae=146.0726 dt=251.9s  
[d1_m0/H] split 0 epoch  13 train_mse=0.0895 valid_mae=160.5599 dt=250.4s  
[d1_m0/H] split 0 early stop at epoch 14
[d1_m0/H] split 0 DONE best_valid_mae=145.0881 test_mae=144.3509 split_dt=3592.6s
[d1_m0/H] DONE mean_test_mae=144.3509 total=3592.7s peak_gpu_mem=479.1MB
[d1_m0/H] metrics saved -> runs/qm9/d1_m0/H/metrics.json
