# cmd: /home/snirhordan/miniconda3/envs/rwnn/bin/python3 -u /home/snirhordan/ito/RandomSearchNNs/quickstart/train_qm9.py --target R2 --walk_type walk_ada --distances 1 --mol_edge_feat 1 --epochs 15 --early_stopping 4 --n_splits 1 --batch_size 128 --h_dim 128 --num_layers 2 --m 4 --w 8 --reduce mean --seed 42 --num_workers 4 --device_idx 0 --out_root /home/snirhordan/ito/RandomSearchNNs/runs/qm9_rwnn/_stage --run_subdir m4/R2/split0 --limit 0
# gpu: 0 seed: 42 (CVD=0)
[d1_m1/R2] device=cuda:0 seed=42 cwd=/home/snirhordan/ito/RandomSearchNNs
[d1_m1/R2] loading preprocessed cache from data/qm9/qm9_d_rwnn_cache/mols_R2.pt
/home/snirhordan/ito/RandomSearchNNs/quickstart/train_qm9.py:357: FutureWarning: You are using `torch.load` with `weights_only=False` (the current default value), which uses the default pickle module implicitly. It is possible to construct malicious pickle data which will execute arbitrary code during unpickling (See https://github.com/pytorch/pytorch/blob/main/SECURITY.md#untrusted-models for more details). In a future release, the default value for `weights_only` will be flipped to `True`. This limits the functions that could be executed during unpickling. Arbitrary objects will no longer be allowed to be loaded via this mode unless they are explicitly allowlisted by the user via `torch.serialization.add_safe_globals`. We recommend you start setting `weights_only=True` for any use case where you don't have full control of the loaded file. Please open an issue on GitHub for any issues related to this experimental feature.
  mols = torch.load(cache_path)
/home/snirhordan/ito/RandomSearchNNs/quickstart/train_qm9.py:358: FutureWarning: You are using `torch.load` with `weights_only=False` (the current default value), which uses the default pickle module implicitly. It is possible to construct malicious pickle data which will execute arbitrary code during unpickling (See https://github.com/pytorch/pytorch/blob/main/SECURITY.md#untrusted-models for more details). In a future release, the default value for `weights_only` will be flipped to `True`. This limits the functions that could be executed during unpickling. Arbitrary objects will no longer be allowed to be loaded via this mode unless they are explicitly allowlisted by the user via `torch.serialization.add_safe_globals`. We recommend you start setting `weights_only=True` for any use case where you don't have full control of the loaded file. Please open an issue on GitHub for any issues related to this experimental feature.
  vocab = torch.load(vocab_path)
[d1_m1/R2] loaded cache (130831 mols, vocab={'C': 0, 'F': 1, 'H': 2, 'N': 3, 'O': 4, 'PAD': 5}), dt=63.9s
[d1_m1/R2] max_len=29
[d1_m1/R2] target stats: mean=1189.4105 std=280.4781
[d1_m1/R2] pe_in_dim=35 pe_out_dim=16 vocab_size=6
[d1_m1/R2] split 0: train=78498 valid=26166 test=26167
[d1_m1/R2] split 0 epoch   0 train_mse=0.6306 valid_mae=141.6993 dt=348.3s *
[d1_m1/R2] split 0 epoch   1 train_mse=0.4460 valid_mae=125.6865 dt=407.8s *
[d1_m1/R2] split 0 epoch   2 train_mse=0.3896 valid_mae=122.4218 dt=409.7s *
[d1_m1/R2] split 0 epoch   3 train_mse=0.3658 valid_mae=120.2629 dt=420.7s *
[d1_m1/R2] split 0 epoch   4 train_mse=0.3461 valid_mae=118.2928 dt=414.8s *
[d1_m1/R2] split 0 epoch   5 train_mse=0.3256 valid_mae=116.1699 dt=425.5s *
[d1_m1/R2] split 0 epoch   6 train_mse=0.3220 valid_mae=111.6502 dt=416.7s *
[d1_m1/R2] split 0 epoch   7 train_mse=0.3109 valid_mae=117.9064 dt=413.0s  
[d1_m1/R2] split 0 epoch   8 train_mse=0.3032 valid_mae=114.8817 dt=410.2s  
[d1_m1/R2] split 0 epoch   9 train_mse=0.3015 valid_mae=108.4914 dt=408.9s *
[d1_m1/R2] split 0 epoch  10 train_mse=0.2899 valid_mae=106.3883 dt=416.7s *
[d1_m1/R2] split 0 epoch  11 train_mse=0.2870 valid_mae=115.4117 dt=414.6s  
[d1_m1/R2] split 0 epoch  12 train_mse=0.2856 valid_mae=109.4886 dt=412.0s  
[d1_m1/R2] split 0 epoch  13 train_mse=0.2762 valid_mae=102.6761 dt=448.3s *
[d1_m1/R2] split 0 epoch  14 train_mse=0.2717 valid_mae=122.0594 dt=439.1s  
[d1_m1/R2] split 0 DONE best_valid_mae=102.6761 test_mae=104.1100 split_dt=6300.6s
[d1_m1/R2] DONE mean_test_mae=104.1100 total=6300.7s peak_gpu_mem=264.9MB
[d1_m1/R2] metrics saved -> /home/snirhordan/ito/RandomSearchNNs/runs/qm9_rwnn/_stage/m4/R2/split0/R2/metrics.json
