[d1_m1/U0] device=cuda:0 seed=42 cwd=/home/snirhordan/ito/RandomSearchNNs
[d1_m1/U0] loading preprocessed cache from data/qm9/qm9_d_rwnn_cache/mols_U0.pt
/home/snirhordan/ito/RandomSearchNNs/quickstart/train_qm9.py:329: FutureWarning: You are using `torch.load` with `weights_only=False` (the current default value), which uses the default pickle module implicitly. It is possible to construct malicious pickle data which will execute arbitrary code during unpickling (See https://github.com/pytorch/pytorch/blob/main/SECURITY.md#untrusted-models for more details). In a future release, the default value for `weights_only` will be flipped to `True`. This limits the functions that could be executed during unpickling. Arbitrary objects will no longer be allowed to be loaded via this mode unless they are explicitly allowlisted by the user via `torch.serialization.add_safe_globals`. We recommend you start setting `weights_only=True` for any use case where you don't have full control of the loaded file. Please open an issue on GitHub for any issues related to this experimental feature.
  mols = torch.load(cache_path)
/home/snirhordan/ito/RandomSearchNNs/quickstart/train_qm9.py:330: FutureWarning: You are using `torch.load` with `weights_only=False` (the current default value), which uses the default pickle module implicitly. It is possible to construct malicious pickle data which will execute arbitrary code during unpickling (See https://github.com/pytorch/pytorch/blob/main/SECURITY.md#untrusted-models for more details). In a future release, the default value for `weights_only` will be flipped to `True`. This limits the functions that could be executed during unpickling. Arbitrary objects will no longer be allowed to be loaded via this mode unless they are explicitly allowlisted by the user via `torch.serialization.add_safe_globals`. We recommend you start setting `weights_only=True` for any use case where you don't have full control of the loaded file. Please open an issue on GitHub for any issues related to this experimental feature.
  vocab = torch.load(vocab_path)
[d1_m1/U0] loaded cache (130831 mols, vocab={'C': 0, 'F': 1, 'H': 2, 'N': 3, 'O': 4, 'PAD': 5}), dt=47.6s
[d1_m1/U0] max_len=29
[d1_m1/U0] target stats: mean=-11178.9668 std=1085.5787
[d1_m1/U0] pe_in_dim=35 pe_out_dim=16 vocab_size=6
[d1_m1/U0] split 0: train=78498 valid=26166 test=26167
[d1_m1/U0] split 0 epoch   0 train_mse=0.2384 valid_mae=224.2191 dt=261.8s *
[d1_m1/U0] split 0 epoch   1 train_mse=0.1159 valid_mae=251.1329 dt=257.5s  
[d1_m1/U0] split 0 epoch   2 train_mse=0.1060 valid_mae=152.7092 dt=258.1s *
[d1_m1/U0] split 0 epoch   3 train_mse=0.0981 valid_mae=232.5328 dt=257.2s  
[d1_m1/U0] split 0 epoch   4 train_mse=0.0988 valid_mae=175.0780 dt=258.7s  
[d1_m1/U0] split 0 epoch   5 train_mse=0.0959 valid_mae=148.7926 dt=258.2s *
[d1_m1/U0] split 0 epoch   6 train_mse=0.0961 valid_mae=163.3211 dt=255.6s  
[d1_m1/U0] split 0 epoch   7 train_mse=0.0943 valid_mae=207.5508 dt=256.5s  
[d1_m1/U0] split 0 epoch   8 train_mse=0.0921 valid_mae=160.6150 dt=256.6s  
[d1_m1/U0] split 0 epoch   9 train_mse=0.0895 valid_mae=144.4073 dt=256.0s *
[d1_m1/U0] split 0 epoch  10 train_mse=0.0903 valid_mae=146.6533 dt=257.0s  
[d1_m1/U0] split 0 epoch  11 train_mse=0.0894 valid_mae=142.3326 dt=257.8s *
[d1_m1/U0] split 0 epoch  12 train_mse=0.0901 valid_mae=150.8026 dt=257.8s  
[d1_m1/U0] split 0 epoch  13 train_mse=0.0877 valid_mae=138.4297 dt=255.9s *
[d1_m1/U0] split 0 epoch  14 train_mse=0.0877 valid_mae=142.5531 dt=256.1s  
[d1_m1/U0] split 0 DONE best_valid_mae=138.4297 test_mae=140.1455 split_dt=3922.6s
[d1_m1/U0] DONE mean_test_mae=140.1455 total=3922.6s peak_gpu_mem=482.0MB
[d1_m1/U0] metrics saved -> runs/qm9/d1_m1/U0/metrics.json
