# cmd: /home/snirhordan/miniconda3/envs/rwnn/bin/python3 -u /home/snirhordan/ito/RandomSearchNNs/quickstart/train_qm9.py --target U0 --walk_type walk_ada --distances 1 --mol_edge_feat 1 --epochs 15 --early_stopping 4 --n_splits 1 --batch_size 128 --h_dim 128 --num_layers 2 --m 4 --w 8 --reduce mean --seed 42 --num_workers 4 --device_idx 0 --out_root /home/snirhordan/ito/RandomSearchNNs/runs/qm9_rwnn/_stage --run_subdir m4/U0/split0 --limit 0
# gpu: 0 seed: 42 (CVD=0)
[d1_m1/U0] device=cuda:0 seed=42 cwd=/home/snirhordan/ito/RandomSearchNNs
[d1_m1/U0] loading preprocessed cache from data/qm9/qm9_d_rwnn_cache/mols_U0.pt
/home/snirhordan/ito/RandomSearchNNs/quickstart/train_qm9.py:357: FutureWarning: You are using `torch.load` with `weights_only=False` (the current default value), which uses the default pickle module implicitly. It is possible to construct malicious pickle data which will execute arbitrary code during unpickling (See https://github.com/pytorch/pytorch/blob/main/SECURITY.md#untrusted-models for more details). In a future release, the default value for `weights_only` will be flipped to `True`. This limits the functions that could be executed during unpickling. Arbitrary objects will no longer be allowed to be loaded via this mode unless they are explicitly allowlisted by the user via `torch.serialization.add_safe_globals`. We recommend you start setting `weights_only=True` for any use case where you don't have full control of the loaded file. Please open an issue on GitHub for any issues related to this experimental feature.
  mols = torch.load(cache_path)
/home/snirhordan/ito/RandomSearchNNs/quickstart/train_qm9.py:358: FutureWarning: You are using `torch.load` with `weights_only=False` (the current default value), which uses the default pickle module implicitly. It is possible to construct malicious pickle data which will execute arbitrary code during unpickling (See https://github.com/pytorch/pytorch/blob/main/SECURITY.md#untrusted-models for more details). In a future release, the default value for `weights_only` will be flipped to `True`. This limits the functions that could be executed during unpickling. Arbitrary objects will no longer be allowed to be loaded via this mode unless they are explicitly allowlisted by the user via `torch.serialization.add_safe_globals`. We recommend you start setting `weights_only=True` for any use case where you don't have full control of the loaded file. Please open an issue on GitHub for any issues related to this experimental feature.
  vocab = torch.load(vocab_path)
[d1_m1/U0] loaded cache (130831 mols, vocab={'C': 0, 'F': 1, 'H': 2, 'N': 3, 'O': 4, 'PAD': 5}), dt=65.2s
[d1_m1/U0] max_len=29
[d1_m1/U0] target stats: mean=-11178.9668 std=1085.5787
[d1_m1/U0] pe_in_dim=35 pe_out_dim=16 vocab_size=6
[d1_m1/U0] split 0: train=78498 valid=26166 test=26167
[d1_m1/U0] split 0 epoch   0 train_mse=0.4646 valid_mae=472.5106 dt=416.5s *
[d1_m1/U0] split 0 epoch   1 train_mse=0.3588 valid_mae=398.8032 dt=428.5s *
[d1_m1/U0] split 0 epoch   2 train_mse=0.3466 valid_mae=397.5793 dt=416.2s *
[d1_m1/U0] split 0 epoch   3 train_mse=0.3369 valid_mae=399.7412 dt=413.6s  
[d1_m1/U0] split 0 epoch   4 train_mse=0.3285 valid_mae=419.8726 dt=353.5s  
[d1_m1/U0] split 0 epoch   5 train_mse=0.3306 valid_mae=392.7228 dt=407.9s *
[d1_m1/U0] split 0 epoch   6 train_mse=0.3300 valid_mae=399.7929 dt=417.2s  
[d1_m1/U0] split 0 epoch   7 train_mse=0.3269 valid_mae=398.5472 dt=414.8s  
[d1_m1/U0] split 0 epoch   8 train_mse=0.3255 valid_mae=420.6747 dt=417.5s  
[d1_m1/U0] split 0 epoch   9 train_mse=0.3228 valid_mae=406.8278 dt=412.1s  
[d1_m1/U0] split 0 early stop at epoch 10
[d1_m1/U0] split 0 DONE best_valid_mae=392.7228 test_mae=394.5136 split_dt=4192.6s
[d1_m1/U0] DONE mean_test_mae=394.5136 total=4192.7s peak_gpu_mem=262.7MB
[d1_m1/U0] metrics saved -> /home/snirhordan/ito/RandomSearchNNs/runs/qm9_rwnn/_stage/m4/U0/split0/U0/metrics.json
