[d1_m1/R2] device=cuda:0 seed=42 cwd=/home/snirhordan/ito/RandomSearchNNs
[d1_m1/R2] loading preprocessed cache from data/qm9/qm9_d_rwnn_cache/mols_R2.pt
/home/snirhordan/ito/RandomSearchNNs/quickstart/train_qm9.py:336: FutureWarning: You are using `torch.load` with `weights_only=False` (the current default value), which uses the default pickle module implicitly. It is possible to construct malicious pickle data which will execute arbitrary code during unpickling (See https://github.com/pytorch/pytorch/blob/main/SECURITY.md#untrusted-models for more details). In a future release, the default value for `weights_only` will be flipped to `True`. This limits the functions that could be executed during unpickling. Arbitrary objects will no longer be allowed to be loaded via this mode unless they are explicitly allowlisted by the user via `torch.serialization.add_safe_globals`. We recommend you start setting `weights_only=True` for any use case where you don't have full control of the loaded file. Please open an issue on GitHub for any issues related to this experimental feature.
  mols = torch.load(cache_path)
/home/snirhordan/ito/RandomSearchNNs/quickstart/train_qm9.py:337: FutureWarning: You are using `torch.load` with `weights_only=False` (the current default value), which uses the default pickle module implicitly. It is possible to construct malicious pickle data which will execute arbitrary code during unpickling (See https://github.com/pytorch/pytorch/blob/main/SECURITY.md#untrusted-models for more details). In a future release, the default value for `weights_only` will be flipped to `True`. This limits the functions that could be executed during unpickling. Arbitrary objects will no longer be allowed to be loaded via this mode unless they are explicitly allowlisted by the user via `torch.serialization.add_safe_globals`. We recommend you start setting `weights_only=True` for any use case where you don't have full control of the loaded file. Please open an issue on GitHub for any issues related to this experimental feature.
  vocab = torch.load(vocab_path)
[d1_m1/R2] loaded cache (130831 mols, vocab={'C': 0, 'F': 1, 'H': 2, 'N': 3, 'O': 4, 'PAD': 5}), dt=49.7s
[d1_m1/R2] max_len=29
[d1_m1/R2] target stats: mean=1189.4105 std=280.4781
[d1_m1/R2] pe_in_dim=35 pe_out_dim=16 vocab_size=6
[d1_m1/R2] split 0: train=78498 valid=26166 test=26167
[d1_m1/R2] split 0 epoch   0 train_mse=0.5229 valid_mae=115.9217 dt=257.0s *
[d1_m1/R2] split 0 epoch   1 train_mse=0.3122 valid_mae=128.3432 dt=252.6s  
[d1_m1/R2] split 0 epoch   2 train_mse=0.2610 valid_mae=102.3765 dt=253.7s *
[d1_m1/R2] split 0 epoch   3 train_mse=0.2365 valid_mae=95.7061 dt=253.3s *
[d1_m1/R2] split 0 epoch   4 train_mse=0.2123 valid_mae=88.9526 dt=254.3s *
[d1_m1/R2] split 0 epoch   5 train_mse=0.1964 valid_mae=89.0901 dt=253.4s  
[d1_m1/R2] split 0 epoch   6 train_mse=0.1858 valid_mae=92.5583 dt=253.0s  
[d1_m1/R2] split 0 epoch   7 train_mse=0.1788 valid_mae=107.0337 dt=253.1s  
[d1_m1/R2] split 0 epoch   8 train_mse=0.1697 valid_mae=80.4507 dt=252.8s *
[d1_m1/R2] split 0 epoch   9 train_mse=0.1651 valid_mae=81.7282 dt=253.2s  
[d1_m1/R2] split 0 epoch  10 train_mse=0.1550 valid_mae=79.2229 dt=252.9s *
[d1_m1/R2] split 0 epoch  11 train_mse=0.1529 valid_mae=81.6571 dt=253.9s  
[d1_m1/R2] split 0 epoch  12 train_mse=0.1463 valid_mae=73.0452 dt=253.4s *
[d1_m1/R2] split 0 epoch  13 train_mse=0.1393 valid_mae=70.0998 dt=252.7s *
[d1_m1/R2] split 0 epoch  14 train_mse=0.1345 valid_mae=72.5734 dt=251.6s  
[d1_m1/R2] split 0 DONE best_valid_mae=70.0998 test_mae=70.1007 split_dt=3862.7s
[d1_m1/R2] DONE mean_test_mae=70.1007 total=3862.7s peak_gpu_mem=482.0MB
[d1_m1/R2] metrics saved -> runs/qm9/d1_m1/R2/metrics.json
