# cmd: /home/snirhordan/miniconda3/envs/rwnn/bin/python3 -u /home/snirhordan/ito/RandomSearchNNs/quickstart/train_qm9.py --target U --walk_type walk_ada --distances 1 --mol_edge_feat 1 --epochs 15 --early_stopping 4 --n_splits 1 --batch_size 128 --h_dim 128 --num_layers 2 --m 4 --w 8 --reduce mean --seed 44 --num_workers 4 --device_idx 0 --out_root /home/snirhordan/ito/RandomSearchNNs/runs/qm9_rwnn/_stage --run_subdir m4/U/split2 --limit 0
# gpu: 0 seed: 44 (CVD=0)
[d1_m1/U] device=cuda:0 seed=44 cwd=/home/snirhordan/ito/RandomSearchNNs
[d1_m1/U] loading preprocessed cache from data/qm9/qm9_d_rwnn_cache/mols_U.pt
/home/snirhordan/ito/RandomSearchNNs/quickstart/train_qm9.py:357: FutureWarning: You are using `torch.load` with `weights_only=False` (the current default value), which uses the default pickle module implicitly. It is possible to construct malicious pickle data which will execute arbitrary code during unpickling (See https://github.com/pytorch/pytorch/blob/main/SECURITY.md#untrusted-models for more details). In a future release, the default value for `weights_only` will be flipped to `True`. This limits the functions that could be executed during unpickling. Arbitrary objects will no longer be allowed to be loaded via this mode unless they are explicitly allowlisted by the user via `torch.serialization.add_safe_globals`. We recommend you start setting `weights_only=True` for any use case where you don't have full control of the loaded file. Please open an issue on GitHub for any issues related to this experimental feature.
  mols = torch.load(cache_path)
/home/snirhordan/ito/RandomSearchNNs/quickstart/train_qm9.py:358: FutureWarning: You are using `torch.load` with `weights_only=False` (the current default value), which uses the default pickle module implicitly. It is possible to construct malicious pickle data which will execute arbitrary code during unpickling (See https://github.com/pytorch/pytorch/blob/main/SECURITY.md#untrusted-models for more details). In a future release, the default value for `weights_only` will be flipped to `True`. This limits the functions that could be executed during unpickling. Arbitrary objects will no longer be allowed to be loaded via this mode unless they are explicitly allowlisted by the user via `torch.serialization.add_safe_globals`. We recommend you start setting `weights_only=True` for any use case where you don't have full control of the loaded file. Please open an issue on GitHub for any issues related to this experimental feature.
  vocab = torch.load(vocab_path)
[d1_m1/U] loaded cache (130831 mols, vocab={'C': 0, 'F': 1, 'H': 2, 'N': 3, 'O': 4, 'PAD': 5}), dt=62.2s
[d1_m1/U] max_len=29
[d1_m1/U] target stats: mean=-11178.7354 std=1085.5728
[d1_m1/U] pe_in_dim=35 pe_out_dim=16 vocab_size=6
[d1_m1/U] split 0: train=78498 valid=26166 test=26167
[d1_m1/U] split 0 epoch   0 train_mse=0.4493 valid_mae=482.1806 dt=416.2s *
[d1_m1/U] split 0 epoch   1 train_mse=0.3543 valid_mae=433.3673 dt=377.1s *
[d1_m1/U] split 0 epoch   2 train_mse=0.3419 valid_mae=396.3242 dt=414.0s *
[d1_m1/U] split 0 epoch   3 train_mse=0.3423 valid_mae=402.9433 dt=420.1s  
[d1_m1/U] split 0 epoch   4 train_mse=0.3375 valid_mae=398.8857 dt=416.0s  
[d1_m1/U] split 0 epoch   5 train_mse=0.3289 valid_mae=402.7291 dt=417.3s  
[d1_m1/U] split 0 epoch   6 train_mse=0.3330 valid_mae=391.6729 dt=401.1s *
[d1_m1/U] split 0 epoch   7 train_mse=0.3249 valid_mae=419.5023 dt=402.4s  
[d1_m1/U] split 0 epoch   8 train_mse=0.3247 valid_mae=399.5627 dt=410.4s  
[d1_m1/U] split 0 epoch   9 train_mse=0.3221 valid_mae=407.4965 dt=414.3s  
[d1_m1/U] split 0 epoch  10 train_mse=0.3194 valid_mae=398.7943 dt=398.1s  
[d1_m1/U] split 0 early stop at epoch 11
[d1_m1/U] split 0 DONE best_valid_mae=391.6729 test_mae=393.9259 split_dt=4586.8s
[d1_m1/U] DONE mean_test_mae=393.9259 total=4586.8s peak_gpu_mem=264.0MB
[d1_m1/U] metrics saved -> /home/snirhordan/ito/RandomSearchNNs/runs/qm9_rwnn/_stage/m4/U/split2/U/metrics.json
