# cmd: /home/snirhordan/miniconda3/envs/rwnn/bin/python3 -u quickstart/train_qm9.py --target lumo --walk_type search --distances 0 --mol_edge_feat 0 --epochs 10 --early_stopping 3 --n_splits 1 --batch_size 128 --h_dim 128 --num_layers 2 --m 16 --w 8 --reduce mean --seed 44 --num_workers 4 --device_idx 0 --out_root /home/snirhordan/ito/RandomSearchNNs/runs/qm9_rsnn/_stage --run_subdir m16/lumo/split2 --limit 0
# gpu: 2
# seed: 44
[d0_m0/lumo] device=cuda:0 seed=44 cwd=/home/snirhordan/ito/RandomSearchNNs
[d0_m0/lumo] loading preprocessed cache from data/qm9/qm9_d_rwnn_cache/mols_lumo.pt
/home/snirhordan/ito/RandomSearchNNs/quickstart/train_qm9.py:357: FutureWarning: You are using `torch.load` with `weights_only=False` (the current default value), which uses the default pickle module implicitly. It is possible to construct malicious pickle data which will execute arbitrary code during unpickling (See https://github.com/pytorch/pytorch/blob/main/SECURITY.md#untrusted-models for more details). In a future release, the default value for `weights_only` will be flipped to `True`. This limits the functions that could be executed during unpickling. Arbitrary objects will no longer be allowed to be loaded via this mode unless they are explicitly allowlisted by the user via `torch.serialization.add_safe_globals`. We recommend you start setting `weights_only=True` for any use case where you don't have full control of the loaded file. Please open an issue on GitHub for any issues related to this experimental feature.
  mols = torch.load(cache_path)
/home/snirhordan/ito/RandomSearchNNs/quickstart/train_qm9.py:358: FutureWarning: You are using `torch.load` with `weights_only=False` (the current default value), which uses the default pickle module implicitly. It is possible to construct malicious pickle data which will execute arbitrary code during unpickling (See https://github.com/pytorch/pytorch/blob/main/SECURITY.md#untrusted-models for more details). In a future release, the default value for `weights_only` will be flipped to `True`. This limits the functions that could be executed during unpickling. Arbitrary objects will no longer be allowed to be loaded via this mode unless they are explicitly allowlisted by the user via `torch.serialization.add_safe_globals`. We recommend you start setting `weights_only=True` for any use case where you don't have full control of the loaded file. Please open an issue on GitHub for any issues related to this experimental feature.
  vocab = torch.load(vocab_path)
[d0_m0/lumo] loaded cache (130831 mols, vocab={'C': 0, 'F': 1, 'H': 2, 'N': 3, 'O': 4, 'PAD': 5}), dt=46.0s
[d0_m0/lumo] max_len=29
[d0_m0/lumo] target stats: mean=0.3220 std=1.2749
[d0_m0/lumo] pe_in_dim=8 pe_out_dim=16 vocab_size=6
[d0_m0/lumo] split 0: train=78498 valid=26166 test=26167
[d0_m0/lumo] split 0 epoch   0 train_mse=0.3321 valid_mae=0.3922 dt=236.9s *
[d0_m0/lumo] split 0 epoch   1 train_mse=0.1240 valid_mae=0.2837 dt=235.2s *
[d0_m0/lumo] split 0 epoch   2 train_mse=0.0784 valid_mae=0.2269 dt=235.4s *
[d0_m0/lumo] split 0 epoch   3 train_mse=0.0582 valid_mae=0.2154 dt=234.4s *
[d0_m0/lumo] split 0 epoch   4 train_mse=0.0486 valid_mae=0.2036 dt=235.2s *
[d0_m0/lumo] split 0 epoch   5 train_mse=0.0422 valid_mae=0.1920 dt=235.0s *
[d0_m0/lumo] split 0 epoch   6 train_mse=0.0366 valid_mae=0.1801 dt=235.7s *
[d0_m0/lumo] split 0 epoch   7 train_mse=0.0338 valid_mae=0.1671 dt=234.8s *
[d0_m0/lumo] split 0 epoch   8 train_mse=0.0319 valid_mae=0.1618 dt=234.6s *
[d0_m0/lumo] split 0 epoch   9 train_mse=0.0282 valid_mae=0.1561 dt=236.4s *
[d0_m0/lumo] split 0 DONE best_valid_mae=0.1561 test_mae=0.1561 split_dt=2411.4s
[d0_m0/lumo] DONE mean_test_mae=0.1561 total=2411.5s peak_gpu_mem=910.8MB
[d0_m0/lumo] metrics saved -> /home/snirhordan/ito/RandomSearchNNs/runs/qm9_rsnn/_stage/m16/lumo/split2/lumo/metrics.json
