# cmd: /home/snirhordan/miniconda3/envs/rwnn/bin/python3 -u /home/snirhordan/ito/RandomSearchNNs/quickstart/train_qm9.py --target lumo --walk_type walk_ada --distances 1 --mol_edge_feat 1 --epochs 15 --early_stopping 4 --n_splits 1 --batch_size 128 --h_dim 128 --num_layers 2 --m 8 --w 8 --reduce mean --seed 43 --num_workers 4 --device_idx 0 --out_root /home/snirhordan/ito/RandomSearchNNs/runs/qm9_rwnn/_stage --run_subdir m8/lumo/split1 --limit 0
# gpu: 0 seed: 43 (CVD=0)
[d1_m1/lumo] device=cuda:0 seed=43 cwd=/home/snirhordan/ito/RandomSearchNNs
[d1_m1/lumo] loading preprocessed cache from data/qm9/qm9_d_rwnn_cache/mols_lumo.pt
/home/snirhordan/ito/RandomSearchNNs/quickstart/train_qm9.py:357: FutureWarning: You are using `torch.load` with `weights_only=False` (the current default value), which uses the default pickle module implicitly. It is possible to construct malicious pickle data which will execute arbitrary code during unpickling (See https://github.com/pytorch/pytorch/blob/main/SECURITY.md#untrusted-models for more details). In a future release, the default value for `weights_only` will be flipped to `True`. This limits the functions that could be executed during unpickling. Arbitrary objects will no longer be allowed to be loaded via this mode unless they are explicitly allowlisted by the user via `torch.serialization.add_safe_globals`. We recommend you start setting `weights_only=True` for any use case where you don't have full control of the loaded file. Please open an issue on GitHub for any issues related to this experimental feature.
  mols = torch.load(cache_path)
/home/snirhordan/ito/RandomSearchNNs/quickstart/train_qm9.py:358: FutureWarning: You are using `torch.load` with `weights_only=False` (the current default value), which uses the default pickle module implicitly. It is possible to construct malicious pickle data which will execute arbitrary code during unpickling (See https://github.com/pytorch/pytorch/blob/main/SECURITY.md#untrusted-models for more details). In a future release, the default value for `weights_only` will be flipped to `True`. This limits the functions that could be executed during unpickling. Arbitrary objects will no longer be allowed to be loaded via this mode unless they are explicitly allowlisted by the user via `torch.serialization.add_safe_globals`. We recommend you start setting `weights_only=True` for any use case where you don't have full control of the loaded file. Please open an issue on GitHub for any issues related to this experimental feature.
  vocab = torch.load(vocab_path)
[d1_m1/lumo] loaded cache (130831 mols, vocab={'C': 0, 'F': 1, 'H': 2, 'N': 3, 'O': 4, 'PAD': 5}), dt=34.2s
[d1_m1/lumo] max_len=29
[d1_m1/lumo] target stats: mean=0.3220 std=1.2749
[d1_m1/lumo] pe_in_dim=35 pe_out_dim=16 vocab_size=6
[d1_m1/lumo] split 0: train=78498 valid=26166 test=26167
[d1_m1/lumo] split 0 epoch   0 train_mse=0.3226 valid_mae=0.3879 dt=286.4s *
[d1_m1/lumo] split 0 epoch   1 train_mse=0.1630 valid_mae=0.3448 dt=285.3s *
[d1_m1/lumo] split 0 epoch   2 train_mse=0.1308 valid_mae=0.3109 dt=281.0s *
[d1_m1/lumo] split 0 epoch   3 train_mse=0.1137 valid_mae=0.3018 dt=285.3s *
[d1_m1/lumo] split 0 epoch   4 train_mse=0.1038 valid_mae=0.2581 dt=282.9s *
[d1_m1/lumo] split 0 epoch   5 train_mse=0.0997 valid_mae=0.2699 dt=283.5s  
[d1_m1/lumo] split 0 epoch   6 train_mse=0.0907 valid_mae=0.2524 dt=283.9s *
[d1_m1/lumo] split 0 epoch   7 train_mse=0.0875 valid_mae=0.2545 dt=285.7s  
[d1_m1/lumo] split 0 epoch   8 train_mse=0.0826 valid_mae=0.2483 dt=283.0s *
[d1_m1/lumo] split 0 epoch   9 train_mse=0.0816 valid_mae=0.2525 dt=284.3s  
[d1_m1/lumo] split 0 epoch  10 train_mse=0.0778 valid_mae=0.2292 dt=281.8s *
[d1_m1/lumo] split 0 epoch  11 train_mse=0.0774 valid_mae=0.2232 dt=282.9s *
[d1_m1/lumo] split 0 epoch  12 train_mse=0.0738 valid_mae=0.2284 dt=285.2s  
[d1_m1/lumo] split 0 epoch  13 train_mse=0.0725 valid_mae=0.2506 dt=284.9s  
[d1_m1/lumo] split 0 epoch  14 train_mse=0.0694 valid_mae=0.2141 dt=281.2s *
[d1_m1/lumo] split 0 DONE best_valid_mae=0.2141 test_mae=0.2131 split_dt=4324.0s
[d1_m1/lumo] DONE mean_test_mae=0.2131 total=4324.0s peak_gpu_mem=481.1MB
[d1_m1/lumo] metrics saved -> /home/snirhordan/ito/RandomSearchNNs/runs/qm9_rwnn/_stage/m8/lumo/split1/lumo/metrics.json
