# cmd: /home/snirhordan/miniconda3/envs/rwnn/bin/python3 -u /home/snirhordan/ito/RandomSearchNNs/quickstart/train_qm9.py --target G --walk_type walk_ada --distances 1 --mol_edge_feat 1 --epochs 15 --early_stopping 4 --n_splits 1 --batch_size 128 --h_dim 128 --num_layers 2 --m 4 --w 8 --reduce mean --seed 42 --num_workers 4 --device_idx 0 --out_root /home/snirhordan/ito/RandomSearchNNs/runs/qm9_rwnn/_stage --run_subdir m4/G/split0 --limit 0
# gpu: 0 seed: 42 (CVD=0)
[d1_m1/G] device=cuda:0 seed=42 cwd=/home/snirhordan/ito/RandomSearchNNs
[d1_m1/G] loading preprocessed cache from data/qm9/qm9_d_rwnn_cache/mols_G.pt
/home/snirhordan/ito/RandomSearchNNs/quickstart/train_qm9.py:357: FutureWarning: You are using `torch.load` with `weights_only=False` (the current default value), which uses the default pickle module implicitly. It is possible to construct malicious pickle data which will execute arbitrary code during unpickling (See https://github.com/pytorch/pytorch/blob/main/SECURITY.md#untrusted-models for more details). In a future release, the default value for `weights_only` will be flipped to `True`. This limits the functions that could be executed during unpickling. Arbitrary objects will no longer be allowed to be loaded via this mode unless they are explicitly allowlisted by the user via `torch.serialization.add_safe_globals`. We recommend you start setting `weights_only=True` for any use case where you don't have full control of the loaded file. Please open an issue on GitHub for any issues related to this experimental feature.
  mols = torch.load(cache_path)
/home/snirhordan/ito/RandomSearchNNs/quickstart/train_qm9.py:358: FutureWarning: You are using `torch.load` with `weights_only=False` (the current default value), which uses the default pickle module implicitly. It is possible to construct malicious pickle data which will execute arbitrary code during unpickling (See https://github.com/pytorch/pytorch/blob/main/SECURITY.md#untrusted-models for more details). In a future release, the default value for `weights_only` will be flipped to `True`. This limits the functions that could be executed during unpickling. Arbitrary objects will no longer be allowed to be loaded via this mode unless they are explicitly allowlisted by the user via `torch.serialization.add_safe_globals`. We recommend you start setting `weights_only=True` for any use case where you don't have full control of the loaded file. Please open an issue on GitHub for any issues related to this experimental feature.
  vocab = torch.load(vocab_path)
[d1_m1/G] loaded cache (130831 mols, vocab={'C': 0, 'F': 1, 'H': 2, 'N': 3, 'O': 4, 'PAD': 5}), dt=66.3s
[d1_m1/G] max_len=29
[d1_m1/G] target stats: mean=-11179.8760 std=1085.5924
[d1_m1/G] pe_in_dim=35 pe_out_dim=16 vocab_size=6
[d1_m1/G] split 0: train=78498 valid=26166 test=26167
[d1_m1/G] split 0 epoch   0 train_mse=0.4660 valid_mae=473.8693 dt=411.7s *
[d1_m1/G] split 0 epoch   1 train_mse=0.3579 valid_mae=399.5161 dt=416.4s *
[d1_m1/G] split 0 epoch   2 train_mse=0.3465 valid_mae=396.6300 dt=405.2s *
[d1_m1/G] split 0 epoch   3 train_mse=0.3365 valid_mae=399.5257 dt=408.2s  
[d1_m1/G] split 0 epoch   4 train_mse=0.3285 valid_mae=418.8142 dt=410.5s  
[d1_m1/G] split 0 epoch   5 train_mse=0.3316 valid_mae=393.5739 dt=404.5s *
[d1_m1/G] split 0 epoch   6 train_mse=0.3303 valid_mae=401.7611 dt=411.2s  
[d1_m1/G] split 0 epoch   7 train_mse=0.3261 valid_mae=397.5944 dt=408.4s  
[d1_m1/G] split 0 epoch   8 train_mse=0.3251 valid_mae=419.5065 dt=419.2s  
[d1_m1/G] split 0 epoch   9 train_mse=0.3229 valid_mae=407.4671 dt=409.3s  
[d1_m1/G] split 0 early stop at epoch 10
[d1_m1/G] split 0 DONE best_valid_mae=393.5739 test_mae=395.5160 split_dt=4207.3s
[d1_m1/G] DONE mean_test_mae=395.5160 total=4207.4s peak_gpu_mem=262.7MB
[d1_m1/G] metrics saved -> /home/snirhordan/ito/RandomSearchNNs/runs/qm9_rwnn/_stage/m4/G/split0/G/metrics.json
