# cmd: /home/snirhordan/miniconda3/envs/rwnn/bin/python3 -u quickstart/train_qm9.py --target R2 --walk_type search --distances 0 --mol_edge_feat 0 --epochs 10 --early_stopping 3 --n_splits 1 --batch_size 128 --h_dim 128 --num_layers 2 --m 16 --w 8 --reduce mean --seed 42 --num_workers 4 --device_idx 0 --out_root /home/snirhordan/ito/RandomSearchNNs/runs/qm9_rsnn/_stage --run_subdir m16/R2/split0 --limit 0
# gpu: 2
# seed: 42
[d0_m0/R2] device=cuda:0 seed=42 cwd=/home/snirhordan/ito/RandomSearchNNs
[d0_m0/R2] loading preprocessed cache from data/qm9/qm9_d_rwnn_cache/mols_R2.pt
/home/snirhordan/ito/RandomSearchNNs/quickstart/train_qm9.py:357: FutureWarning: You are using `torch.load` with `weights_only=False` (the current default value), which uses the default pickle module implicitly. It is possible to construct malicious pickle data which will execute arbitrary code during unpickling (See https://github.com/pytorch/pytorch/blob/main/SECURITY.md#untrusted-models for more details). In a future release, the default value for `weights_only` will be flipped to `True`. This limits the functions that could be executed during unpickling. Arbitrary objects will no longer be allowed to be loaded via this mode unless they are explicitly allowlisted by the user via `torch.serialization.add_safe_globals`. We recommend you start setting `weights_only=True` for any use case where you don't have full control of the loaded file. Please open an issue on GitHub for any issues related to this experimental feature.
  mols = torch.load(cache_path)
/home/snirhordan/ito/RandomSearchNNs/quickstart/train_qm9.py:358: FutureWarning: You are using `torch.load` with `weights_only=False` (the current default value), which uses the default pickle module implicitly. It is possible to construct malicious pickle data which will execute arbitrary code during unpickling (See https://github.com/pytorch/pytorch/blob/main/SECURITY.md#untrusted-models for more details). In a future release, the default value for `weights_only` will be flipped to `True`. This limits the functions that could be executed during unpickling. Arbitrary objects will no longer be allowed to be loaded via this mode unless they are explicitly allowlisted by the user via `torch.serialization.add_safe_globals`. We recommend you start setting `weights_only=True` for any use case where you don't have full control of the loaded file. Please open an issue on GitHub for any issues related to this experimental feature.
  vocab = torch.load(vocab_path)
[d0_m0/R2] loaded cache (130831 mols, vocab={'C': 0, 'F': 1, 'H': 2, 'N': 3, 'O': 4, 'PAD': 5}), dt=46.4s
[d0_m0/R2] max_len=29
[d0_m0/R2] target stats: mean=1189.4105 std=280.4781
[d0_m0/R2] pe_in_dim=8 pe_out_dim=16 vocab_size=6
[d0_m0/R2] split 0: train=78498 valid=26166 test=26167
[d0_m0/R2] split 0 epoch   0 train_mse=0.2682 valid_mae=66.7811 dt=242.2s *
[d0_m0/R2] split 0 epoch   1 train_mse=0.1013 valid_mae=57.5577 dt=239.3s *
[d0_m0/R2] split 0 epoch   2 train_mse=0.0778 valid_mae=51.7161 dt=240.9s *
[d0_m0/R2] split 0 epoch   3 train_mse=0.0639 valid_mae=65.0412 dt=241.7s  
[d0_m0/R2] split 0 epoch   4 train_mse=0.0566 valid_mae=47.0757 dt=239.9s *
[d0_m0/R2] split 0 epoch   5 train_mse=0.0508 valid_mae=42.5874 dt=241.3s *
[d0_m0/R2] split 0 epoch   6 train_mse=0.0467 valid_mae=39.8883 dt=240.9s *
[d0_m0/R2] split 0 epoch   7 train_mse=0.0445 valid_mae=40.1788 dt=241.1s  
[d0_m0/R2] split 0 epoch   8 train_mse=0.0424 valid_mae=42.0303 dt=240.6s  
[d0_m0/R2] split 0 epoch   9 train_mse=0.0389 valid_mae=39.5159 dt=240.9s *
[d0_m0/R2] split 0 DONE best_valid_mae=39.5159 test_mae=39.7365 split_dt=2466.9s
[d0_m0/R2] DONE mean_test_mae=39.7365 total=2466.9s peak_gpu_mem=898.7MB
[d0_m0/R2] metrics saved -> /home/snirhordan/ito/RandomSearchNNs/runs/qm9_rsnn/_stage/m16/R2/split0/R2/metrics.json
