# cmd: /home/snirhordan/miniconda3/envs/rwnn/bin/python3 -u quickstart/train_qm9.py --target G --walk_type search --distances 0 --mol_edge_feat 0 --epochs 10 --early_stopping 3 --n_splits 1 --batch_size 128 --h_dim 128 --num_layers 2 --m 8 --w 8 --reduce mean --seed 44 --num_workers 4 --device_idx 0 --out_root /home/snirhordan/ito/RandomSearchNNs/runs/qm9_rsnn/_stage --run_subdir m8/G/split2 --limit 0
# gpu: 2
# seed: 44
[d0_m0/G] device=cuda:0 seed=44 cwd=/home/snirhordan/ito/RandomSearchNNs
[d0_m0/G] loading preprocessed cache from data/qm9/qm9_d_rwnn_cache/mols_G.pt
/home/snirhordan/ito/RandomSearchNNs/quickstart/train_qm9.py:357: FutureWarning: You are using `torch.load` with `weights_only=False` (the current default value), which uses the default pickle module implicitly. It is possible to construct malicious pickle data which will execute arbitrary code during unpickling (See https://github.com/pytorch/pytorch/blob/main/SECURITY.md#untrusted-models for more details). In a future release, the default value for `weights_only` will be flipped to `True`. This limits the functions that could be executed during unpickling. Arbitrary objects will no longer be allowed to be loaded via this mode unless they are explicitly allowlisted by the user via `torch.serialization.add_safe_globals`. We recommend you start setting `weights_only=True` for any use case where you don't have full control of the loaded file. Please open an issue on GitHub for any issues related to this experimental feature.
  mols = torch.load(cache_path)
/home/snirhordan/ito/RandomSearchNNs/quickstart/train_qm9.py:358: FutureWarning: You are using `torch.load` with `weights_only=False` (the current default value), which uses the default pickle module implicitly. It is possible to construct malicious pickle data which will execute arbitrary code during unpickling (See https://github.com/pytorch/pytorch/blob/main/SECURITY.md#untrusted-models for more details). In a future release, the default value for `weights_only` will be flipped to `True`. This limits the functions that could be executed during unpickling. Arbitrary objects will no longer be allowed to be loaded via this mode unless they are explicitly allowlisted by the user via `torch.serialization.add_safe_globals`. We recommend you start setting `weights_only=True` for any use case where you don't have full control of the loaded file. Please open an issue on GitHub for any issues related to this experimental feature.
  vocab = torch.load(vocab_path)
[d0_m0/G] loaded cache (130831 mols, vocab={'C': 0, 'F': 1, 'H': 2, 'N': 3, 'O': 4, 'PAD': 5}), dt=46.9s
[d0_m0/G] max_len=29
[d0_m0/G] target stats: mean=-11179.8770 std=1085.5924
[d0_m0/G] pe_in_dim=8 pe_out_dim=16 vocab_size=6
[d0_m0/G] split 0: train=78498 valid=26166 test=26167
[d0_m0/G] split 0 epoch   0 train_mse=0.0673 valid_mae=52.6181 dt=128.9s *
[d0_m0/G] split 0 epoch   1 train_mse=0.0056 valid_mae=19.8939 dt=126.7s *
[d0_m0/G] split 0 epoch   2 train_mse=0.0036 valid_mae=71.9586 dt=126.2s  
[d0_m0/G] split 0 epoch   3 train_mse=0.0021 valid_mae=45.4278 dt=126.3s  
[d0_m0/G] split 0 epoch   4 train_mse=0.0047 valid_mae=8.8948 dt=126.1s *
[d0_m0/G] split 0 epoch   5 train_mse=0.0006 valid_mae=27.8790 dt=126.1s  
[d0_m0/G] split 0 epoch   6 train_mse=0.0048 valid_mae=14.7901 dt=126.1s  
[d0_m0/G] split 0 epoch   7 train_mse=0.0006 valid_mae=12.9933 dt=125.8s  
[d0_m0/G] split 0 early stop at epoch 8
[d0_m0/G] split 0 DONE best_valid_mae=8.8948 test_mae=9.0584 split_dt=1044.1s
[d0_m0/G] DONE mean_test_mae=9.0584 total=1044.1s peak_gpu_mem=478.7MB
[d0_m0/G] metrics saved -> /home/snirhordan/ito/RandomSearchNNs/runs/qm9_rsnn/_stage/m8/G/split2/G/metrics.json
