# cmd: /home/snirhordan/miniconda3/envs/rwnn/bin/python3 -u /home/snirhordan/ito/RandomSearchNNs/quickstart/train_qm9.py --target homo --walk_type walk_ada --distances 1 --mol_edge_feat 1 --epochs 15 --early_stopping 4 --n_splits 1 --batch_size 128 --h_dim 128 --num_layers 2 --m 8 --w 8 --reduce mean --seed 42 --num_workers 4 --device_idx 0 --out_root /home/snirhordan/ito/RandomSearchNNs/runs/qm9_rwnn/_stage --run_subdir m8/homo/split0 --limit 0
# gpu: 0 seed: 42 (CVD=0)
[d1_m1/homo] device=cuda:0 seed=42 cwd=/home/snirhordan/ito/RandomSearchNNs
[d1_m1/homo] loading preprocessed cache from data/qm9/qm9_d_rwnn_cache/mols_homo.pt
/home/snirhordan/ito/RandomSearchNNs/quickstart/train_qm9.py:357: FutureWarning: You are using `torch.load` with `weights_only=False` (the current default value), which uses the default pickle module implicitly. It is possible to construct malicious pickle data which will execute arbitrary code during unpickling (See https://github.com/pytorch/pytorch/blob/main/SECURITY.md#untrusted-models for more details). In a future release, the default value for `weights_only` will be flipped to `True`. This limits the functions that could be executed during unpickling. Arbitrary objects will no longer be allowed to be loaded via this mode unless they are explicitly allowlisted by the user via `torch.serialization.add_safe_globals`. We recommend you start setting `weights_only=True` for any use case where you don't have full control of the loaded file. Please open an issue on GitHub for any issues related to this experimental feature.
  mols = torch.load(cache_path)
/home/snirhordan/ito/RandomSearchNNs/quickstart/train_qm9.py:358: FutureWarning: You are using `torch.load` with `weights_only=False` (the current default value), which uses the default pickle module implicitly. It is possible to construct malicious pickle data which will execute arbitrary code during unpickling (See https://github.com/pytorch/pytorch/blob/main/SECURITY.md#untrusted-models for more details). In a future release, the default value for `weights_only` will be flipped to `True`. This limits the functions that could be executed during unpickling. Arbitrary objects will no longer be allowed to be loaded via this mode unless they are explicitly allowlisted by the user via `torch.serialization.add_safe_globals`. We recommend you start setting `weights_only=True` for any use case where you don't have full control of the loaded file. Please open an issue on GitHub for any issues related to this experimental feature.
  vocab = torch.load(vocab_path)
[d1_m1/homo] loaded cache (130831 mols, vocab={'C': 0, 'F': 1, 'H': 2, 'N': 3, 'O': 4, 'PAD': 5}), dt=38.5s
[d1_m1/homo] max_len=29
[d1_m1/homo] target stats: mean=-6.5365 std=0.5977
[d1_m1/homo] pe_in_dim=35 pe_out_dim=16 vocab_size=6
[d1_m1/homo] split 0: train=78498 valid=26166 test=26167
[d1_m1/homo] split 0 epoch   0 train_mse=0.5192 valid_mae=0.2587 dt=287.1s *
[d1_m1/homo] split 0 epoch   1 train_mse=0.2906 valid_mae=0.2441 dt=278.9s *
[d1_m1/homo] split 0 epoch   2 train_mse=0.2503 valid_mae=0.2088 dt=282.5s *
[d1_m1/homo] split 0 epoch   3 train_mse=0.2270 valid_mae=0.2013 dt=281.9s *
[d1_m1/homo] split 0 epoch   4 train_mse=0.2064 valid_mae=0.1973 dt=280.4s *
[d1_m1/homo] split 0 epoch   5 train_mse=0.1969 valid_mae=0.2020 dt=281.6s  
[d1_m1/homo] split 0 epoch   6 train_mse=0.1834 valid_mae=0.1902 dt=282.4s *
[d1_m1/homo] split 0 epoch   7 train_mse=0.1740 valid_mae=0.1792 dt=285.6s *
[d1_m1/homo] split 0 epoch   8 train_mse=0.1644 valid_mae=0.1806 dt=282.3s  
[d1_m1/homo] split 0 epoch   9 train_mse=0.1560 valid_mae=0.1794 dt=281.0s  
[d1_m1/homo] split 0 epoch  10 train_mse=0.1507 valid_mae=0.1748 dt=283.3s *
[d1_m1/homo] split 0 epoch  11 train_mse=0.1457 valid_mae=0.1683 dt=283.5s *
[d1_m1/homo] split 0 epoch  12 train_mse=0.1422 valid_mae=0.1666 dt=282.6s *
[d1_m1/homo] split 0 epoch  13 train_mse=0.1374 valid_mae=0.1675 dt=282.4s  
[d1_m1/homo] split 0 epoch  14 train_mse=0.1340 valid_mae=0.1599 dt=282.7s *
[d1_m1/homo] split 0 DONE best_valid_mae=0.1599 test_mae=0.1604 split_dt=4304.6s
[d1_m1/homo] DONE mean_test_mae=0.1604 total=4304.6s peak_gpu_mem=481.3MB
[d1_m1/homo] metrics saved -> /home/snirhordan/ito/RandomSearchNNs/runs/qm9_rwnn/_stage/m8/homo/split0/homo/metrics.json
