# cmd: /home/snirhordan/miniconda3/envs/rwnn/bin/python3 -u /home/snirhordan/ito/RandomSearchNNs/quickstart/train_qm9.py --target homo --walk_type walk_ada --distances 1 --mol_edge_feat 1 --epochs 15 --early_stopping 4 --n_splits 1 --batch_size 128 --h_dim 128 --num_layers 2 --m 4 --w 8 --reduce mean --seed 42 --num_workers 4 --device_idx 0 --out_root /home/snirhordan/ito/RandomSearchNNs/runs/qm9_rwnn/_stage --run_subdir m4/homo/split0 --limit 0
# gpu: 2 seed: 42 (CVD=2)
[d1_m1/homo] device=cuda:0 seed=42 cwd=/home/snirhordan/ito/RandomSearchNNs
[d1_m1/homo] loading preprocessed cache from data/qm9/qm9_d_rwnn_cache/mols_homo.pt
/home/snirhordan/ito/RandomSearchNNs/quickstart/train_qm9.py:357: FutureWarning: You are using `torch.load` with `weights_only=False` (the current default value), which uses the default pickle module implicitly. It is possible to construct malicious pickle data which will execute arbitrary code during unpickling (See https://github.com/pytorch/pytorch/blob/main/SECURITY.md#untrusted-models for more details). In a future release, the default value for `weights_only` will be flipped to `True`. This limits the functions that could be executed during unpickling. Arbitrary objects will no longer be allowed to be loaded via this mode unless they are explicitly allowlisted by the user via `torch.serialization.add_safe_globals`. We recommend you start setting `weights_only=True` for any use case where you don't have full control of the loaded file. Please open an issue on GitHub for any issues related to this experimental feature.
  mols = torch.load(cache_path)
/home/snirhordan/ito/RandomSearchNNs/quickstart/train_qm9.py:358: FutureWarning: You are using `torch.load` with `weights_only=False` (the current default value), which uses the default pickle module implicitly. It is possible to construct malicious pickle data which will execute arbitrary code during unpickling (See https://github.com/pytorch/pytorch/blob/main/SECURITY.md#untrusted-models for more details). In a future release, the default value for `weights_only` will be flipped to `True`. This limits the functions that could be executed during unpickling. Arbitrary objects will no longer be allowed to be loaded via this mode unless they are explicitly allowlisted by the user via `torch.serialization.add_safe_globals`. We recommend you start setting `weights_only=True` for any use case where you don't have full control of the loaded file. Please open an issue on GitHub for any issues related to this experimental feature.
  vocab = torch.load(vocab_path)
[d1_m1/homo] loaded cache (130831 mols, vocab={'C': 0, 'F': 1, 'H': 2, 'N': 3, 'O': 4, 'PAD': 5}), dt=85.0s
[d1_m1/homo] max_len=29
[d1_m1/homo] target stats: mean=-6.5365 std=0.5977
[d1_m1/homo] pe_in_dim=35 pe_out_dim=16 vocab_size=6
[d1_m1/homo] split 0: train=78498 valid=26166 test=26167
[d1_m1/homo] split 0 epoch   0 train_mse=0.6351 valid_mae=0.2982 dt=214.1s *
[d1_m1/homo] split 0 epoch   1 train_mse=0.4167 valid_mae=0.2776 dt=208.0s *
[d1_m1/homo] split 0 epoch   2 train_mse=0.3740 valid_mae=0.2662 dt=209.6s *
[d1_m1/homo] split 0 epoch   3 train_mse=0.3488 valid_mae=0.2595 dt=208.2s *
[d1_m1/homo] split 0 epoch   4 train_mse=0.3326 valid_mae=0.2519 dt=207.9s *
[d1_m1/homo] split 0 epoch   5 train_mse=0.3168 valid_mae=0.2478 dt=208.9s *
[d1_m1/homo] split 0 epoch   6 train_mse=0.3091 valid_mae=0.2415 dt=207.7s *
[d1_m1/homo] split 0 epoch   7 train_mse=0.2918 valid_mae=0.2410 dt=207.8s *
[d1_m1/homo] split 0 epoch   8 train_mse=0.2844 valid_mae=0.2333 dt=208.1s *
[d1_m1/homo] split 0 epoch   9 train_mse=0.2752 valid_mae=0.2344 dt=208.0s  
[d1_m1/homo] split 0 epoch  10 train_mse=0.2685 valid_mae=0.2276 dt=208.1s *
[d1_m1/homo] split 0 epoch  11 train_mse=0.2611 valid_mae=0.2261 dt=207.9s *
[d1_m1/homo] split 0 epoch  12 train_mse=0.2518 valid_mae=0.2230 dt=207.9s *
[d1_m1/homo] split 0 epoch  13 train_mse=0.2513 valid_mae=0.2220 dt=207.2s *
[d1_m1/homo] split 0 epoch  14 train_mse=0.2474 valid_mae=0.2181 dt=207.3s *
[d1_m1/homo] split 0 DONE best_valid_mae=0.2181 test_mae=0.2185 split_dt=3179.9s
[d1_m1/homo] DONE mean_test_mae=0.2185 total=3180.0s peak_gpu_mem=265.2MB
[d1_m1/homo] metrics saved -> /home/snirhordan/ito/RandomSearchNNs/runs/qm9_rwnn/_stage/m4/homo/split0/homo/metrics.json
