# cmd: /home/snirhordan/miniconda3/envs/rwnn/bin/python3 -u quickstart/train_qm9.py --target alpha --walk_type search --distances 0 --mol_edge_feat 0 --epochs 10 --early_stopping 3 --n_splits 1 --batch_size 128 --h_dim 128 --num_layers 2 --m 8 --w 8 --reduce mean --seed 42 --num_workers 4 --device_idx 0 --out_root /home/snirhordan/ito/RandomSearchNNs/runs/qm9_rsnn/_stage --run_subdir m8/alpha/split0 --limit 0
# gpu: 3
# seed: 42
[d0_m0/alpha] device=cuda:0 seed=42 cwd=/home/snirhordan/ito/RandomSearchNNs
[d0_m0/alpha] loading preprocessed cache from data/qm9/qm9_d_rwnn_cache/mols_alpha.pt
/home/snirhordan/ito/RandomSearchNNs/quickstart/train_qm9.py:357: FutureWarning: You are using `torch.load` with `weights_only=False` (the current default value), which uses the default pickle module implicitly. It is possible to construct malicious pickle data which will execute arbitrary code during unpickling (See https://github.com/pytorch/pytorch/blob/main/SECURITY.md#untrusted-models for more details). In a future release, the default value for `weights_only` will be flipped to `True`. This limits the functions that could be executed during unpickling. Arbitrary objects will no longer be allowed to be loaded via this mode unless they are explicitly allowlisted by the user via `torch.serialization.add_safe_globals`. We recommend you start setting `weights_only=True` for any use case where you don't have full control of the loaded file. Please open an issue on GitHub for any issues related to this experimental feature.
  mols = torch.load(cache_path)
/home/snirhordan/ito/RandomSearchNNs/quickstart/train_qm9.py:358: FutureWarning: You are using `torch.load` with `weights_only=False` (the current default value), which uses the default pickle module implicitly. It is possible to construct malicious pickle data which will execute arbitrary code during unpickling (See https://github.com/pytorch/pytorch/blob/main/SECURITY.md#untrusted-models for more details). In a future release, the default value for `weights_only` will be flipped to `True`. This limits the functions that could be executed during unpickling. Arbitrary objects will no longer be allowed to be loaded via this mode unless they are explicitly allowlisted by the user via `torch.serialization.add_safe_globals`. We recommend you start setting `weights_only=True` for any use case where you don't have full control of the loaded file. Please open an issue on GitHub for any issues related to this experimental feature.
  vocab = torch.load(vocab_path)
[d0_m0/alpha] loaded cache (130831 mols, vocab={'C': 0, 'F': 1, 'H': 2, 'N': 3, 'O': 4, 'PAD': 5}), dt=46.5s
[d0_m0/alpha] max_len=29
[d0_m0/alpha] target stats: mean=75.2812 std=8.1738
[d0_m0/alpha] pe_in_dim=8 pe_out_dim=16 vocab_size=6
[d0_m0/alpha] split 0: train=78498 valid=26166 test=26167
[d0_m0/alpha] split 0 epoch   0 train_mse=0.1414 valid_mae=1.3369 dt=130.1s *
[d0_m0/alpha] split 0 epoch   1 train_mse=0.0562 valid_mae=1.3291 dt=127.5s *
[d0_m0/alpha] split 0 epoch   2 train_mse=0.0447 valid_mae=1.6550 dt=127.7s  
[d0_m0/alpha] split 0 epoch   3 train_mse=0.0403 valid_mae=1.0724 dt=127.1s *
[d0_m0/alpha] split 0 epoch   4 train_mse=0.0373 valid_mae=1.4846 dt=126.8s  
[d0_m0/alpha] split 0 epoch   5 train_mse=0.0340 valid_mae=0.9786 dt=127.5s *
[d0_m0/alpha] split 0 epoch   6 train_mse=0.0311 valid_mae=0.9968 dt=127.0s  
[d0_m0/alpha] split 0 epoch   7 train_mse=0.0286 valid_mae=1.1557 dt=127.2s  
[d0_m0/alpha] split 0 epoch   8 train_mse=0.0267 valid_mae=0.9689 dt=127.1s *
[d0_m0/alpha] split 0 epoch   9 train_mse=0.0260 valid_mae=0.8661 dt=127.1s *
[d0_m0/alpha] split 0 DONE best_valid_mae=0.8661 test_mae=0.8731 split_dt=1307.1s
[d0_m0/alpha] DONE mean_test_mae=0.8731 total=1307.1s peak_gpu_mem=473.2MB
[d0_m0/alpha] metrics saved -> /home/snirhordan/ito/RandomSearchNNs/runs/qm9_rsnn/_stage/m8/alpha/split0/alpha/metrics.json
