# cmd: /home/snirhordan/miniconda3/envs/rwnn/bin/python3 -u quickstart/train_qm9.py --target G --walk_type search --distances 0 --mol_edge_feat 0 --epochs 10 --early_stopping 3 --n_splits 1 --batch_size 128 --h_dim 128 --num_layers 2 --m 1 --w 8 --reduce mean --seed 43 --num_workers 4 --device_idx 0 --out_root /home/snirhordan/ito/RandomSearchNNs/runs/qm9_rsnn/_stage --run_subdir m1/G/split1 --limit 0
# gpu: 3
# seed: 43
[d0_m0/G] device=cuda:0 seed=43 cwd=/home/snirhordan/ito/RandomSearchNNs
[d0_m0/G] loading preprocessed cache from data/qm9/qm9_d_rwnn_cache/mols_G.pt
/home/snirhordan/ito/RandomSearchNNs/quickstart/train_qm9.py:357: FutureWarning: You are using `torch.load` with `weights_only=False` (the current default value), which uses the default pickle module implicitly. It is possible to construct malicious pickle data which will execute arbitrary code during unpickling (See https://github.com/pytorch/pytorch/blob/main/SECURITY.md#untrusted-models for more details). In a future release, the default value for `weights_only` will be flipped to `True`. This limits the functions that could be executed during unpickling. Arbitrary objects will no longer be allowed to be loaded via this mode unless they are explicitly allowlisted by the user via `torch.serialization.add_safe_globals`. We recommend you start setting `weights_only=True` for any use case where you don't have full control of the loaded file. Please open an issue on GitHub for any issues related to this experimental feature.
  mols = torch.load(cache_path)
/home/snirhordan/ito/RandomSearchNNs/quickstart/train_qm9.py:358: FutureWarning: You are using `torch.load` with `weights_only=False` (the current default value), which uses the default pickle module implicitly. It is possible to construct malicious pickle data which will execute arbitrary code during unpickling (See https://github.com/pytorch/pytorch/blob/main/SECURITY.md#untrusted-models for more details). In a future release, the default value for `weights_only` will be flipped to `True`. This limits the functions that could be executed during unpickling. Arbitrary objects will no longer be allowed to be loaded via this mode unless they are explicitly allowlisted by the user via `torch.serialization.add_safe_globals`. We recommend you start setting `weights_only=True` for any use case where you don't have full control of the loaded file. Please open an issue on GitHub for any issues related to this experimental feature.
  vocab = torch.load(vocab_path)
[d0_m0/G] loaded cache (130831 mols, vocab={'C': 0, 'F': 1, 'H': 2, 'N': 3, 'O': 4, 'PAD': 5}), dt=45.3s
[d0_m0/G] max_len=29
[d0_m0/G] target stats: mean=-11179.8770 std=1085.5924
[d0_m0/G] pe_in_dim=8 pe_out_dim=16 vocab_size=6
[d0_m0/G] split 0: train=78498 valid=26166 test=26167
[d0_m0/G] split 0 epoch   0 train_mse=0.0843 valid_mae=40.2901 dt=85.3s *
[d0_m0/G] split 0 epoch   1 train_mse=0.0056 valid_mae=108.0555 dt=83.5s  
[d0_m0/G] split 0 epoch   2 train_mse=0.0045 valid_mae=58.6139 dt=83.6s  
[d0_m0/G] split 0 epoch   3 train_mse=0.0037 valid_mae=22.6323 dt=83.7s *
[d0_m0/G] split 0 epoch   4 train_mse=0.0016 valid_mae=28.7789 dt=83.4s  
[d0_m0/G] split 0 epoch   5 train_mse=0.0042 valid_mae=15.1712 dt=83.5s *
[d0_m0/G] split 0 epoch   6 train_mse=0.0014 valid_mae=174.3106 dt=83.9s  
[d0_m0/G] split 0 epoch   7 train_mse=0.0020 valid_mae=62.5665 dt=84.2s  
[d0_m0/G] split 0 epoch   8 train_mse=0.0021 valid_mae=194.6776 dt=83.7s  
[d0_m0/G] split 0 early stop at epoch 9
[d0_m0/G] split 0 DONE best_valid_mae=15.1712 test_mae=15.2804 split_dt=774.5s
[d0_m0/G] DONE mean_test_mae=15.2804 total=774.6s peak_gpu_mem=105.7MB
[d0_m0/G] metrics saved -> /home/snirhordan/ito/RandomSearchNNs/runs/qm9_rsnn/_stage/m1/G/split1/G/metrics.json
