[d0_m0/mu] device=cuda:0 seed=42 cwd=/home/snirhordan/ito/RandomSearchNNs
[d0_m0/mu] loading preprocessed cache from data/qm9/qm9_d_rwnn_cache/mols_mu.pt
/home/snirhordan/ito/RandomSearchNNs/quickstart/train_qm9.py:329: FutureWarning: You are using `torch.load` with `weights_only=False` (the current default value), which uses the default pickle module implicitly. It is possible to construct malicious pickle data which will execute arbitrary code during unpickling (See https://github.com/pytorch/pytorch/blob/main/SECURITY.md#untrusted-models for more details). In a future release, the default value for `weights_only` will be flipped to `True`. This limits the functions that could be executed during unpickling. Arbitrary objects will no longer be allowed to be loaded via this mode unless they are explicitly allowlisted by the user via `torch.serialization.add_safe_globals`. We recommend you start setting `weights_only=True` for any use case where you don't have full control of the loaded file. Please open an issue on GitHub for any issues related to this experimental feature.
  mols = torch.load(cache_path)
/home/snirhordan/ito/RandomSearchNNs/quickstart/train_qm9.py:330: FutureWarning: You are using `torch.load` with `weights_only=False` (the current default value), which uses the default pickle module implicitly. It is possible to construct malicious pickle data which will execute arbitrary code during unpickling (See https://github.com/pytorch/pytorch/blob/main/SECURITY.md#untrusted-models for more details). In a future release, the default value for `weights_only` will be flipped to `True`. This limits the functions that could be executed during unpickling. Arbitrary objects will no longer be allowed to be loaded via this mode unless they are explicitly allowlisted by the user via `torch.serialization.add_safe_globals`. We recommend you start setting `weights_only=True` for any use case where you don't have full control of the loaded file. Please open an issue on GitHub for any issues related to this experimental feature.
  vocab = torch.load(vocab_path)
[d0_m0/mu] loaded cache (130831 mols, vocab={'C': 0, 'F': 1, 'H': 2, 'N': 3, 'O': 4, 'PAD': 5}), dt=48.0s
[d0_m0/mu] max_len=29
[d0_m0/mu] target stats: mean=2.6730 std=1.5035
[d0_m0/mu] pe_in_dim=16 pe_out_dim=16 vocab_size=6
[d0_m0/mu] split 0: train=78498 valid=26166 test=26167
[d0_m0/mu] split 0 epoch   0 train_mse=0.6909 valid_mae=0.8523 dt=230.0s *
[d0_m0/mu] split 0 epoch   1 train_mse=0.6063 valid_mae=0.8019 dt=227.0s *
[d0_m0/mu] split 0 epoch   2 train_mse=0.5729 valid_mae=0.7973 dt=227.0s *
[d0_m0/mu] split 0 epoch   3 train_mse=0.5388 valid_mae=0.7840 dt=226.9s *
[d0_m0/mu] split 0 epoch   4 train_mse=0.5174 valid_mae=0.7597 dt=225.7s *
[d0_m0/mu] split 0 epoch   5 train_mse=0.5022 valid_mae=0.7633 dt=226.3s  
[d0_m0/mu] split 0 epoch   6 train_mse=0.4942 valid_mae=0.7548 dt=226.5s *
[d0_m0/mu] split 0 epoch   7 train_mse=0.4780 valid_mae=0.7873 dt=226.5s  
[d0_m0/mu] split 0 epoch   8 train_mse=0.4697 valid_mae=0.7350 dt=226.2s *
[d0_m0/mu] split 0 epoch   9 train_mse=0.4593 valid_mae=0.7453 dt=225.5s  
[d0_m0/mu] split 0 epoch  10 train_mse=0.4587 valid_mae=0.7328 dt=225.8s *
[d0_m0/mu] split 0 epoch  11 train_mse=0.4565 valid_mae=0.7398 dt=226.4s  
[d0_m0/mu] split 0 epoch  12 train_mse=0.4455 valid_mae=0.7192 dt=226.8s *
[d0_m0/mu] split 0 epoch  13 train_mse=0.4470 valid_mae=0.7203 dt=226.5s  
[d0_m0/mu] split 0 epoch  14 train_mse=0.4386 valid_mae=0.7136 dt=225.9s *
[d0_m0/mu] split 0 DONE best_valid_mae=0.7136 test_mae=0.7161 split_dt=3454.4s
[d0_m0/mu] DONE mean_test_mae=0.7161 total=3454.5s peak_gpu_mem=476.2MB
[d0_m0/mu] metrics saved -> runs/qm9/d0_m0/mu/metrics.json
