[d1_m0/Cv] device=cuda:0 seed=42 cwd=/home/snirhordan/ito/RandomSearchNNs
[d1_m0/Cv] loading preprocessed cache from data/qm9/qm9_d_rwnn_cache/mols_Cv.pt
/home/snirhordan/ito/RandomSearchNNs/quickstart/train_qm9.py:336: FutureWarning: You are using `torch.load` with `weights_only=False` (the current default value), which uses the default pickle module implicitly. It is possible to construct malicious pickle data which will execute arbitrary code during unpickling (See https://github.com/pytorch/pytorch/blob/main/SECURITY.md#untrusted-models for more details). In a future release, the default value for `weights_only` will be flipped to `True`. This limits the functions that could be executed during unpickling. Arbitrary objects will no longer be allowed to be loaded via this mode unless they are explicitly allowlisted by the user via `torch.serialization.add_safe_globals`. We recommend you start setting `weights_only=True` for any use case where you don't have full control of the loaded file. Please open an issue on GitHub for any issues related to this experimental feature.
  mols = torch.load(cache_path)
/home/snirhordan/ito/RandomSearchNNs/quickstart/train_qm9.py:337: FutureWarning: You are using `torch.load` with `weights_only=False` (the current default value), which uses the default pickle module implicitly. It is possible to construct malicious pickle data which will execute arbitrary code during unpickling (See https://github.com/pytorch/pytorch/blob/main/SECURITY.md#untrusted-models for more details). In a future release, the default value for `weights_only` will be flipped to `True`. This limits the functions that could be executed during unpickling. Arbitrary objects will no longer be allowed to be loaded via this mode unless they are explicitly allowlisted by the user via `torch.serialization.add_safe_globals`. We recommend you start setting `weights_only=True` for any use case where you don't have full control of the loaded file. Please open an issue on GitHub for any issues related to this experimental feature.
  vocab = torch.load(vocab_path)
[d1_m0/Cv] loaded cache (130831 mols, vocab={'C': 0, 'F': 1, 'H': 2, 'N': 3, 'O': 4, 'PAD': 5}), dt=49.9s
[d1_m0/Cv] max_len=29
[d1_m0/Cv] target stats: mean=31.6204 std=4.0676
[d1_m0/Cv] pe_in_dim=32 pe_out_dim=16 vocab_size=6
[d1_m0/Cv] split 0: train=78498 valid=26166 test=26167
[d1_m0/Cv] split 0 epoch   0 train_mse=0.2587 valid_mae=1.1095 dt=259.3s *
[d1_m0/Cv] split 0 epoch   1 train_mse=0.0877 valid_mae=0.8866 dt=255.2s *
[d1_m0/Cv] split 0 epoch   2 train_mse=0.0642 valid_mae=0.6943 dt=256.6s *
[d1_m0/Cv] split 0 epoch   3 train_mse=0.0564 valid_mae=0.7741 dt=256.1s  
[d1_m0/Cv] split 0 epoch   4 train_mse=0.0521 valid_mae=0.7622 dt=256.0s  
[d1_m0/Cv] split 0 epoch   5 train_mse=0.0485 valid_mae=0.6359 dt=256.1s *
[d1_m0/Cv] split 0 epoch   6 train_mse=0.0465 valid_mae=0.6582 dt=255.3s  
[d1_m0/Cv] split 0 epoch   7 train_mse=0.0437 valid_mae=0.6273 dt=254.9s *
[d1_m0/Cv] split 0 epoch   8 train_mse=0.0422 valid_mae=0.8288 dt=255.8s  
[d1_m0/Cv] split 0 epoch   9 train_mse=0.0400 valid_mae=0.5834 dt=254.6s *
[d1_m0/Cv] split 0 epoch  10 train_mse=0.0391 valid_mae=0.6026 dt=256.1s  
[d1_m0/Cv] split 0 epoch  11 train_mse=0.0375 valid_mae=0.5384 dt=256.2s *
[d1_m0/Cv] split 0 epoch  12 train_mse=0.0354 valid_mae=0.5401 dt=255.3s  
[d1_m0/Cv] split 0 epoch  13 train_mse=0.0349 valid_mae=0.5632 dt=255.2s  
[d1_m0/Cv] split 0 epoch  14 train_mse=0.0333 valid_mae=0.5401 dt=254.1s  
[d1_m0/Cv] split 0 DONE best_valid_mae=0.5384 test_mae=0.5384 split_dt=3897.8s
[d1_m0/Cv] DONE mean_test_mae=0.5384 total=3898.0s peak_gpu_mem=479.3MB
[d1_m0/Cv] metrics saved -> runs/qm9/d1_m0/Cv/metrics.json
