# cmd: /home/snirhordan/miniconda3/envs/rwnn/bin/python3 -u quickstart/train_qm9.py --target Cv --walk_type search --distances 0 --mol_edge_feat 0 --epochs 10 --early_stopping 3 --n_splits 1 --batch_size 128 --h_dim 128 --num_layers 2 --m 1 --w 8 --reduce mean --seed 44 --num_workers 4 --device_idx 0 --out_root /home/snirhordan/ito/RandomSearchNNs/runs/qm9_rsnn/_stage --run_subdir m1/Cv/split2 --limit 0
# gpu: 3
# seed: 44
[d0_m0/Cv] device=cuda:0 seed=44 cwd=/home/snirhordan/ito/RandomSearchNNs
[d0_m0/Cv] loading preprocessed cache from data/qm9/qm9_d_rwnn_cache/mols_Cv.pt
/home/snirhordan/ito/RandomSearchNNs/quickstart/train_qm9.py:357: FutureWarning: You are using `torch.load` with `weights_only=False` (the current default value), which uses the default pickle module implicitly. It is possible to construct malicious pickle data which will execute arbitrary code during unpickling (See https://github.com/pytorch/pytorch/blob/main/SECURITY.md#untrusted-models for more details). In a future release, the default value for `weights_only` will be flipped to `True`. This limits the functions that could be executed during unpickling. Arbitrary objects will no longer be allowed to be loaded via this mode unless they are explicitly allowlisted by the user via `torch.serialization.add_safe_globals`. We recommend you start setting `weights_only=True` for any use case where you don't have full control of the loaded file. Please open an issue on GitHub for any issues related to this experimental feature.
  mols = torch.load(cache_path)
/home/snirhordan/ito/RandomSearchNNs/quickstart/train_qm9.py:358: FutureWarning: You are using `torch.load` with `weights_only=False` (the current default value), which uses the default pickle module implicitly. It is possible to construct malicious pickle data which will execute arbitrary code during unpickling (See https://github.com/pytorch/pytorch/blob/main/SECURITY.md#untrusted-models for more details). In a future release, the default value for `weights_only` will be flipped to `True`. This limits the functions that could be executed during unpickling. Arbitrary objects will no longer be allowed to be loaded via this mode unless they are explicitly allowlisted by the user via `torch.serialization.add_safe_globals`. We recommend you start setting `weights_only=True` for any use case where you don't have full control of the loaded file. Please open an issue on GitHub for any issues related to this experimental feature.
  vocab = torch.load(vocab_path)
[d0_m0/Cv] loaded cache (130831 mols, vocab={'C': 0, 'F': 1, 'H': 2, 'N': 3, 'O': 4, 'PAD': 5}), dt=46.7s
[d0_m0/Cv] max_len=29
[d0_m0/Cv] target stats: mean=31.6204 std=4.0676
[d0_m0/Cv] pe_in_dim=8 pe_out_dim=16 vocab_size=6
[d0_m0/Cv] split 0: train=78498 valid=26166 test=26167
[d0_m0/Cv] split 0 epoch   0 train_mse=0.2700 valid_mae=1.2371 dt=86.5s *
[d0_m0/Cv] split 0 epoch   1 train_mse=0.1374 valid_mae=1.0871 dt=84.5s *
[d0_m0/Cv] split 0 epoch   2 train_mse=0.0932 valid_mae=0.9029 dt=84.4s *
[d0_m0/Cv] split 0 epoch   3 train_mse=0.0740 valid_mae=0.9466 dt=84.4s  
[d0_m0/Cv] split 0 epoch   4 train_mse=0.0667 valid_mae=0.7729 dt=84.2s *
[d0_m0/Cv] split 0 epoch   5 train_mse=0.0592 valid_mae=0.7809 dt=84.2s  
[d0_m0/Cv] split 0 epoch   6 train_mse=0.0537 valid_mae=0.7769 dt=84.4s  
[d0_m0/Cv] split 0 epoch   7 train_mse=0.0501 valid_mae=0.7323 dt=84.4s *
[d0_m0/Cv] split 0 epoch   8 train_mse=0.0477 valid_mae=0.6656 dt=84.6s *
[d0_m0/Cv] split 0 epoch   9 train_mse=0.0439 valid_mae=0.7070 dt=84.7s  
[d0_m0/Cv] split 0 DONE best_valid_mae=0.6656 test_mae=0.6679 split_dt=866.6s
[d0_m0/Cv] DONE mean_test_mae=0.6679 total=866.7s peak_gpu_mem=105.9MB
[d0_m0/Cv] metrics saved -> /home/snirhordan/ito/RandomSearchNNs/runs/qm9_rsnn/_stage/m1/Cv/split2/Cv/metrics.json
