# cmd: /home/snirhordan/miniconda3/envs/rwnn/bin/python3 -u /home/snirhordan/ito/RandomSearchNNs/quickstart/train_qm9.py --target U --walk_type walk_ada --distances 1 --mol_edge_feat 1 --epochs 15 --early_stopping 4 --n_splits 1 --batch_size 128 --h_dim 128 --num_layers 2 --m 8 --w 8 --reduce mean --seed 44 --num_workers 4 --device_idx 0 --out_root /home/snirhordan/ito/RandomSearchNNs/runs/qm9_rwnn/_stage --run_subdir m8/U/split2 --limit 0
# gpu: 0 seed: 44 (CVD=0)
[d1_m1/U] device=cuda:0 seed=44 cwd=/home/snirhordan/ito/RandomSearchNNs
[d1_m1/U] loading preprocessed cache from data/qm9/qm9_d_rwnn_cache/mols_U.pt
/home/snirhordan/ito/RandomSearchNNs/quickstart/train_qm9.py:357: FutureWarning: You are using `torch.load` with `weights_only=False` (the current default value), which uses the default pickle module implicitly. It is possible to construct malicious pickle data which will execute arbitrary code during unpickling (See https://github.com/pytorch/pytorch/blob/main/SECURITY.md#untrusted-models for more details). In a future release, the default value for `weights_only` will be flipped to `True`. This limits the functions that could be executed during unpickling. Arbitrary objects will no longer be allowed to be loaded via this mode unless they are explicitly allowlisted by the user via `torch.serialization.add_safe_globals`. We recommend you start setting `weights_only=True` for any use case where you don't have full control of the loaded file. Please open an issue on GitHub for any issues related to this experimental feature.
  mols = torch.load(cache_path)
/home/snirhordan/ito/RandomSearchNNs/quickstart/train_qm9.py:358: FutureWarning: You are using `torch.load` with `weights_only=False` (the current default value), which uses the default pickle module implicitly. It is possible to construct malicious pickle data which will execute arbitrary code during unpickling (See https://github.com/pytorch/pytorch/blob/main/SECURITY.md#untrusted-models for more details). In a future release, the default value for `weights_only` will be flipped to `True`. This limits the functions that could be executed during unpickling. Arbitrary objects will no longer be allowed to be loaded via this mode unless they are explicitly allowlisted by the user via `torch.serialization.add_safe_globals`. We recommend you start setting `weights_only=True` for any use case where you don't have full control of the loaded file. Please open an issue on GitHub for any issues related to this experimental feature.
  vocab = torch.load(vocab_path)
[d1_m1/U] loaded cache (130831 mols, vocab={'C': 0, 'F': 1, 'H': 2, 'N': 3, 'O': 4, 'PAD': 5}), dt=69.9s
[d1_m1/U] max_len=29
[d1_m1/U] target stats: mean=-11178.7354 std=1085.5728
[d1_m1/U] pe_in_dim=35 pe_out_dim=16 vocab_size=6
[d1_m1/U] split 0: train=78498 valid=26166 test=26167
[d1_m1/U] split 0 epoch   0 train_mse=0.2477 valid_mae=257.0833 dt=762.3s *
[d1_m1/U] split 0 epoch   1 train_mse=0.1171 valid_mae=174.4579 dt=788.0s *
[d1_m1/U] split 0 epoch   2 train_mse=0.1090 valid_mae=157.0878 dt=779.2s *
[d1_m1/U] split 0 epoch   3 train_mse=0.1015 valid_mae=157.9835 dt=788.6s  
[d1_m1/U] split 0 epoch   4 train_mse=0.0990 valid_mae=168.9934 dt=699.6s  
[d1_m1/U] split 0 epoch   5 train_mse=0.0994 valid_mae=144.1505 dt=765.1s *
[d1_m1/U] split 0 epoch   6 train_mse=0.0977 valid_mae=170.7298 dt=768.4s  
[d1_m1/U] split 0 epoch   7 train_mse=0.0931 valid_mae=161.8674 dt=780.5s  
[d1_m1/U] split 0 epoch   8 train_mse=0.0944 valid_mae=186.6969 dt=818.6s  
[d1_m1/U] split 0 epoch   9 train_mse=0.0894 valid_mae=141.9102 dt=819.9s *
[d1_m1/U] split 0 epoch  10 train_mse=0.0857 valid_mae=143.9680 dt=827.8s  
[d1_m1/U] split 0 epoch  11 train_mse=0.0896 valid_mae=144.1051 dt=818.6s  
[d1_m1/U] split 0 epoch  12 train_mse=0.0874 valid_mae=168.4793 dt=815.7s  
[d1_m1/U] split 0 epoch  13 train_mse=0.0863 valid_mae=173.2200 dt=824.3s  
[d1_m1/U] split 0 early stop at epoch 14
[d1_m1/U] split 0 DONE best_valid_mae=141.9102 test_mae=140.8766 split_dt=11245.1s
[d1_m1/U] DONE mean_test_mae=140.8766 total=11245.1s peak_gpu_mem=478.2MB
[d1_m1/U] metrics saved -> /home/snirhordan/ito/RandomSearchNNs/runs/qm9_rwnn/_stage/m8/U/split2/U/metrics.json
