# cmd: /home/snirhordan/miniconda3/envs/rwnn/bin/python3 -u /home/snirhordan/ito/RandomSearchNNs/quickstart/train_qm9.py --target lumo --walk_type walk_ada --distances 1 --mol_edge_feat 1 --epochs 15 --early_stopping 4 --n_splits 1 --batch_size 128 --h_dim 128 --num_layers 2 --m 4 --w 8 --reduce mean --seed 43 --num_workers 4 --device_idx 0 --out_root /home/snirhordan/ito/RandomSearchNNs/runs/qm9_rwnn/_stage --run_subdir m4/lumo/split1 --limit 0
# gpu: 0 seed: 43 (CVD=0)
[d1_m1/lumo] device=cuda:0 seed=43 cwd=/home/snirhordan/ito/RandomSearchNNs
[d1_m1/lumo] loading preprocessed cache from data/qm9/qm9_d_rwnn_cache/mols_lumo.pt
/home/snirhordan/ito/RandomSearchNNs/quickstart/train_qm9.py:357: FutureWarning: You are using `torch.load` with `weights_only=False` (the current default value), which uses the default pickle module implicitly. It is possible to construct malicious pickle data which will execute arbitrary code during unpickling (See https://github.com/pytorch/pytorch/blob/main/SECURITY.md#untrusted-models for more details). In a future release, the default value for `weights_only` will be flipped to `True`. This limits the functions that could be executed during unpickling. Arbitrary objects will no longer be allowed to be loaded via this mode unless they are explicitly allowlisted by the user via `torch.serialization.add_safe_globals`. We recommend you start setting `weights_only=True` for any use case where you don't have full control of the loaded file. Please open an issue on GitHub for any issues related to this experimental feature.
  mols = torch.load(cache_path)
/home/snirhordan/ito/RandomSearchNNs/quickstart/train_qm9.py:358: FutureWarning: You are using `torch.load` with `weights_only=False` (the current default value), which uses the default pickle module implicitly. It is possible to construct malicious pickle data which will execute arbitrary code during unpickling (See https://github.com/pytorch/pytorch/blob/main/SECURITY.md#untrusted-models for more details). In a future release, the default value for `weights_only` will be flipped to `True`. This limits the functions that could be executed during unpickling. Arbitrary objects will no longer be allowed to be loaded via this mode unless they are explicitly allowlisted by the user via `torch.serialization.add_safe_globals`. We recommend you start setting `weights_only=True` for any use case where you don't have full control of the loaded file. Please open an issue on GitHub for any issues related to this experimental feature.
  vocab = torch.load(vocab_path)
[d1_m1/lumo] loaded cache (130831 mols, vocab={'C': 0, 'F': 1, 'H': 2, 'N': 3, 'O': 4, 'PAD': 5}), dt=36.0s
[d1_m1/lumo] max_len=29
[d1_m1/lumo] target stats: mean=0.3220 std=1.2749
[d1_m1/lumo] pe_in_dim=35 pe_out_dim=16 vocab_size=6
[d1_m1/lumo] split 0: train=78498 valid=26166 test=26167
[d1_m1/lumo] split 0 epoch   0 train_mse=0.4365 valid_mae=0.5627 dt=418.9s *
[d1_m1/lumo] split 0 epoch   1 train_mse=0.3005 valid_mae=0.4988 dt=422.8s *
[d1_m1/lumo] split 0 epoch   2 train_mse=0.2674 valid_mae=0.4602 dt=427.2s *
[d1_m1/lumo] split 0 epoch   3 train_mse=0.2435 valid_mae=0.4812 dt=413.4s  
[d1_m1/lumo] split 0 epoch   4 train_mse=0.2347 valid_mae=0.4372 dt=420.0s *
[d1_m1/lumo] split 0 epoch   5 train_mse=0.2281 valid_mae=0.4224 dt=406.4s *
[d1_m1/lumo] split 0 epoch   6 train_mse=0.2207 valid_mae=0.4269 dt=419.8s  
[d1_m1/lumo] split 0 epoch   7 train_mse=0.2133 valid_mae=0.4275 dt=415.2s  
[d1_m1/lumo] split 0 epoch   8 train_mse=0.2077 valid_mae=0.4148 dt=414.2s *
[d1_m1/lumo] split 0 epoch   9 train_mse=0.2056 valid_mae=0.3819 dt=419.3s *
[d1_m1/lumo] split 0 epoch  10 train_mse=0.2000 valid_mae=0.3885 dt=416.7s  
[d1_m1/lumo] split 0 epoch  11 train_mse=0.1969 valid_mae=0.3785 dt=418.2s *
[d1_m1/lumo] split 0 epoch  12 train_mse=0.1952 valid_mae=0.4075 dt=406.5s  
[d1_m1/lumo] split 0 epoch  13 train_mse=0.1907 valid_mae=0.3648 dt=415.7s *
[d1_m1/lumo] split 0 epoch  14 train_mse=0.1878 valid_mae=0.3745 dt=414.0s  
Traceback (most recent call last):
  File "/home/snirhordan/ito/RandomSearchNNs/quickstart/train_qm9.py", line 625, in <module>
    raise SystemExit(main())
                     ^^^^^^
  File "/home/snirhordan/ito/RandomSearchNNs/quickstart/train_qm9.py", line 569, in main
    torch.save({
  File "/home/snirhordan/miniconda3/envs/rwnn/lib/python3.11/site-packages/torch/serialization.py", line 651, in save
    with _open_zipfile_writer(f) as opened_zipfile:
         ^^^^^^^^^^^^^^^^^^^^^^^
  File "/home/snirhordan/miniconda3/envs/rwnn/lib/python3.11/site-packages/torch/serialization.py", line 525, in _open_zipfile_writer
    return container(name_or_buffer)
           ^^^^^^^^^^^^^^^^^^^^^^^^^
  File "/home/snirhordan/miniconda3/envs/rwnn/lib/python3.11/site-packages/torch/serialization.py", line 496, in __init__
    super().__init__(torch._C.PyTorchFileWriter(self.name))
                     ^^^^^^^^^^^^^^^^^^^^^^^^^^^^^^^^^^^^^
RuntimeError: Parent directory /home/snirhordan/ito/RandomSearchNNs/runs/qm9_rwnn/_stage/m4/lumo/split1/lumo does not exist.
