# cmd: /home/snirhordan/miniconda3/envs/rwnn/bin/python3 -u /home/snirhordan/ito/RandomSearchNNs/quickstart/train_qm9.py --target homo --walk_type walk_ada --distances 1 --mol_edge_feat 1 --epochs 15 --early_stopping 4 --n_splits 1 --batch_size 128 --h_dim 128 --num_layers 2 --m 16 --w 8 --reduce mean --seed 43 --num_workers 4 --device_idx 0 --out_root /home/snirhordan/ito/RandomSearchNNs/runs/qm9_rwnn/_stage --run_subdir m16/homo/split1 --limit 0
# gpu: 2 seed: 43
[d1_m1/homo] device=cuda:0 seed=43 cwd=/home/snirhordan/ito/RandomSearchNNs
[d1_m1/homo] loading preprocessed cache from data/qm9/qm9_d_rwnn_cache/mols_homo.pt
/home/snirhordan/ito/RandomSearchNNs/quickstart/train_qm9.py:357: FutureWarning: You are using `torch.load` with `weights_only=False` (the current default value), which uses the default pickle module implicitly. It is possible to construct malicious pickle data which will execute arbitrary code during unpickling (See https://github.com/pytorch/pytorch/blob/main/SECURITY.md#untrusted-models for more details). In a future release, the default value for `weights_only` will be flipped to `True`. This limits the functions that could be executed during unpickling. Arbitrary objects will no longer be allowed to be loaded via this mode unless they are explicitly allowlisted by the user via `torch.serialization.add_safe_globals`. We recommend you start setting `weights_only=True` for any use case where you don't have full control of the loaded file. Please open an issue on GitHub for any issues related to this experimental feature.
  mols = torch.load(cache_path)
/home/snirhordan/ito/RandomSearchNNs/quickstart/train_qm9.py:358: FutureWarning: You are using `torch.load` with `weights_only=False` (the current default value), which uses the default pickle module implicitly. It is possible to construct malicious pickle data which will execute arbitrary code during unpickling (See https://github.com/pytorch/pytorch/blob/main/SECURITY.md#untrusted-models for more details). In a future release, the default value for `weights_only` will be flipped to `True`. This limits the functions that could be executed during unpickling. Arbitrary objects will no longer be allowed to be loaded via this mode unless they are explicitly allowlisted by the user via `torch.serialization.add_safe_globals`. We recommend you start setting `weights_only=True` for any use case where you don't have full control of the loaded file. Please open an issue on GitHub for any issues related to this experimental feature.
  vocab = torch.load(vocab_path)
[d1_m1/homo] loaded cache (130831 mols, vocab={'C': 0, 'F': 1, 'H': 2, 'N': 3, 'O': 4, 'PAD': 5}), dt=45.9s
[d1_m1/homo] max_len=29
[d1_m1/homo] target stats: mean=-6.5365 std=0.5977
[d1_m1/homo] pe_in_dim=35 pe_out_dim=16 vocab_size=6
[d1_m1/homo] split 0: train=78498 valid=26166 test=26167
[d1_m1/homo] split 0 epoch   0 train_mse=0.4620 valid_mae=0.2370 dt=739.5s *
[d1_m1/homo] split 0 epoch   1 train_mse=0.2231 valid_mae=0.1968 dt=735.1s *
[d1_m1/homo] split 0 epoch   2 train_mse=0.1828 valid_mae=0.1821 dt=734.6s *
[d1_m1/homo] split 0 epoch   3 train_mse=0.1605 valid_mae=0.1802 dt=735.1s *
[d1_m1/homo] split 0 epoch   4 train_mse=0.1453 valid_mae=0.1724 dt=734.9s *
[d1_m1/homo] split 0 epoch   5 train_mse=0.1363 valid_mae=0.1618 dt=734.5s *
[d1_m1/homo] split 0 epoch   6 train_mse=0.1265 valid_mae=0.1572 dt=735.8s *
[d1_m1/homo] split 0 epoch   7 train_mse=0.1170 valid_mae=0.1501 dt=735.2s *
[d1_m1/homo] split 0 epoch   8 train_mse=0.1119 valid_mae=0.1479 dt=734.3s *
[d1_m1/homo] split 0 epoch   9 train_mse=0.1060 valid_mae=0.1422 dt=735.5s *
[d1_m1/homo] split 0 epoch  10 train_mse=0.0997 valid_mae=0.1410 dt=735.0s *
[d1_m1/homo] split 0 epoch  11 train_mse=0.0960 valid_mae=0.1403 dt=736.0s *
[d1_m1/homo] split 0 epoch  12 train_mse=0.0942 valid_mae=0.1343 dt=735.6s *
[d1_m1/homo] split 0 epoch  13 train_mse=0.0877 valid_mae=0.1329 dt=734.8s *
[d1_m1/homo] split 0 epoch  14 train_mse=0.0854 valid_mae=0.1278 dt=734.2s *
[d1_m1/homo] split 0 DONE best_valid_mae=0.1278 test_mae=0.1270 split_dt=11205.7s
[d1_m1/homo] DONE mean_test_mae=0.1270 total=11205.8s peak_gpu_mem=910.4MB
[d1_m1/homo] metrics saved -> /home/snirhordan/ito/RandomSearchNNs/runs/qm9_rwnn/_stage/m16/homo/split1/homo/metrics.json
