# cmd: /home/snirhordan/miniconda3/envs/rwnn/bin/python3 -u /home/snirhordan/ito/RandomSearchNNs/quickstart/train_qm9.py --target alpha --walk_type walk_ada --distances 1 --mol_edge_feat 1 --epochs 15 --early_stopping 4 --n_splits 1 --batch_size 128 --h_dim 128 --num_layers 2 --m 4 --w 8 --reduce mean --seed 43 --num_workers 4 --device_idx 0 --out_root /home/snirhordan/ito/RandomSearchNNs/runs/qm9_rwnn/_stage --run_subdir m4/alpha/split1 --limit 0
# gpu: 2 seed: 43 (CVD=2)
[d1_m1/alpha] device=cuda:0 seed=43 cwd=/home/snirhordan/ito/RandomSearchNNs
[d1_m1/alpha] loading preprocessed cache from data/qm9/qm9_d_rwnn_cache/mols_alpha.pt
/home/snirhordan/ito/RandomSearchNNs/quickstart/train_qm9.py:357: FutureWarning: You are using `torch.load` with `weights_only=False` (the current default value), which uses the default pickle module implicitly. It is possible to construct malicious pickle data which will execute arbitrary code during unpickling (See https://github.com/pytorch/pytorch/blob/main/SECURITY.md#untrusted-models for more details). In a future release, the default value for `weights_only` will be flipped to `True`. This limits the functions that could be executed during unpickling. Arbitrary objects will no longer be allowed to be loaded via this mode unless they are explicitly allowlisted by the user via `torch.serialization.add_safe_globals`. We recommend you start setting `weights_only=True` for any use case where you don't have full control of the loaded file. Please open an issue on GitHub for any issues related to this experimental feature.
  mols = torch.load(cache_path)
/home/snirhordan/ito/RandomSearchNNs/quickstart/train_qm9.py:358: FutureWarning: You are using `torch.load` with `weights_only=False` (the current default value), which uses the default pickle module implicitly. It is possible to construct malicious pickle data which will execute arbitrary code during unpickling (See https://github.com/pytorch/pytorch/blob/main/SECURITY.md#untrusted-models for more details). In a future release, the default value for `weights_only` will be flipped to `True`. This limits the functions that could be executed during unpickling. Arbitrary objects will no longer be allowed to be loaded via this mode unless they are explicitly allowlisted by the user via `torch.serialization.add_safe_globals`. We recommend you start setting `weights_only=True` for any use case where you don't have full control of the loaded file. Please open an issue on GitHub for any issues related to this experimental feature.
  vocab = torch.load(vocab_path)
[d1_m1/alpha] loaded cache (130831 mols, vocab={'C': 0, 'F': 1, 'H': 2, 'N': 3, 'O': 4, 'PAD': 5}), dt=70.3s
[d1_m1/alpha] max_len=29
[d1_m1/alpha] target stats: mean=75.2812 std=8.1738
[d1_m1/alpha] pe_in_dim=35 pe_out_dim=16 vocab_size=6
[d1_m1/alpha] split 0: train=78498 valid=26166 test=26167
[d1_m1/alpha] split 0 epoch   0 train_mse=0.2517 valid_mae=2.6081 dt=213.6s *
[d1_m1/alpha] split 0 epoch   1 train_mse=0.1684 valid_mae=2.5588 dt=208.7s *
[d1_m1/alpha] split 0 epoch   2 train_mse=0.1534 valid_mae=2.1470 dt=208.8s *
[d1_m1/alpha] split 0 epoch   3 train_mse=0.1420 valid_mae=2.0746 dt=206.7s *
[d1_m1/alpha] split 0 epoch   4 train_mse=0.1289 valid_mae=2.0789 dt=206.5s  
[d1_m1/alpha] split 0 epoch   5 train_mse=0.1231 valid_mae=2.8848 dt=209.1s  
[d1_m1/alpha] split 0 epoch   6 train_mse=0.1180 valid_mae=1.9501 dt=207.2s *
[d1_m1/alpha] split 0 epoch   7 train_mse=0.1124 valid_mae=2.0170 dt=206.1s  
[d1_m1/alpha] split 0 epoch   8 train_mse=0.1100 valid_mae=1.8775 dt=206.8s *
[d1_m1/alpha] split 0 epoch   9 train_mse=0.1106 valid_mae=1.8758 dt=206.9s *
[d1_m1/alpha] split 0 epoch  10 train_mse=0.1065 valid_mae=1.8531 dt=206.4s *
[d1_m1/alpha] split 0 epoch  11 train_mse=0.1015 valid_mae=1.8354 dt=207.3s *
[d1_m1/alpha] split 0 epoch  12 train_mse=0.1016 valid_mae=1.9109 dt=207.0s  
[d1_m1/alpha] split 0 epoch  13 train_mse=0.1025 valid_mae=1.8616 dt=207.2s  
[d1_m1/alpha] split 0 epoch  14 train_mse=0.0966 valid_mae=1.9245 dt=206.1s  
[d1_m1/alpha] split 0 DONE best_valid_mae=1.8354 test_mae=1.8256 split_dt=3167.5s
[d1_m1/alpha] DONE mean_test_mae=1.8256 total=3167.6s peak_gpu_mem=264.0MB
[d1_m1/alpha] metrics saved -> /home/snirhordan/ito/RandomSearchNNs/runs/qm9_rwnn/_stage/m4/alpha/split1/alpha/metrics.json
