# cmd: /home/snirhordan/miniconda3/envs/rwnn/bin/python3 -u /home/snirhordan/ito/RandomSearchNNs/quickstart/train_qm9.py --target U --walk_type walk_ada --distances 1 --mol_edge_feat 1 --epochs 15 --early_stopping 4 --n_splits 1 --batch_size 128 --h_dim 128 --num_layers 2 --m 16 --w 8 --reduce mean --seed 44 --num_workers 4 --device_idx 0 --out_root /home/snirhordan/ito/RandomSearchNNs/runs/qm9_rwnn/_stage --run_subdir m16/U/split2 --limit 0
# gpu: 0 seed: 44 (CVD=0)
[d1_m1/U] device=cuda:0 seed=44 cwd=/home/snirhordan/ito/RandomSearchNNs
[d1_m1/U] loading preprocessed cache from data/qm9/qm9_d_rwnn_cache/mols_U.pt
/home/snirhordan/ito/RandomSearchNNs/quickstart/train_qm9.py:357: FutureWarning: You are using `torch.load` with `weights_only=False` (the current default value), which uses the default pickle module implicitly. It is possible to construct malicious pickle data which will execute arbitrary code during unpickling (See https://github.com/pytorch/pytorch/blob/main/SECURITY.md#untrusted-models for more details). In a future release, the default value for `weights_only` will be flipped to `True`. This limits the functions that could be executed during unpickling. Arbitrary objects will no longer be allowed to be loaded via this mode unless they are explicitly allowlisted by the user via `torch.serialization.add_safe_globals`. We recommend you start setting `weights_only=True` for any use case where you don't have full control of the loaded file. Please open an issue on GitHub for any issues related to this experimental feature.
  mols = torch.load(cache_path)
/home/snirhordan/ito/RandomSearchNNs/quickstart/train_qm9.py:358: FutureWarning: You are using `torch.load` with `weights_only=False` (the current default value), which uses the default pickle module implicitly. It is possible to construct malicious pickle data which will execute arbitrary code during unpickling (See https://github.com/pytorch/pytorch/blob/main/SECURITY.md#untrusted-models for more details). In a future release, the default value for `weights_only` will be flipped to `True`. This limits the functions that could be executed during unpickling. Arbitrary objects will no longer be allowed to be loaded via this mode unless they are explicitly allowlisted by the user via `torch.serialization.add_safe_globals`. We recommend you start setting `weights_only=True` for any use case where you don't have full control of the loaded file. Please open an issue on GitHub for any issues related to this experimental feature.
  vocab = torch.load(vocab_path)
[d1_m1/U] loaded cache (130831 mols, vocab={'C': 0, 'F': 1, 'H': 2, 'N': 3, 'O': 4, 'PAD': 5}), dt=34.9s
[d1_m1/U] max_len=29
[d1_m1/U] target stats: mean=-11178.7354 std=1085.5728
[d1_m1/U] pe_in_dim=35 pe_out_dim=16 vocab_size=6
[d1_m1/U] split 0: train=78498 valid=26166 test=26167
[d1_m1/U] split 0 epoch   0 train_mse=0.1380 valid_mae=79.4117 dt=536.8s *
[d1_m1/U] split 0 epoch   1 train_mse=0.0205 valid_mae=97.0663 dt=528.0s  
[d1_m1/U] split 0 epoch   2 train_mse=0.0158 valid_mae=37.7076 dt=527.9s *
[d1_m1/U] split 0 epoch   3 train_mse=0.0215 valid_mae=88.9333 dt=529.9s  
[d1_m1/U] split 0 epoch   4 train_mse=0.0109 valid_mae=37.3020 dt=527.2s *
[d1_m1/U] split 0 epoch   5 train_mse=0.0177 valid_mae=29.9383 dt=532.8s *
[d1_m1/U] split 0 epoch   6 train_mse=0.0099 valid_mae=60.5660 dt=530.5s  
[d1_m1/U] split 0 epoch   7 train_mse=0.0121 valid_mae=31.9046 dt=526.7s  
[d1_m1/U] split 0 epoch   8 train_mse=0.0089 valid_mae=34.2695 dt=528.5s  
[d1_m1/U] split 0 epoch   9 train_mse=0.0089 valid_mae=28.8420 dt=530.3s *
[d1_m1/U] split 0 epoch  10 train_mse=0.0088 valid_mae=35.3160 dt=526.3s  
[d1_m1/U] split 0 epoch  11 train_mse=0.0089 valid_mae=33.9606 dt=530.2s  
[d1_m1/U] split 0 epoch  12 train_mse=0.0091 valid_mae=37.2966 dt=531.3s  
[d1_m1/U] split 0 epoch  13 train_mse=0.0092 valid_mae=43.7449 dt=527.1s  
[d1_m1/U] split 0 early stop at epoch 14
[d1_m1/U] split 0 DONE best_valid_mae=28.8420 test_mae=30.0368 split_dt=7538.0s
[d1_m1/U] DONE mean_test_mae=30.0368 total=7538.0s peak_gpu_mem=905.8MB
[d1_m1/U] metrics saved -> /home/snirhordan/ito/RandomSearchNNs/runs/qm9_rwnn/_stage/m16/U/split2/U/metrics.json
