# cmd: /home/snirhordan/miniconda3/envs/rwnn/bin/python3 -u /home/snirhordan/ito/RandomSearchNNs/quickstart/train_qm9.py --target Cv --walk_type walk_ada --distances 1 --mol_edge_feat 1 --epochs 15 --early_stopping 4 --n_splits 1 --batch_size 128 --h_dim 128 --num_layers 2 --m 8 --w 8 --reduce mean --seed 42 --num_workers 4 --device_idx 0 --out_root /home/snirhordan/ito/RandomSearchNNs/runs/qm9_rwnn/_stage --run_subdir m8/Cv/split0 --limit 0
# gpu: 2 seed: 42 (CVD=2)
[d1_m1/Cv] device=cuda:0 seed=42 cwd=/home/snirhordan/ito/RandomSearchNNs
[d1_m1/Cv] loading preprocessed cache from data/qm9/qm9_d_rwnn_cache/mols_Cv.pt
/home/snirhordan/ito/RandomSearchNNs/quickstart/train_qm9.py:357: FutureWarning: You are using `torch.load` with `weights_only=False` (the current default value), which uses the default pickle module implicitly. It is possible to construct malicious pickle data which will execute arbitrary code during unpickling (See https://github.com/pytorch/pytorch/blob/main/SECURITY.md#untrusted-models for more details). In a future release, the default value for `weights_only` will be flipped to `True`. This limits the functions that could be executed during unpickling. Arbitrary objects will no longer be allowed to be loaded via this mode unless they are explicitly allowlisted by the user via `torch.serialization.add_safe_globals`. We recommend you start setting `weights_only=True` for any use case where you don't have full control of the loaded file. Please open an issue on GitHub for any issues related to this experimental feature.
  mols = torch.load(cache_path)
/home/snirhordan/ito/RandomSearchNNs/quickstart/train_qm9.py:358: FutureWarning: You are using `torch.load` with `weights_only=False` (the current default value), which uses the default pickle module implicitly. It is possible to construct malicious pickle data which will execute arbitrary code during unpickling (See https://github.com/pytorch/pytorch/blob/main/SECURITY.md#untrusted-models for more details). In a future release, the default value for `weights_only` will be flipped to `True`. This limits the functions that could be executed during unpickling. Arbitrary objects will no longer be allowed to be loaded via this mode unless they are explicitly allowlisted by the user via `torch.serialization.add_safe_globals`. We recommend you start setting `weights_only=True` for any use case where you don't have full control of the loaded file. Please open an issue on GitHub for any issues related to this experimental feature.
  vocab = torch.load(vocab_path)
[d1_m1/Cv] loaded cache (130831 mols, vocab={'C': 0, 'F': 1, 'H': 2, 'N': 3, 'O': 4, 'PAD': 5}), dt=73.8s
[d1_m1/Cv] max_len=29
[d1_m1/Cv] target stats: mean=31.6204 std=4.0676
[d1_m1/Cv] pe_in_dim=35 pe_out_dim=16 vocab_size=6
[d1_m1/Cv] split 0: train=78498 valid=26166 test=26167
[d1_m1/Cv] split 0 epoch   0 train_mse=0.2220 valid_mae=0.9174 dt=400.8s *
[d1_m1/Cv] split 0 epoch   1 train_mse=0.0792 valid_mae=0.8857 dt=395.4s *
[d1_m1/Cv] split 0 epoch   2 train_mse=0.0656 valid_mae=0.7358 dt=394.5s *
[d1_m1/Cv] split 0 epoch   3 train_mse=0.0575 valid_mae=0.7032 dt=394.6s *
[d1_m1/Cv] split 0 epoch   4 train_mse=0.0515 valid_mae=0.7056 dt=396.3s  
[d1_m1/Cv] split 0 epoch   5 train_mse=0.0479 valid_mae=0.6369 dt=394.6s *
[d1_m1/Cv] split 0 epoch   6 train_mse=0.0444 valid_mae=0.6172 dt=394.5s *
[d1_m1/Cv] split 0 epoch   7 train_mse=0.0420 valid_mae=0.5864 dt=395.1s *
[d1_m1/Cv] split 0 epoch   8 train_mse=0.0391 valid_mae=0.5873 dt=394.6s  
[d1_m1/Cv] split 0 epoch   9 train_mse=0.0375 valid_mae=0.5552 dt=395.2s *
[d1_m1/Cv] split 0 epoch  10 train_mse=0.0356 valid_mae=0.5875 dt=395.0s  
[d1_m1/Cv] split 0 epoch  11 train_mse=0.0346 valid_mae=0.6955 dt=394.1s  
[d1_m1/Cv] split 0 epoch  12 train_mse=0.0327 valid_mae=0.6381 dt=393.4s  
[d1_m1/Cv] split 0 epoch  13 train_mse=0.0325 valid_mae=0.5466 dt=393.7s *
[d1_m1/Cv] split 0 epoch  14 train_mse=0.0305 valid_mae=0.5355 dt=393.8s *
[d1_m1/Cv] split 0 DONE best_valid_mae=0.5355 test_mae=0.5387 split_dt=6022.3s
[d1_m1/Cv] DONE mean_test_mae=0.5387 total=6022.3s peak_gpu_mem=481.0MB
[d1_m1/Cv] metrics saved -> /home/snirhordan/ito/RandomSearchNNs/runs/qm9_rwnn/_stage/m8/Cv/split0/Cv/metrics.json
