# cmd: /home/snirhordan/miniconda3/envs/rwnn/bin/python3 -u /home/snirhordan/ito/RandomSearchNNs/quickstart/train_qm9.py --target homo --walk_type walk_ada --distances 1 --mol_edge_feat 1 --epochs 15 --early_stopping 4 --n_splits 1 --batch_size 128 --h_dim 128 --num_layers 2 --m 16 --w 8 --reduce mean --seed 44 --num_workers 4 --device_idx 0 --out_root /home/snirhordan/ito/RandomSearchNNs/runs/qm9_rwnn/_stage --run_subdir m16/homo/split2 --limit 0
# gpu: 3 seed: 44
[d1_m1/homo] device=cuda:0 seed=44 cwd=/home/snirhordan/ito/RandomSearchNNs
[d1_m1/homo] loading preprocessed cache from data/qm9/qm9_d_rwnn_cache/mols_homo.pt
/home/snirhordan/ito/RandomSearchNNs/quickstart/train_qm9.py:357: FutureWarning: You are using `torch.load` with `weights_only=False` (the current default value), which uses the default pickle module implicitly. It is possible to construct malicious pickle data which will execute arbitrary code during unpickling (See https://github.com/pytorch/pytorch/blob/main/SECURITY.md#untrusted-models for more details). In a future release, the default value for `weights_only` will be flipped to `True`. This limits the functions that could be executed during unpickling. Arbitrary objects will no longer be allowed to be loaded via this mode unless they are explicitly allowlisted by the user via `torch.serialization.add_safe_globals`. We recommend you start setting `weights_only=True` for any use case where you don't have full control of the loaded file. Please open an issue on GitHub for any issues related to this experimental feature.
  mols = torch.load(cache_path)
/home/snirhordan/ito/RandomSearchNNs/quickstart/train_qm9.py:358: FutureWarning: You are using `torch.load` with `weights_only=False` (the current default value), which uses the default pickle module implicitly. It is possible to construct malicious pickle data which will execute arbitrary code during unpickling (See https://github.com/pytorch/pytorch/blob/main/SECURITY.md#untrusted-models for more details). In a future release, the default value for `weights_only` will be flipped to `True`. This limits the functions that could be executed during unpickling. Arbitrary objects will no longer be allowed to be loaded via this mode unless they are explicitly allowlisted by the user via `torch.serialization.add_safe_globals`. We recommend you start setting `weights_only=True` for any use case where you don't have full control of the loaded file. Please open an issue on GitHub for any issues related to this experimental feature.
  vocab = torch.load(vocab_path)
[d1_m1/homo] loaded cache (130831 mols, vocab={'C': 0, 'F': 1, 'H': 2, 'N': 3, 'O': 4, 'PAD': 5}), dt=45.9s
[d1_m1/homo] max_len=29
[d1_m1/homo] target stats: mean=-6.5365 std=0.5977
[d1_m1/homo] pe_in_dim=35 pe_out_dim=16 vocab_size=6
[d1_m1/homo] split 0: train=78498 valid=26166 test=26167
[d1_m1/homo] split 0 epoch   0 train_mse=0.4433 valid_mae=0.2244 dt=740.3s *
[d1_m1/homo] split 0 epoch   1 train_mse=0.2190 valid_mae=0.1942 dt=740.7s *
[d1_m1/homo] split 0 epoch   2 train_mse=0.1813 valid_mae=0.1878 dt=740.2s *
[d1_m1/homo] split 0 epoch   3 train_mse=0.1611 valid_mae=0.1793 dt=739.4s *
[d1_m1/homo] split 0 epoch   4 train_mse=0.1485 valid_mae=0.1693 dt=737.8s *
[d1_m1/homo] split 0 epoch   5 train_mse=0.1341 valid_mae=0.1639 dt=740.7s *
[d1_m1/homo] split 0 epoch   6 train_mse=0.1236 valid_mae=0.1664 dt=740.5s  
[d1_m1/homo] split 0 epoch   7 train_mse=0.1146 valid_mae=0.1505 dt=739.1s *
[d1_m1/homo] split 0 epoch   8 train_mse=0.1071 valid_mae=0.1565 dt=739.6s  
[d1_m1/homo] split 0 epoch   9 train_mse=0.1008 valid_mae=0.1450 dt=737.9s *
[d1_m1/homo] split 0 epoch  10 train_mse=0.0972 valid_mae=0.1386 dt=738.0s *
[d1_m1/homo] split 0 epoch  11 train_mse=0.0930 valid_mae=0.1331 dt=740.5s *
[d1_m1/homo] split 0 epoch  12 train_mse=0.0897 valid_mae=0.1308 dt=741.0s *
[d1_m1/homo] split 0 epoch  13 train_mse=0.0863 valid_mae=0.1340 dt=737.3s  
[d1_m1/homo] split 0 epoch  14 train_mse=0.0821 valid_mae=0.1287 dt=738.2s *
[d1_m1/homo] split 0 DONE best_valid_mae=0.1287 test_mae=0.1287 split_dt=11268.6s
[d1_m1/homo] DONE mean_test_mae=0.1287 total=11268.6s peak_gpu_mem=905.3MB
[d1_m1/homo] metrics saved -> /home/snirhordan/ito/RandomSearchNNs/runs/qm9_rwnn/_stage/m16/homo/split2/homo/metrics.json
