# cmd: /home/snirhordan/miniconda3/envs/rwnn/bin/python3 -u quickstart/train_qm9.py --target gap --walk_type search --distances 0 --mol_edge_feat 0 --epochs 10 --early_stopping 3 --n_splits 1 --batch_size 128 --h_dim 128 --num_layers 2 --m 16 --w 8 --reduce mean --seed 44 --num_workers 4 --device_idx 0 --out_root /home/snirhordan/ito/RandomSearchNNs/runs/qm9_rsnn/_stage --run_subdir m16/gap/split2 --limit 0
# gpu: 0
# seed: 44
[d0_m0/gap] device=cuda:0 seed=44 cwd=/home/snirhordan/ito/RandomSearchNNs
[d0_m0/gap] loading preprocessed cache from data/qm9/qm9_d_rwnn_cache/mols_gap.pt
/home/snirhordan/ito/RandomSearchNNs/quickstart/train_qm9.py:357: FutureWarning: You are using `torch.load` with `weights_only=False` (the current default value), which uses the default pickle module implicitly. It is possible to construct malicious pickle data which will execute arbitrary code during unpickling (See https://github.com/pytorch/pytorch/blob/main/SECURITY.md#untrusted-models for more details). In a future release, the default value for `weights_only` will be flipped to `True`. This limits the functions that could be executed during unpickling. Arbitrary objects will no longer be allowed to be loaded via this mode unless they are explicitly allowlisted by the user via `torch.serialization.add_safe_globals`. We recommend you start setting `weights_only=True` for any use case where you don't have full control of the loaded file. Please open an issue on GitHub for any issues related to this experimental feature.
  mols = torch.load(cache_path)
/home/snirhordan/ito/RandomSearchNNs/quickstart/train_qm9.py:358: FutureWarning: You are using `torch.load` with `weights_only=False` (the current default value), which uses the default pickle module implicitly. It is possible to construct malicious pickle data which will execute arbitrary code during unpickling (See https://github.com/pytorch/pytorch/blob/main/SECURITY.md#untrusted-models for more details). In a future release, the default value for `weights_only` will be flipped to `True`. This limits the functions that could be executed during unpickling. Arbitrary objects will no longer be allowed to be loaded via this mode unless they are explicitly allowlisted by the user via `torch.serialization.add_safe_globals`. We recommend you start setting `weights_only=True` for any use case where you don't have full control of the loaded file. Please open an issue on GitHub for any issues related to this experimental feature.
  vocab = torch.load(vocab_path)
[d0_m0/gap] loaded cache (130831 mols, vocab={'C': 0, 'F': 1, 'H': 2, 'N': 3, 'O': 4, 'PAD': 5}), dt=46.0s
[d0_m0/gap] max_len=29
[d0_m0/gap] target stats: mean=6.8585 std=1.2842
[d0_m0/gap] pe_in_dim=8 pe_out_dim=16 vocab_size=6
[d0_m0/gap] split 0: train=78498 valid=26166 test=26167
[d0_m0/gap] split 0 epoch   0 train_mse=0.3968 valid_mae=0.4705 dt=237.1s *
[d0_m0/gap] split 0 epoch   1 train_mse=0.1698 valid_mae=0.3457 dt=235.5s *
[d0_m0/gap] split 0 epoch   2 train_mse=0.1134 valid_mae=0.3021 dt=235.9s *
[d0_m0/gap] split 0 epoch   3 train_mse=0.0936 valid_mae=0.2732 dt=236.7s *
[d0_m0/gap] split 0 epoch   4 train_mse=0.0803 valid_mae=0.2530 dt=236.2s *
[d0_m0/gap] split 0 epoch   5 train_mse=0.0716 valid_mae=0.2439 dt=236.3s *
[d0_m0/gap] split 0 epoch   6 train_mse=0.0658 valid_mae=0.2368 dt=236.1s *
[d0_m0/gap] split 0 epoch   7 train_mse=0.0596 valid_mae=0.2316 dt=235.1s *
[d0_m0/gap] split 0 epoch   8 train_mse=0.0539 valid_mae=0.2195 dt=236.7s *
[d0_m0/gap] split 0 epoch   9 train_mse=0.0518 valid_mae=0.2162 dt=236.3s *
[d0_m0/gap] split 0 DONE best_valid_mae=0.2162 test_mae=0.2150 split_dt=2419.7s
[d0_m0/gap] DONE mean_test_mae=0.2150 total=2419.8s peak_gpu_mem=910.8MB
[d0_m0/gap] metrics saved -> /home/snirhordan/ito/RandomSearchNNs/runs/qm9_rsnn/_stage/m16/gap/split2/gap/metrics.json
