[d1_m0/G] device=cuda:0 seed=42 cwd=/home/snirhordan/ito/RandomSearchNNs
[d1_m0/G] loading preprocessed cache from data/qm9/qm9_d_rwnn_cache/mols_G.pt
/home/snirhordan/ito/RandomSearchNNs/quickstart/train_qm9.py:336: FutureWarning: You are using `torch.load` with `weights_only=False` (the current default value), which uses the default pickle module implicitly. It is possible to construct malicious pickle data which will execute arbitrary code during unpickling (See https://github.com/pytorch/pytorch/blob/main/SECURITY.md#untrusted-models for more details). In a future release, the default value for `weights_only` will be flipped to `True`. This limits the functions that could be executed during unpickling. Arbitrary objects will no longer be allowed to be loaded via this mode unless they are explicitly allowlisted by the user via `torch.serialization.add_safe_globals`. We recommend you start setting `weights_only=True` for any use case where you don't have full control of the loaded file. Please open an issue on GitHub for any issues related to this experimental feature.
  mols = torch.load(cache_path)
/home/snirhordan/ito/RandomSearchNNs/quickstart/train_qm9.py:337: FutureWarning: You are using `torch.load` with `weights_only=False` (the current default value), which uses the default pickle module implicitly. It is possible to construct malicious pickle data which will execute arbitrary code during unpickling (See https://github.com/pytorch/pytorch/blob/main/SECURITY.md#untrusted-models for more details). In a future release, the default value for `weights_only` will be flipped to `True`. This limits the functions that could be executed during unpickling. Arbitrary objects will no longer be allowed to be loaded via this mode unless they are explicitly allowlisted by the user via `torch.serialization.add_safe_globals`. We recommend you start setting `weights_only=True` for any use case where you don't have full control of the loaded file. Please open an issue on GitHub for any issues related to this experimental feature.
  vocab = torch.load(vocab_path)
[d1_m0/G] loaded cache (130831 mols, vocab={'C': 0, 'F': 1, 'H': 2, 'N': 3, 'O': 4, 'PAD': 5}), dt=51.5s
[d1_m0/G] max_len=29
[d1_m0/G] target stats: mean=-11179.8770 std=1085.5924
[d1_m0/G] pe_in_dim=32 pe_out_dim=16 vocab_size=6
[d1_m0/G] split 0: train=78498 valid=26166 test=26167
[d1_m0/G] split 0 epoch   0 train_mse=0.2520 valid_mae=234.8717 dt=261.7s *
[d1_m0/G] split 0 epoch   1 train_mse=0.1164 valid_mae=187.8462 dt=257.9s *
[d1_m0/G] split 0 epoch   2 train_mse=0.1111 valid_mae=213.2799 dt=258.8s  
[d1_m0/G] split 0 epoch   3 train_mse=0.1023 valid_mae=167.0500 dt=257.3s *
[d1_m0/G] split 0 epoch   4 train_mse=0.1014 valid_mae=178.2841 dt=257.6s  
[d1_m0/G] split 0 epoch   5 train_mse=0.1010 valid_mae=168.1906 dt=258.1s  
[d1_m0/G] split 0 epoch   6 train_mse=0.0974 valid_mae=159.8380 dt=257.4s *
[d1_m0/G] split 0 epoch   7 train_mse=0.0984 valid_mae=203.0637 dt=256.5s  
[d1_m0/G] split 0 epoch   8 train_mse=0.0992 valid_mae=160.8088 dt=256.9s  
[d1_m0/G] split 0 epoch   9 train_mse=0.0943 valid_mae=143.9774 dt=255.5s *
[d1_m0/G] split 0 epoch  10 train_mse=0.0958 valid_mae=161.8176 dt=254.9s  
[d1_m0/G] split 0 epoch  11 train_mse=0.0925 valid_mae=144.6460 dt=256.3s  
[d1_m0/G] split 0 epoch  12 train_mse=0.0915 valid_mae=145.5128 dt=255.0s  
[d1_m0/G] split 0 epoch  13 train_mse=0.0892 valid_mae=158.6877 dt=255.7s  
[d1_m0/G] split 0 early stop at epoch 14
[d1_m0/G] split 0 DONE best_valid_mae=143.9774 test_mae=143.1801 split_dt=3661.3s
[d1_m0/G] DONE mean_test_mae=143.1801 total=3661.3s peak_gpu_mem=479.1MB
[d1_m0/G] metrics saved -> runs/qm9/d1_m0/G/metrics.json
