[d0_m0/alpha] device=cuda:0 seed=42 cwd=/home/snirhordan/ito/RandomSearchNNs
[d0_m0/alpha] loading preprocessed cache from data/qm9/qm9_d_rwnn_cache/mols_alpha.pt
/home/snirhordan/ito/RandomSearchNNs/quickstart/train_qm9.py:336: FutureWarning: You are using `torch.load` with `weights_only=False` (the current default value), which uses the default pickle module implicitly. It is possible to construct malicious pickle data which will execute arbitrary code during unpickling (See https://github.com/pytorch/pytorch/blob/main/SECURITY.md#untrusted-models for more details). In a future release, the default value for `weights_only` will be flipped to `True`. This limits the functions that could be executed during unpickling. Arbitrary objects will no longer be allowed to be loaded via this mode unless they are explicitly allowlisted by the user via `torch.serialization.add_safe_globals`. We recommend you start setting `weights_only=True` for any use case where you don't have full control of the loaded file. Please open an issue on GitHub for any issues related to this experimental feature.
  mols = torch.load(cache_path)
/home/snirhordan/ito/RandomSearchNNs/quickstart/train_qm9.py:337: FutureWarning: You are using `torch.load` with `weights_only=False` (the current default value), which uses the default pickle module implicitly. It is possible to construct malicious pickle data which will execute arbitrary code during unpickling (See https://github.com/pytorch/pytorch/blob/main/SECURITY.md#untrusted-models for more details). In a future release, the default value for `weights_only` will be flipped to `True`. This limits the functions that could be executed during unpickling. Arbitrary objects will no longer be allowed to be loaded via this mode unless they are explicitly allowlisted by the user via `torch.serialization.add_safe_globals`. We recommend you start setting `weights_only=True` for any use case where you don't have full control of the loaded file. Please open an issue on GitHub for any issues related to this experimental feature.
  vocab = torch.load(vocab_path)
[d0_m0/alpha] loaded cache (130831 mols, vocab={'C': 0, 'F': 1, 'H': 2, 'N': 3, 'O': 4, 'PAD': 5}), dt=47.8s
[d0_m0/alpha] max_len=29
[d0_m0/alpha] target stats: mean=75.2812 std=8.1738
[d0_m0/alpha] pe_in_dim=16 pe_out_dim=16 vocab_size=6
[d0_m0/alpha] split 0: train=78498 valid=26166 test=26167
[d0_m0/alpha] split 0 epoch   0 train_mse=0.2170 valid_mae=2.2191 dt=234.6s *
[d0_m0/alpha] split 0 epoch   1 train_mse=0.1210 valid_mae=2.1846 dt=231.1s *
[d0_m0/alpha] split 0 epoch   2 train_mse=0.1075 valid_mae=1.8281 dt=231.7s *
[d0_m0/alpha] split 0 epoch   3 train_mse=0.1018 valid_mae=1.9365 dt=231.7s  
[d0_m0/alpha] split 0 epoch   4 train_mse=0.0967 valid_mae=1.9184 dt=230.4s  
[d0_m0/alpha] split 0 epoch   5 train_mse=0.0921 valid_mae=1.7239 dt=231.1s *
[d0_m0/alpha] split 0 epoch   6 train_mse=0.0882 valid_mae=1.6319 dt=231.0s *
[d0_m0/alpha] split 0 epoch   7 train_mse=0.0863 valid_mae=1.7622 dt=231.1s  
[d0_m0/alpha] split 0 epoch   8 train_mse=0.0824 valid_mae=1.5964 dt=230.9s *
[d0_m0/alpha] split 0 epoch   9 train_mse=0.0785 valid_mae=1.5874 dt=230.6s *
[d0_m0/alpha] split 0 epoch  10 train_mse=0.0750 valid_mae=1.6069 dt=230.8s  
[d0_m0/alpha] split 0 epoch  11 train_mse=0.0744 valid_mae=1.6764 dt=231.2s  
[d0_m0/alpha] split 0 epoch  12 train_mse=0.0715 valid_mae=1.4729 dt=230.8s *
[d0_m0/alpha] split 0 epoch  13 train_mse=0.0683 valid_mae=1.4875 dt=231.1s  
[d0_m0/alpha] split 0 epoch  14 train_mse=0.0669 valid_mae=1.4276 dt=230.1s *
[d0_m0/alpha] split 0 DONE best_valid_mae=1.4276 test_mae=1.4196 split_dt=3524.8s
[d0_m0/alpha] DONE mean_test_mae=1.4196 total=3524.8s peak_gpu_mem=475.1MB
[d0_m0/alpha] metrics saved -> runs/qm9/d0_m0/alpha/metrics.json
