# cmd: /home/snirhordan/miniconda3/envs/rwnn/bin/python3 -u /home/snirhordan/ito/RandomSearchNNs/quickstart/train_qm9.py --target G --walk_type walk_ada --distances 1 --mol_edge_feat 1 --epochs 15 --early_stopping 4 --n_splits 1 --batch_size 128 --h_dim 128 --num_layers 2 --m 8 --w 8 --reduce mean --seed 44 --num_workers 4 --device_idx 0 --out_root /home/snirhordan/ito/RandomSearchNNs/runs/qm9_rwnn/_stage --run_subdir m8/G/split2 --limit 0
# gpu: 3 seed: 44 (CVD=3)
[d1_m1/G] device=cuda:0 seed=44 cwd=/home/snirhordan/ito/RandomSearchNNs
[d1_m1/G] loading preprocessed cache from data/qm9/qm9_d_rwnn_cache/mols_G.pt
/home/snirhordan/ito/RandomSearchNNs/quickstart/train_qm9.py:357: FutureWarning: You are using `torch.load` with `weights_only=False` (the current default value), which uses the default pickle module implicitly. It is possible to construct malicious pickle data which will execute arbitrary code during unpickling (See https://github.com/pytorch/pytorch/blob/main/SECURITY.md#untrusted-models for more details). In a future release, the default value for `weights_only` will be flipped to `True`. This limits the functions that could be executed during unpickling. Arbitrary objects will no longer be allowed to be loaded via this mode unless they are explicitly allowlisted by the user via `torch.serialization.add_safe_globals`. We recommend you start setting `weights_only=True` for any use case where you don't have full control of the loaded file. Please open an issue on GitHub for any issues related to this experimental feature.
  mols = torch.load(cache_path)
/home/snirhordan/ito/RandomSearchNNs/quickstart/train_qm9.py:358: FutureWarning: You are using `torch.load` with `weights_only=False` (the current default value), which uses the default pickle module implicitly. It is possible to construct malicious pickle data which will execute arbitrary code during unpickling (See https://github.com/pytorch/pytorch/blob/main/SECURITY.md#untrusted-models for more details). In a future release, the default value for `weights_only` will be flipped to `True`. This limits the functions that could be executed during unpickling. Arbitrary objects will no longer be allowed to be loaded via this mode unless they are explicitly allowlisted by the user via `torch.serialization.add_safe_globals`. We recommend you start setting `weights_only=True` for any use case where you don't have full control of the loaded file. Please open an issue on GitHub for any issues related to this experimental feature.
  vocab = torch.load(vocab_path)
[d1_m1/G] loaded cache (130831 mols, vocab={'C': 0, 'F': 1, 'H': 2, 'N': 3, 'O': 4, 'PAD': 5}), dt=68.3s
[d1_m1/G] max_len=29
[d1_m1/G] target stats: mean=-11179.8760 std=1085.5924
[d1_m1/G] pe_in_dim=35 pe_out_dim=16 vocab_size=6
[d1_m1/G] split 0: train=78498 valid=26166 test=26167
[d1_m1/G] split 0 epoch   0 train_mse=0.2428 valid_mae=258.4890 dt=408.4s *
[d1_m1/G] split 0 epoch   1 train_mse=0.1172 valid_mae=190.2129 dt=405.0s *
[d1_m1/G] split 0 epoch   2 train_mse=0.1094 valid_mae=158.8063 dt=403.6s *
[d1_m1/G] split 0 epoch   3 train_mse=0.1014 valid_mae=154.9936 dt=401.4s *
[d1_m1/G] split 0 epoch   4 train_mse=0.0990 valid_mae=167.6900 dt=400.6s  
[d1_m1/G] split 0 epoch   5 train_mse=0.0993 valid_mae=140.7855 dt=402.2s *
[d1_m1/G] split 0 epoch   6 train_mse=0.0979 valid_mae=172.6231 dt=402.5s  
[d1_m1/G] split 0 epoch   7 train_mse=0.0933 valid_mae=161.0096 dt=402.0s  
[d1_m1/G] split 0 epoch   8 train_mse=0.0942 valid_mae=180.4831 dt=401.3s  
[d1_m1/G] split 0 epoch   9 train_mse=0.0893 valid_mae=141.0611 dt=401.0s  
[d1_m1/G] split 0 early stop at epoch 10
[d1_m1/G] split 0 DONE best_valid_mae=140.7855 test_mae=145.1492 split_dt=4126.0s
[d1_m1/G] DONE mean_test_mae=145.1492 total=4126.1s peak_gpu_mem=477.3MB
[d1_m1/G] metrics saved -> /home/snirhordan/ito/RandomSearchNNs/runs/qm9_rwnn/_stage/m8/G/split2/G/metrics.json
