# cmd: /home/snirhordan/miniconda3/envs/rwnn/bin/python3 -u quickstart/train_qm9.py --target U0 --walk_type search --distances 0 --mol_edge_feat 0 --epochs 10 --early_stopping 3 --n_splits 1 --batch_size 128 --h_dim 128 --num_layers 2 --m 16 --w 8 --reduce mean --seed 43 --num_workers 4 --device_idx 0 --out_root /home/snirhordan/ito/RandomSearchNNs/runs/qm9_rsnn/_stage --run_subdir m16/U0/split1 --limit 0
# gpu: 0
# seed: 43
[d0_m0/U0] device=cuda:0 seed=43 cwd=/home/snirhordan/ito/RandomSearchNNs
[d0_m0/U0] loading preprocessed cache from data/qm9/qm9_d_rwnn_cache/mols_U0.pt
/home/snirhordan/ito/RandomSearchNNs/quickstart/train_qm9.py:357: FutureWarning: You are using `torch.load` with `weights_only=False` (the current default value), which uses the default pickle module implicitly. It is possible to construct malicious pickle data which will execute arbitrary code during unpickling (See https://github.com/pytorch/pytorch/blob/main/SECURITY.md#untrusted-models for more details). In a future release, the default value for `weights_only` will be flipped to `True`. This limits the functions that could be executed during unpickling. Arbitrary objects will no longer be allowed to be loaded via this mode unless they are explicitly allowlisted by the user via `torch.serialization.add_safe_globals`. We recommend you start setting `weights_only=True` for any use case where you don't have full control of the loaded file. Please open an issue on GitHub for any issues related to this experimental feature.
  mols = torch.load(cache_path)
/home/snirhordan/ito/RandomSearchNNs/quickstart/train_qm9.py:358: FutureWarning: You are using `torch.load` with `weights_only=False` (the current default value), which uses the default pickle module implicitly. It is possible to construct malicious pickle data which will execute arbitrary code during unpickling (See https://github.com/pytorch/pytorch/blob/main/SECURITY.md#untrusted-models for more details). In a future release, the default value for `weights_only` will be flipped to `True`. This limits the functions that could be executed during unpickling. Arbitrary objects will no longer be allowed to be loaded via this mode unless they are explicitly allowlisted by the user via `torch.serialization.add_safe_globals`. We recommend you start setting `weights_only=True` for any use case where you don't have full control of the loaded file. Please open an issue on GitHub for any issues related to this experimental feature.
  vocab = torch.load(vocab_path)
[d0_m0/U0] loaded cache (130831 mols, vocab={'C': 0, 'F': 1, 'H': 2, 'N': 3, 'O': 4, 'PAD': 5}), dt=47.3s
[d0_m0/U0] max_len=29
[d0_m0/U0] target stats: mean=-11178.9668 std=1085.5787
[d0_m0/U0] pe_in_dim=8 pe_out_dim=16 vocab_size=6
[d0_m0/U0] split 0: train=78498 valid=26166 test=26167
[d0_m0/U0] split 0 epoch   0 train_mse=0.0818 valid_mae=143.4645 dt=233.1s *
[d0_m0/U0] split 0 epoch   1 train_mse=0.0037 valid_mae=15.9024 dt=230.7s *
[d0_m0/U0] split 0 epoch   2 train_mse=0.0064 valid_mae=16.6644 dt=230.8s  
[d0_m0/U0] split 0 epoch   3 train_mse=0.0017 valid_mae=13.4120 dt=230.0s *
[d0_m0/U0] split 0 epoch   4 train_mse=0.0043 valid_mae=54.1004 dt=231.3s  
[d0_m0/U0] split 0 epoch   5 train_mse=0.0033 valid_mae=12.9840 dt=231.4s *
[d0_m0/U0] split 0 epoch   6 train_mse=0.0007 valid_mae=22.7501 dt=230.5s  
[d0_m0/U0] split 0 epoch   7 train_mse=0.0018 valid_mae=16.3430 dt=231.4s  
[d0_m0/U0] split 0 epoch   8 train_mse=0.0014 valid_mae=69.0036 dt=231.4s  
[d0_m0/U0] split 0 early stop at epoch 9
[d0_m0/U0] split 0 DONE best_valid_mae=12.9840 test_mae=12.8902 split_dt=2138.2s
[d0_m0/U0] DONE mean_test_mae=12.8902 total=2138.3s peak_gpu_mem=905.9MB
[d0_m0/U0] metrics saved -> /home/snirhordan/ito/RandomSearchNNs/runs/qm9_rsnn/_stage/m16/U0/split1/U0/metrics.json
