[d0_m1/H] device=cuda:0 seed=42 cwd=/home/snirhordan/ito/RandomSearchNNs
[d0_m1/H] loading preprocessed cache from data/qm9/qm9_d_rwnn_cache/mols_H.pt
/home/snirhordan/ito/RandomSearchNNs/quickstart/train_qm9.py:336: FutureWarning: You are using `torch.load` with `weights_only=False` (the current default value), which uses the default pickle module implicitly. It is possible to construct malicious pickle data which will execute arbitrary code during unpickling (See https://github.com/pytorch/pytorch/blob/main/SECURITY.md#untrusted-models for more details). In a future release, the default value for `weights_only` will be flipped to `True`. This limits the functions that could be executed during unpickling. Arbitrary objects will no longer be allowed to be loaded via this mode unless they are explicitly allowlisted by the user via `torch.serialization.add_safe_globals`. We recommend you start setting `weights_only=True` for any use case where you don't have full control of the loaded file. Please open an issue on GitHub for any issues related to this experimental feature.
  mols = torch.load(cache_path)
/home/snirhordan/ito/RandomSearchNNs/quickstart/train_qm9.py:337: FutureWarning: You are using `torch.load` with `weights_only=False` (the current default value), which uses the default pickle module implicitly. It is possible to construct malicious pickle data which will execute arbitrary code during unpickling (See https://github.com/pytorch/pytorch/blob/main/SECURITY.md#untrusted-models for more details). In a future release, the default value for `weights_only` will be flipped to `True`. This limits the functions that could be executed during unpickling. Arbitrary objects will no longer be allowed to be loaded via this mode unless they are explicitly allowlisted by the user via `torch.serialization.add_safe_globals`. We recommend you start setting `weights_only=True` for any use case where you don't have full control of the loaded file. Please open an issue on GitHub for any issues related to this experimental feature.
  vocab = torch.load(vocab_path)
[d0_m1/H] loaded cache (130831 mols, vocab={'C': 0, 'F': 1, 'H': 2, 'N': 3, 'O': 4, 'PAD': 5}), dt=50.9s
[d0_m1/H] max_len=29
[d0_m1/H] target stats: mean=-11178.7100 std=1085.5728
[d0_m1/H] pe_in_dim=19 pe_out_dim=16 vocab_size=6
[d0_m1/H] split 0: train=78498 valid=26166 test=26167
[d0_m1/H] split 0 epoch   0 train_mse=0.2634 valid_mae=245.4358 dt=253.2s *
[d0_m1/H] split 0 epoch   1 train_mse=0.1142 valid_mae=157.7083 dt=250.0s *
[d0_m1/H] split 0 epoch   2 train_mse=0.1060 valid_mae=188.7783 dt=249.9s  
[d0_m1/H] split 0 epoch   3 train_mse=0.1008 valid_mae=169.6166 dt=249.7s  
[d0_m1/H] split 0 epoch   4 train_mse=0.1037 valid_mae=184.8922 dt=249.4s  
[d0_m1/H] split 0 epoch   5 train_mse=0.0968 valid_mae=212.8451 dt=249.7s  
[d0_m1/H] split 0 early stop at epoch 6
[d0_m1/H] split 0 DONE best_valid_mae=157.7083 test_mae=157.5960 split_dt=1562.6s
[d0_m1/H] DONE mean_test_mae=157.5960 total=1562.6s peak_gpu_mem=477.5MB
[d0_m1/H] metrics saved -> runs/qm9/d0_m1/H/metrics.json
