[d0_m1/zpve] device=cuda:0 seed=42 cwd=/home/snirhordan/ito/RandomSearchNNs
[d0_m1/zpve] loading preprocessed cache from data/qm9/qm9_d_rwnn_cache/mols_zpve.pt
/home/snirhordan/ito/RandomSearchNNs/quickstart/train_qm9.py:336: FutureWarning: You are using `torch.load` with `weights_only=False` (the current default value), which uses the default pickle module implicitly. It is possible to construct malicious pickle data which will execute arbitrary code during unpickling (See https://github.com/pytorch/pytorch/blob/main/SECURITY.md#untrusted-models for more details). In a future release, the default value for `weights_only` will be flipped to `True`. This limits the functions that could be executed during unpickling. Arbitrary objects will no longer be allowed to be loaded via this mode unless they are explicitly allowlisted by the user via `torch.serialization.add_safe_globals`. We recommend you start setting `weights_only=True` for any use case where you don't have full control of the loaded file. Please open an issue on GitHub for any issues related to this experimental feature.
  mols = torch.load(cache_path)
/home/snirhordan/ito/RandomSearchNNs/quickstart/train_qm9.py:337: FutureWarning: You are using `torch.load` with `weights_only=False` (the current default value), which uses the default pickle module implicitly. It is possible to construct malicious pickle data which will execute arbitrary code during unpickling (See https://github.com/pytorch/pytorch/blob/main/SECURITY.md#untrusted-models for more details). In a future release, the default value for `weights_only` will be flipped to `True`. This limits the functions that could be executed during unpickling. Arbitrary objects will no longer be allowed to be loaded via this mode unless they are explicitly allowlisted by the user via `torch.serialization.add_safe_globals`. We recommend you start setting `weights_only=True` for any use case where you don't have full control of the loaded file. Please open an issue on GitHub for any issues related to this experimental feature.
  vocab = torch.load(vocab_path)
[d0_m1/zpve] loaded cache (130831 mols, vocab={'C': 0, 'F': 1, 'H': 2, 'N': 3, 'O': 4, 'PAD': 5}), dt=52.8s
[d0_m1/zpve] max_len=29
[d0_m1/zpve] target stats: mean=4.0569 std=0.9017
[d0_m1/zpve] pe_in_dim=19 pe_out_dim=16 vocab_size=6
[d0_m1/zpve] split 0: train=78498 valid=26166 test=26167
[d0_m1/zpve] split 0 epoch   0 train_mse=0.0467 valid_mae=0.0575 dt=254.5s *
[d0_m1/zpve] split 0 epoch   1 train_mse=0.0084 valid_mae=0.0600 dt=252.0s  
[d0_m1/zpve] split 0 epoch   2 train_mse=0.0070 valid_mae=0.0476 dt=251.7s *
[d0_m1/zpve] split 0 epoch   3 train_mse=0.0056 valid_mae=0.0913 dt=251.3s  
[d0_m1/zpve] split 0 epoch   4 train_mse=0.0056 valid_mae=0.0430 dt=250.9s *
[d0_m1/zpve] split 0 epoch   5 train_mse=0.0042 valid_mae=0.0547 dt=251.4s  
[d0_m1/zpve] split 0 epoch   6 train_mse=0.0043 valid_mae=0.0349 dt=252.1s *
[d0_m1/zpve] split 0 epoch   7 train_mse=0.0037 valid_mae=0.0360 dt=251.9s  
[d0_m1/zpve] split 0 epoch   8 train_mse=0.0036 valid_mae=0.0361 dt=250.9s  
[d0_m1/zpve] split 0 epoch   9 train_mse=0.0036 valid_mae=0.0353 dt=251.9s  
[d0_m1/zpve] split 0 epoch  10 train_mse=0.0031 valid_mae=0.0353 dt=250.7s  
[d0_m1/zpve] split 0 early stop at epoch 11
[d0_m1/zpve] split 0 DONE best_valid_mae=0.0349 test_mae=0.0351 split_dt=2830.4s
[d0_m1/zpve] DONE mean_test_mae=0.0351 total=2830.4s peak_gpu_mem=477.5MB
[d0_m1/zpve] metrics saved -> runs/qm9/d0_m1/zpve/metrics.json
