# cmd: /home/snirhordan/miniconda3/envs/rwnn/bin/python3 -u /home/snirhordan/ito/RandomSearchNNs/quickstart/train_qm9.py --target Cv --walk_type walk_ada --distances 1 --mol_edge_feat 1 --epochs 15 --early_stopping 4 --n_splits 1 --batch_size 128 --h_dim 128 --num_layers 2 --m 16 --w 8 --reduce mean --seed 43 --num_workers 4 --device_idx 0 --out_root /home/snirhordan/ito/RandomSearchNNs/runs/qm9_rwnn/_stage --run_subdir m16/Cv/split1 --limit 0
# gpu: 0 seed: 43 (CVD=0)
[d1_m1/Cv] device=cuda:0 seed=43 cwd=/home/snirhordan/ito/RandomSearchNNs
[d1_m1/Cv] loading preprocessed cache from data/qm9/qm9_d_rwnn_cache/mols_Cv.pt
/home/snirhordan/ito/RandomSearchNNs/quickstart/train_qm9.py:357: FutureWarning: You are using `torch.load` with `weights_only=False` (the current default value), which uses the default pickle module implicitly. It is possible to construct malicious pickle data which will execute arbitrary code during unpickling (See https://github.com/pytorch/pytorch/blob/main/SECURITY.md#untrusted-models for more details). In a future release, the default value for `weights_only` will be flipped to `True`. This limits the functions that could be executed during unpickling. Arbitrary objects will no longer be allowed to be loaded via this mode unless they are explicitly allowlisted by the user via `torch.serialization.add_safe_globals`. We recommend you start setting `weights_only=True` for any use case where you don't have full control of the loaded file. Please open an issue on GitHub for any issues related to this experimental feature.
  mols = torch.load(cache_path)
/home/snirhordan/ito/RandomSearchNNs/quickstart/train_qm9.py:358: FutureWarning: You are using `torch.load` with `weights_only=False` (the current default value), which uses the default pickle module implicitly. It is possible to construct malicious pickle data which will execute arbitrary code during unpickling (See https://github.com/pytorch/pytorch/blob/main/SECURITY.md#untrusted-models for more details). In a future release, the default value for `weights_only` will be flipped to `True`. This limits the functions that could be executed during unpickling. Arbitrary objects will no longer be allowed to be loaded via this mode unless they are explicitly allowlisted by the user via `torch.serialization.add_safe_globals`. We recommend you start setting `weights_only=True` for any use case where you don't have full control of the loaded file. Please open an issue on GitHub for any issues related to this experimental feature.
  vocab = torch.load(vocab_path)
[d1_m1/Cv] loaded cache (130831 mols, vocab={'C': 0, 'F': 1, 'H': 2, 'N': 3, 'O': 4, 'PAD': 5}), dt=34.8s
[d1_m1/Cv] max_len=29
[d1_m1/Cv] target stats: mean=31.6204 std=4.0676
[d1_m1/Cv] pe_in_dim=35 pe_out_dim=16 vocab_size=6
[d1_m1/Cv] split 0: train=78498 valid=26166 test=26167
[d1_m1/Cv] split 0 epoch   0 train_mse=0.1708 valid_mae=1.1225 dt=538.8s *
[d1_m1/Cv] split 0 epoch   1 train_mse=0.0463 valid_mae=0.6172 dt=535.2s *
[d1_m1/Cv] split 0 epoch   2 train_mse=0.0342 valid_mae=0.5852 dt=536.8s *
[d1_m1/Cv] split 0 epoch   3 train_mse=0.0279 valid_mae=0.5590 dt=536.5s *
[d1_m1/Cv] split 0 epoch   4 train_mse=0.0254 valid_mae=0.4862 dt=534.5s *
[d1_m1/Cv] split 0 epoch   5 train_mse=0.0242 valid_mae=0.6628 dt=533.4s  
[d1_m1/Cv] split 0 epoch   6 train_mse=0.0211 valid_mae=0.4708 dt=534.3s *
[d1_m1/Cv] split 0 epoch   7 train_mse=0.0197 valid_mae=0.3983 dt=531.9s *
[d1_m1/Cv] split 0 epoch   8 train_mse=0.0182 valid_mae=0.4163 dt=531.6s  
[d1_m1/Cv] split 0 epoch   9 train_mse=0.0170 valid_mae=0.4390 dt=532.9s  
[d1_m1/Cv] split 0 epoch  10 train_mse=0.0161 valid_mae=0.3832 dt=532.0s *
[d1_m1/Cv] split 0 epoch  11 train_mse=0.0150 valid_mae=0.4145 dt=532.3s  
[d1_m1/Cv] split 0 epoch  12 train_mse=0.0143 valid_mae=0.4751 dt=534.2s  
[d1_m1/Cv] split 0 epoch  13 train_mse=0.0137 valid_mae=0.3524 dt=535.0s *
[d1_m1/Cv] split 0 epoch  14 train_mse=0.0130 valid_mae=0.3364 dt=532.1s *
[d1_m1/Cv] split 0 DONE best_valid_mae=0.3364 test_mae=0.3359 split_dt=8138.4s
[d1_m1/Cv] DONE mean_test_mae=0.3359 total=8138.4s peak_gpu_mem=910.4MB
[d1_m1/Cv] metrics saved -> /home/snirhordan/ito/RandomSearchNNs/runs/qm9_rwnn/_stage/m16/Cv/split1/Cv/metrics.json
