# cmd: /home/snirhordan/miniconda3/envs/rwnn/bin/python3 -u quickstart/train_qm9.py --target homo --walk_type search --distances 0 --mol_edge_feat 0 --epochs 10 --early_stopping 3 --n_splits 1 --batch_size 128 --h_dim 128 --num_layers 2 --m 4 --w 8 --reduce mean --seed 44 --num_workers 4 --device_idx 0 --out_root /home/snirhordan/ito/RandomSearchNNs/runs/qm9_rsnn/_stage --run_subdir m4/homo/split2 --limit 0
# gpu: 0
# seed: 44
[d0_m0/homo] device=cuda:0 seed=44 cwd=/home/snirhordan/ito/RandomSearchNNs
[d0_m0/homo] loading preprocessed cache from data/qm9/qm9_d_rwnn_cache/mols_homo.pt
/home/snirhordan/ito/RandomSearchNNs/quickstart/train_qm9.py:357: FutureWarning: You are using `torch.load` with `weights_only=False` (the current default value), which uses the default pickle module implicitly. It is possible to construct malicious pickle data which will execute arbitrary code during unpickling (See https://github.com/pytorch/pytorch/blob/main/SECURITY.md#untrusted-models for more details). In a future release, the default value for `weights_only` will be flipped to `True`. This limits the functions that could be executed during unpickling. Arbitrary objects will no longer be allowed to be loaded via this mode unless they are explicitly allowlisted by the user via `torch.serialization.add_safe_globals`. We recommend you start setting `weights_only=True` for any use case where you don't have full control of the loaded file. Please open an issue on GitHub for any issues related to this experimental feature.
  mols = torch.load(cache_path)
/home/snirhordan/ito/RandomSearchNNs/quickstart/train_qm9.py:358: FutureWarning: You are using `torch.load` with `weights_only=False` (the current default value), which uses the default pickle module implicitly. It is possible to construct malicious pickle data which will execute arbitrary code during unpickling (See https://github.com/pytorch/pytorch/blob/main/SECURITY.md#untrusted-models for more details). In a future release, the default value for `weights_only` will be flipped to `True`. This limits the functions that could be executed during unpickling. Arbitrary objects will no longer be allowed to be loaded via this mode unless they are explicitly allowlisted by the user via `torch.serialization.add_safe_globals`. We recommend you start setting `weights_only=True` for any use case where you don't have full control of the loaded file. Please open an issue on GitHub for any issues related to this experimental feature.
  vocab = torch.load(vocab_path)
[d0_m0/homo] loaded cache (130831 mols, vocab={'C': 0, 'F': 1, 'H': 2, 'N': 3, 'O': 4, 'PAD': 5}), dt=47.8s
[d0_m0/homo] max_len=29
[d0_m0/homo] target stats: mean=-6.5365 std=0.5977
[d0_m0/homo] pe_in_dim=8 pe_out_dim=16 vocab_size=6
[d0_m0/homo] split 0: train=78498 valid=26166 test=26167
[d0_m0/homo] split 0 epoch   0 train_mse=0.5757 valid_mae=0.2817 dt=82.9s *
[d0_m0/homo] split 0 epoch   1 train_mse=0.3421 valid_mae=0.2415 dt=81.1s *
[d0_m0/homo] split 0 epoch   2 train_mse=0.2654 valid_mae=0.2254 dt=81.0s *
[d0_m0/homo] split 0 epoch   3 train_mse=0.2224 valid_mae=0.2129 dt=80.7s *
[d0_m0/homo] split 0 epoch   4 train_mse=0.1963 valid_mae=0.1919 dt=80.7s *
[d0_m0/homo] split 0 epoch   5 train_mse=0.1780 valid_mae=0.1824 dt=80.9s *
[d0_m0/homo] split 0 epoch   6 train_mse=0.1650 valid_mae=0.1810 dt=81.0s *
[d0_m0/homo] split 0 epoch   7 train_mse=0.1542 valid_mae=0.1736 dt=80.7s *
[d0_m0/homo] split 0 epoch   8 train_mse=0.1459 valid_mae=0.1791 dt=81.0s  
[d0_m0/homo] split 0 epoch   9 train_mse=0.1384 valid_mae=0.1697 dt=80.7s *
[d0_m0/homo] split 0 DONE best_valid_mae=0.1697 test_mae=0.1680 split_dt=830.0s
[d0_m0/homo] DONE mean_test_mae=0.1680 total=830.0s peak_gpu_mem=265.0MB
[d0_m0/homo] metrics saved -> /home/snirhordan/ito/RandomSearchNNs/runs/qm9_rsnn/_stage/m4/homo/split2/homo/metrics.json
