# cmd: /home/snirhordan/miniconda3/envs/rwnn/bin/python3 -u /home/snirhordan/ito/RandomSearchNNs/quickstart/train_qm9.py --target gap --walk_type walk_ada --distances 1 --mol_edge_feat 1 --epochs 15 --early_stopping 4 --n_splits 1 --batch_size 128 --h_dim 128 --num_layers 2 --m 4 --w 8 --reduce mean --seed 44 --num_workers 4 --device_idx 0 --out_root /home/snirhordan/ito/RandomSearchNNs/runs/qm9_rwnn/_stage --run_subdir m4/gap/split2 --limit 0
# gpu: 0 seed: 44 (CVD=0)
[d1_m1/gap] device=cuda:0 seed=44 cwd=/home/snirhordan/ito/RandomSearchNNs
[d1_m1/gap] loading preprocessed cache from data/qm9/qm9_d_rwnn_cache/mols_gap.pt
/home/snirhordan/ito/RandomSearchNNs/quickstart/train_qm9.py:357: FutureWarning: You are using `torch.load` with `weights_only=False` (the current default value), which uses the default pickle module implicitly. It is possible to construct malicious pickle data which will execute arbitrary code during unpickling (See https://github.com/pytorch/pytorch/blob/main/SECURITY.md#untrusted-models for more details). In a future release, the default value for `weights_only` will be flipped to `True`. This limits the functions that could be executed during unpickling. Arbitrary objects will no longer be allowed to be loaded via this mode unless they are explicitly allowlisted by the user via `torch.serialization.add_safe_globals`. We recommend you start setting `weights_only=True` for any use case where you don't have full control of the loaded file. Please open an issue on GitHub for any issues related to this experimental feature.
  mols = torch.load(cache_path)
/home/snirhordan/ito/RandomSearchNNs/quickstart/train_qm9.py:358: FutureWarning: You are using `torch.load` with `weights_only=False` (the current default value), which uses the default pickle module implicitly. It is possible to construct malicious pickle data which will execute arbitrary code during unpickling (See https://github.com/pytorch/pytorch/blob/main/SECURITY.md#untrusted-models for more details). In a future release, the default value for `weights_only` will be flipped to `True`. This limits the functions that could be executed during unpickling. Arbitrary objects will no longer be allowed to be loaded via this mode unless they are explicitly allowlisted by the user via `torch.serialization.add_safe_globals`. We recommend you start setting `weights_only=True` for any use case where you don't have full control of the loaded file. Please open an issue on GitHub for any issues related to this experimental feature.
  vocab = torch.load(vocab_path)
[d1_m1/gap] loaded cache (130831 mols, vocab={'C': 0, 'F': 1, 'H': 2, 'N': 3, 'O': 4, 'PAD': 5}), dt=46.0s
[d1_m1/gap] max_len=29
[d1_m1/gap] target stats: mean=6.8585 std=1.2842
[d1_m1/gap] pe_in_dim=35 pe_out_dim=16 vocab_size=6
[d1_m1/gap] split 0: train=78498 valid=26166 test=26167
[d1_m1/gap] split 0 epoch   0 train_mse=0.4603 valid_mae=0.5820 dt=407.9s *
[d1_m1/gap] split 0 epoch   1 train_mse=0.3147 valid_mae=0.5321 dt=423.8s *
[d1_m1/gap] split 0 epoch   2 train_mse=0.2923 valid_mae=0.4915 dt=410.2s *
[d1_m1/gap] split 0 epoch   3 train_mse=0.2755 valid_mae=0.4744 dt=412.9s *
[d1_m1/gap] split 0 epoch   4 train_mse=0.2610 valid_mae=0.4534 dt=411.8s *
[d1_m1/gap] split 0 epoch   5 train_mse=0.2492 valid_mae=0.4624 dt=413.9s  
[d1_m1/gap] split 0 epoch   6 train_mse=0.2439 valid_mae=0.4332 dt=413.1s *
[d1_m1/gap] split 0 epoch   7 train_mse=0.2330 valid_mae=0.4385 dt=408.8s  
[d1_m1/gap] split 0 epoch   8 train_mse=0.2302 valid_mae=0.4496 dt=411.4s  
[d1_m1/gap] split 0 epoch   9 train_mse=0.2208 valid_mae=0.4203 dt=412.3s *
[d1_m1/gap] split 0 epoch  10 train_mse=0.2218 valid_mae=0.4214 dt=416.4s  
[d1_m1/gap] split 0 epoch  11 train_mse=0.2177 valid_mae=0.4071 dt=423.8s *
[d1_m1/gap] split 0 epoch  12 train_mse=0.2176 valid_mae=0.4090 dt=411.9s  
[d1_m1/gap] split 0 epoch  13 train_mse=0.2059 valid_mae=0.4036 dt=413.1s *
[d1_m1/gap] split 0 epoch  14 train_mse=0.2069 valid_mae=0.4375 dt=402.9s  
[d1_m1/gap] split 0 DONE best_valid_mae=0.4036 test_mae=0.4049 split_dt=6266.8s
[d1_m1/gap] DONE mean_test_mae=0.4049 total=6266.9s peak_gpu_mem=263.9MB
[d1_m1/gap] metrics saved -> /home/snirhordan/ito/RandomSearchNNs/runs/qm9_rwnn/_stage/m4/gap/split2/gap/metrics.json
