# cmd: /home/snirhordan/miniconda3/envs/rwnn/bin/python3 -u /home/snirhordan/ito/RandomSearchNNs/quickstart/train_qm9.py --target alpha --walk_type walk_ada --distances 1 --mol_edge_feat 1 --epochs 15 --early_stopping 4 --n_splits 1 --batch_size 128 --h_dim 128 --num_layers 2 --m 16 --w 8 --reduce mean --seed 42 --num_workers 4 --device_idx 0 --out_root /home/snirhordan/ito/RandomSearchNNs/runs/qm9_rwnn/_stage --run_subdir m16/alpha/split0 --limit 0
# gpu: 3 seed: 42
[d1_m1/alpha] device=cuda:0 seed=42 cwd=/home/snirhordan/ito/RandomSearchNNs
[d1_m1/alpha] loading preprocessed cache from data/qm9/qm9_d_rwnn_cache/mols_alpha.pt
/home/snirhordan/ito/RandomSearchNNs/quickstart/train_qm9.py:357: FutureWarning: You are using `torch.load` with `weights_only=False` (the current default value), which uses the default pickle module implicitly. It is possible to construct malicious pickle data which will execute arbitrary code during unpickling (See https://github.com/pytorch/pytorch/blob/main/SECURITY.md#untrusted-models for more details). In a future release, the default value for `weights_only` will be flipped to `True`. This limits the functions that could be executed during unpickling. Arbitrary objects will no longer be allowed to be loaded via this mode unless they are explicitly allowlisted by the user via `torch.serialization.add_safe_globals`. We recommend you start setting `weights_only=True` for any use case where you don't have full control of the loaded file. Please open an issue on GitHub for any issues related to this experimental feature.
  mols = torch.load(cache_path)
/home/snirhordan/ito/RandomSearchNNs/quickstart/train_qm9.py:358: FutureWarning: You are using `torch.load` with `weights_only=False` (the current default value), which uses the default pickle module implicitly. It is possible to construct malicious pickle data which will execute arbitrary code during unpickling (See https://github.com/pytorch/pytorch/blob/main/SECURITY.md#untrusted-models for more details). In a future release, the default value for `weights_only` will be flipped to `True`. This limits the functions that could be executed during unpickling. Arbitrary objects will no longer be allowed to be loaded via this mode unless they are explicitly allowlisted by the user via `torch.serialization.add_safe_globals`. We recommend you start setting `weights_only=True` for any use case where you don't have full control of the loaded file. Please open an issue on GitHub for any issues related to this experimental feature.
  vocab = torch.load(vocab_path)
[d1_m1/alpha] loaded cache (130831 mols, vocab={'C': 0, 'F': 1, 'H': 2, 'N': 3, 'O': 4, 'PAD': 5}), dt=45.4s
[d1_m1/alpha] max_len=29
[d1_m1/alpha] target stats: mean=75.2812 std=8.1738
[d1_m1/alpha] pe_in_dim=35 pe_out_dim=16 vocab_size=6
[d1_m1/alpha] split 0: train=78498 valid=26166 test=26167
[d1_m1/alpha] split 0 epoch   0 train_mse=0.1798 valid_mae=1.5976 dt=736.8s *
[d1_m1/alpha] split 0 epoch   1 train_mse=0.0644 valid_mae=1.3820 dt=732.7s *
[d1_m1/alpha] split 0 epoch   2 train_mse=0.0535 valid_mae=1.5046 dt=733.5s  
[d1_m1/alpha] split 0 epoch   3 train_mse=0.0468 valid_mae=1.3770 dt=732.9s *
[d1_m1/alpha] split 0 epoch   4 train_mse=0.0411 valid_mae=1.0934 dt=736.6s *
[d1_m1/alpha] split 0 epoch   5 train_mse=0.0371 valid_mae=1.2045 dt=734.3s  
[d1_m1/alpha] split 0 epoch   6 train_mse=0.0333 valid_mae=0.9411 dt=733.2s *
[d1_m1/alpha] split 0 epoch   7 train_mse=0.0291 valid_mae=0.9405 dt=733.0s *
[d1_m1/alpha] split 0 epoch   8 train_mse=0.0268 valid_mae=0.8568 dt=733.7s *
[d1_m1/alpha] split 0 epoch   9 train_mse=0.0249 valid_mae=1.0124 dt=733.3s  
[d1_m1/alpha] split 0 epoch  10 train_mse=0.0236 valid_mae=0.9880 dt=735.1s  
[d1_m1/alpha] split 0 epoch  11 train_mse=0.0220 valid_mae=0.9096 dt=733.7s  
[d1_m1/alpha] split 0 epoch  12 train_mse=0.0213 valid_mae=0.8072 dt=733.8s *
[d1_m1/alpha] split 0 epoch  13 train_mse=0.0196 valid_mae=0.7884 dt=734.0s *
[d1_m1/alpha] split 0 epoch  14 train_mse=0.0186 valid_mae=0.7627 dt=732.7s *
[d1_m1/alpha] split 0 DONE best_valid_mae=0.7627 test_mae=0.7753 split_dt=11183.5s
[d1_m1/alpha] DONE mean_test_mae=0.7753 total=11183.5s peak_gpu_mem=912.8MB
[d1_m1/alpha] metrics saved -> /home/snirhordan/ito/RandomSearchNNs/runs/qm9_rwnn/_stage/m16/alpha/split0/alpha/metrics.json
