# cmd: /home/snirhordan/miniconda3/envs/rwnn/bin/python3 -u /home/snirhordan/ito/RandomSearchNNs/quickstart/train_qm9.py --target gap --walk_type walk_ada --distances 1 --mol_edge_feat 1 --epochs 15 --early_stopping 4 --n_splits 1 --batch_size 128 --h_dim 128 --num_layers 2 --m 16 --w 8 --reduce mean --seed 42 --num_workers 4 --device_idx 0 --out_root /home/snirhordan/ito/RandomSearchNNs/runs/qm9_rwnn/_stage --run_subdir m16/gap/split0 --limit 0
# gpu: 0 seed: 42 (CVD=0)
[d1_m1/gap] device=cuda:0 seed=42 cwd=/home/snirhordan/ito/RandomSearchNNs
[d1_m1/gap] loading preprocessed cache from data/qm9/qm9_d_rwnn_cache/mols_gap.pt
/home/snirhordan/ito/RandomSearchNNs/quickstart/train_qm9.py:357: FutureWarning: You are using `torch.load` with `weights_only=False` (the current default value), which uses the default pickle module implicitly. It is possible to construct malicious pickle data which will execute arbitrary code during unpickling (See https://github.com/pytorch/pytorch/blob/main/SECURITY.md#untrusted-models for more details). In a future release, the default value for `weights_only` will be flipped to `True`. This limits the functions that could be executed during unpickling. Arbitrary objects will no longer be allowed to be loaded via this mode unless they are explicitly allowlisted by the user via `torch.serialization.add_safe_globals`. We recommend you start setting `weights_only=True` for any use case where you don't have full control of the loaded file. Please open an issue on GitHub for any issues related to this experimental feature.
  mols = torch.load(cache_path)
/home/snirhordan/ito/RandomSearchNNs/quickstart/train_qm9.py:358: FutureWarning: You are using `torch.load` with `weights_only=False` (the current default value), which uses the default pickle module implicitly. It is possible to construct malicious pickle data which will execute arbitrary code during unpickling (See https://github.com/pytorch/pytorch/blob/main/SECURITY.md#untrusted-models for more details). In a future release, the default value for `weights_only` will be flipped to `True`. This limits the functions that could be executed during unpickling. Arbitrary objects will no longer be allowed to be loaded via this mode unless they are explicitly allowlisted by the user via `torch.serialization.add_safe_globals`. We recommend you start setting `weights_only=True` for any use case where you don't have full control of the loaded file. Please open an issue on GitHub for any issues related to this experimental feature.
  vocab = torch.load(vocab_path)
[d1_m1/gap] loaded cache (130831 mols, vocab={'C': 0, 'F': 1, 'H': 2, 'N': 3, 'O': 4, 'PAD': 5}), dt=36.9s
[d1_m1/gap] max_len=29
[d1_m1/gap] target stats: mean=6.8585 std=1.2842
[d1_m1/gap] pe_in_dim=35 pe_out_dim=16 vocab_size=6
[d1_m1/gap] split 0: train=78498 valid=26166 test=26167
[d1_m1/gap] split 0 epoch   0 train_mse=0.3203 valid_mae=0.3855 dt=1413.9s *
[d1_m1/gap] split 0 epoch   1 train_mse=0.1494 valid_mae=0.3351 dt=1421.4s *
[d1_m1/gap] split 0 epoch   2 train_mse=0.1139 valid_mae=0.3126 dt=1414.0s *
[d1_m1/gap] split 0 epoch   3 train_mse=0.1151 valid_mae=0.3117 dt=1412.9s *
[d1_m1/gap] split 0 epoch   4 train_mse=0.0861 valid_mae=0.2732 dt=1445.7s *
[d1_m1/gap] split 0 epoch   5 train_mse=0.0768 valid_mae=0.2668 dt=1410.3s *
[d1_m1/gap] split 0 epoch   6 train_mse=0.0711 valid_mae=0.2403 dt=1362.8s *
[d1_m1/gap] split 0 epoch   7 train_mse=0.0673 valid_mae=0.2390 dt=1387.9s *
[d1_m1/gap] split 0 epoch   8 train_mse=0.0733 valid_mae=0.2476 dt=1390.5s  
[d1_m1/gap] split 0 epoch   9 train_mse=0.0612 valid_mae=0.2288 dt=1359.9s *
[d1_m1/gap] split 0 epoch  10 train_mse=0.0567 valid_mae=0.2246 dt=1348.3s *
[d1_m1/gap] split 0 epoch  11 train_mse=0.0544 valid_mae=0.2212 dt=1388.2s *
[d1_m1/gap] split 0 epoch  12 train_mse=0.0532 valid_mae=0.2150 dt=1392.9s *
[d1_m1/gap] split 0 epoch  13 train_mse=0.0501 valid_mae=0.2192 dt=1386.7s  
[d1_m1/gap] split 0 epoch  14 train_mse=0.0479 valid_mae=0.2044 dt=1410.5s *
[d1_m1/gap] split 0 DONE best_valid_mae=0.2044 test_mae=0.2026 split_dt=21265.6s
[d1_m1/gap] DONE mean_test_mae=0.2026 total=21265.7s peak_gpu_mem=912.7MB
[d1_m1/gap] metrics saved -> /home/snirhordan/ito/RandomSearchNNs/runs/qm9_rwnn/_stage/m16/gap/split0/gap/metrics.json
28, in _apply
    self._init_flat_weights()
  File "/home/snirhordan/miniconda3/envs/rwnn/lib/python3.11/site-packages/torch/nn/modules/rnn.py", line 163, in _init_flat_weights
    self.flatten_parameters()
  File "/home/snirhordan/miniconda3/envs/rwnn/lib/python3.11/site-packages/torch/nn/modules/rnn.py", line 215, in flatten_parameters
    torch._cudnn_rnn_flatten_weight(
RuntimeError: CUDA error: no kernel image is available for execution on the device
CUDA kernel errors might be asynchronously reported at some other API call, so the stacktrace below might be incorrect.
For debugging consider passing CUDA_LAUNCH_BLOCKING=1
Compile with `TORCH_USE_CUDA_DSA` to enable device-side assertions.

