# cmd: /home/snirhordan/miniconda3/envs/rwnn/bin/python3 -u /home/snirhordan/ito/RandomSearchNNs/quickstart/train_qm9.py --target H --walk_type walk_ada --distances 1 --mol_edge_feat 1 --epochs 15 --early_stopping 4 --n_splits 1 --batch_size 128 --h_dim 128 --num_layers 2 --m 8 --w 8 --reduce mean --seed 43 --num_workers 4 --device_idx 0 --out_root /home/snirhordan/ito/RandomSearchNNs/runs/qm9_rwnn/_stage --run_subdir m8/H/split1 --limit 0
# gpu: 0 seed: 43 (CVD=0)
[d1_m1/H] device=cuda:0 seed=43 cwd=/home/snirhordan/ito/RandomSearchNNs
[d1_m1/H] loading preprocessed cache from data/qm9/qm9_d_rwnn_cache/mols_H.pt
/home/snirhordan/ito/RandomSearchNNs/quickstart/train_qm9.py:357: FutureWarning: You are using `torch.load` with `weights_only=False` (the current default value), which uses the default pickle module implicitly. It is possible to construct malicious pickle data which will execute arbitrary code during unpickling (See https://github.com/pytorch/pytorch/blob/main/SECURITY.md#untrusted-models for more details). In a future release, the default value for `weights_only` will be flipped to `True`. This limits the functions that could be executed during unpickling. Arbitrary objects will no longer be allowed to be loaded via this mode unless they are explicitly allowlisted by the user via `torch.serialization.add_safe_globals`. We recommend you start setting `weights_only=True` for any use case where you don't have full control of the loaded file. Please open an issue on GitHub for any issues related to this experimental feature.
  mols = torch.load(cache_path)
/home/snirhordan/ito/RandomSearchNNs/quickstart/train_qm9.py:358: FutureWarning: You are using `torch.load` with `weights_only=False` (the current default value), which uses the default pickle module implicitly. It is possible to construct malicious pickle data which will execute arbitrary code during unpickling (See https://github.com/pytorch/pytorch/blob/main/SECURITY.md#untrusted-models for more details). In a future release, the default value for `weights_only` will be flipped to `True`. This limits the functions that could be executed during unpickling. Arbitrary objects will no longer be allowed to be loaded via this mode unless they are explicitly allowlisted by the user via `torch.serialization.add_safe_globals`. We recommend you start setting `weights_only=True` for any use case where you don't have full control of the loaded file. Please open an issue on GitHub for any issues related to this experimental feature.
  vocab = torch.load(vocab_path)
[d1_m1/H] loaded cache (130831 mols, vocab={'C': 0, 'F': 1, 'H': 2, 'N': 3, 'O': 4, 'PAD': 5}), dt=68.2s
[d1_m1/H] max_len=29
[d1_m1/H] target stats: mean=-11178.7100 std=1085.5728
[d1_m1/H] pe_in_dim=35 pe_out_dim=16 vocab_size=6
[d1_m1/H] split 0: train=78498 valid=26166 test=26167
[d1_m1/H] split 0 epoch   0 train_mse=0.2331 valid_mae=213.1146 dt=780.3s *
[d1_m1/H] split 0 epoch   1 train_mse=0.1162 valid_mae=156.6614 dt=777.3s *
[d1_m1/H] split 0 epoch   2 train_mse=0.1066 valid_mae=184.5688 dt=790.8s  
[d1_m1/H] split 0 epoch   3 train_mse=0.1040 valid_mae=156.0082 dt=813.1s *
[d1_m1/H] split 0 epoch   4 train_mse=0.0996 valid_mae=219.4876 dt=808.3s  
[d1_m1/H] split 0 epoch   5 train_mse=0.0985 valid_mae=153.9780 dt=834.2s *
[d1_m1/H] split 0 epoch   6 train_mse=0.0958 valid_mae=207.2701 dt=817.8s  
[d1_m1/H] split 0 epoch   7 train_mse=0.0952 valid_mae=141.1352 dt=828.9s *
[d1_m1/H] split 0 epoch   8 train_mse=0.0922 valid_mae=139.4377 dt=815.5s *
[d1_m1/H] split 0 epoch   9 train_mse=0.0913 valid_mae=142.0829 dt=774.1s  
[d1_m1/H] split 0 epoch  10 train_mse=0.0901 valid_mae=176.2973 dt=825.2s  
[d1_m1/H] split 0 epoch  11 train_mse=0.0878 valid_mae=141.3631 dt=823.5s  
[d1_m1/H] split 0 epoch  12 train_mse=0.0847 valid_mae=141.7322 dt=815.7s  
[d1_m1/H] split 0 early stop at epoch 13
[d1_m1/H] split 0 DONE best_valid_mae=139.4377 test_mae=138.8755 split_dt=10697.5s
[d1_m1/H] DONE mean_test_mae=138.8755 total=10697.5s peak_gpu_mem=479.5MB
[d1_m1/H] metrics saved -> /home/snirhordan/ito/RandomSearchNNs/runs/qm9_rwnn/_stage/m8/H/split1/H/metrics.json
