# cmd: /home/snirhordan/miniconda3/envs/rwnn/bin/python3 -u /home/snirhordan/ito/RandomSearchNNs/quickstart/train_qm9.py --target R2 --walk_type walk_ada --distances 1 --mol_edge_feat 1 --epochs 15 --early_stopping 4 --n_splits 1 --batch_size 128 --h_dim 128 --num_layers 2 --m 16 --w 8 --reduce mean --seed 42 --num_workers 4 --device_idx 0 --out_root /home/snirhordan/ito/RandomSearchNNs/runs/qm9_rwnn/_stage --run_subdir m16/R2/split0 --limit 0
# gpu: 0 seed: 42 (CVD=0)
[d1_m1/R2] device=cuda:0 seed=42 cwd=/home/snirhordan/ito/RandomSearchNNs
[d1_m1/R2] loading preprocessed cache from data/qm9/qm9_d_rwnn_cache/mols_R2.pt
/home/snirhordan/ito/RandomSearchNNs/quickstart/train_qm9.py:357: FutureWarning: You are using `torch.load` with `weights_only=False` (the current default value), which uses the default pickle module implicitly. It is possible to construct malicious pickle data which will execute arbitrary code during unpickling (See https://github.com/pytorch/pytorch/blob/main/SECURITY.md#untrusted-models for more details). In a future release, the default value for `weights_only` will be flipped to `True`. This limits the functions that could be executed during unpickling. Arbitrary objects will no longer be allowed to be loaded via this mode unless they are explicitly allowlisted by the user via `torch.serialization.add_safe_globals`. We recommend you start setting `weights_only=True` for any use case where you don't have full control of the loaded file. Please open an issue on GitHub for any issues related to this experimental feature.
  mols = torch.load(cache_path)
/home/snirhordan/ito/RandomSearchNNs/quickstart/train_qm9.py:358: FutureWarning: You are using `torch.load` with `weights_only=False` (the current default value), which uses the default pickle module implicitly. It is possible to construct malicious pickle data which will execute arbitrary code during unpickling (See https://github.com/pytorch/pytorch/blob/main/SECURITY.md#untrusted-models for more details). In a future release, the default value for `weights_only` will be flipped to `True`. This limits the functions that could be executed during unpickling. Arbitrary objects will no longer be allowed to be loaded via this mode unless they are explicitly allowlisted by the user via `torch.serialization.add_safe_globals`. We recommend you start setting `weights_only=True` for any use case where you don't have full control of the loaded file. Please open an issue on GitHub for any issues related to this experimental feature.
  vocab = torch.load(vocab_path)
[d1_m1/R2] loaded cache (130831 mols, vocab={'C': 0, 'F': 1, 'H': 2, 'N': 3, 'O': 4, 'PAD': 5}), dt=35.9s
[d1_m1/R2] max_len=29
[d1_m1/R2] target stats: mean=1189.4105 std=280.4781
[d1_m1/R2] pe_in_dim=35 pe_out_dim=16 vocab_size=6
[d1_m1/R2] split 0: train=78498 valid=26166 test=26167
[d1_m1/R2] split 0 epoch   0 train_mse=0.4514 valid_mae=101.8482 dt=530.8s *
[d1_m1/R2] split 0 epoch   1 train_mse=0.2254 valid_mae=102.4977 dt=528.9s  
[d1_m1/R2] split 0 epoch   2 train_mse=0.1870 valid_mae=79.8542 dt=531.2s *
[d1_m1/R2] split 0 epoch   3 train_mse=0.1655 valid_mae=75.0360 dt=530.6s *
[d1_m1/R2] split 0 epoch   4 train_mse=0.1375 valid_mae=77.0167 dt=531.9s  
[d1_m1/R2] split 0 epoch   5 train_mse=0.1222 valid_mae=68.7381 dt=526.5s *
[d1_m1/R2] split 0 epoch   6 train_mse=0.1105 valid_mae=66.9071 dt=529.9s *
[d1_m1/R2] split 0 epoch   7 train_mse=0.1040 valid_mae=62.4551 dt=530.7s *
[d1_m1/R2] split 0 epoch   8 train_mse=0.0945 valid_mae=56.3381 dt=533.7s *
[d1_m1/R2] split 0 epoch   9 train_mse=0.0885 valid_mae=60.9237 dt=542.7s  
[d1_m1/R2] split 0 epoch  10 train_mse=0.0812 valid_mae=62.4326 dt=546.4s  
[d1_m1/R2] split 0 epoch  11 train_mse=0.0777 valid_mae=54.6155 dt=543.2s *
[d1_m1/R2] split 0 epoch  12 train_mse=0.0749 valid_mae=53.4056 dt=545.6s *
[d1_m1/R2] split 0 epoch  13 train_mse=0.0707 valid_mae=49.8368 dt=544.2s *
[d1_m1/R2] split 0 epoch  14 train_mse=0.0675 valid_mae=48.3443 dt=538.3s *
[d1_m1/R2] split 0 DONE best_valid_mae=48.3443 test_mae=48.1970 split_dt=8159.7s
[d1_m1/R2] DONE mean_test_mae=48.1970 total=8159.7s peak_gpu_mem=913.7MB
[d1_m1/R2] metrics saved -> /home/snirhordan/ito/RandomSearchNNs/runs/qm9_rwnn/_stage/m16/R2/split0/R2/metrics.json
