[dispatch-egnn] 29 jobs (gpus=[0, 0, 0, 1, 1, 1], epochs=300, nf=128, n_layers=7)
  preview: tgt=alpha seed=42
  preview: tgt=homo seed=44
  preview: tgt=lumo seed=42
  preview: tgt=lumo seed=43
  preview: tgt=lumo seed=44
[dispatch-egnn] [1/29] launch tgt=alpha seed=42 -> gpu=0 pid=168622
[dispatch-egnn] [2/29] launch tgt=homo seed=44 -> gpu=0 pid=168623
[dispatch-egnn] [3/29] launch tgt=lumo seed=42 -> gpu=0 pid=168624
[dispatch-egnn] [4/29] launch tgt=lumo seed=43 -> gpu=1 pid=168625
[dispatch-egnn] [5/29] launch tgt=lumo seed=44 -> gpu=1 pid=168626
[dispatch-egnn] [6/29] launch tgt=gap seed=42 -> gpu=1 pid=168627
[dispatch-egnn] FAIL(rc=0) tgt=alpha seed=42 gpu=0 dt=0.5min
[dispatch-egnn] [7/29] launch tgt=gap seed=43 -> gpu=0 pid=168831
[dispatch-egnn] OK tgt=gap   seed=42 gpu=1 dt=180.7min
[dispatch-egnn] [8/29] launch tgt=gap seed=44 -> gpu=1 pid=180669
[dispatch-egnn] OK tgt=homo  seed=44 gpu=0 dt=184.2min
[dispatch-egnn] [9/29] launch tgt=R2 seed=42 -> gpu=0 pid=180869
[dispatch-egnn] OK tgt=gap   seed=43 gpu=0 dt=184.7min
[dispatch-egnn] [10/29] launch tgt=R2 seed=43 -> gpu=0 pid=180979
[dispatch-egnn] OK tgt=lumo  seed=44 gpu=1 dt=193.7min
[dispatch-egnn] [11/29] launch tgt=R2 seed=44 -> gpu=1 pid=181403
[dispatch-egnn] OK tgt=lumo  seed=43 gpu=1 dt=196.7min
[dispatch-egnn] [12/29] launch tgt=zpve seed=42 -> gpu=1 pid=181626
[dispatch-egnn] OK tgt=lumo  seed=42 gpu=0 dt=198.2min
[dispatch-egnn] [13/29] launch tgt=zpve seed=43 -> gpu=0 pid=181683
[dispatch-egnn] OK tgt=R2    seed=44 gpu=1 dt=79.6min
[dispatch-egnn] [14/29] launch tgt=zpve seed=44 -> gpu=1 pid=187145
[dispatch-egnn] OK tgt=zpve  seed=43 gpu=0 dt=76.6min
[dispatch-egnn] [15/29] launch tgt=U0 seed=42 -> gpu=0 pid=187223
[dispatch-egnn] OK tgt=R2    seed=43 gpu=0 dt=94.6min
[dispatch-egnn] [16/29] launch tgt=U0 seed=43 -> gpu=0 pid=187553
[dispatch-egnn] OK tgt=U0    seed=42 gpu=0 dt=82.6min
[dispatch-egnn] [17/29] launch tgt=U0 seed=44 -> gpu=0 pid=193511
[dispatch-egnn] FAIL(rc=1) tgt=gap   seed=44 gpu=1 dt=181.7min
[dispatch-egnn] [18/29] launch tgt=U seed=42 -> gpu=1 pid=193795
[dispatch-egnn] OK tgt=R2    seed=42 gpu=0 dt=194.2min
[dispatch-egnn] [19/29] launch tgt=U seed=43 -> gpu=0 pid=195118
[dispatch-egnn] OK tgt=zpve  seed=42 gpu=1 dt=192.2min
[dispatch-egnn] [20/29] launch tgt=U seed=44 -> gpu=1 pid=196387
[dispatch-egnn] OK tgt=U     seed=44 gpu=1 dt=74.6min
[dispatch-egnn] [21/29] launch tgt=H seed=42 -> gpu=1 pid=201472
[dispatch-egnn] OK tgt=zpve  seed=44 gpu=1 dt=192.2min
[dispatch-egnn] [22/29] launch tgt=H seed=43 -> gpu=1 pid=201613
[dispatch-egnn] OK tgt=U0    seed=43 gpu=0 dt=189.2min
[dispatch-egnn] [23/29] launch tgt=H seed=44 -> gpu=0 pid=201808
[dispatch-egnn] OK tgt=U0    seed=44 gpu=0 dt=192.2min
[dispatch-egnn] [24/29] launch tgt=G seed=42 -> gpu=0 pid=208236
[dispatch-egnn] OK tgt=U     seed=42 gpu=1 dt=189.7min
[dispatch-egnn] [25/29] launch tgt=G seed=43 -> gpu=1 pid=208451
[dispatch-egnn] OK tgt=U     seed=43 gpu=0 dt=191.2min
[dispatch-egnn] [26/29] launch tgt=G seed=44 -> gpu=0 pid=209366
[dispatch-egnn] OK tgt=H     seed=42 gpu=1 dt=192.7min
[dispatch-egnn] [27/29] launch tgt=Cv seed=42 -> gpu=1 pid=216169
[dispatch-egnn] OK tgt=H     seed=43 gpu=1 dt=195.2min
[dispatch-egnn] OK tgt=H     seed=44 gpu=0 dt=191.7min
[dispatch-egnn] [28/29] launch tgt=Cv seed=43 -> gpu=1 pid=216785
[dispatch-egnn] [29/29] launch tgt=Cv seed=44 -> gpu=0 pid=216786
[dispatch-egnn] OK tgt=Cv    seed=42 gpu=1 dt=78.6min
[dispatch-egnn] OK tgt=G     seed=42 gpu=0 dt=192.2min
[dispatch-egnn] OK tgt=G     seed=43 gpu=1 dt=190.2min
[dispatch-egnn] OK tgt=G     seed=44 gpu=0 dt=187.7min
[dispatch-egnn] OK tgt=Cv    seed=43 gpu=1 dt=157.2min
[dispatch-egnn] OK tgt=Cv    seed=44 gpu=0 dt=159.2min
[dispatch-egnn] DONE completed=27 failed=2 wall=13.66h
