# cmd: /home/snirhordan/miniconda3/envs/rwnn/bin/python3 -u quickstart/train_qm9.py --target H --walk_type search --distances 0 --mol_edge_feat 0 --epochs 10 --early_stopping 3 --n_splits 1 --batch_size 128 --h_dim 128 --num_layers 2 --m 8 --w 8 --reduce mean --seed 44 --num_workers 4 --device_idx 0 --out_root /home/snirhordan/ito/RandomSearchNNs/runs/qm9_rsnn/_stage --run_subdir m8/H/split2 --limit 0
# gpu: 0
# seed: 44
[d0_m0/H] device=cuda:0 seed=44 cwd=/home/snirhordan/ito/RandomSearchNNs
[d0_m0/H] loading preprocessed cache from data/qm9/qm9_d_rwnn_cache/mols_H.pt
/home/snirhordan/ito/RandomSearchNNs/quickstart/train_qm9.py:357: FutureWarning: You are using `torch.load` with `weights_only=False` (the current default value), which uses the default pickle module implicitly. It is possible to construct malicious pickle data which will execute arbitrary code during unpickling (See https://github.com/pytorch/pytorch/blob/main/SECURITY.md#untrusted-models for more details). In a future release, the default value for `weights_only` will be flipped to `True`. This limits the functions that could be executed during unpickling. Arbitrary objects will no longer be allowed to be loaded via this mode unless they are explicitly allowlisted by the user via `torch.serialization.add_safe_globals`. We recommend you start setting `weights_only=True` for any use case where you don't have full control of the loaded file. Please open an issue on GitHub for any issues related to this experimental feature.
  mols = torch.load(cache_path)
/home/snirhordan/ito/RandomSearchNNs/quickstart/train_qm9.py:358: FutureWarning: You are using `torch.load` with `weights_only=False` (the current default value), which uses the default pickle module implicitly. It is possible to construct malicious pickle data which will execute arbitrary code during unpickling (See https://github.com/pytorch/pytorch/blob/main/SECURITY.md#untrusted-models for more details). In a future release, the default value for `weights_only` will be flipped to `True`. This limits the functions that could be executed during unpickling. Arbitrary objects will no longer be allowed to be loaded via this mode unless they are explicitly allowlisted by the user via `torch.serialization.add_safe_globals`. We recommend you start setting `weights_only=True` for any use case where you don't have full control of the loaded file. Please open an issue on GitHub for any issues related to this experimental feature.
  vocab = torch.load(vocab_path)
[d0_m0/H] loaded cache (130831 mols, vocab={'C': 0, 'F': 1, 'H': 2, 'N': 3, 'O': 4, 'PAD': 5}), dt=47.0s
[d0_m0/H] max_len=29
[d0_m0/H] target stats: mean=-11178.7100 std=1085.5728
[d0_m0/H] pe_in_dim=8 pe_out_dim=16 vocab_size=6
[d0_m0/H] split 0: train=78498 valid=26166 test=26167
[d0_m0/H] split 0 epoch   0 train_mse=0.0673 valid_mae=77.0424 dt=130.5s *
[d0_m0/H] split 0 epoch   1 train_mse=0.0059 valid_mae=54.4565 dt=127.9s *
[d0_m0/H] split 0 epoch   2 train_mse=0.0040 valid_mae=135.7689 dt=128.0s  
[d0_m0/H] split 0 epoch   3 train_mse=0.0025 valid_mae=25.5968 dt=128.2s *
[d0_m0/H] split 0 epoch   4 train_mse=0.0031 valid_mae=38.1883 dt=128.3s  
[d0_m0/H] split 0 epoch   5 train_mse=0.0014 valid_mae=13.6003 dt=127.8s *
[d0_m0/H] split 0 epoch   6 train_mse=0.0061 valid_mae=53.3147 dt=127.9s  
[d0_m0/H] split 0 epoch   7 train_mse=0.0005 valid_mae=12.0565 dt=128.5s *
[d0_m0/H] split 0 epoch   8 train_mse=0.0028 valid_mae=60.8383 dt=129.1s  
[d0_m0/H] split 0 epoch   9 train_mse=0.0007 valid_mae=9.1025 dt=128.4s *
[d0_m0/H] split 0 DONE best_valid_mae=9.1025 test_mae=9.0861 split_dt=1316.8s
[d0_m0/H] DONE mean_test_mae=9.0861 total=1316.9s peak_gpu_mem=478.7MB
[d0_m0/H] metrics saved -> /home/snirhordan/ito/RandomSearchNNs/runs/qm9_rsnn/_stage/m8/H/split2/H/metrics.json
