# cmd: /home/snirhordan/miniconda3/envs/rwnn/bin/python3 -u /home/snirhordan/ito/RandomSearchNNs/quickstart/train_qm9.py --target alpha --walk_type walk_ada --distances 1 --mol_edge_feat 1 --epochs 15 --early_stopping 4 --n_splits 1 --batch_size 128 --h_dim 128 --num_layers 2 --m 16 --w 8 --reduce mean --seed 44 --num_workers 4 --device_idx 0 --out_root /home/snirhordan/ito/RandomSearchNNs/runs/qm9_rwnn/_stage --run_subdir m16/alpha/split2 --limit 0
# gpu: 2 seed: 44
[d1_m1/alpha] device=cuda:0 seed=44 cwd=/home/snirhordan/ito/RandomSearchNNs
[d1_m1/alpha] loading preprocessed cache from data/qm9/qm9_d_rwnn_cache/mols_alpha.pt
/home/snirhordan/ito/RandomSearchNNs/quickstart/train_qm9.py:357: FutureWarning: You are using `torch.load` with `weights_only=False` (the current default value), which uses the default pickle module implicitly. It is possible to construct malicious pickle data which will execute arbitrary code during unpickling (See https://github.com/pytorch/pytorch/blob/main/SECURITY.md#untrusted-models for more details). In a future release, the default value for `weights_only` will be flipped to `True`. This limits the functions that could be executed during unpickling. Arbitrary objects will no longer be allowed to be loaded via this mode unless they are explicitly allowlisted by the user via `torch.serialization.add_safe_globals`. We recommend you start setting `weights_only=True` for any use case where you don't have full control of the loaded file. Please open an issue on GitHub for any issues related to this experimental feature.
  mols = torch.load(cache_path)
/home/snirhordan/ito/RandomSearchNNs/quickstart/train_qm9.py:358: FutureWarning: You are using `torch.load` with `weights_only=False` (the current default value), which uses the default pickle module implicitly. It is possible to construct malicious pickle data which will execute arbitrary code during unpickling (See https://github.com/pytorch/pytorch/blob/main/SECURITY.md#untrusted-models for more details). In a future release, the default value for `weights_only` will be flipped to `True`. This limits the functions that could be executed during unpickling. Arbitrary objects will no longer be allowed to be loaded via this mode unless they are explicitly allowlisted by the user via `torch.serialization.add_safe_globals`. We recommend you start setting `weights_only=True` for any use case where you don't have full control of the loaded file. Please open an issue on GitHub for any issues related to this experimental feature.
  vocab = torch.load(vocab_path)
[d1_m1/alpha] loaded cache (130831 mols, vocab={'C': 0, 'F': 1, 'H': 2, 'N': 3, 'O': 4, 'PAD': 5}), dt=45.4s
[d1_m1/alpha] max_len=29
[d1_m1/alpha] target stats: mean=75.2812 std=8.1738
[d1_m1/alpha] pe_in_dim=35 pe_out_dim=16 vocab_size=6
[d1_m1/alpha] split 0: train=78498 valid=26166 test=26167
[d1_m1/alpha] split 0 epoch   0 train_mse=0.1711 valid_mae=1.4610 dt=750.4s *
[d1_m1/alpha] split 0 epoch   1 train_mse=0.0647 valid_mae=1.3372 dt=747.2s *
[d1_m1/alpha] split 0 epoch   2 train_mse=0.0540 valid_mae=1.3661 dt=746.2s  
[d1_m1/alpha] split 0 epoch   3 train_mse=0.0467 valid_mae=1.1708 dt=747.6s *
[d1_m1/alpha] split 0 epoch   4 train_mse=0.0441 valid_mae=1.0950 dt=746.3s *
[d1_m1/alpha] split 0 epoch   5 train_mse=0.0392 valid_mae=1.2988 dt=747.7s  
[d1_m1/alpha] split 0 epoch   6 train_mse=0.0349 valid_mae=1.2373 dt=746.3s  
[d1_m1/alpha] split 0 epoch   7 train_mse=0.0317 valid_mae=0.9121 dt=747.9s *
[d1_m1/alpha] split 0 epoch   8 train_mse=0.0287 valid_mae=0.9892 dt=746.6s  
[d1_m1/alpha] split 0 epoch   9 train_mse=0.0266 valid_mae=0.8763 dt=744.9s *
[d1_m1/alpha] split 0 epoch  10 train_mse=0.0243 valid_mae=1.0358 dt=745.6s  
[d1_m1/alpha] split 0 epoch  11 train_mse=0.0231 valid_mae=0.8510 dt=746.8s *
[d1_m1/alpha] split 0 epoch  12 train_mse=0.0217 valid_mae=0.8061 dt=747.0s *
[d1_m1/alpha] split 0 epoch  13 train_mse=0.0211 valid_mae=0.8468 dt=745.6s  
[d1_m1/alpha] split 0 epoch  14 train_mse=0.0197 valid_mae=1.0406 dt=745.5s  
[d1_m1/alpha] split 0 DONE best_valid_mae=0.8061 test_mae=0.8176 split_dt=11379.8s
[d1_m1/alpha] DONE mean_test_mae=0.8176 total=11379.9s peak_gpu_mem=905.8MB
[d1_m1/alpha] metrics saved -> /home/snirhordan/ito/RandomSearchNNs/runs/qm9_rwnn/_stage/m16/alpha/split2/alpha/metrics.json
