# cmd: /home/snirhordan/miniconda3/envs/rwnn/bin/python3 -u /home/snirhordan/ito/RandomSearchNNs/quickstart/train_qm9.py --target R2 --walk_type walk_ada --distances 1 --mol_edge_feat 1 --epochs 15 --early_stopping 4 --n_splits 1 --batch_size 128 --h_dim 128 --num_layers 2 --m 4 --w 8 --reduce mean --seed 44 --num_workers 4 --device_idx 0 --out_root /home/snirhordan/ito/RandomSearchNNs/runs/qm9_rwnn/_stage --run_subdir m4/R2/split2 --limit 0
# gpu: 0 seed: 44 (CVD=0)
[d1_m1/R2] device=cuda:0 seed=44 cwd=/home/snirhordan/ito/RandomSearchNNs
[d1_m1/R2] loading preprocessed cache from data/qm9/qm9_d_rwnn_cache/mols_R2.pt
/home/snirhordan/ito/RandomSearchNNs/quickstart/train_qm9.py:357: FutureWarning: You are using `torch.load` with `weights_only=False` (the current default value), which uses the default pickle module implicitly. It is possible to construct malicious pickle data which will execute arbitrary code during unpickling (See https://github.com/pytorch/pytorch/blob/main/SECURITY.md#untrusted-models for more details). In a future release, the default value for `weights_only` will be flipped to `True`. This limits the functions that could be executed during unpickling. Arbitrary objects will no longer be allowed to be loaded via this mode unless they are explicitly allowlisted by the user via `torch.serialization.add_safe_globals`. We recommend you start setting `weights_only=True` for any use case where you don't have full control of the loaded file. Please open an issue on GitHub for any issues related to this experimental feature.
  mols = torch.load(cache_path)
/home/snirhordan/ito/RandomSearchNNs/quickstart/train_qm9.py:358: FutureWarning: You are using `torch.load` with `weights_only=False` (the current default value), which uses the default pickle module implicitly. It is possible to construct malicious pickle data which will execute arbitrary code during unpickling (See https://github.com/pytorch/pytorch/blob/main/SECURITY.md#untrusted-models for more details). In a future release, the default value for `weights_only` will be flipped to `True`. This limits the functions that could be executed during unpickling. Arbitrary objects will no longer be allowed to be loaded via this mode unless they are explicitly allowlisted by the user via `torch.serialization.add_safe_globals`. We recommend you start setting `weights_only=True` for any use case where you don't have full control of the loaded file. Please open an issue on GitHub for any issues related to this experimental feature.
  vocab = torch.load(vocab_path)
[d1_m1/R2] loaded cache (130831 mols, vocab={'C': 0, 'F': 1, 'H': 2, 'N': 3, 'O': 4, 'PAD': 5}), dt=60.4s
[d1_m1/R2] max_len=29
[d1_m1/R2] target stats: mean=1189.4105 std=280.4781
[d1_m1/R2] pe_in_dim=35 pe_out_dim=16 vocab_size=6
[d1_m1/R2] split 0: train=78498 valid=26166 test=26167
[d1_m1/R2] split 0 epoch   0 train_mse=0.6239 valid_mae=142.5373 dt=425.4s *
[d1_m1/R2] split 0 epoch   1 train_mse=0.4385 valid_mae=126.1720 dt=422.0s *
[d1_m1/R2] split 0 epoch   2 train_mse=0.3862 valid_mae=122.2636 dt=410.8s *
[d1_m1/R2] split 0 epoch   3 train_mse=0.3605 valid_mae=121.6922 dt=405.1s *
[d1_m1/R2] split 0 epoch   4 train_mse=0.3413 valid_mae=131.7179 dt=416.9s  
[d1_m1/R2] split 0 epoch   5 train_mse=0.3350 valid_mae=113.0392 dt=410.8s *
[d1_m1/R2] split 0 epoch   6 train_mse=0.3227 valid_mae=125.5665 dt=407.5s  
[d1_m1/R2] split 0 epoch   7 train_mse=0.3151 valid_mae=109.9446 dt=410.9s *
[d1_m1/R2] split 0 epoch   8 train_mse=0.3049 valid_mae=112.3106 dt=423.8s  
[d1_m1/R2] split 0 epoch   9 train_mse=0.2973 valid_mae=109.2911 dt=408.6s *
[d1_m1/R2] split 0 epoch  10 train_mse=0.2956 valid_mae=107.6367 dt=412.8s *
[d1_m1/R2] split 0 epoch  11 train_mse=0.2866 valid_mae=104.9809 dt=415.7s *
[d1_m1/R2] split 0 epoch  12 train_mse=0.2826 valid_mae=104.7208 dt=421.8s *
[d1_m1/R2] split 0 epoch  13 train_mse=0.2770 valid_mae=102.8030 dt=463.3s *
[d1_m1/R2] split 0 epoch  14 train_mse=0.2757 valid_mae=115.3568 dt=406.8s  
[d1_m1/R2] split 0 DONE best_valid_mae=102.8030 test_mae=103.2075 split_dt=6328.0s
[d1_m1/R2] DONE mean_test_mae=103.2075 total=6328.1s peak_gpu_mem=264.0MB
[d1_m1/R2] metrics saved -> /home/snirhordan/ito/RandomSearchNNs/runs/qm9_rwnn/_stage/m4/R2/split2/R2/metrics.json
