[d1_m1/gap] device=cuda:0 seed=42 cwd=/home/snirhordan/ito/RandomSearchNNs
[d1_m1/gap] loading preprocessed cache from data/qm9/qm9_d_rwnn_cache/mols_gap.pt
/home/snirhordan/ito/RandomSearchNNs/quickstart/train_qm9.py:329: FutureWarning: You are using `torch.load` with `weights_only=False` (the current default value), which uses the default pickle module implicitly. It is possible to construct malicious pickle data which will execute arbitrary code during unpickling (See https://github.com/pytorch/pytorch/blob/main/SECURITY.md#untrusted-models for more details). In a future release, the default value for `weights_only` will be flipped to `True`. This limits the functions that could be executed during unpickling. Arbitrary objects will no longer be allowed to be loaded via this mode unless they are explicitly allowlisted by the user via `torch.serialization.add_safe_globals`. We recommend you start setting `weights_only=True` for any use case where you don't have full control of the loaded file. Please open an issue on GitHub for any issues related to this experimental feature.
  mols = torch.load(cache_path)
/home/snirhordan/ito/RandomSearchNNs/quickstart/train_qm9.py:330: FutureWarning: You are using `torch.load` with `weights_only=False` (the current default value), which uses the default pickle module implicitly. It is possible to construct malicious pickle data which will execute arbitrary code during unpickling (See https://github.com/pytorch/pytorch/blob/main/SECURITY.md#untrusted-models for more details). In a future release, the default value for `weights_only` will be flipped to `True`. This limits the functions that could be executed during unpickling. Arbitrary objects will no longer be allowed to be loaded via this mode unless they are explicitly allowlisted by the user via `torch.serialization.add_safe_globals`. We recommend you start setting `weights_only=True` for any use case where you don't have full control of the loaded file. Please open an issue on GitHub for any issues related to this experimental feature.
  vocab = torch.load(vocab_path)
[d1_m1/gap] loaded cache (130831 mols, vocab={'C': 0, 'F': 1, 'H': 2, 'N': 3, 'O': 4, 'PAD': 5}), dt=49.4s
[d1_m1/gap] max_len=29
[d1_m1/gap] target stats: mean=6.8585 std=1.2842
[d1_m1/gap] pe_in_dim=35 pe_out_dim=16 vocab_size=6
[d1_m1/gap] split 0: train=78498 valid=26166 test=26167
[d1_m1/gap] split 0 epoch   0 train_mse=0.3850 valid_mae=0.4502 dt=258.5s *
[d1_m1/gap] split 0 epoch   1 train_mse=0.2088 valid_mae=0.4009 dt=255.2s *
[d1_m1/gap] split 0 epoch   2 train_mse=0.1711 valid_mae=0.3559 dt=256.0s *
[d1_m1/gap] split 0 epoch   3 train_mse=0.1512 valid_mae=0.3595 dt=255.5s  
[d1_m1/gap] split 0 epoch   4 train_mse=0.1399 valid_mae=0.3307 dt=256.4s *
[d1_m1/gap] split 0 epoch   5 train_mse=0.1314 valid_mae=0.3137 dt=255.8s *
[d1_m1/gap] split 0 epoch   6 train_mse=0.1217 valid_mae=0.3055 dt=255.7s *
[d1_m1/gap] split 0 epoch   7 train_mse=0.1181 valid_mae=0.3032 dt=255.6s *
[d1_m1/gap] split 0 epoch   8 train_mse=0.1105 valid_mae=0.3017 dt=255.2s *
[d1_m1/gap] split 0 epoch   9 train_mse=0.1064 valid_mae=0.3062 dt=255.9s  
[d1_m1/gap] split 0 epoch  10 train_mse=0.1042 valid_mae=0.2923 dt=255.1s *
[d1_m1/gap] split 0 epoch  11 train_mse=0.0991 valid_mae=0.2957 dt=256.0s  
[d1_m1/gap] split 0 epoch  12 train_mse=0.0972 valid_mae=0.2803 dt=255.9s *
[d1_m1/gap] split 0 epoch  13 train_mse=0.0949 valid_mae=0.2761 dt=254.9s *
[d1_m1/gap] split 0 epoch  14 train_mse=0.0907 valid_mae=0.2613 dt=254.7s *
[d1_m1/gap] split 0 DONE best_valid_mae=0.2613 test_mae=0.2635 split_dt=3898.1s
[d1_m1/gap] DONE mean_test_mae=0.2635 total=3898.2s peak_gpu_mem=481.9MB
[d1_m1/gap] metrics saved -> runs/qm9/d1_m1/gap/metrics.json
