# cmd: /home/snirhordan/miniconda3/envs/rwnn/bin/python3 -u quickstart/train_qm9.py --target lumo --walk_type search --distances 0 --mol_edge_feat 0 --epochs 10 --early_stopping 3 --n_splits 1 --batch_size 128 --h_dim 128 --num_layers 2 --m 4 --w 8 --reduce mean --seed 43 --num_workers 4 --device_idx 0 --out_root /home/snirhordan/ito/RandomSearchNNs/runs/qm9_rsnn/_stage --run_subdir m4/lumo/split1 --limit 0
# gpu: 1
# seed: 43
[d0_m0/lumo] device=cuda:0 seed=43 cwd=/home/snirhordan/ito/RandomSearchNNs
[d0_m0/lumo] loading preprocessed cache from data/qm9/qm9_d_rwnn_cache/mols_lumo.pt
/home/snirhordan/ito/RandomSearchNNs/quickstart/train_qm9.py:357: FutureWarning: You are using `torch.load` with `weights_only=False` (the current default value), which uses the default pickle module implicitly. It is possible to construct malicious pickle data which will execute arbitrary code during unpickling (See https://github.com/pytorch/pytorch/blob/main/SECURITY.md#untrusted-models for more details). In a future release, the default value for `weights_only` will be flipped to `True`. This limits the functions that could be executed during unpickling. Arbitrary objects will no longer be allowed to be loaded via this mode unless they are explicitly allowlisted by the user via `torch.serialization.add_safe_globals`. We recommend you start setting `weights_only=True` for any use case where you don't have full control of the loaded file. Please open an issue on GitHub for any issues related to this experimental feature.
  mols = torch.load(cache_path)
/home/snirhordan/ito/RandomSearchNNs/quickstart/train_qm9.py:358: FutureWarning: You are using `torch.load` with `weights_only=False` (the current default value), which uses the default pickle module implicitly. It is possible to construct malicious pickle data which will execute arbitrary code during unpickling (See https://github.com/pytorch/pytorch/blob/main/SECURITY.md#untrusted-models for more details). In a future release, the default value for `weights_only` will be flipped to `True`. This limits the functions that could be executed during unpickling. Arbitrary objects will no longer be allowed to be loaded via this mode unless they are explicitly allowlisted by the user via `torch.serialization.add_safe_globals`. We recommend you start setting `weights_only=True` for any use case where you don't have full control of the loaded file. Please open an issue on GitHub for any issues related to this experimental feature.
  vocab = torch.load(vocab_path)
[d0_m0/lumo] loaded cache (130831 mols, vocab={'C': 0, 'F': 1, 'H': 2, 'N': 3, 'O': 4, 'PAD': 5}), dt=46.8s
[d0_m0/lumo] max_len=29
[d0_m0/lumo] target stats: mean=0.3220 std=1.2749
[d0_m0/lumo] pe_in_dim=8 pe_out_dim=16 vocab_size=6
[d0_m0/lumo] split 0: train=78498 valid=26166 test=26167
[d0_m0/lumo] split 0 epoch   0 train_mse=0.3565 valid_mae=0.4433 dt=81.2s *
[d0_m0/lumo] split 0 epoch   1 train_mse=0.1635 valid_mae=0.3376 dt=79.6s *
[d0_m0/lumo] split 0 epoch   2 train_mse=0.1236 valid_mae=0.3025 dt=79.5s *
[d0_m0/lumo] split 0 epoch   3 train_mse=0.0957 valid_mae=0.2693 dt=79.2s *
[d0_m0/lumo] split 0 epoch   4 train_mse=0.0810 valid_mae=0.2673 dt=79.5s *
[d0_m0/lumo] split 0 epoch   5 train_mse=0.0708 valid_mae=0.2372 dt=79.5s *
[d0_m0/lumo] split 0 epoch   6 train_mse=0.0645 valid_mae=0.2238 dt=78.7s *
[d0_m0/lumo] split 0 epoch   7 train_mse=0.0595 valid_mae=0.2203 dt=79.2s *
[d0_m0/lumo] split 0 epoch   8 train_mse=0.0534 valid_mae=0.2318 dt=79.2s  
[d0_m0/lumo] split 0 epoch   9 train_mse=0.0514 valid_mae=0.2229 dt=79.3s  
[d0_m0/lumo] split 0 DONE best_valid_mae=0.2203 test_mae=0.2192 split_dt=814.0s
[d0_m0/lumo] DONE mean_test_mae=0.2192 total=814.0s peak_gpu_mem=264.3MB
[d0_m0/lumo] metrics saved -> /home/snirhordan/ito/RandomSearchNNs/runs/qm9_rsnn/_stage/m4/lumo/split1/lumo/metrics.json
