# cmd: /home/snirhordan/miniconda3/envs/rwnn/bin/python3 -u /home/snirhordan/ito/RandomSearchNNs/quickstart/train_qm9.py --target H --walk_type walk_ada --distances 1 --mol_edge_feat 1 --epochs 15 --early_stopping 4 --n_splits 1 --batch_size 128 --h_dim 128 --num_layers 2 --m 16 --w 8 --reduce mean --seed 42 --num_workers 4 --device_idx 0 --out_root /home/snirhordan/ito/RandomSearchNNs/runs/qm9_rwnn/_stage --run_subdir m16/H/split0 --limit 0
# gpu: 0 seed: 42 (CVD=0)
[d1_m1/H] device=cuda:0 seed=42 cwd=/home/snirhordan/ito/RandomSearchNNs
[d1_m1/H] loading preprocessed cache from data/qm9/qm9_d_rwnn_cache/mols_H.pt
/home/snirhordan/ito/RandomSearchNNs/quickstart/train_qm9.py:357: FutureWarning: You are using `torch.load` with `weights_only=False` (the current default value), which uses the default pickle module implicitly. It is possible to construct malicious pickle data which will execute arbitrary code during unpickling (See https://github.com/pytorch/pytorch/blob/main/SECURITY.md#untrusted-models for more details). In a future release, the default value for `weights_only` will be flipped to `True`. This limits the functions that could be executed during unpickling. Arbitrary objects will no longer be allowed to be loaded via this mode unless they are explicitly allowlisted by the user via `torch.serialization.add_safe_globals`. We recommend you start setting `weights_only=True` for any use case where you don't have full control of the loaded file. Please open an issue on GitHub for any issues related to this experimental feature.
  mols = torch.load(cache_path)
/home/snirhordan/ito/RandomSearchNNs/quickstart/train_qm9.py:358: FutureWarning: You are using `torch.load` with `weights_only=False` (the current default value), which uses the default pickle module implicitly. It is possible to construct malicious pickle data which will execute arbitrary code during unpickling (See https://github.com/pytorch/pytorch/blob/main/SECURITY.md#untrusted-models for more details). In a future release, the default value for `weights_only` will be flipped to `True`. This limits the functions that could be executed during unpickling. Arbitrary objects will no longer be allowed to be loaded via this mode unless they are explicitly allowlisted by the user via `torch.serialization.add_safe_globals`. We recommend you start setting `weights_only=True` for any use case where you don't have full control of the loaded file. Please open an issue on GitHub for any issues related to this experimental feature.
  vocab = torch.load(vocab_path)
[d1_m1/H] loaded cache (130831 mols, vocab={'C': 0, 'F': 1, 'H': 2, 'N': 3, 'O': 4, 'PAD': 5}), dt=37.0s
[d1_m1/H] max_len=29
[d1_m1/H] target stats: mean=-11178.7100 std=1085.5728
[d1_m1/H] pe_in_dim=35 pe_out_dim=16 vocab_size=6
[d1_m1/H] split 0: train=78498 valid=26166 test=26167
[d1_m1/H] split 0 epoch   0 train_mse=0.1309 valid_mae=148.1427 dt=537.9s *
[d1_m1/H] split 0 epoch   1 train_mse=0.0196 valid_mae=160.0448 dt=533.4s  
[d1_m1/H] split 0 epoch   2 train_mse=0.0173 valid_mae=105.4293 dt=536.4s *
[d1_m1/H] split 0 epoch   3 train_mse=0.0131 valid_mae=286.8605 dt=535.6s  
[d1_m1/H] split 0 epoch   4 train_mse=0.0118 valid_mae=79.6061 dt=534.8s *
[d1_m1/H] split 0 epoch   5 train_mse=0.0105 valid_mae=26.5723 dt=532.5s *
[d1_m1/H] split 0 epoch   6 train_mse=0.0090 valid_mae=79.1052 dt=535.6s  
[d1_m1/H] split 0 epoch   7 train_mse=0.0111 valid_mae=54.5773 dt=532.2s  
[d1_m1/H] split 0 epoch   8 train_mse=0.0089 valid_mae=51.5858 dt=535.0s  
[d1_m1/H] split 0 epoch   9 train_mse=0.0091 valid_mae=38.8545 dt=534.0s  
[d1_m1/H] split 0 early stop at epoch 10
Traceback (most recent call last):
  File "/home/snirhordan/ito/RandomSearchNNs/quickstart/train_qm9.py", line 625, in <module>
    raise SystemExit(main())
                     ^^^^^^
  File "/home/snirhordan/ito/RandomSearchNNs/quickstart/train_qm9.py", line 569, in main
    torch.save({
  File "/home/snirhordan/miniconda3/envs/rwnn/lib/python3.11/site-packages/torch/serialization.py", line 651, in save
    with _open_zipfile_writer(f) as opened_zipfile:
         ^^^^^^^^^^^^^^^^^^^^^^^
  File "/home/snirhordan/miniconda3/envs/rwnn/lib/python3.11/site-packages/torch/serialization.py", line 525, in _open_zipfile_writer
    return container(name_or_buffer)
           ^^^^^^^^^^^^^^^^^^^^^^^^^
  File "/home/snirhordan/miniconda3/envs/rwnn/lib/python3.11/site-packages/torch/serialization.py", line 496, in __init__
    super().__init__(torch._C.PyTorchFileWriter(self.name))
                     ^^^^^^^^^^^^^^^^^^^^^^^^^^^^^^^^^^^^^
RuntimeError: Parent directory /home/snirhordan/ito/RandomSearchNNs/runs/qm9_rwnn/_stage/m16/H/split0/H does not exist.
