# cmd: /home/snirhordan/miniconda3/envs/rwnn/bin/python3 -u /home/snirhordan/ito/RandomSearchNNs/quickstart/train_qm9.py --target R2 --walk_type walk_ada --distances 1 --mol_edge_feat 1 --epochs 15 --early_stopping 4 --n_splits 1 --batch_size 128 --h_dim 128 --num_layers 2 --m 8 --w 8 --reduce mean --seed 44 --num_workers 4 --device_idx 0 --out_root /home/snirhordan/ito/RandomSearchNNs/runs/qm9_rwnn/_stage --run_subdir m8/R2/split2 --limit 0
# gpu: 0 seed: 44 (CVD=0)
[d1_m1/R2] device=cuda:0 seed=44 cwd=/home/snirhordan/ito/RandomSearchNNs
[d1_m1/R2] loading preprocessed cache from data/qm9/qm9_d_rwnn_cache/mols_R2.pt
/home/snirhordan/ito/RandomSearchNNs/quickstart/train_qm9.py:357: FutureWarning: You are using `torch.load` with `weights_only=False` (the current default value), which uses the default pickle module implicitly. It is possible to construct malicious pickle data which will execute arbitrary code during unpickling (See https://github.com/pytorch/pytorch/blob/main/SECURITY.md#untrusted-models for more details). In a future release, the default value for `weights_only` will be flipped to `True`. This limits the functions that could be executed during unpickling. Arbitrary objects will no longer be allowed to be loaded via this mode unless they are explicitly allowlisted by the user via `torch.serialization.add_safe_globals`. We recommend you start setting `weights_only=True` for any use case where you don't have full control of the loaded file. Please open an issue on GitHub for any issues related to this experimental feature.
  mols = torch.load(cache_path)
/home/snirhordan/ito/RandomSearchNNs/quickstart/train_qm9.py:358: FutureWarning: You are using `torch.load` with `weights_only=False` (the current default value), which uses the default pickle module implicitly. It is possible to construct malicious pickle data which will execute arbitrary code during unpickling (See https://github.com/pytorch/pytorch/blob/main/SECURITY.md#untrusted-models for more details). In a future release, the default value for `weights_only` will be flipped to `True`. This limits the functions that could be executed during unpickling. Arbitrary objects will no longer be allowed to be loaded via this mode unless they are explicitly allowlisted by the user via `torch.serialization.add_safe_globals`. We recommend you start setting `weights_only=True` for any use case where you don't have full control of the loaded file. Please open an issue on GitHub for any issues related to this experimental feature.
  vocab = torch.load(vocab_path)
[d1_m1/R2] loaded cache (130831 mols, vocab={'C': 0, 'F': 1, 'H': 2, 'N': 3, 'O': 4, 'PAD': 5}), dt=33.0s
[d1_m1/R2] max_len=29
[d1_m1/R2] target stats: mean=1189.4105 std=280.4781
[d1_m1/R2] pe_in_dim=35 pe_out_dim=16 vocab_size=6
[d1_m1/R2] split 0: train=78498 valid=26166 test=26167
[d1_m1/R2] split 0 epoch   0 train_mse=0.5407 valid_mae=119.8552 dt=285.7s *
[d1_m1/R2] split 0 epoch   1 train_mse=0.3040 valid_mae=106.8048 dt=283.9s *
[d1_m1/R2] split 0 epoch   2 train_mse=0.2591 valid_mae=103.6463 dt=284.0s *
[d1_m1/R2] split 0 epoch   3 train_mse=0.2318 valid_mae=96.1485 dt=285.2s *
[d1_m1/R2] split 0 epoch   4 train_mse=0.2130 valid_mae=91.4121 dt=283.0s *
[d1_m1/R2] split 0 epoch   5 train_mse=0.1985 valid_mae=82.7523 dt=285.1s *
[d1_m1/R2] split 0 epoch   6 train_mse=0.1892 valid_mae=89.3859 dt=283.7s  
[d1_m1/R2] split 0 epoch   7 train_mse=0.1774 valid_mae=90.3272 dt=284.7s  
[d1_m1/R2] split 0 epoch   8 train_mse=0.1705 valid_mae=79.0577 dt=285.3s *
[d1_m1/R2] split 0 epoch   9 train_mse=0.1582 valid_mae=78.2227 dt=285.8s *
[d1_m1/R2] split 0 epoch  10 train_mse=0.1505 valid_mae=76.6825 dt=283.2s *
[d1_m1/R2] split 0 epoch  11 train_mse=0.1489 valid_mae=72.1832 dt=286.4s *
[d1_m1/R2] split 0 epoch  12 train_mse=0.1436 valid_mae=73.8102 dt=285.7s  
[d1_m1/R2] split 0 epoch  13 train_mse=0.1406 valid_mae=73.4360 dt=283.9s  
[d1_m1/R2] split 0 epoch  14 train_mse=0.1352 valid_mae=68.7600 dt=285.6s *
[d1_m1/R2] split 0 DONE best_valid_mae=68.7600 test_mae=68.8490 split_dt=4338.9s
[d1_m1/R2] DONE mean_test_mae=68.8490 total=4339.0s peak_gpu_mem=478.2MB
[d1_m1/R2] metrics saved -> /home/snirhordan/ito/RandomSearchNNs/runs/qm9_rwnn/_stage/m8/R2/split2/R2/metrics.json
