# cmd: /home/snirhordan/miniconda3/envs/rwnn/bin/python3 -u /home/snirhordan/ito/RandomSearchNNs/quickstart/train_qm9.py --target G --walk_type walk_ada --distances 1 --mol_edge_feat 1 --epochs 15 --early_stopping 4 --n_splits 1 --batch_size 128 --h_dim 128 --num_layers 2 --m 16 --w 8 --reduce mean --seed 43 --num_workers 4 --device_idx 0 --out_root /home/snirhordan/ito/RandomSearchNNs/runs/qm9_rwnn/_stage --run_subdir m16/G/split1 --limit 0
# gpu: 0 seed: 43 (CVD=0)
[d1_m1/G] device=cuda:0 seed=43 cwd=/home/snirhordan/ito/RandomSearchNNs
[d1_m1/G] loading preprocessed cache from data/qm9/qm9_d_rwnn_cache/mols_G.pt
/home/snirhordan/ito/RandomSearchNNs/quickstart/train_qm9.py:357: FutureWarning: You are using `torch.load` with `weights_only=False` (the current default value), which uses the default pickle module implicitly. It is possible to construct malicious pickle data which will execute arbitrary code during unpickling (See https://github.com/pytorch/pytorch/blob/main/SECURITY.md#untrusted-models for more details). In a future release, the default value for `weights_only` will be flipped to `True`. This limits the functions that could be executed during unpickling. Arbitrary objects will no longer be allowed to be loaded via this mode unless they are explicitly allowlisted by the user via `torch.serialization.add_safe_globals`. We recommend you start setting `weights_only=True` for any use case where you don't have full control of the loaded file. Please open an issue on GitHub for any issues related to this experimental feature.
  mols = torch.load(cache_path)
/home/snirhordan/ito/RandomSearchNNs/quickstart/train_qm9.py:358: FutureWarning: You are using `torch.load` with `weights_only=False` (the current default value), which uses the default pickle module implicitly. It is possible to construct malicious pickle data which will execute arbitrary code during unpickling (See https://github.com/pytorch/pytorch/blob/main/SECURITY.md#untrusted-models for more details). In a future release, the default value for `weights_only` will be flipped to `True`. This limits the functions that could be executed during unpickling. Arbitrary objects will no longer be allowed to be loaded via this mode unless they are explicitly allowlisted by the user via `torch.serialization.add_safe_globals`. We recommend you start setting `weights_only=True` for any use case where you don't have full control of the loaded file. Please open an issue on GitHub for any issues related to this experimental feature.
  vocab = torch.load(vocab_path)
[d1_m1/G] loaded cache (130831 mols, vocab={'C': 0, 'F': 1, 'H': 2, 'N': 3, 'O': 4, 'PAD': 5}), dt=33.6s
[d1_m1/G] max_len=29
[d1_m1/G] target stats: mean=-11179.8770 std=1085.5924
[d1_m1/G] pe_in_dim=35 pe_out_dim=16 vocab_size=6
[d1_m1/G] split 0: train=78498 valid=26166 test=26167
[d1_m1/G] split 0 epoch   0 train_mse=0.1328 valid_mae=80.2307 dt=532.9s *
[d1_m1/G] split 0 epoch   1 train_mse=0.0204 valid_mae=64.5863 dt=530.1s *
[d1_m1/G] split 0 epoch   2 train_mse=0.0161 valid_mae=55.7064 dt=533.5s *
[d1_m1/G] split 0 epoch   3 train_mse=0.0151 valid_mae=43.6024 dt=536.0s *
[d1_m1/G] split 0 epoch   4 train_mse=0.0110 valid_mae=45.8170 dt=531.8s  
[d1_m1/G] split 0 epoch   5 train_mse=0.0093 valid_mae=39.7145 dt=532.8s *
[d1_m1/G] split 0 epoch   6 train_mse=0.0227 valid_mae=68.3440 dt=529.4s  
[d1_m1/G] split 0 epoch   7 train_mse=0.0089 valid_mae=51.0893 dt=531.5s  
[d1_m1/G] split 0 epoch   8 train_mse=0.0092 valid_mae=33.4555 dt=529.3s *
[d1_m1/G] split 0 epoch   9 train_mse=0.0083 valid_mae=40.4878 dt=531.8s  
[d1_m1/G] split 0 epoch  10 train_mse=0.0089 valid_mae=60.9057 dt=533.4s  
[d1_m1/G] split 0 epoch  11 train_mse=0.0087 valid_mae=44.4984 dt=533.0s  
[d1_m1/G] split 0 epoch  12 train_mse=0.0092 valid_mae=31.8649 dt=532.8s *
[d1_m1/G] split 0 epoch  13 train_mse=0.0086 valid_mae=29.6148 dt=530.4s *
[d1_m1/G] split 0 epoch  14 train_mse=0.0078 valid_mae=120.0083 dt=531.8s  
[d1_m1/G] split 0 DONE best_valid_mae=29.6148 test_mae=30.2808 split_dt=8104.8s
[d1_m1/G] DONE mean_test_mae=30.2808 total=8104.8s peak_gpu_mem=912.3MB
[d1_m1/G] metrics saved -> /home/snirhordan/ito/RandomSearchNNs/runs/qm9_rwnn/_stage/m16/G/split1/G/metrics.json
