# cmd: /home/snirhordan/miniconda3/envs/rwnn/bin/python3 -u quickstart/train_qm9.py --target R2 --walk_type search --distances 0 --mol_edge_feat 0 --epochs 10 --early_stopping 3 --n_splits 1 --batch_size 128 --h_dim 128 --num_layers 2 --m 8 --w 8 --reduce mean --seed 44 --num_workers 4 --device_idx 0 --out_root /home/snirhordan/ito/RandomSearchNNs/runs/qm9_rsnn/_stage --run_subdir m8/R2/split2 --limit 0
# gpu: 0
# seed: 44
[d0_m0/R2] device=cuda:0 seed=44 cwd=/home/snirhordan/ito/RandomSearchNNs
[d0_m0/R2] loading preprocessed cache from data/qm9/qm9_d_rwnn_cache/mols_R2.pt
/home/snirhordan/ito/RandomSearchNNs/quickstart/train_qm9.py:357: FutureWarning: You are using `torch.load` with `weights_only=False` (the current default value), which uses the default pickle module implicitly. It is possible to construct malicious pickle data which will execute arbitrary code during unpickling (See https://github.com/pytorch/pytorch/blob/main/SECURITY.md#untrusted-models for more details). In a future release, the default value for `weights_only` will be flipped to `True`. This limits the functions that could be executed during unpickling. Arbitrary objects will no longer be allowed to be loaded via this mode unless they are explicitly allowlisted by the user via `torch.serialization.add_safe_globals`. We recommend you start setting `weights_only=True` for any use case where you don't have full control of the loaded file. Please open an issue on GitHub for any issues related to this experimental feature.
  mols = torch.load(cache_path)
/home/snirhordan/ito/RandomSearchNNs/quickstart/train_qm9.py:358: FutureWarning: You are using `torch.load` with `weights_only=False` (the current default value), which uses the default pickle module implicitly. It is possible to construct malicious pickle data which will execute arbitrary code during unpickling (See https://github.com/pytorch/pytorch/blob/main/SECURITY.md#untrusted-models for more details). In a future release, the default value for `weights_only` will be flipped to `True`. This limits the functions that could be executed during unpickling. Arbitrary objects will no longer be allowed to be loaded via this mode unless they are explicitly allowlisted by the user via `torch.serialization.add_safe_globals`. We recommend you start setting `weights_only=True` for any use case where you don't have full control of the loaded file. Please open an issue on GitHub for any issues related to this experimental feature.
  vocab = torch.load(vocab_path)
[d0_m0/R2] loaded cache (130831 mols, vocab={'C': 0, 'F': 1, 'H': 2, 'N': 3, 'O': 4, 'PAD': 5}), dt=46.9s
[d0_m0/R2] max_len=29
[d0_m0/R2] target stats: mean=1189.4105 std=280.4781
[d0_m0/R2] pe_in_dim=8 pe_out_dim=16 vocab_size=6
[d0_m0/R2] split 0: train=78498 valid=26166 test=26167
[d0_m0/R2] split 0 epoch   0 train_mse=0.3537 valid_mae=79.8819 dt=131.1s *
[d0_m0/R2] split 0 epoch   1 train_mse=0.1310 valid_mae=63.9176 dt=128.7s *
[d0_m0/R2] split 0 epoch   2 train_mse=0.0991 valid_mae=60.0919 dt=129.0s *
[d0_m0/R2] split 0 epoch   3 train_mse=0.0821 valid_mae=55.6960 dt=129.0s *
[d0_m0/R2] split 0 epoch   4 train_mse=0.0717 valid_mae=51.3244 dt=128.4s *
[d0_m0/R2] split 0 epoch   5 train_mse=0.0625 valid_mae=49.8136 dt=129.1s *
[d0_m0/R2] split 0 epoch   6 train_mse=0.0567 valid_mae=46.9039 dt=128.5s *
[d0_m0/R2] split 0 epoch   7 train_mse=0.0534 valid_mae=45.6174 dt=129.2s *
[d0_m0/R2] split 0 epoch   8 train_mse=0.0496 valid_mae=43.7032 dt=128.4s *
[d0_m0/R2] split 0 epoch   9 train_mse=0.0470 valid_mae=42.1790 dt=128.7s *
[d0_m0/R2] split 0 DONE best_valid_mae=42.1790 test_mae=42.6912 split_dt=1322.7s
[d0_m0/R2] DONE mean_test_mae=42.6912 total=1322.7s peak_gpu_mem=478.7MB
[d0_m0/R2] metrics saved -> /home/snirhordan/ito/RandomSearchNNs/runs/qm9_rsnn/_stage/m8/R2/split2/R2/metrics.json
