[d0_m0/homo] device=cuda:0 seed=42 cwd=/home/snirhordan/ito/RandomSearchNNs
[d0_m0/homo] loading preprocessed cache from data/qm9/qm9_d_rwnn_cache/mols_homo.pt
/home/snirhordan/ito/RandomSearchNNs/quickstart/train_qm9.py:336: FutureWarning: You are using `torch.load` with `weights_only=False` (the current default value), which uses the default pickle module implicitly. It is possible to construct malicious pickle data which will execute arbitrary code during unpickling (See https://github.com/pytorch/pytorch/blob/main/SECURITY.md#untrusted-models for more details). In a future release, the default value for `weights_only` will be flipped to `True`. This limits the functions that could be executed during unpickling. Arbitrary objects will no longer be allowed to be loaded via this mode unless they are explicitly allowlisted by the user via `torch.serialization.add_safe_globals`. We recommend you start setting `weights_only=True` for any use case where you don't have full control of the loaded file. Please open an issue on GitHub for any issues related to this experimental feature.
  mols = torch.load(cache_path)
/home/snirhordan/ito/RandomSearchNNs/quickstart/train_qm9.py:337: FutureWarning: You are using `torch.load` with `weights_only=False` (the current default value), which uses the default pickle module implicitly. It is possible to construct malicious pickle data which will execute arbitrary code during unpickling (See https://github.com/pytorch/pytorch/blob/main/SECURITY.md#untrusted-models for more details). In a future release, the default value for `weights_only` will be flipped to `True`. This limits the functions that could be executed during unpickling. Arbitrary objects will no longer be allowed to be loaded via this mode unless they are explicitly allowlisted by the user via `torch.serialization.add_safe_globals`. We recommend you start setting `weights_only=True` for any use case where you don't have full control of the loaded file. Please open an issue on GitHub for any issues related to this experimental feature.
  vocab = torch.load(vocab_path)
[d0_m0/homo] loaded cache (130831 mols, vocab={'C': 0, 'F': 1, 'H': 2, 'N': 3, 'O': 4, 'PAD': 5}), dt=50.7s
[d0_m0/homo] max_len=29
[d0_m0/homo] target stats: mean=-6.5365 std=0.5977
[d0_m0/homo] pe_in_dim=16 pe_out_dim=16 vocab_size=6
[d0_m0/homo] split 0: train=78498 valid=26166 test=26167
[d0_m0/homo] split 0 epoch   0 train_mse=0.6265 valid_mae=0.3031 dt=230.7s *
[d0_m0/homo] split 0 epoch   1 train_mse=0.4273 valid_mae=0.2813 dt=227.7s *
[d0_m0/homo] split 0 epoch   2 train_mse=0.3650 valid_mae=0.2674 dt=228.1s *
[d0_m0/homo] split 0 epoch   3 train_mse=0.3336 valid_mae=0.2502 dt=227.0s *
[d0_m0/homo] split 0 epoch   4 train_mse=0.3076 valid_mae=0.2350 dt=226.7s *
[d0_m0/homo] split 0 epoch   5 train_mse=0.2893 valid_mae=0.2356 dt=227.4s  
[d0_m0/homo] split 0 epoch   6 train_mse=0.2760 valid_mae=0.2284 dt=227.5s *
[d0_m0/homo] split 0 epoch   7 train_mse=0.2634 valid_mae=0.2203 dt=227.0s *
[d0_m0/homo] split 0 epoch   8 train_mse=0.2535 valid_mae=0.2200 dt=226.8s *
[d0_m0/homo] split 0 epoch   9 train_mse=0.2425 valid_mae=0.2139 dt=227.3s *
[d0_m0/homo] split 0 epoch  10 train_mse=0.2402 valid_mae=0.2121 dt=227.0s *
[d0_m0/homo] split 0 epoch  11 train_mse=0.2328 valid_mae=0.2091 dt=227.4s *
[d0_m0/homo] split 0 epoch  12 train_mse=0.2264 valid_mae=0.2077 dt=227.8s *
[d0_m0/homo] split 0 epoch  13 train_mse=0.2245 valid_mae=0.2059 dt=227.7s *
[d0_m0/homo] split 0 epoch  14 train_mse=0.2204 valid_mae=0.2121 dt=226.6s  
[d0_m0/homo] split 0 DONE best_valid_mae=0.2059 test_mae=0.2057 split_dt=3468.0s
[d0_m0/homo] DONE mean_test_mae=0.2057 total=3468.0s peak_gpu_mem=475.6MB
[d0_m0/homo] metrics saved -> runs/qm9/d0_m0/homo/metrics.json
