# cmd: /home/snirhordan/miniconda3/envs/rwnn/bin/python3 -u /home/snirhordan/ito/RandomSearchNNs/quickstart/train_qm9.py --target lumo --walk_type walk_ada --distances 1 --mol_edge_feat 1 --epochs 15 --early_stopping 4 --n_splits 1 --batch_size 128 --h_dim 128 --num_layers 2 --m 16 --w 8 --reduce mean --seed 44 --num_workers 4 --device_idx 0 --out_root /home/snirhordan/ito/RandomSearchNNs/runs/qm9_rwnn/_stage --run_subdir m16/lumo/split2 --limit 0
# gpu: 2 seed: 44
[d1_m1/lumo] device=cuda:0 seed=44 cwd=/home/snirhordan/ito/RandomSearchNNs
[d1_m1/lumo] loading preprocessed cache from data/qm9/qm9_d_rwnn_cache/mols_lumo.pt
/home/snirhordan/ito/RandomSearchNNs/quickstart/train_qm9.py:357: FutureWarning: You are using `torch.load` with `weights_only=False` (the current default value), which uses the default pickle module implicitly. It is possible to construct malicious pickle data which will execute arbitrary code during unpickling (See https://github.com/pytorch/pytorch/blob/main/SECURITY.md#untrusted-models for more details). In a future release, the default value for `weights_only` will be flipped to `True`. This limits the functions that could be executed during unpickling. Arbitrary objects will no longer be allowed to be loaded via this mode unless they are explicitly allowlisted by the user via `torch.serialization.add_safe_globals`. We recommend you start setting `weights_only=True` for any use case where you don't have full control of the loaded file. Please open an issue on GitHub for any issues related to this experimental feature.
  mols = torch.load(cache_path)
/home/snirhordan/ito/RandomSearchNNs/quickstart/train_qm9.py:358: FutureWarning: You are using `torch.load` with `weights_only=False` (the current default value), which uses the default pickle module implicitly. It is possible to construct malicious pickle data which will execute arbitrary code during unpickling (See https://github.com/pytorch/pytorch/blob/main/SECURITY.md#untrusted-models for more details). In a future release, the default value for `weights_only` will be flipped to `True`. This limits the functions that could be executed during unpickling. Arbitrary objects will no longer be allowed to be loaded via this mode unless they are explicitly allowlisted by the user via `torch.serialization.add_safe_globals`. We recommend you start setting `weights_only=True` for any use case where you don't have full control of the loaded file. Please open an issue on GitHub for any issues related to this experimental feature.
  vocab = torch.load(vocab_path)
[d1_m1/lumo] loaded cache (130831 mols, vocab={'C': 0, 'F': 1, 'H': 2, 'N': 3, 'O': 4, 'PAD': 5}), dt=45.0s
[d1_m1/lumo] max_len=29
[d1_m1/lumo] target stats: mean=0.3220 std=1.2749
[d1_m1/lumo] pe_in_dim=35 pe_out_dim=16 vocab_size=6
[d1_m1/lumo] split 0: train=78498 valid=26166 test=26167
[d1_m1/lumo] split 0 epoch   0 train_mse=0.2592 valid_mae=0.3175 dt=737.5s *
[d1_m1/lumo] split 0 epoch   1 train_mse=0.0980 valid_mae=0.2609 dt=734.5s *
[d1_m1/lumo] split 0 epoch   2 train_mse=0.0705 valid_mae=0.2433 dt=732.6s *
[d1_m1/lumo] split 0 epoch   3 train_mse=0.0560 valid_mae=0.2081 dt=733.3s *
[d1_m1/lumo] split 0 epoch   4 train_mse=0.0500 valid_mae=0.1998 dt=732.4s *
[d1_m1/lumo] split 0 epoch   5 train_mse=0.0441 valid_mae=0.1889 dt=734.9s *
[d1_m1/lumo] split 0 epoch   6 train_mse=0.0403 valid_mae=0.1736 dt=736.4s *
[d1_m1/lumo] split 0 epoch   7 train_mse=0.0381 valid_mae=0.2190 dt=737.1s  
[d1_m1/lumo] split 0 epoch   8 train_mse=0.0368 valid_mae=0.1780 dt=735.1s  
[d1_m1/lumo] split 0 epoch   9 train_mse=0.0335 valid_mae=0.1783 dt=734.0s  
[d1_m1/lumo] split 0 epoch  10 train_mse=0.0317 valid_mae=0.1609 dt=735.1s *
[d1_m1/lumo] split 0 epoch  11 train_mse=0.0305 valid_mae=0.1588 dt=734.8s *
[d1_m1/lumo] split 0 epoch  12 train_mse=0.0295 valid_mae=0.1606 dt=734.5s  
[d1_m1/lumo] split 0 epoch  13 train_mse=0.0284 valid_mae=0.1547 dt=735.6s *
[d1_m1/lumo] split 0 epoch  14 train_mse=0.0280 valid_mae=0.1519 dt=733.8s *
[d1_m1/lumo] split 0 DONE best_valid_mae=0.1519 test_mae=0.1502 split_dt=11197.9s
[d1_m1/lumo] DONE mean_test_mae=0.1502 total=11197.9s peak_gpu_mem=905.4MB
[d1_m1/lumo] metrics saved -> /home/snirhordan/ito/RandomSearchNNs/runs/qm9_rwnn/_stage/m16/lumo/split2/lumo/metrics.json
