[d0_m1/mu] device=cuda:0 seed=42 cwd=/home/snirhordan/ito/RandomSearchNNs
[d0_m1/mu] loading preprocessed cache from data/qm9/qm9_d_rwnn_cache/mols_mu.pt
/home/snirhordan/ito/RandomSearchNNs/quickstart/train_qm9.py:329: FutureWarning: You are using `torch.load` with `weights_only=False` (the current default value), which uses the default pickle module implicitly. It is possible to construct malicious pickle data which will execute arbitrary code during unpickling (See https://github.com/pytorch/pytorch/blob/main/SECURITY.md#untrusted-models for more details). In a future release, the default value for `weights_only` will be flipped to `True`. This limits the functions that could be executed during unpickling. Arbitrary objects will no longer be allowed to be loaded via this mode unless they are explicitly allowlisted by the user via `torch.serialization.add_safe_globals`. We recommend you start setting `weights_only=True` for any use case where you don't have full control of the loaded file. Please open an issue on GitHub for any issues related to this experimental feature.
  mols = torch.load(cache_path)
/home/snirhordan/ito/RandomSearchNNs/quickstart/train_qm9.py:330: FutureWarning: You are using `torch.load` with `weights_only=False` (the current default value), which uses the default pickle module implicitly. It is possible to construct malicious pickle data which will execute arbitrary code during unpickling (See https://github.com/pytorch/pytorch/blob/main/SECURITY.md#untrusted-models for more details). In a future release, the default value for `weights_only` will be flipped to `True`. This limits the functions that could be executed during unpickling. Arbitrary objects will no longer be allowed to be loaded via this mode unless they are explicitly allowlisted by the user via `torch.serialization.add_safe_globals`. We recommend you start setting `weights_only=True` for any use case where you don't have full control of the loaded file. Please open an issue on GitHub for any issues related to this experimental feature.
  vocab = torch.load(vocab_path)
[d0_m1/mu] loaded cache (130831 mols, vocab={'C': 0, 'F': 1, 'H': 2, 'N': 3, 'O': 4, 'PAD': 5}), dt=47.7s
[d0_m1/mu] max_len=29
[d0_m1/mu] target stats: mean=2.6730 std=1.5035
[d0_m1/mu] pe_in_dim=19 pe_out_dim=16 vocab_size=6
[d0_m1/mu] split 0: train=78498 valid=26166 test=26167
[d0_m1/mu] split 0 epoch   0 train_mse=0.6677 valid_mae=0.8049 dt=254.1s *
[d0_m1/mu] split 0 epoch   1 train_mse=0.5756 valid_mae=0.7856 dt=251.3s *
[d0_m1/mu] split 0 epoch   2 train_mse=0.5426 valid_mae=0.7523 dt=251.1s *
[d0_m1/mu] split 0 epoch   3 train_mse=0.5069 valid_mae=0.7498 dt=250.9s *
[d0_m1/mu] split 0 epoch   4 train_mse=0.4788 valid_mae=0.7314 dt=250.6s *
[d0_m1/mu] split 0 epoch   5 train_mse=0.4638 valid_mae=0.7192 dt=250.7s *
[d0_m1/mu] split 0 epoch   6 train_mse=0.4496 valid_mae=0.7085 dt=250.9s *
[d0_m1/mu] split 0 epoch   7 train_mse=0.4432 valid_mae=0.7048 dt=251.0s *
[d0_m1/mu] split 0 epoch   8 train_mse=0.4343 valid_mae=0.7066 dt=250.2s  
[d0_m1/mu] split 0 epoch   9 train_mse=0.4186 valid_mae=0.6955 dt=251.3s *
[d0_m1/mu] split 0 epoch  10 train_mse=0.4226 valid_mae=0.7051 dt=250.7s  
[d0_m1/mu] split 0 epoch  11 train_mse=0.4195 valid_mae=0.6929 dt=250.6s *
[d0_m1/mu] split 0 epoch  12 train_mse=0.4036 valid_mae=0.6948 dt=250.7s  
[d0_m1/mu] split 0 epoch  13 train_mse=0.4002 valid_mae=0.6799 dt=251.0s *
[d0_m1/mu] split 0 epoch  14 train_mse=0.3895 valid_mae=0.6819 dt=250.3s  
[d0_m1/mu] split 0 DONE best_valid_mae=0.6799 test_mae=0.6779 split_dt=3826.6s
[d0_m1/mu] DONE mean_test_mae=0.6779 total=3826.7s peak_gpu_mem=477.4MB
[d0_m1/mu] metrics saved -> runs/qm9/d0_m1/mu/metrics.json
