# cmd: /home/snirhordan/miniconda3/envs/rwnn/bin/python3 -u quickstart/train_qm9.py --target alpha --walk_type search --distances 0 --mol_edge_feat 0 --epochs 10 --early_stopping 3 --n_splits 1 --batch_size 128 --h_dim 128 --num_layers 2 --m 4 --w 8 --reduce mean --seed 44 --num_workers 4 --device_idx 0 --out_root /home/snirhordan/ito/RandomSearchNNs/runs/qm9_rsnn/_stage --run_subdir m4/alpha/split2 --limit 0
# gpu: 2
# seed: 44
[d0_m0/alpha] device=cuda:0 seed=44 cwd=/home/snirhordan/ito/RandomSearchNNs
[d0_m0/alpha] loading preprocessed cache from data/qm9/qm9_d_rwnn_cache/mols_alpha.pt
/home/snirhordan/ito/RandomSearchNNs/quickstart/train_qm9.py:357: FutureWarning: You are using `torch.load` with `weights_only=False` (the current default value), which uses the default pickle module implicitly. It is possible to construct malicious pickle data which will execute arbitrary code during unpickling (See https://github.com/pytorch/pytorch/blob/main/SECURITY.md#untrusted-models for more details). In a future release, the default value for `weights_only` will be flipped to `True`. This limits the functions that could be executed during unpickling. Arbitrary objects will no longer be allowed to be loaded via this mode unless they are explicitly allowlisted by the user via `torch.serialization.add_safe_globals`. We recommend you start setting `weights_only=True` for any use case where you don't have full control of the loaded file. Please open an issue on GitHub for any issues related to this experimental feature.
  mols = torch.load(cache_path)
/home/snirhordan/ito/RandomSearchNNs/quickstart/train_qm9.py:358: FutureWarning: You are using `torch.load` with `weights_only=False` (the current default value), which uses the default pickle module implicitly. It is possible to construct malicious pickle data which will execute arbitrary code during unpickling (See https://github.com/pytorch/pytorch/blob/main/SECURITY.md#untrusted-models for more details). In a future release, the default value for `weights_only` will be flipped to `True`. This limits the functions that could be executed during unpickling. Arbitrary objects will no longer be allowed to be loaded via this mode unless they are explicitly allowlisted by the user via `torch.serialization.add_safe_globals`. We recommend you start setting `weights_only=True` for any use case where you don't have full control of the loaded file. Please open an issue on GitHub for any issues related to this experimental feature.
  vocab = torch.load(vocab_path)
[d0_m0/alpha] loaded cache (130831 mols, vocab={'C': 0, 'F': 1, 'H': 2, 'N': 3, 'O': 4, 'PAD': 5}), dt=46.3s
[d0_m0/alpha] max_len=29
[d0_m0/alpha] target stats: mean=75.2812 std=8.1738
[d0_m0/alpha] pe_in_dim=8 pe_out_dim=16 vocab_size=6
[d0_m0/alpha] split 0: train=78498 valid=26166 test=26167
[d0_m0/alpha] split 0 epoch   0 train_mse=0.1495 valid_mae=1.4662 dt=85.1s *
[d0_m0/alpha] split 0 epoch   1 train_mse=0.0633 valid_mae=1.6320 dt=83.1s  
[d0_m0/alpha] split 0 epoch   2 train_mse=0.0528 valid_mae=1.7220 dt=83.1s  
[d0_m0/alpha] split 0 epoch   3 train_mse=0.0476 valid_mae=1.2967 dt=82.9s *
[d0_m0/alpha] split 0 epoch   4 train_mse=0.0439 valid_mae=1.1641 dt=82.9s *
[d0_m0/alpha] split 0 epoch   5 train_mse=0.0396 valid_mae=1.2421 dt=83.2s  
[d0_m0/alpha] split 0 epoch   6 train_mse=0.0375 valid_mae=1.2252 dt=83.1s  
[d0_m0/alpha] split 0 epoch   7 train_mse=0.0359 valid_mae=1.0649 dt=83.3s *
[d0_m0/alpha] split 0 epoch   8 train_mse=0.0331 valid_mae=1.0582 dt=83.1s *
[d0_m0/alpha] split 0 epoch   9 train_mse=0.0301 valid_mae=1.4279 dt=83.1s  
[d0_m0/alpha] split 0 DONE best_valid_mae=1.0582 test_mae=1.0701 split_dt=853.1s
[d0_m0/alpha] DONE mean_test_mae=1.0701 total=853.1s peak_gpu_mem=265.0MB
[d0_m0/alpha] metrics saved -> /home/snirhordan/ito/RandomSearchNNs/runs/qm9_rsnn/_stage/m4/alpha/split2/alpha/metrics.json
