[d1_m0/alpha] device=cuda:0 seed=42 cwd=/home/snirhordan/ito/RandomSearchNNs
[d1_m0/alpha] loading preprocessed cache from data/qm9/qm9_d_rwnn_cache/mols_alpha.pt
/home/snirhordan/ito/RandomSearchNNs/quickstart/train_qm9.py:336: FutureWarning: You are using `torch.load` with `weights_only=False` (the current default value), which uses the default pickle module implicitly. It is possible to construct malicious pickle data which will execute arbitrary code during unpickling (See https://github.com/pytorch/pytorch/blob/main/SECURITY.md#untrusted-models for more details). In a future release, the default value for `weights_only` will be flipped to `True`. This limits the functions that could be executed during unpickling. Arbitrary objects will no longer be allowed to be loaded via this mode unless they are explicitly allowlisted by the user via `torch.serialization.add_safe_globals`. We recommend you start setting `weights_only=True` for any use case where you don't have full control of the loaded file. Please open an issue on GitHub for any issues related to this experimental feature.
  mols = torch.load(cache_path)
/home/snirhordan/ito/RandomSearchNNs/quickstart/train_qm9.py:337: FutureWarning: You are using `torch.load` with `weights_only=False` (the current default value), which uses the default pickle module implicitly. It is possible to construct malicious pickle data which will execute arbitrary code during unpickling (See https://github.com/pytorch/pytorch/blob/main/SECURITY.md#untrusted-models for more details). In a future release, the default value for `weights_only` will be flipped to `True`. This limits the functions that could be executed during unpickling. Arbitrary objects will no longer be allowed to be loaded via this mode unless they are explicitly allowlisted by the user via `torch.serialization.add_safe_globals`. We recommend you start setting `weights_only=True` for any use case where you don't have full control of the loaded file. Please open an issue on GitHub for any issues related to this experimental feature.
  vocab = torch.load(vocab_path)
[d1_m0/alpha] loaded cache (130831 mols, vocab={'C': 0, 'F': 1, 'H': 2, 'N': 3, 'O': 4, 'PAD': 5}), dt=47.5s
[d1_m0/alpha] max_len=29
[d1_m0/alpha] target stats: mean=75.2812 std=8.1738
[d1_m0/alpha] pe_in_dim=32 pe_out_dim=16 vocab_size=6
[d1_m0/alpha] split 0: train=78498 valid=26166 test=26167
[d1_m0/alpha] split 0 epoch   0 train_mse=0.1972 valid_mae=1.9547 dt=259.0s *
[d1_m0/alpha] split 0 epoch   1 train_mse=0.0928 valid_mae=1.7105 dt=255.3s *
[d1_m0/alpha] split 0 epoch   2 train_mse=0.0781 valid_mae=1.5238 dt=256.0s *
[d1_m0/alpha] split 0 epoch   3 train_mse=0.0726 valid_mae=1.5597 dt=254.9s  
[d1_m0/alpha] split 0 epoch   4 train_mse=0.0680 valid_mae=1.3916 dt=255.6s *
[d1_m0/alpha] split 0 epoch   5 train_mse=0.0655 valid_mae=1.4267 dt=256.5s  
[d1_m0/alpha] split 0 epoch   6 train_mse=0.0598 valid_mae=1.4130 dt=255.4s  
[d1_m0/alpha] split 0 epoch   7 train_mse=0.0575 valid_mae=1.2936 dt=254.8s *
[d1_m0/alpha] split 0 epoch   8 train_mse=0.0546 valid_mae=1.3182 dt=256.4s  
[d1_m0/alpha] split 0 epoch   9 train_mse=0.0509 valid_mae=1.3699 dt=255.6s  
[d1_m0/alpha] split 0 epoch  10 train_mse=0.0494 valid_mae=1.3204 dt=256.5s  
[d1_m0/alpha] split 0 epoch  11 train_mse=0.0465 valid_mae=1.1302 dt=256.4s *
[d1_m0/alpha] split 0 epoch  12 train_mse=0.0448 valid_mae=1.0820 dt=255.4s *
[d1_m0/alpha] split 0 epoch  13 train_mse=0.0447 valid_mae=1.1991 dt=255.2s  
[d1_m0/alpha] split 0 epoch  14 train_mse=0.0419 valid_mae=1.0859 dt=255.1s  
[d1_m0/alpha] split 0 DONE best_valid_mae=1.0820 test_mae=1.0978 split_dt=3899.9s
[d1_m0/alpha] DONE mean_test_mae=1.0978 total=3899.9s peak_gpu_mem=480.4MB
[d1_m0/alpha] metrics saved -> runs/qm9/d1_m0/alpha/metrics.json
