# cmd: /home/snirhordan/miniconda3/envs/rwnn/bin/python3 -u quickstart/train_qm9.py --target alpha --walk_type search --distances 0 --mol_edge_feat 0 --epochs 10 --early_stopping 3 --n_splits 1 --batch_size 128 --h_dim 128 --num_layers 2 --m 4 --w 8 --reduce mean --seed 43 --num_workers 4 --device_idx 0 --out_root /home/snirhordan/ito/RandomSearchNNs/runs/qm9_rsnn/_stage --run_subdir m4/alpha/split1 --limit 0
# gpu: 0
# seed: 43
[d0_m0/alpha] device=cuda:0 seed=43 cwd=/home/snirhordan/ito/RandomSearchNNs
[d0_m0/alpha] loading preprocessed cache from data/qm9/qm9_d_rwnn_cache/mols_alpha.pt
/home/snirhordan/ito/RandomSearchNNs/quickstart/train_qm9.py:357: FutureWarning: You are using `torch.load` with `weights_only=False` (the current default value), which uses the default pickle module implicitly. It is possible to construct malicious pickle data which will execute arbitrary code during unpickling (See https://github.com/pytorch/pytorch/blob/main/SECURITY.md#untrusted-models for more details). In a future release, the default value for `weights_only` will be flipped to `True`. This limits the functions that could be executed during unpickling. Arbitrary objects will no longer be allowed to be loaded via this mode unless they are explicitly allowlisted by the user via `torch.serialization.add_safe_globals`. We recommend you start setting `weights_only=True` for any use case where you don't have full control of the loaded file. Please open an issue on GitHub for any issues related to this experimental feature.
  mols = torch.load(cache_path)
/home/snirhordan/ito/RandomSearchNNs/quickstart/train_qm9.py:358: FutureWarning: You are using `torch.load` with `weights_only=False` (the current default value), which uses the default pickle module implicitly. It is possible to construct malicious pickle data which will execute arbitrary code during unpickling (See https://github.com/pytorch/pytorch/blob/main/SECURITY.md#untrusted-models for more details). In a future release, the default value for `weights_only` will be flipped to `True`. This limits the functions that could be executed during unpickling. Arbitrary objects will no longer be allowed to be loaded via this mode unless they are explicitly allowlisted by the user via `torch.serialization.add_safe_globals`. We recommend you start setting `weights_only=True` for any use case where you don't have full control of the loaded file. Please open an issue on GitHub for any issues related to this experimental feature.
  vocab = torch.load(vocab_path)
[d0_m0/alpha] loaded cache (130831 mols, vocab={'C': 0, 'F': 1, 'H': 2, 'N': 3, 'O': 4, 'PAD': 5}), dt=46.8s
[d0_m0/alpha] max_len=29
[d0_m0/alpha] target stats: mean=75.2812 std=8.1738
[d0_m0/alpha] pe_in_dim=8 pe_out_dim=16 vocab_size=6
[d0_m0/alpha] split 0: train=78498 valid=26166 test=26167
[d0_m0/alpha] split 0 epoch   0 train_mse=0.1420 valid_mae=1.6359 dt=83.1s *
[d0_m0/alpha] split 0 epoch   1 train_mse=0.0628 valid_mae=1.2921 dt=80.7s *
[d0_m0/alpha] split 0 epoch   2 train_mse=0.0525 valid_mae=1.2214 dt=80.7s *
[d0_m0/alpha] split 0 epoch   3 train_mse=0.0485 valid_mae=1.3285 dt=80.7s  
[d0_m0/alpha] split 0 epoch   4 train_mse=0.0442 valid_mae=1.2690 dt=81.1s  
[d0_m0/alpha] split 0 epoch   5 train_mse=0.0409 valid_mae=1.1055 dt=80.9s *
[d0_m0/alpha] split 0 epoch   6 train_mse=0.0389 valid_mae=1.0312 dt=80.8s *
[d0_m0/alpha] split 0 epoch   7 train_mse=0.0350 valid_mae=1.0069 dt=80.7s *
[d0_m0/alpha] split 0 epoch   8 train_mse=0.0336 valid_mae=1.1094 dt=80.9s  
[d0_m0/alpha] split 0 epoch   9 train_mse=0.0315 valid_mae=0.9928 dt=80.9s *
[d0_m0/alpha] split 0 DONE best_valid_mae=0.9928 test_mae=1.0074 split_dt=829.9s
[d0_m0/alpha] DONE mean_test_mae=1.0074 total=829.9s peak_gpu_mem=262.7MB
[d0_m0/alpha] metrics saved -> /home/snirhordan/ito/RandomSearchNNs/runs/qm9_rsnn/_stage/m4/alpha/split1/alpha/metrics.json
