# cmd: /home/snirhordan/miniconda3/envs/rwnn/bin/python3 -u /home/snirhordan/ito/RandomSearchNNs/quickstart/train_qm9.py --target R2 --walk_type walk_ada --distances 1 --mol_edge_feat 1 --epochs 15 --early_stopping 4 --n_splits 1 --batch_size 128 --h_dim 128 --num_layers 2 --m 16 --w 8 --reduce mean --seed 44 --num_workers 4 --device_idx 0 --out_root /home/snirhordan/ito/RandomSearchNNs/runs/qm9_rwnn/_stage --run_subdir m16/R2/split2 --limit 0
# gpu: 0 seed: 44 (CVD=0)
[d1_m1/R2] device=cuda:0 seed=44 cwd=/home/snirhordan/ito/RandomSearchNNs
[d1_m1/R2] loading preprocessed cache from data/qm9/qm9_d_rwnn_cache/mols_R2.pt
/home/snirhordan/ito/RandomSearchNNs/quickstart/train_qm9.py:357: FutureWarning: You are using `torch.load` with `weights_only=False` (the current default value), which uses the default pickle module implicitly. It is possible to construct malicious pickle data which will execute arbitrary code during unpickling (See https://github.com/pytorch/pytorch/blob/main/SECURITY.md#untrusted-models for more details). In a future release, the default value for `weights_only` will be flipped to `True`. This limits the functions that could be executed during unpickling. Arbitrary objects will no longer be allowed to be loaded via this mode unless they are explicitly allowlisted by the user via `torch.serialization.add_safe_globals`. We recommend you start setting `weights_only=True` for any use case where you don't have full control of the loaded file. Please open an issue on GitHub for any issues related to this experimental feature.
  mols = torch.load(cache_path)
/home/snirhordan/ito/RandomSearchNNs/quickstart/train_qm9.py:358: FutureWarning: You are using `torch.load` with `weights_only=False` (the current default value), which uses the default pickle module implicitly. It is possible to construct malicious pickle data which will execute arbitrary code during unpickling (See https://github.com/pytorch/pytorch/blob/main/SECURITY.md#untrusted-models for more details). In a future release, the default value for `weights_only` will be flipped to `True`. This limits the functions that could be executed during unpickling. Arbitrary objects will no longer be allowed to be loaded via this mode unless they are explicitly allowlisted by the user via `torch.serialization.add_safe_globals`. We recommend you start setting `weights_only=True` for any use case where you don't have full control of the loaded file. Please open an issue on GitHub for any issues related to this experimental feature.
  vocab = torch.load(vocab_path)
[d1_m1/R2] loaded cache (130831 mols, vocab={'C': 0, 'F': 1, 'H': 2, 'N': 3, 'O': 4, 'PAD': 5}), dt=34.7s
[d1_m1/R2] max_len=29
[d1_m1/R2] target stats: mean=1189.4105 std=280.4781
[d1_m1/R2] pe_in_dim=35 pe_out_dim=16 vocab_size=6
[d1_m1/R2] split 0: train=78498 valid=26166 test=26167
[d1_m1/R2] split 0 epoch   0 train_mse=0.4758 valid_mae=102.6520 dt=528.0s *
[d1_m1/R2] split 0 epoch   1 train_mse=0.2286 valid_mae=88.8148 dt=528.5s *
[d1_m1/R2] split 0 epoch   2 train_mse=0.1950 valid_mae=84.5616 dt=528.6s *
[d1_m1/R2] split 0 epoch   3 train_mse=0.1666 valid_mae=77.1565 dt=528.6s *
[d1_m1/R2] split 0 epoch   4 train_mse=0.1464 valid_mae=72.0034 dt=532.1s *
[d1_m1/R2] split 0 epoch   5 train_mse=0.1298 valid_mae=64.9780 dt=533.5s *
[d1_m1/R2] split 0 epoch   6 train_mse=0.1135 valid_mae=67.0038 dt=533.1s  
[d1_m1/R2] split 0 epoch   7 train_mse=0.1058 valid_mae=60.1381 dt=532.1s *
[d1_m1/R2] split 0 epoch   8 train_mse=0.0986 valid_mae=58.6419 dt=526.9s *
[d1_m1/R2] split 0 epoch   9 train_mse=0.0878 valid_mae=54.7719 dt=527.2s *
[d1_m1/R2] split 0 epoch  10 train_mse=0.0827 valid_mae=56.5225 dt=520.4s  
[d1_m1/R2] split 0 epoch  11 train_mse=0.0786 valid_mae=53.8540 dt=525.3s *
[d1_m1/R2] split 0 epoch  12 train_mse=0.0727 valid_mae=53.9774 dt=524.2s  
[d1_m1/R2] split 0 epoch  13 train_mse=0.0697 valid_mae=51.5640 dt=523.1s *
[d1_m1/R2] split 0 epoch  14 train_mse=0.0658 valid_mae=48.5736 dt=522.9s *
[d1_m1/R2] split 0 DONE best_valid_mae=48.5736 test_mae=48.8343 split_dt=8035.9s
[d1_m1/R2] DONE mean_test_mae=48.8343 total=8036.0s peak_gpu_mem=905.3MB
[d1_m1/R2] metrics saved -> /home/snirhordan/ito/RandomSearchNNs/runs/qm9_rwnn/_stage/m16/R2/split2/R2/metrics.json
