# cmd: /home/snirhordan/miniconda3/envs/rwnn/bin/python3 -u /home/snirhordan/ito/RandomSearchNNs/quickstart/train_qm9.py --target U --walk_type walk_ada --distances 1 --mol_edge_feat 1 --epochs 15 --early_stopping 4 --n_splits 1 --batch_size 128 --h_dim 128 --num_layers 2 --m 8 --w 8 --reduce mean --seed 43 --num_workers 4 --device_idx 0 --out_root /home/snirhordan/ito/RandomSearchNNs/runs/qm9_rwnn/_stage --run_subdir m8/U/split1 --limit 0
# gpu: 0 seed: 43 (CVD=0)
[d1_m1/U] device=cuda:0 seed=43 cwd=/home/snirhordan/ito/RandomSearchNNs
[d1_m1/U] loading preprocessed cache from data/qm9/qm9_d_rwnn_cache/mols_U.pt
/home/snirhordan/ito/RandomSearchNNs/quickstart/train_qm9.py:357: FutureWarning: You are using `torch.load` with `weights_only=False` (the current default value), which uses the default pickle module implicitly. It is possible to construct malicious pickle data which will execute arbitrary code during unpickling (See https://github.com/pytorch/pytorch/blob/main/SECURITY.md#untrusted-models for more details). In a future release, the default value for `weights_only` will be flipped to `True`. This limits the functions that could be executed during unpickling. Arbitrary objects will no longer be allowed to be loaded via this mode unless they are explicitly allowlisted by the user via `torch.serialization.add_safe_globals`. We recommend you start setting `weights_only=True` for any use case where you don't have full control of the loaded file. Please open an issue on GitHub for any issues related to this experimental feature.
  mols = torch.load(cache_path)
/home/snirhordan/ito/RandomSearchNNs/quickstart/train_qm9.py:358: FutureWarning: You are using `torch.load` with `weights_only=False` (the current default value), which uses the default pickle module implicitly. It is possible to construct malicious pickle data which will execute arbitrary code during unpickling (See https://github.com/pytorch/pytorch/blob/main/SECURITY.md#untrusted-models for more details). In a future release, the default value for `weights_only` will be flipped to `True`. This limits the functions that could be executed during unpickling. Arbitrary objects will no longer be allowed to be loaded via this mode unless they are explicitly allowlisted by the user via `torch.serialization.add_safe_globals`. We recommend you start setting `weights_only=True` for any use case where you don't have full control of the loaded file. Please open an issue on GitHub for any issues related to this experimental feature.
  vocab = torch.load(vocab_path)
[d1_m1/U] loaded cache (130831 mols, vocab={'C': 0, 'F': 1, 'H': 2, 'N': 3, 'O': 4, 'PAD': 5}), dt=72.8s
[d1_m1/U] max_len=29
[d1_m1/U] target stats: mean=-11178.7354 std=1085.5728
[d1_m1/U] pe_in_dim=35 pe_out_dim=16 vocab_size=6
[d1_m1/U] split 0: train=78498 valid=26166 test=26167
[d1_m1/U] split 0 epoch   0 train_mse=0.2344 valid_mae=220.0318 dt=773.5s *
[d1_m1/U] split 0 epoch   1 train_mse=0.1164 valid_mae=159.3211 dt=786.8s *
[d1_m1/U] split 0 epoch   2 train_mse=0.1068 valid_mae=172.5450 dt=794.2s  
[d1_m1/U] split 0 epoch   3 train_mse=0.1029 valid_mae=156.3978 dt=783.2s *
[d1_m1/U] split 0 epoch   4 train_mse=0.0996 valid_mae=221.0441 dt=783.6s  
[d1_m1/U] split 0 epoch   5 train_mse=0.0984 valid_mae=153.7203 dt=786.9s *
[d1_m1/U] split 0 epoch   6 train_mse=0.0960 valid_mae=204.9383 dt=779.4s  
[d1_m1/U] split 0 epoch   7 train_mse=0.0955 valid_mae=140.7331 dt=793.1s *
[d1_m1/U] split 0 epoch   8 train_mse=0.0921 valid_mae=141.6675 dt=794.4s  
[d1_m1/U] split 0 epoch   9 train_mse=0.0912 valid_mae=138.3181 dt=748.0s *
[d1_m1/U] split 0 epoch  10 train_mse=0.0900 valid_mae=164.0583 dt=777.4s  
[d1_m1/U] split 0 epoch  11 train_mse=0.0877 valid_mae=140.3766 dt=783.8s  
[d1_m1/U] split 0 epoch  12 train_mse=0.0848 valid_mae=144.0381 dt=783.9s  
[d1_m1/U] split 0 epoch  13 train_mse=0.0852 valid_mae=143.1174 dt=774.5s  
[d1_m1/U] split 0 early stop at epoch 14
[d1_m1/U] split 0 DONE best_valid_mae=138.3181 test_mae=136.9798 split_dt=11126.2s
[d1_m1/U] DONE mean_test_mae=136.9798 total=11126.3s peak_gpu_mem=479.5MB
[d1_m1/U] metrics saved -> /home/snirhordan/ito/RandomSearchNNs/runs/qm9_rwnn/_stage/m8/U/split1/U/metrics.json
