# cmd: /home/snirhordan/miniconda3/envs/rwnn/bin/python3 -u quickstart/train_qm9.py --target Cv --walk_type search --distances 0 --mol_edge_feat 0 --epochs 10 --early_stopping 3 --n_splits 1 --batch_size 128 --h_dim 128 --num_layers 2 --m 1 --w 8 --reduce mean --seed 42 --num_workers 4 --device_idx 0 --out_root /home/snirhordan/ito/RandomSearchNNs/runs/qm9_rsnn/_stage --run_subdir m1/Cv/split0 --limit 0
# gpu: 2
# seed: 42
[d0_m0/Cv] device=cuda:0 seed=42 cwd=/home/snirhordan/ito/RandomSearchNNs
[d0_m0/Cv] loading preprocessed cache from data/qm9/qm9_d_rwnn_cache/mols_Cv.pt
/home/snirhordan/ito/RandomSearchNNs/quickstart/train_qm9.py:357: FutureWarning: You are using `torch.load` with `weights_only=False` (the current default value), which uses the default pickle module implicitly. It is possible to construct malicious pickle data which will execute arbitrary code during unpickling (See https://github.com/pytorch/pytorch/blob/main/SECURITY.md#untrusted-models for more details). In a future release, the default value for `weights_only` will be flipped to `True`. This limits the functions that could be executed during unpickling. Arbitrary objects will no longer be allowed to be loaded via this mode unless they are explicitly allowlisted by the user via `torch.serialization.add_safe_globals`. We recommend you start setting `weights_only=True` for any use case where you don't have full control of the loaded file. Please open an issue on GitHub for any issues related to this experimental feature.
  mols = torch.load(cache_path)
/home/snirhordan/ito/RandomSearchNNs/quickstart/train_qm9.py:358: FutureWarning: You are using `torch.load` with `weights_only=False` (the current default value), which uses the default pickle module implicitly. It is possible to construct malicious pickle data which will execute arbitrary code during unpickling (See https://github.com/pytorch/pytorch/blob/main/SECURITY.md#untrusted-models for more details). In a future release, the default value for `weights_only` will be flipped to `True`. This limits the functions that could be executed during unpickling. Arbitrary objects will no longer be allowed to be loaded via this mode unless they are explicitly allowlisted by the user via `torch.serialization.add_safe_globals`. We recommend you start setting `weights_only=True` for any use case where you don't have full control of the loaded file. Please open an issue on GitHub for any issues related to this experimental feature.
  vocab = torch.load(vocab_path)
[d0_m0/Cv] loaded cache (130831 mols, vocab={'C': 0, 'F': 1, 'H': 2, 'N': 3, 'O': 4, 'PAD': 5}), dt=44.9s
[d0_m0/Cv] max_len=29
[d0_m0/Cv] target stats: mean=31.6204 std=4.0676
[d0_m0/Cv] pe_in_dim=8 pe_out_dim=16 vocab_size=6
[d0_m0/Cv] split 0: train=78498 valid=26166 test=26167
[d0_m0/Cv] split 0 epoch   0 train_mse=0.2519 valid_mae=1.2242 dt=85.7s *
[d0_m0/Cv] split 0 epoch   1 train_mse=0.1243 valid_mae=0.9705 dt=83.7s *
[d0_m0/Cv] split 0 epoch   2 train_mse=0.0874 valid_mae=0.8508 dt=83.4s *
[d0_m0/Cv] split 0 epoch   3 train_mse=0.0753 valid_mae=0.8313 dt=83.6s *
[d0_m0/Cv] split 0 epoch   4 train_mse=0.0665 valid_mae=0.7895 dt=83.3s *
[d0_m0/Cv] split 0 epoch   5 train_mse=0.0597 valid_mae=0.7215 dt=83.6s *
[d0_m0/Cv] split 0 epoch   6 train_mse=0.0552 valid_mae=0.6803 dt=83.4s *
[d0_m0/Cv] split 0 epoch   7 train_mse=0.0517 valid_mae=0.6883 dt=83.4s  
[d0_m0/Cv] split 0 epoch   8 train_mse=0.0475 valid_mae=0.6860 dt=83.5s  
[d0_m0/Cv] split 0 epoch   9 train_mse=0.0447 valid_mae=0.7008 dt=83.4s  
[d0_m0/Cv] split 0 DONE best_valid_mae=0.6803 test_mae=0.6823 split_dt=857.0s
[d0_m0/Cv] DONE mean_test_mae=0.6823 total=857.1s peak_gpu_mem=105.0MB
[d0_m0/Cv] metrics saved -> /home/snirhordan/ito/RandomSearchNNs/runs/qm9_rsnn/_stage/m1/Cv/split0/Cv/metrics.json
