# cmd: /home/snirhordan/miniconda3/envs/rwnn/bin/python3 -u /home/snirhordan/ito/RandomSearchNNs/quickstart/train_qm9.py --target alpha --walk_type walk_ada --distances 1 --mol_edge_feat 1 --epochs 15 --early_stopping 4 --n_splits 1 --batch_size 128 --h_dim 128 --num_layers 2 --m 4 --w 8 --reduce mean --seed 42 --num_workers 4 --device_idx 0 --out_root /home/snirhordan/ito/RandomSearchNNs/runs/qm9_rwnn/_stage --run_subdir m4/alpha/split0 --limit 0
# gpu: 2 seed: 42 (CVD=2)
[d1_m1/alpha] device=cuda:0 seed=42 cwd=/home/snirhordan/ito/RandomSearchNNs
[d1_m1/alpha] loading preprocessed cache from data/qm9/qm9_d_rwnn_cache/mols_alpha.pt
/home/snirhordan/ito/RandomSearchNNs/quickstart/train_qm9.py:357: FutureWarning: You are using `torch.load` with `weights_only=False` (the current default value), which uses the default pickle module implicitly. It is possible to construct malicious pickle data which will execute arbitrary code during unpickling (See https://github.com/pytorch/pytorch/blob/main/SECURITY.md#untrusted-models for more details). In a future release, the default value for `weights_only` will be flipped to `True`. This limits the functions that could be executed during unpickling. Arbitrary objects will no longer be allowed to be loaded via this mode unless they are explicitly allowlisted by the user via `torch.serialization.add_safe_globals`. We recommend you start setting `weights_only=True` for any use case where you don't have full control of the loaded file. Please open an issue on GitHub for any issues related to this experimental feature.
  mols = torch.load(cache_path)
/home/snirhordan/ito/RandomSearchNNs/quickstart/train_qm9.py:358: FutureWarning: You are using `torch.load` with `weights_only=False` (the current default value), which uses the default pickle module implicitly. It is possible to construct malicious pickle data which will execute arbitrary code during unpickling (See https://github.com/pytorch/pytorch/blob/main/SECURITY.md#untrusted-models for more details). In a future release, the default value for `weights_only` will be flipped to `True`. This limits the functions that could be executed during unpickling. Arbitrary objects will no longer be allowed to be loaded via this mode unless they are explicitly allowlisted by the user via `torch.serialization.add_safe_globals`. We recommend you start setting `weights_only=True` for any use case where you don't have full control of the loaded file. Please open an issue on GitHub for any issues related to this experimental feature.
  vocab = torch.load(vocab_path)
[d1_m1/alpha] loaded cache (130831 mols, vocab={'C': 0, 'F': 1, 'H': 2, 'N': 3, 'O': 4, 'PAD': 5}), dt=68.9s
[d1_m1/alpha] max_len=29
[d1_m1/alpha] target stats: mean=75.2812 std=8.1738
[d1_m1/alpha] pe_in_dim=35 pe_out_dim=16 vocab_size=6
[d1_m1/alpha] split 0: train=78498 valid=26166 test=26167
[d1_m1/alpha] split 0 epoch   0 train_mse=0.2649 valid_mae=2.5639 dt=217.1s *
[d1_m1/alpha] split 0 epoch   1 train_mse=0.1685 valid_mae=2.2515 dt=209.7s *
[d1_m1/alpha] split 0 epoch   2 train_mse=0.1558 valid_mae=2.2073 dt=209.9s *
[d1_m1/alpha] split 0 epoch   3 train_mse=0.1449 valid_mae=2.1186 dt=209.3s *
[d1_m1/alpha] split 0 epoch   4 train_mse=0.1338 valid_mae=2.0442 dt=210.1s *
[d1_m1/alpha] split 0 epoch   5 train_mse=0.1264 valid_mae=2.1803 dt=210.3s  
[d1_m1/alpha] split 0 epoch   6 train_mse=0.1201 valid_mae=1.9538 dt=209.3s *
[d1_m1/alpha] split 0 epoch   7 train_mse=0.1146 valid_mae=1.9534 dt=210.5s *
[d1_m1/alpha] split 0 epoch   8 train_mse=0.1114 valid_mae=2.0098 dt=209.1s  
[d1_m1/alpha] split 0 epoch   9 train_mse=0.1108 valid_mae=1.9561 dt=209.8s  
[d1_m1/alpha] split 0 epoch  10 train_mse=0.1057 valid_mae=1.8416 dt=209.6s *
[d1_m1/alpha] split 0 epoch  11 train_mse=0.1023 valid_mae=1.9126 dt=209.8s  
[d1_m1/alpha] split 0 epoch  12 train_mse=0.1020 valid_mae=1.7744 dt=210.7s *
[d1_m1/alpha] split 0 epoch  13 train_mse=0.0993 valid_mae=1.8343 dt=209.4s  
[d1_m1/alpha] split 0 epoch  14 train_mse=0.1020 valid_mae=1.7821 dt=210.2s  
[d1_m1/alpha] split 0 DONE best_valid_mae=1.7744 test_mae=1.7830 split_dt=3208.2s
[d1_m1/alpha] DONE mean_test_mae=1.7830 total=3208.3s peak_gpu_mem=264.6MB
[d1_m1/alpha] metrics saved -> /home/snirhordan/ito/RandomSearchNNs/runs/qm9_rwnn/_stage/m4/alpha/split0/alpha/metrics.json
