# cmd: /home/snirhordan/miniconda3/envs/rwnn/bin/python3 -u quickstart/train_qm9.py --target gap --walk_type search --distances 0 --mol_edge_feat 0 --epochs 10 --early_stopping 3 --n_splits 1 --batch_size 128 --h_dim 128 --num_layers 2 --m 8 --w 8 --reduce mean --seed 44 --num_workers 4 --device_idx 0 --out_root /home/snirhordan/ito/RandomSearchNNs/runs/qm9_rsnn/_stage --run_subdir m8/gap/split2 --limit 0
# gpu: 2
# seed: 44
[d0_m0/gap] device=cuda:0 seed=44 cwd=/home/snirhordan/ito/RandomSearchNNs
[d0_m0/gap] loading preprocessed cache from data/qm9/qm9_d_rwnn_cache/mols_gap.pt
/home/snirhordan/ito/RandomSearchNNs/quickstart/train_qm9.py:357: FutureWarning: You are using `torch.load` with `weights_only=False` (the current default value), which uses the default pickle module implicitly. It is possible to construct malicious pickle data which will execute arbitrary code during unpickling (See https://github.com/pytorch/pytorch/blob/main/SECURITY.md#untrusted-models for more details). In a future release, the default value for `weights_only` will be flipped to `True`. This limits the functions that could be executed during unpickling. Arbitrary objects will no longer be allowed to be loaded via this mode unless they are explicitly allowlisted by the user via `torch.serialization.add_safe_globals`. We recommend you start setting `weights_only=True` for any use case where you don't have full control of the loaded file. Please open an issue on GitHub for any issues related to this experimental feature.
  mols = torch.load(cache_path)
/home/snirhordan/ito/RandomSearchNNs/quickstart/train_qm9.py:358: FutureWarning: You are using `torch.load` with `weights_only=False` (the current default value), which uses the default pickle module implicitly. It is possible to construct malicious pickle data which will execute arbitrary code during unpickling (See https://github.com/pytorch/pytorch/blob/main/SECURITY.md#untrusted-models for more details). In a future release, the default value for `weights_only` will be flipped to `True`. This limits the functions that could be executed during unpickling. Arbitrary objects will no longer be allowed to be loaded via this mode unless they are explicitly allowlisted by the user via `torch.serialization.add_safe_globals`. We recommend you start setting `weights_only=True` for any use case where you don't have full control of the loaded file. Please open an issue on GitHub for any issues related to this experimental feature.
  vocab = torch.load(vocab_path)
[d0_m0/gap] loaded cache (130831 mols, vocab={'C': 0, 'F': 1, 'H': 2, 'N': 3, 'O': 4, 'PAD': 5}), dt=46.3s
[d0_m0/gap] max_len=29
[d0_m0/gap] target stats: mean=6.8585 std=1.2842
[d0_m0/gap] pe_in_dim=8 pe_out_dim=16 vocab_size=6
[d0_m0/gap] split 0: train=78498 valid=26166 test=26167
[d0_m0/gap] split 0 epoch   0 train_mse=0.4184 valid_mae=0.4732 dt=130.2s *
[d0_m0/gap] split 0 epoch   1 train_mse=0.1936 valid_mae=0.3711 dt=127.8s *
[d0_m0/gap] split 0 epoch   2 train_mse=0.1295 valid_mae=0.3229 dt=127.8s *
[d0_m0/gap] split 0 epoch   3 train_mse=0.1045 valid_mae=0.3105 dt=127.3s *
[d0_m0/gap] split 0 epoch   4 train_mse=0.0919 valid_mae=0.2688 dt=128.6s *
[d0_m0/gap] split 0 epoch   5 train_mse=0.0800 valid_mae=0.2508 dt=127.5s *
[d0_m0/gap] split 0 epoch   6 train_mse=0.0724 valid_mae=0.2559 dt=127.6s  
[d0_m0/gap] split 0 epoch   7 train_mse=0.0682 valid_mae=0.2460 dt=128.1s *
[d0_m0/gap] split 0 epoch   8 train_mse=0.0632 valid_mae=0.2333 dt=127.5s *
[d0_m0/gap] split 0 epoch   9 train_mse=0.0591 valid_mae=0.2245 dt=127.6s *
[d0_m0/gap] split 0 DONE best_valid_mae=0.2245 test_mae=0.2262 split_dt=1311.9s
[d0_m0/gap] DONE mean_test_mae=0.2262 total=1312.0s peak_gpu_mem=478.7MB
[d0_m0/gap] metrics saved -> /home/snirhordan/ito/RandomSearchNNs/runs/qm9_rsnn/_stage/m8/gap/split2/gap/metrics.json
