# cmd: /home/snirhordan/miniconda3/envs/rwnn/bin/python3 -u /home/snirhordan/ito/RandomSearchNNs/quickstart/train_qm9.py --target H --walk_type walk_ada --distances 1 --mol_edge_feat 1 --epochs 15 --early_stopping 4 --n_splits 1 --batch_size 128 --h_dim 128 --num_layers 2 --m 4 --w 8 --reduce mean --seed 42 --num_workers 4 --device_idx 0 --out_root /home/snirhordan/ito/RandomSearchNNs/runs/qm9_rwnn/_stage --run_subdir m4/H/split0 --limit 0
# gpu: 0 seed: 42 (CVD=0)
[d1_m1/H] device=cuda:0 seed=42 cwd=/home/snirhordan/ito/RandomSearchNNs
[d1_m1/H] loading preprocessed cache from data/qm9/qm9_d_rwnn_cache/mols_H.pt
/home/snirhordan/ito/RandomSearchNNs/quickstart/train_qm9.py:357: FutureWarning: You are using `torch.load` with `weights_only=False` (the current default value), which uses the default pickle module implicitly. It is possible to construct malicious pickle data which will execute arbitrary code during unpickling (See https://github.com/pytorch/pytorch/blob/main/SECURITY.md#untrusted-models for more details). In a future release, the default value for `weights_only` will be flipped to `True`. This limits the functions that could be executed during unpickling. Arbitrary objects will no longer be allowed to be loaded via this mode unless they are explicitly allowlisted by the user via `torch.serialization.add_safe_globals`. We recommend you start setting `weights_only=True` for any use case where you don't have full control of the loaded file. Please open an issue on GitHub for any issues related to this experimental feature.
  mols = torch.load(cache_path)
/home/snirhordan/ito/RandomSearchNNs/quickstart/train_qm9.py:358: FutureWarning: You are using `torch.load` with `weights_only=False` (the current default value), which uses the default pickle module implicitly. It is possible to construct malicious pickle data which will execute arbitrary code during unpickling (See https://github.com/pytorch/pytorch/blob/main/SECURITY.md#untrusted-models for more details). In a future release, the default value for `weights_only` will be flipped to `True`. This limits the functions that could be executed during unpickling. Arbitrary objects will no longer be allowed to be loaded via this mode unless they are explicitly allowlisted by the user via `torch.serialization.add_safe_globals`. We recommend you start setting `weights_only=True` for any use case where you don't have full control of the loaded file. Please open an issue on GitHub for any issues related to this experimental feature.
  vocab = torch.load(vocab_path)
[d1_m1/H] loaded cache (130831 mols, vocab={'C': 0, 'F': 1, 'H': 2, 'N': 3, 'O': 4, 'PAD': 5}), dt=66.7s
[d1_m1/H] max_len=29
[d1_m1/H] target stats: mean=-11178.7100 std=1085.5728
[d1_m1/H] pe_in_dim=35 pe_out_dim=16 vocab_size=6
[d1_m1/H] split 0: train=78498 valid=26166 test=26167
[d1_m1/H] split 0 epoch   0 train_mse=0.4662 valid_mae=472.1801 dt=408.3s *
[d1_m1/H] split 0 epoch   1 train_mse=0.3576 valid_mae=400.0727 dt=404.1s *
[d1_m1/H] split 0 epoch   2 train_mse=0.3466 valid_mae=394.4024 dt=410.7s *
[d1_m1/H] split 0 epoch   3 train_mse=0.3366 valid_mae=398.1610 dt=413.6s  
[d1_m1/H] split 0 epoch   4 train_mse=0.3282 valid_mae=419.3989 dt=409.0s  
[d1_m1/H] split 0 epoch   5 train_mse=0.3320 valid_mae=393.3619 dt=429.1s *
[d1_m1/H] split 0 epoch   6 train_mse=0.3304 valid_mae=397.4172 dt=415.2s  
[d1_m1/H] split 0 epoch   7 train_mse=0.3262 valid_mae=397.9820 dt=412.2s  
[d1_m1/H] split 0 epoch   8 train_mse=0.3252 valid_mae=419.5186 dt=417.7s  
[d1_m1/H] split 0 epoch   9 train_mse=0.3226 valid_mae=404.6976 dt=396.8s  
[d1_m1/H] split 0 early stop at epoch 10
[d1_m1/H] split 0 DONE best_valid_mae=393.3619 test_mae=395.0527 split_dt=4174.2s
[d1_m1/H] DONE mean_test_mae=395.0527 total=4174.2s peak_gpu_mem=262.7MB
[d1_m1/H] metrics saved -> /home/snirhordan/ito/RandomSearchNNs/runs/qm9_rwnn/_stage/m4/H/split0/H/metrics.json
