[d1_m1/lumo] device=cuda:0 seed=42 cwd=/home/snirhordan/ito/RandomSearchNNs
[d1_m1/lumo] loading preprocessed cache from data/qm9/qm9_d_rwnn_cache/mols_lumo.pt
/home/snirhordan/ito/RandomSearchNNs/quickstart/train_qm9.py:336: FutureWarning: You are using `torch.load` with `weights_only=False` (the current default value), which uses the default pickle module implicitly. It is possible to construct malicious pickle data which will execute arbitrary code during unpickling (See https://github.com/pytorch/pytorch/blob/main/SECURITY.md#untrusted-models for more details). In a future release, the default value for `weights_only` will be flipped to `True`. This limits the functions that could be executed during unpickling. Arbitrary objects will no longer be allowed to be loaded via this mode unless they are explicitly allowlisted by the user via `torch.serialization.add_safe_globals`. We recommend you start setting `weights_only=True` for any use case where you don't have full control of the loaded file. Please open an issue on GitHub for any issues related to this experimental feature.
  mols = torch.load(cache_path)
/home/snirhordan/ito/RandomSearchNNs/quickstart/train_qm9.py:337: FutureWarning: You are using `torch.load` with `weights_only=False` (the current default value), which uses the default pickle module implicitly. It is possible to construct malicious pickle data which will execute arbitrary code during unpickling (See https://github.com/pytorch/pytorch/blob/main/SECURITY.md#untrusted-models for more details). In a future release, the default value for `weights_only` will be flipped to `True`. This limits the functions that could be executed during unpickling. Arbitrary objects will no longer be allowed to be loaded via this mode unless they are explicitly allowlisted by the user via `torch.serialization.add_safe_globals`. We recommend you start setting `weights_only=True` for any use case where you don't have full control of the loaded file. Please open an issue on GitHub for any issues related to this experimental feature.
  vocab = torch.load(vocab_path)
[d1_m1/lumo] loaded cache (130831 mols, vocab={'C': 0, 'F': 1, 'H': 2, 'N': 3, 'O': 4, 'PAD': 5}), dt=50.7s
[d1_m1/lumo] max_len=29
[d1_m1/lumo] target stats: mean=0.3220 std=1.2749
[d1_m1/lumo] pe_in_dim=35 pe_out_dim=16 vocab_size=6
[d1_m1/lumo] split 0: train=78498 valid=26166 test=26167
[d1_m1/lumo] split 0 epoch   0 train_mse=0.3336 valid_mae=0.4268 dt=257.7s *
[d1_m1/lumo] split 0 epoch   1 train_mse=0.1696 valid_mae=0.3400 dt=254.4s *
[d1_m1/lumo] split 0 epoch   2 train_mse=0.1326 valid_mae=0.2982 dt=254.8s *
[d1_m1/lumo] split 0 epoch   3 train_mse=0.1134 valid_mae=0.3074 dt=254.0s  
[d1_m1/lumo] split 0 epoch   4 train_mse=0.1062 valid_mae=0.2785 dt=254.9s *
[d1_m1/lumo] split 0 epoch   5 train_mse=0.0981 valid_mae=0.2633 dt=253.8s *
[d1_m1/lumo] split 0 epoch   6 train_mse=0.0917 valid_mae=0.2570 dt=253.1s *
[d1_m1/lumo] split 0 epoch   7 train_mse=0.0885 valid_mae=0.2571 dt=254.2s  
[d1_m1/lumo] split 0 epoch   8 train_mse=0.0839 valid_mae=0.2597 dt=253.7s  
[d1_m1/lumo] split 0 epoch   9 train_mse=0.0810 valid_mae=0.2454 dt=254.4s *
[d1_m1/lumo] split 0 epoch  10 train_mse=0.0786 valid_mae=0.2397 dt=254.2s *
[d1_m1/lumo] split 0 epoch  11 train_mse=0.0761 valid_mae=0.2528 dt=255.1s  
[d1_m1/lumo] split 0 epoch  12 train_mse=0.0763 valid_mae=0.2185 dt=254.3s *
[d1_m1/lumo] split 0 epoch  13 train_mse=0.0733 valid_mae=0.2321 dt=254.3s  
[d1_m1/lumo] split 0 epoch  14 train_mse=0.0697 valid_mae=0.2152 dt=252.9s *
[d1_m1/lumo] split 0 DONE best_valid_mae=0.2152 test_mae=0.2154 split_dt=3877.4s
[d1_m1/lumo] DONE mean_test_mae=0.2154 total=3877.5s peak_gpu_mem=481.0MB
[d1_m1/lumo] metrics saved -> runs/qm9/d1_m1/lumo/metrics.json
