[d1_m1/zpve] device=cuda:0 seed=42 cwd=/home/snirhordan/ito/RandomSearchNNs
[d1_m1/zpve] loading preprocessed cache from data/qm9/qm9_d_rwnn_cache/mols_zpve.pt
/home/snirhordan/ito/RandomSearchNNs/quickstart/train_qm9.py:336: FutureWarning: You are using `torch.load` with `weights_only=False` (the current default value), which uses the default pickle module implicitly. It is possible to construct malicious pickle data which will execute arbitrary code during unpickling (See https://github.com/pytorch/pytorch/blob/main/SECURITY.md#untrusted-models for more details). In a future release, the default value for `weights_only` will be flipped to `True`. This limits the functions that could be executed during unpickling. Arbitrary objects will no longer be allowed to be loaded via this mode unless they are explicitly allowlisted by the user via `torch.serialization.add_safe_globals`. We recommend you start setting `weights_only=True` for any use case where you don't have full control of the loaded file. Please open an issue on GitHub for any issues related to this experimental feature.
  mols = torch.load(cache_path)
/home/snirhordan/ito/RandomSearchNNs/quickstart/train_qm9.py:337: FutureWarning: You are using `torch.load` with `weights_only=False` (the current default value), which uses the default pickle module implicitly. It is possible to construct malicious pickle data which will execute arbitrary code during unpickling (See https://github.com/pytorch/pytorch/blob/main/SECURITY.md#untrusted-models for more details). In a future release, the default value for `weights_only` will be flipped to `True`. This limits the functions that could be executed during unpickling. Arbitrary objects will no longer be allowed to be loaded via this mode unless they are explicitly allowlisted by the user via `torch.serialization.add_safe_globals`. We recommend you start setting `weights_only=True` for any use case where you don't have full control of the loaded file. Please open an issue on GitHub for any issues related to this experimental feature.
  vocab = torch.load(vocab_path)
[d1_m1/zpve] loaded cache (130831 mols, vocab={'C': 0, 'F': 1, 'H': 2, 'N': 3, 'O': 4, 'PAD': 5}), dt=50.2s
[d1_m1/zpve] max_len=29
[d1_m1/zpve] target stats: mean=4.0569 std=0.9017
[d1_m1/zpve] pe_in_dim=35 pe_out_dim=16 vocab_size=6
[d1_m1/zpve] split 0: train=78498 valid=26166 test=26167
[d1_m1/zpve] split 0 epoch   0 train_mse=0.0469 valid_mae=0.0818 dt=259.9s *
[d1_m1/zpve] split 0 epoch   1 train_mse=0.0092 valid_mae=0.0751 dt=256.4s *
[d1_m1/zpve] split 0 epoch   2 train_mse=0.0076 valid_mae=0.0962 dt=257.5s  
[d1_m1/zpve] split 0 epoch   3 train_mse=0.0058 valid_mae=0.0467 dt=256.8s *
[d1_m1/zpve] split 0 epoch   4 train_mse=0.0055 valid_mae=0.0441 dt=257.6s *
[d1_m1/zpve] split 0 epoch   5 train_mse=0.0048 valid_mae=0.0503 dt=256.9s  
[d1_m1/zpve] split 0 epoch   6 train_mse=0.0044 valid_mae=0.0432 dt=257.1s *
[d1_m1/zpve] split 0 epoch   7 train_mse=0.0038 valid_mae=0.0645 dt=257.5s  
[d1_m1/zpve] split 0 epoch   8 train_mse=0.0038 valid_mae=0.0338 dt=256.4s *
[d1_m1/zpve] split 0 epoch   9 train_mse=0.0037 valid_mae=0.0497 dt=256.0s  
[d1_m1/zpve] split 0 epoch  10 train_mse=0.0033 valid_mae=0.0319 dt=257.3s *
[d1_m1/zpve] split 0 epoch  11 train_mse=0.0031 valid_mae=0.0353 dt=256.5s  
[d1_m1/zpve] split 0 epoch  12 train_mse=0.0031 valid_mae=0.0472 dt=256.4s  
[d1_m1/zpve] split 0 epoch  13 train_mse=0.0030 valid_mae=0.0301 dt=255.3s *
[d1_m1/zpve] split 0 epoch  14 train_mse=0.0028 valid_mae=0.0373 dt=255.2s  
[d1_m1/zpve] split 0 DONE best_valid_mae=0.0301 test_mae=0.0304 split_dt=3914.9s
[d1_m1/zpve] DONE mean_test_mae=0.0304 total=3915.1s peak_gpu_mem=482.0MB
[d1_m1/zpve] metrics saved -> runs/qm9/d1_m1/zpve/metrics.json
