# cmd: /home/snirhordan/miniconda3/envs/rwnn/bin/python3 -u /home/snirhordan/ito/RandomSearchNNs/quickstart/train_qm9.py --target lumo --walk_type walk_ada --distances 1 --mol_edge_feat 1 --epochs 15 --early_stopping 4 --n_splits 1 --batch_size 128 --h_dim 128 --num_layers 2 --m 16 --w 8 --reduce mean --seed 43 --num_workers 4 --device_idx 0 --out_root /home/snirhordan/ito/RandomSearchNNs/runs/qm9_rwnn/_stage --run_subdir m16/lumo/split1 --limit 0
# gpu: 3 seed: 43
[d1_m1/lumo] device=cuda:0 seed=43 cwd=/home/snirhordan/ito/RandomSearchNNs
[d1_m1/lumo] loading preprocessed cache from data/qm9/qm9_d_rwnn_cache/mols_lumo.pt
/home/snirhordan/ito/RandomSearchNNs/quickstart/train_qm9.py:357: FutureWarning: You are using `torch.load` with `weights_only=False` (the current default value), which uses the default pickle module implicitly. It is possible to construct malicious pickle data which will execute arbitrary code during unpickling (See https://github.com/pytorch/pytorch/blob/main/SECURITY.md#untrusted-models for more details). In a future release, the default value for `weights_only` will be flipped to `True`. This limits the functions that could be executed during unpickling. Arbitrary objects will no longer be allowed to be loaded via this mode unless they are explicitly allowlisted by the user via `torch.serialization.add_safe_globals`. We recommend you start setting `weights_only=True` for any use case where you don't have full control of the loaded file. Please open an issue on GitHub for any issues related to this experimental feature.
  mols = torch.load(cache_path)
/home/snirhordan/ito/RandomSearchNNs/quickstart/train_qm9.py:358: FutureWarning: You are using `torch.load` with `weights_only=False` (the current default value), which uses the default pickle module implicitly. It is possible to construct malicious pickle data which will execute arbitrary code during unpickling (See https://github.com/pytorch/pytorch/blob/main/SECURITY.md#untrusted-models for more details). In a future release, the default value for `weights_only` will be flipped to `True`. This limits the functions that could be executed during unpickling. Arbitrary objects will no longer be allowed to be loaded via this mode unless they are explicitly allowlisted by the user via `torch.serialization.add_safe_globals`. We recommend you start setting `weights_only=True` for any use case where you don't have full control of the loaded file. Please open an issue on GitHub for any issues related to this experimental feature.
  vocab = torch.load(vocab_path)
[d1_m1/lumo] loaded cache (130831 mols, vocab={'C': 0, 'F': 1, 'H': 2, 'N': 3, 'O': 4, 'PAD': 5}), dt=46.3s
[d1_m1/lumo] max_len=29
[d1_m1/lumo] target stats: mean=0.3220 std=1.2749
[d1_m1/lumo] pe_in_dim=35 pe_out_dim=16 vocab_size=6
[d1_m1/lumo] split 0: train=78498 valid=26166 test=26167
[d1_m1/lumo] split 0 epoch   0 train_mse=0.2592 valid_mae=0.3165 dt=742.3s *
[d1_m1/lumo] split 0 epoch   1 train_mse=0.0993 valid_mae=0.2885 dt=739.1s *
[d1_m1/lumo] split 0 epoch   2 train_mse=0.0711 valid_mae=0.2268 dt=736.3s *
[d1_m1/lumo] split 0 epoch   3 train_mse=0.0563 valid_mae=0.2077 dt=738.3s *
[d1_m1/lumo] split 0 epoch   4 train_mse=0.0544 valid_mae=0.1948 dt=737.5s *
[d1_m1/lumo] split 0 epoch   5 train_mse=0.0439 valid_mae=0.1862 dt=738.0s *
[d1_m1/lumo] split 0 epoch   6 train_mse=0.0417 valid_mae=0.1816 dt=738.9s *
[d1_m1/lumo] split 0 epoch   7 train_mse=0.0381 valid_mae=0.1878 dt=738.0s  
[d1_m1/lumo] split 0 epoch   8 train_mse=0.0364 valid_mae=0.1701 dt=736.6s *
[d1_m1/lumo] split 0 epoch   9 train_mse=0.0343 valid_mae=0.1710 dt=740.6s  
[d1_m1/lumo] split 0 epoch  10 train_mse=0.0342 valid_mae=0.1620 dt=738.5s *
[d1_m1/lumo] split 0 epoch  11 train_mse=0.0306 valid_mae=0.1572 dt=738.0s *
[d1_m1/lumo] split 0 epoch  12 train_mse=0.0296 valid_mae=0.1570 dt=739.0s *
[d1_m1/lumo] split 0 epoch  13 train_mse=0.0290 valid_mae=0.1556 dt=737.4s *
[d1_m1/lumo] split 0 epoch  14 train_mse=0.0278 valid_mae=0.1552 dt=738.6s *
[d1_m1/lumo] split 0 DONE best_valid_mae=0.1552 test_mae=0.1552 split_dt=11253.0s
[d1_m1/lumo] DONE mean_test_mae=0.1552 total=11253.1s peak_gpu_mem=910.4MB
[d1_m1/lumo] metrics saved -> /home/snirhordan/ito/RandomSearchNNs/runs/qm9_rwnn/_stage/m16/lumo/split1/lumo/metrics.json
