# cmd: /home/snirhordan/miniconda3/envs/rwnn/bin/python3 -u /home/snirhordan/ito/RandomSearchNNs/quickstart/train_qm9.py --target G --walk_type walk_ada --distances 1 --mol_edge_feat 1 --epochs 15 --early_stopping 4 --n_splits 1 --batch_size 128 --h_dim 128 --num_layers 2 --m 8 --w 8 --reduce mean --seed 43 --num_workers 4 --device_idx 0 --out_root /home/snirhordan/ito/RandomSearchNNs/runs/qm9_rwnn/_stage --run_subdir m8/G/split1 --limit 0
# gpu: 2 seed: 43 (CVD=2)
[d1_m1/G] device=cuda:0 seed=43 cwd=/home/snirhordan/ito/RandomSearchNNs
[d1_m1/G] loading preprocessed cache from data/qm9/qm9_d_rwnn_cache/mols_G.pt
/home/snirhordan/ito/RandomSearchNNs/quickstart/train_qm9.py:357: FutureWarning: You are using `torch.load` with `weights_only=False` (the current default value), which uses the default pickle module implicitly. It is possible to construct malicious pickle data which will execute arbitrary code during unpickling (See https://github.com/pytorch/pytorch/blob/main/SECURITY.md#untrusted-models for more details). In a future release, the default value for `weights_only` will be flipped to `True`. This limits the functions that could be executed during unpickling. Arbitrary objects will no longer be allowed to be loaded via this mode unless they are explicitly allowlisted by the user via `torch.serialization.add_safe_globals`. We recommend you start setting `weights_only=True` for any use case where you don't have full control of the loaded file. Please open an issue on GitHub for any issues related to this experimental feature.
  mols = torch.load(cache_path)
/home/snirhordan/ito/RandomSearchNNs/quickstart/train_qm9.py:358: FutureWarning: You are using `torch.load` with `weights_only=False` (the current default value), which uses the default pickle module implicitly. It is possible to construct malicious pickle data which will execute arbitrary code during unpickling (See https://github.com/pytorch/pytorch/blob/main/SECURITY.md#untrusted-models for more details). In a future release, the default value for `weights_only` will be flipped to `True`. This limits the functions that could be executed during unpickling. Arbitrary objects will no longer be allowed to be loaded via this mode unless they are explicitly allowlisted by the user via `torch.serialization.add_safe_globals`. We recommend you start setting `weights_only=True` for any use case where you don't have full control of the loaded file. Please open an issue on GitHub for any issues related to this experimental feature.
  vocab = torch.load(vocab_path)
[d1_m1/G] loaded cache (130831 mols, vocab={'C': 0, 'F': 1, 'H': 2, 'N': 3, 'O': 4, 'PAD': 5}), dt=66.0s
[d1_m1/G] max_len=29
[d1_m1/G] target stats: mean=-11179.8760 std=1085.5924
[d1_m1/G] pe_in_dim=35 pe_out_dim=16 vocab_size=6
[d1_m1/G] split 0: train=78498 valid=26166 test=26167
[d1_m1/G] split 0 epoch   0 train_mse=0.2308 valid_mae=206.9877 dt=394.9s *
[d1_m1/G] split 0 epoch   1 train_mse=0.1145 valid_mae=157.9374 dt=391.0s *
[d1_m1/G] split 0 epoch   2 train_mse=0.1067 valid_mae=178.7201 dt=389.9s  
[d1_m1/G] split 0 epoch   3 train_mse=0.1031 valid_mae=162.1432 dt=389.1s  
[d1_m1/G] split 0 epoch   4 train_mse=0.0996 valid_mae=220.9274 dt=388.7s  
[d1_m1/G] split 0 epoch   5 train_mse=0.0982 valid_mae=152.5781 dt=388.8s *
[d1_m1/G] split 0 epoch   6 train_mse=0.0952 valid_mae=210.3925 dt=389.9s  
[d1_m1/G] split 0 epoch   7 train_mse=0.0953 valid_mae=140.4600 dt=387.5s *
[d1_m1/G] split 0 epoch   8 train_mse=0.0919 valid_mae=139.9347 dt=388.4s *
[d1_m1/G] split 0 epoch   9 train_mse=0.0913 valid_mae=140.6104 dt=388.2s  
[d1_m1/G] split 0 epoch  10 train_mse=0.0899 valid_mae=163.0623 dt=388.4s  
[d1_m1/G] split 0 epoch  11 train_mse=0.0878 valid_mae=138.4852 dt=388.2s *
[d1_m1/G] split 0 epoch  12 train_mse=0.0844 valid_mae=147.3405 dt=387.2s  
[d1_m1/G] split 0 epoch  13 train_mse=0.0852 valid_mae=139.0674 dt=386.5s  
[d1_m1/G] split 0 epoch  14 train_mse=0.0867 valid_mae=153.2295 dt=389.0s  
[d1_m1/G] split 0 DONE best_valid_mae=138.4852 test_mae=140.0069 split_dt=5930.2s
[d1_m1/G] DONE mean_test_mae=140.0069 total=5930.3s peak_gpu_mem=479.9MB
[d1_m1/G] metrics saved -> /home/snirhordan/ito/RandomSearchNNs/runs/qm9_rwnn/_stage/m8/G/split1/G/metrics.json
