# cmd: /home/snirhordan/miniconda3/envs/rwnn/bin/python3 -u /home/snirhordan/ito/RandomSearchNNs/quickstart/train_qm9.py --target U0 --walk_type walk_ada --distances 1 --mol_edge_feat 1 --epochs 15 --early_stopping 4 --n_splits 1 --batch_size 128 --h_dim 128 --num_layers 2 --m 8 --w 8 --reduce mean --seed 44 --num_workers 4 --device_idx 0 --out_root /home/snirhordan/ito/RandomSearchNNs/runs/qm9_rwnn/_stage --run_subdir m8/U0/split2 --limit 0
# gpu: 0 seed: 44 (CVD=0)
[d1_m1/U0] device=cuda:0 seed=44 cwd=/home/snirhordan/ito/RandomSearchNNs
[d1_m1/U0] loading preprocessed cache from data/qm9/qm9_d_rwnn_cache/mols_U0.pt
/home/snirhordan/ito/RandomSearchNNs/quickstart/train_qm9.py:357: FutureWarning: You are using `torch.load` with `weights_only=False` (the current default value), which uses the default pickle module implicitly. It is possible to construct malicious pickle data which will execute arbitrary code during unpickling (See https://github.com/pytorch/pytorch/blob/main/SECURITY.md#untrusted-models for more details). In a future release, the default value for `weights_only` will be flipped to `True`. This limits the functions that could be executed during unpickling. Arbitrary objects will no longer be allowed to be loaded via this mode unless they are explicitly allowlisted by the user via `torch.serialization.add_safe_globals`. We recommend you start setting `weights_only=True` for any use case where you don't have full control of the loaded file. Please open an issue on GitHub for any issues related to this experimental feature.
  mols = torch.load(cache_path)
/home/snirhordan/ito/RandomSearchNNs/quickstart/train_qm9.py:358: FutureWarning: You are using `torch.load` with `weights_only=False` (the current default value), which uses the default pickle module implicitly. It is possible to construct malicious pickle data which will execute arbitrary code during unpickling (See https://github.com/pytorch/pytorch/blob/main/SECURITY.md#untrusted-models for more details). In a future release, the default value for `weights_only` will be flipped to `True`. This limits the functions that could be executed during unpickling. Arbitrary objects will no longer be allowed to be loaded via this mode unless they are explicitly allowlisted by the user via `torch.serialization.add_safe_globals`. We recommend you start setting `weights_only=True` for any use case where you don't have full control of the loaded file. Please open an issue on GitHub for any issues related to this experimental feature.
  vocab = torch.load(vocab_path)
[d1_m1/U0] loaded cache (130831 mols, vocab={'C': 0, 'F': 1, 'H': 2, 'N': 3, 'O': 4, 'PAD': 5}), dt=70.4s
[d1_m1/U0] max_len=29
[d1_m1/U0] target stats: mean=-11178.9668 std=1085.5787
[d1_m1/U0] pe_in_dim=35 pe_out_dim=16 vocab_size=6
[d1_m1/U0] split 0: train=78498 valid=26166 test=26167
[d1_m1/U0] split 0 epoch   0 train_mse=0.2427 valid_mae=249.0592 dt=710.1s *
[d1_m1/U0] split 0 epoch   1 train_mse=0.1171 valid_mae=182.2707 dt=801.5s *
[d1_m1/U0] split 0 epoch   2 train_mse=0.1091 valid_mae=156.0100 dt=773.4s *
[d1_m1/U0] split 0 epoch   3 train_mse=0.1013 valid_mae=157.0537 dt=785.3s  
[d1_m1/U0] split 0 epoch   4 train_mse=0.0988 valid_mae=169.8790 dt=781.3s  
[d1_m1/U0] split 0 epoch   5 train_mse=0.0993 valid_mae=137.8570 dt=775.9s *
[d1_m1/U0] split 0 epoch   6 train_mse=0.0976 valid_mae=169.2385 dt=789.9s  
[d1_m1/U0] split 0 epoch   7 train_mse=0.0931 valid_mae=157.0965 dt=785.4s  
[d1_m1/U0] split 0 epoch   8 train_mse=0.0942 valid_mae=195.7367 dt=784.4s  
[d1_m1/U0] split 0 epoch   9 train_mse=0.0893 valid_mae=141.5723 dt=789.7s  
[d1_m1/U0] split 0 early stop at epoch 10
[d1_m1/U0] split 0 DONE best_valid_mae=137.8570 test_mae=142.3022 split_dt=7958.8s
[d1_m1/U0] DONE mean_test_mae=142.3022 total=7958.9s peak_gpu_mem=478.2MB
[d1_m1/U0] metrics saved -> /home/snirhordan/ito/RandomSearchNNs/runs/qm9_rwnn/_stage/m8/U0/split2/U0/metrics.json
