# cmd: /home/snirhordan/miniconda3/envs/rwnn/bin/python3 -u /home/snirhordan/ito/RandomSearchNNs/quickstart/train_qm9.py --target alpha --walk_type walk_ada --distances 1 --mol_edge_feat 1 --epochs 15 --early_stopping 4 --n_splits 1 --batch_size 128 --h_dim 128 --num_layers 2 --m 8 --w 8 --reduce mean --seed 42 --num_workers 4 --device_idx 0 --out_root /home/snirhordan/ito/RandomSearchNNs/runs/qm9_rwnn/_stage --run_subdir m8/alpha/split0 --limit 0
# gpu: 0 seed: 42 (CVD=0)
[d1_m1/alpha] device=cuda:0 seed=42 cwd=/home/snirhordan/ito/RandomSearchNNs
[d1_m1/alpha] loading preprocessed cache from data/qm9/qm9_d_rwnn_cache/mols_alpha.pt
/home/snirhordan/ito/RandomSearchNNs/quickstart/train_qm9.py:357: FutureWarning: You are using `torch.load` with `weights_only=False` (the current default value), which uses the default pickle module implicitly. It is possible to construct malicious pickle data which will execute arbitrary code during unpickling (See https://github.com/pytorch/pytorch/blob/main/SECURITY.md#untrusted-models for more details). In a future release, the default value for `weights_only` will be flipped to `True`. This limits the functions that could be executed during unpickling. Arbitrary objects will no longer be allowed to be loaded via this mode unless they are explicitly allowlisted by the user via `torch.serialization.add_safe_globals`. We recommend you start setting `weights_only=True` for any use case where you don't have full control of the loaded file. Please open an issue on GitHub for any issues related to this experimental feature.
  mols = torch.load(cache_path)
/home/snirhordan/ito/RandomSearchNNs/quickstart/train_qm9.py:358: FutureWarning: You are using `torch.load` with `weights_only=False` (the current default value), which uses the default pickle module implicitly. It is possible to construct malicious pickle data which will execute arbitrary code during unpickling (See https://github.com/pytorch/pytorch/blob/main/SECURITY.md#untrusted-models for more details). In a future release, the default value for `weights_only` will be flipped to `True`. This limits the functions that could be executed during unpickling. Arbitrary objects will no longer be allowed to be loaded via this mode unless they are explicitly allowlisted by the user via `torch.serialization.add_safe_globals`. We recommend you start setting `weights_only=True` for any use case where you don't have full control of the loaded file. Please open an issue on GitHub for any issues related to this experimental feature.
  vocab = torch.load(vocab_path)
[d1_m1/alpha] loaded cache (130831 mols, vocab={'C': 0, 'F': 1, 'H': 2, 'N': 3, 'O': 4, 'PAD': 5}), dt=37.4s
[d1_m1/alpha] max_len=29
[d1_m1/alpha] target stats: mean=75.2812 std=8.1738
[d1_m1/alpha] pe_in_dim=35 pe_out_dim=16 vocab_size=6
[d1_m1/alpha] split 0: train=78498 valid=26166 test=26167
[d1_m1/alpha] split 0 epoch   0 train_mse=0.2061 valid_mae=2.0238 dt=284.9s *
[d1_m1/alpha] split 0 epoch   1 train_mse=0.0975 valid_mae=1.7075 dt=284.7s *
[d1_m1/alpha] split 0 epoch   2 train_mse=0.0812 valid_mae=1.7719 dt=281.5s  
[d1_m1/alpha] split 0 epoch   3 train_mse=0.0732 valid_mae=1.8082 dt=281.5s  
[d1_m1/alpha] split 0 epoch   4 train_mse=0.0659 valid_mae=1.3458 dt=283.3s *
[d1_m1/alpha] split 0 epoch   5 train_mse=0.0614 valid_mae=1.6116 dt=283.6s  
[d1_m1/alpha] split 0 epoch   6 train_mse=0.0566 valid_mae=1.6092 dt=280.6s  
[d1_m1/alpha] split 0 epoch   7 train_mse=0.0517 valid_mae=1.3062 dt=281.4s *
[d1_m1/alpha] split 0 epoch   8 train_mse=0.0488 valid_mae=1.2209 dt=282.6s *
[d1_m1/alpha] split 0 epoch   9 train_mse=0.0467 valid_mae=1.1300 dt=282.0s *
[d1_m1/alpha] split 0 epoch  10 train_mse=0.0458 valid_mae=1.1455 dt=283.1s  
[d1_m1/alpha] split 0 epoch  11 train_mse=0.0432 valid_mae=1.2292 dt=281.6s  
[d1_m1/alpha] split 0 epoch  12 train_mse=0.0438 valid_mae=1.1267 dt=281.5s *
[d1_m1/alpha] split 0 epoch  13 train_mse=0.0407 valid_mae=1.1133 dt=280.9s *
[d1_m1/alpha] split 0 epoch  14 train_mse=0.0412 valid_mae=1.1392 dt=283.2s  
[d1_m1/alpha] split 0 DONE best_valid_mae=1.1133 test_mae=1.1297 split_dt=4303.3s
[d1_m1/alpha] DONE mean_test_mae=1.1297 total=4303.4s peak_gpu_mem=481.4MB
[d1_m1/alpha] metrics saved -> /home/snirhordan/ito/RandomSearchNNs/runs/qm9_rwnn/_stage/m8/alpha/split0/alpha/metrics.json
