# cmd: /home/snirhordan/miniconda3/envs/rwnn/bin/python3 -u /home/snirhordan/ito/RandomSearchNNs/quickstart/train_qm9.py --target gap --walk_type walk_ada --distances 1 --mol_edge_feat 1 --epochs 15 --early_stopping 4 --n_splits 1 --batch_size 128 --h_dim 128 --num_layers 2 --m 4 --w 8 --reduce mean --seed 43 --num_workers 4 --device_idx 0 --out_root /home/snirhordan/ito/RandomSearchNNs/runs/qm9_rwnn/_stage --run_subdir m4/gap/split1 --limit 0
# gpu: 0 seed: 43 (CVD=0)
[d1_m1/gap] device=cuda:0 seed=43 cwd=/home/snirhordan/ito/RandomSearchNNs
[d1_m1/gap] loading preprocessed cache from data/qm9/qm9_d_rwnn_cache/mols_gap.pt
/home/snirhordan/ito/RandomSearchNNs/quickstart/train_qm9.py:357: FutureWarning: You are using `torch.load` with `weights_only=False` (the current default value), which uses the default pickle module implicitly. It is possible to construct malicious pickle data which will execute arbitrary code during unpickling (See https://github.com/pytorch/pytorch/blob/main/SECURITY.md#untrusted-models for more details). In a future release, the default value for `weights_only` will be flipped to `True`. This limits the functions that could be executed during unpickling. Arbitrary objects will no longer be allowed to be loaded via this mode unless they are explicitly allowlisted by the user via `torch.serialization.add_safe_globals`. We recommend you start setting `weights_only=True` for any use case where you don't have full control of the loaded file. Please open an issue on GitHub for any issues related to this experimental feature.
  mols = torch.load(cache_path)
/home/snirhordan/ito/RandomSearchNNs/quickstart/train_qm9.py:358: FutureWarning: You are using `torch.load` with `weights_only=False` (the current default value), which uses the default pickle module implicitly. It is possible to construct malicious pickle data which will execute arbitrary code during unpickling (See https://github.com/pytorch/pytorch/blob/main/SECURITY.md#untrusted-models for more details). In a future release, the default value for `weights_only` will be flipped to `True`. This limits the functions that could be executed during unpickling. Arbitrary objects will no longer be allowed to be loaded via this mode unless they are explicitly allowlisted by the user via `torch.serialization.add_safe_globals`. We recommend you start setting `weights_only=True` for any use case where you don't have full control of the loaded file. Please open an issue on GitHub for any issues related to this experimental feature.
  vocab = torch.load(vocab_path)
[d1_m1/gap] loaded cache (130831 mols, vocab={'C': 0, 'F': 1, 'H': 2, 'N': 3, 'O': 4, 'PAD': 5}), dt=43.4s
[d1_m1/gap] max_len=29
[d1_m1/gap] target stats: mean=6.8585 std=1.2842
[d1_m1/gap] pe_in_dim=35 pe_out_dim=16 vocab_size=6
[d1_m1/gap] split 0: train=78498 valid=26166 test=26167
[d1_m1/gap] split 0 epoch   0 train_mse=0.4629 valid_mae=0.5434 dt=417.3s *
[d1_m1/gap] split 0 epoch   1 train_mse=0.3197 valid_mae=0.5145 dt=406.5s *
[d1_m1/gap] split 0 epoch   2 train_mse=0.2930 valid_mae=0.4819 dt=420.7s *
[d1_m1/gap] split 0 epoch   3 train_mse=0.2694 valid_mae=0.4842 dt=409.8s  
[d1_m1/gap] split 0 epoch   4 train_mse=0.2572 valid_mae=0.4692 dt=424.1s *
[d1_m1/gap] split 0 epoch   5 train_mse=0.2500 valid_mae=0.4670 dt=417.5s *
[d1_m1/gap] split 0 epoch   6 train_mse=0.2418 valid_mae=0.4736 dt=411.4s  
[d1_m1/gap] split 0 epoch   7 train_mse=0.2316 valid_mae=0.4452 dt=428.1s *
[d1_m1/gap] split 0 epoch   8 train_mse=0.2251 valid_mae=0.4289 dt=406.3s *
[d1_m1/gap] split 0 epoch   9 train_mse=0.2236 valid_mae=0.4155 dt=418.5s *
[d1_m1/gap] split 0 epoch  10 train_mse=0.2165 valid_mae=0.4227 dt=413.1s  
[d1_m1/gap] split 0 epoch  11 train_mse=0.2136 valid_mae=0.4204 dt=415.1s  
[d1_m1/gap] split 0 epoch  12 train_mse=0.2108 valid_mae=0.4237 dt=413.5s  
[d1_m1/gap] split 0 epoch  13 train_mse=0.2066 valid_mae=0.3992 dt=401.1s *
[d1_m1/gap] split 0 epoch  14 train_mse=0.2027 valid_mae=0.3935 dt=413.1s *
[d1_m1/gap] split 0 DONE best_valid_mae=0.3935 test_mae=0.3951 split_dt=6289.5s
[d1_m1/gap] DONE mean_test_mae=0.3951 total=6289.6s peak_gpu_mem=264.0MB
[d1_m1/gap] metrics saved -> /home/snirhordan/ito/RandomSearchNNs/runs/qm9_rwnn/_stage/m4/gap/split1/gap/metrics.json
