# cmd: /home/snirhordan/miniconda3/envs/rwnn/bin/python3 -u /home/snirhordan/ito/RandomSearchNNs/quickstart/train_qm9.py --target homo --walk_type walk_ada --distances 1 --mol_edge_feat 1 --epochs 15 --early_stopping 4 --n_splits 1 --batch_size 128 --h_dim 128 --num_layers 2 --m 8 --w 8 --reduce mean --seed 43 --num_workers 4 --device_idx 0 --out_root /home/snirhordan/ito/RandomSearchNNs/runs/qm9_rwnn/_stage --run_subdir m8/homo/split1 --limit 0
# gpu: 0 seed: 43 (CVD=0)
[d1_m1/homo] device=cuda:0 seed=43 cwd=/home/snirhordan/ito/RandomSearchNNs
[d1_m1/homo] loading preprocessed cache from data/qm9/qm9_d_rwnn_cache/mols_homo.pt
/home/snirhordan/ito/RandomSearchNNs/quickstart/train_qm9.py:357: FutureWarning: You are using `torch.load` with `weights_only=False` (the current default value), which uses the default pickle module implicitly. It is possible to construct malicious pickle data which will execute arbitrary code during unpickling (See https://github.com/pytorch/pytorch/blob/main/SECURITY.md#untrusted-models for more details). In a future release, the default value for `weights_only` will be flipped to `True`. This limits the functions that could be executed during unpickling. Arbitrary objects will no longer be allowed to be loaded via this mode unless they are explicitly allowlisted by the user via `torch.serialization.add_safe_globals`. We recommend you start setting `weights_only=True` for any use case where you don't have full control of the loaded file. Please open an issue on GitHub for any issues related to this experimental feature.
  mols = torch.load(cache_path)
/home/snirhordan/ito/RandomSearchNNs/quickstart/train_qm9.py:358: FutureWarning: You are using `torch.load` with `weights_only=False` (the current default value), which uses the default pickle module implicitly. It is possible to construct malicious pickle data which will execute arbitrary code during unpickling (See https://github.com/pytorch/pytorch/blob/main/SECURITY.md#untrusted-models for more details). In a future release, the default value for `weights_only` will be flipped to `True`. This limits the functions that could be executed during unpickling. Arbitrary objects will no longer be allowed to be loaded via this mode unless they are explicitly allowlisted by the user via `torch.serialization.add_safe_globals`. We recommend you start setting `weights_only=True` for any use case where you don't have full control of the loaded file. Please open an issue on GitHub for any issues related to this experimental feature.
  vocab = torch.load(vocab_path)
[d1_m1/homo] loaded cache (130831 mols, vocab={'C': 0, 'F': 1, 'H': 2, 'N': 3, 'O': 4, 'PAD': 5}), dt=34.1s
[d1_m1/homo] max_len=29
[d1_m1/homo] target stats: mean=-6.5365 std=0.5977
[d1_m1/homo] pe_in_dim=35 pe_out_dim=16 vocab_size=6
[d1_m1/homo] split 0: train=78498 valid=26166 test=26167
[d1_m1/homo] split 0 epoch   0 train_mse=0.5205 valid_mae=0.2641 dt=288.3s *
[d1_m1/homo] split 0 epoch   1 train_mse=0.2940 valid_mae=0.2241 dt=286.4s *
[d1_m1/homo] split 0 epoch   2 train_mse=0.2498 valid_mae=0.2115 dt=331.2s *
[d1_m1/homo] split 0 epoch   3 train_mse=0.2242 valid_mae=0.2067 dt=317.1s *
[d1_m1/homo] split 0 epoch   4 train_mse=0.2055 valid_mae=0.1983 dt=285.7s *
[d1_m1/homo] split 0 epoch   5 train_mse=0.1925 valid_mae=0.2014 dt=286.0s  
[d1_m1/homo] split 0 epoch   6 train_mse=0.1816 valid_mae=0.1872 dt=284.1s *
[d1_m1/homo] split 0 epoch   7 train_mse=0.1691 valid_mae=0.1748 dt=289.1s *
[d1_m1/homo] split 0 epoch   8 train_mse=0.1599 valid_mae=0.1806 dt=286.1s  
[d1_m1/homo] split 0 epoch   9 train_mse=0.1528 valid_mae=0.1710 dt=284.2s *
[d1_m1/homo] split 0 epoch  10 train_mse=0.1463 valid_mae=0.1747 dt=287.0s  
[d1_m1/homo] split 0 epoch  11 train_mse=0.1435 valid_mae=0.1653 dt=284.5s *
[d1_m1/homo] split 0 epoch  12 train_mse=0.1377 valid_mae=0.1631 dt=286.2s *
[d1_m1/homo] split 0 epoch  13 train_mse=0.1354 valid_mae=0.1629 dt=283.5s *
[d1_m1/homo] split 0 epoch  14 train_mse=0.1320 valid_mae=0.1572 dt=286.1s *
[d1_m1/homo] split 0 DONE best_valid_mae=0.1572 test_mae=0.1570 split_dt=4433.9s
[d1_m1/homo] DONE mean_test_mae=0.1570 total=4434.0s peak_gpu_mem=481.1MB
[d1_m1/homo] metrics saved -> /home/snirhordan/ito/RandomSearchNNs/runs/qm9_rwnn/_stage/m8/homo/split1/homo/metrics.json
