# cmd: /home/snirhordan/miniconda3/envs/rwnn/bin/python3 -u /home/snirhordan/ito/RandomSearchNNs/quickstart/train_qm9.py --target U --walk_type walk_ada --distances 1 --mol_edge_feat 1 --epochs 15 --early_stopping 4 --n_splits 1 --batch_size 128 --h_dim 128 --num_layers 2 --m 4 --w 8 --reduce mean --seed 43 --num_workers 4 --device_idx 0 --out_root /home/snirhordan/ito/RandomSearchNNs/runs/qm9_rwnn/_stage --run_subdir m4/U/split1 --limit 0
# gpu: 0 seed: 43 (CVD=0)
[d1_m1/U] device=cuda:0 seed=43 cwd=/home/snirhordan/ito/RandomSearchNNs
[d1_m1/U] loading preprocessed cache from data/qm9/qm9_d_rwnn_cache/mols_U.pt
/home/snirhordan/ito/RandomSearchNNs/quickstart/train_qm9.py:357: FutureWarning: You are using `torch.load` with `weights_only=False` (the current default value), which uses the default pickle module implicitly. It is possible to construct malicious pickle data which will execute arbitrary code during unpickling (See https://github.com/pytorch/pytorch/blob/main/SECURITY.md#untrusted-models for more details). In a future release, the default value for `weights_only` will be flipped to `True`. This limits the functions that could be executed during unpickling. Arbitrary objects will no longer be allowed to be loaded via this mode unless they are explicitly allowlisted by the user via `torch.serialization.add_safe_globals`. We recommend you start setting `weights_only=True` for any use case where you don't have full control of the loaded file. Please open an issue on GitHub for any issues related to this experimental feature.
  mols = torch.load(cache_path)
/home/snirhordan/ito/RandomSearchNNs/quickstart/train_qm9.py:358: FutureWarning: You are using `torch.load` with `weights_only=False` (the current default value), which uses the default pickle module implicitly. It is possible to construct malicious pickle data which will execute arbitrary code during unpickling (See https://github.com/pytorch/pytorch/blob/main/SECURITY.md#untrusted-models for more details). In a future release, the default value for `weights_only` will be flipped to `True`. This limits the functions that could be executed during unpickling. Arbitrary objects will no longer be allowed to be loaded via this mode unless they are explicitly allowlisted by the user via `torch.serialization.add_safe_globals`. We recommend you start setting `weights_only=True` for any use case where you don't have full control of the loaded file. Please open an issue on GitHub for any issues related to this experimental feature.
  vocab = torch.load(vocab_path)
[d1_m1/U] loaded cache (130831 mols, vocab={'C': 0, 'F': 1, 'H': 2, 'N': 3, 'O': 4, 'PAD': 5}), dt=63.0s
[d1_m1/U] max_len=29
[d1_m1/U] target stats: mean=-11178.7354 std=1085.5728
[d1_m1/U] pe_in_dim=35 pe_out_dim=16 vocab_size=6
[d1_m1/U] split 0: train=78498 valid=26166 test=26167
[d1_m1/U] split 0 epoch   0 train_mse=0.4571 valid_mae=510.2914 dt=410.0s *
[d1_m1/U] split 0 epoch   1 train_mse=0.3554 valid_mae=420.8486 dt=405.6s *
[d1_m1/U] split 0 epoch   2 train_mse=0.3423 valid_mae=408.9736 dt=408.5s *
[d1_m1/U] split 0 epoch   3 train_mse=0.3390 valid_mae=434.4964 dt=382.3s  
[d1_m1/U] split 0 epoch   4 train_mse=0.3295 valid_mae=414.8234 dt=395.8s  
[d1_m1/U] split 0 epoch   5 train_mse=0.3271 valid_mae=397.1248 dt=392.0s *
[d1_m1/U] split 0 epoch   6 train_mse=0.3251 valid_mae=398.7657 dt=418.5s  
[d1_m1/U] split 0 epoch   7 train_mse=0.3245 valid_mae=404.3482 dt=408.2s  
[d1_m1/U] split 0 epoch   8 train_mse=0.3205 valid_mae=415.4700 dt=406.1s  
[d1_m1/U] split 0 epoch   9 train_mse=0.3222 valid_mae=393.6465 dt=413.8s *
[d1_m1/U] split 0 epoch  10 train_mse=0.3236 valid_mae=402.8651 dt=407.1s  
[d1_m1/U] split 0 epoch  11 train_mse=0.3199 valid_mae=393.8561 dt=411.1s  
[d1_m1/U] split 0 epoch  12 train_mse=0.3172 valid_mae=391.9892 dt=416.1s *
[d1_m1/U] split 0 epoch  13 train_mse=0.3132 valid_mae=393.0797 dt=408.8s  
[d1_m1/U] split 0 epoch  14 train_mse=0.3128 valid_mae=385.6946 dt=411.5s *
[d1_m1/U] split 0 DONE best_valid_mae=385.6946 test_mae=383.9891 split_dt=6171.4s
[d1_m1/U] DONE mean_test_mae=383.9891 total=6171.5s peak_gpu_mem=265.7MB
[d1_m1/U] metrics saved -> /home/snirhordan/ito/RandomSearchNNs/runs/qm9_rwnn/_stage/m4/U/split1/U/metrics.json
