[d1_m1/Cv] device=cuda:0 seed=42 cwd=/home/snirhordan/ito/RandomSearchNNs
[d1_m1/Cv] loading preprocessed cache from data/qm9/qm9_d_rwnn_cache/mols_Cv.pt
/home/snirhordan/ito/RandomSearchNNs/quickstart/train_qm9.py:336: FutureWarning: You are using `torch.load` with `weights_only=False` (the current default value), which uses the default pickle module implicitly. It is possible to construct malicious pickle data which will execute arbitrary code during unpickling (See https://github.com/pytorch/pytorch/blob/main/SECURITY.md#untrusted-models for more details). In a future release, the default value for `weights_only` will be flipped to `True`. This limits the functions that could be executed during unpickling. Arbitrary objects will no longer be allowed to be loaded via this mode unless they are explicitly allowlisted by the user via `torch.serialization.add_safe_globals`. We recommend you start setting `weights_only=True` for any use case where you don't have full control of the loaded file. Please open an issue on GitHub for any issues related to this experimental feature.
  mols = torch.load(cache_path)
/home/snirhordan/ito/RandomSearchNNs/quickstart/train_qm9.py:337: FutureWarning: You are using `torch.load` with `weights_only=False` (the current default value), which uses the default pickle module implicitly. It is possible to construct malicious pickle data which will execute arbitrary code during unpickling (See https://github.com/pytorch/pytorch/blob/main/SECURITY.md#untrusted-models for more details). In a future release, the default value for `weights_only` will be flipped to `True`. This limits the functions that could be executed during unpickling. Arbitrary objects will no longer be allowed to be loaded via this mode unless they are explicitly allowlisted by the user via `torch.serialization.add_safe_globals`. We recommend you start setting `weights_only=True` for any use case where you don't have full control of the loaded file. Please open an issue on GitHub for any issues related to this experimental feature.
  vocab = torch.load(vocab_path)
[d1_m1/Cv] loaded cache (130831 mols, vocab={'C': 0, 'F': 1, 'H': 2, 'N': 3, 'O': 4, 'PAD': 5}), dt=50.7s
[d1_m1/Cv] max_len=29
[d1_m1/Cv] target stats: mean=31.6204 std=4.0676
[d1_m1/Cv] pe_in_dim=35 pe_out_dim=16 vocab_size=6
[d1_m1/Cv] split 0: train=78498 valid=26166 test=26167
[d1_m1/Cv] split 0 epoch   0 train_mse=0.2192 valid_mae=1.3522 dt=255.9s *
[d1_m1/Cv] split 0 epoch   1 train_mse=0.0843 valid_mae=0.8446 dt=253.5s *
[d1_m1/Cv] split 0 epoch   2 train_mse=0.0669 valid_mae=0.7343 dt=254.0s *
[d1_m1/Cv] split 0 epoch   3 train_mse=0.0587 valid_mae=0.7084 dt=253.2s *
[d1_m1/Cv] split 0 epoch   4 train_mse=0.0552 valid_mae=0.6714 dt=253.7s *
[d1_m1/Cv] split 0 epoch   5 train_mse=0.0475 valid_mae=0.6697 dt=252.8s *
[d1_m1/Cv] split 0 epoch   6 train_mse=0.0444 valid_mae=0.8432 dt=253.6s  
[d1_m1/Cv] split 0 epoch   7 train_mse=0.0441 valid_mae=0.7608 dt=253.5s  
[d1_m1/Cv] split 0 epoch   8 train_mse=0.0404 valid_mae=0.6019 dt=253.3s *
[d1_m1/Cv] split 0 epoch   9 train_mse=0.0382 valid_mae=0.5716 dt=253.6s *
[d1_m1/Cv] split 0 epoch  10 train_mse=0.0359 valid_mae=0.6524 dt=253.5s  
[d1_m1/Cv] split 0 epoch  11 train_mse=0.0360 valid_mae=0.5445 dt=254.0s *
[d1_m1/Cv] split 0 epoch  12 train_mse=0.0338 valid_mae=0.5224 dt=253.5s *
[d1_m1/Cv] split 0 epoch  13 train_mse=0.0332 valid_mae=0.5182 dt=253.8s *
[d1_m1/Cv] split 0 epoch  14 train_mse=0.0318 valid_mae=0.5016 dt=251.1s *
[d1_m1/Cv] split 0 DONE best_valid_mae=0.5016 test_mae=0.5017 split_dt=3864.6s
[d1_m1/Cv] DONE mean_test_mae=0.5017 total=3864.6s peak_gpu_mem=481.4MB
[d1_m1/Cv] metrics saved -> runs/qm9/d1_m1/Cv/metrics.json
