[d0_m1/G] device=cuda:0 seed=42 cwd=/home/snirhordan/ito/RandomSearchNNs
[d0_m1/G] loading preprocessed cache from data/qm9/qm9_d_rwnn_cache/mols_G.pt
/home/snirhordan/ito/RandomSearchNNs/quickstart/train_qm9.py:336: FutureWarning: You are using `torch.load` with `weights_only=False` (the current default value), which uses the default pickle module implicitly. It is possible to construct malicious pickle data which will execute arbitrary code during unpickling (See https://github.com/pytorch/pytorch/blob/main/SECURITY.md#untrusted-models for more details). In a future release, the default value for `weights_only` will be flipped to `True`. This limits the functions that could be executed during unpickling. Arbitrary objects will no longer be allowed to be loaded via this mode unless they are explicitly allowlisted by the user via `torch.serialization.add_safe_globals`. We recommend you start setting `weights_only=True` for any use case where you don't have full control of the loaded file. Please open an issue on GitHub for any issues related to this experimental feature.
  mols = torch.load(cache_path)
/home/snirhordan/ito/RandomSearchNNs/quickstart/train_qm9.py:337: FutureWarning: You are using `torch.load` with `weights_only=False` (the current default value), which uses the default pickle module implicitly. It is possible to construct malicious pickle data which will execute arbitrary code during unpickling (See https://github.com/pytorch/pytorch/blob/main/SECURITY.md#untrusted-models for more details). In a future release, the default value for `weights_only` will be flipped to `True`. This limits the functions that could be executed during unpickling. Arbitrary objects will no longer be allowed to be loaded via this mode unless they are explicitly allowlisted by the user via `torch.serialization.add_safe_globals`. We recommend you start setting `weights_only=True` for any use case where you don't have full control of the loaded file. Please open an issue on GitHub for any issues related to this experimental feature.
  vocab = torch.load(vocab_path)
[d0_m1/G] loaded cache (130831 mols, vocab={'C': 0, 'F': 1, 'H': 2, 'N': 3, 'O': 4, 'PAD': 5}), dt=48.2s
[d0_m1/G] max_len=29
[d0_m1/G] target stats: mean=-11179.8770 std=1085.5924
[d0_m1/G] pe_in_dim=19 pe_out_dim=16 vocab_size=6
[d0_m1/G] split 0: train=78498 valid=26166 test=26167
[d0_m1/G] split 0 epoch   0 train_mse=0.2621 valid_mae=229.0973 dt=254.5s *
[d0_m1/G] split 0 epoch   1 train_mse=0.1151 valid_mae=153.9083 dt=251.7s *
[d0_m1/G] split 0 epoch   2 train_mse=0.1060 valid_mae=191.2979 dt=252.1s  
[d0_m1/G] split 0 epoch   3 train_mse=0.1009 valid_mae=158.9544 dt=251.8s  
[d0_m1/G] split 0 epoch   4 train_mse=0.1032 valid_mae=187.7735 dt=251.9s  
[d0_m1/G] split 0 epoch   5 train_mse=0.0970 valid_mae=232.1857 dt=251.8s  
[d0_m1/G] split 0 early stop at epoch 6
[d0_m1/G] split 0 DONE best_valid_mae=153.9083 test_mae=153.8143 split_dt=1574.6s
[d0_m1/G] DONE mean_test_mae=153.8143 total=1574.7s peak_gpu_mem=477.5MB
[d0_m1/G] metrics saved -> runs/qm9/d0_m1/G/metrics.json
