# cmd: /home/snirhordan/miniconda3/envs/rwnn/bin/python3 -u /home/snirhordan/ito/RandomSearchNNs/quickstart/train_qm9.py --target G --walk_type walk_ada --distances 1 --mol_edge_feat 1 --epochs 15 --early_stopping 4 --n_splits 1 --batch_size 128 --h_dim 128 --num_layers 2 --m 4 --w 8 --reduce mean --seed 43 --num_workers 4 --device_idx 0 --out_root /home/snirhordan/ito/RandomSearchNNs/runs/qm9_rwnn/_stage --run_subdir m4/G/split1 --limit 0
# gpu: 0 seed: 43 (CVD=0)
[d1_m1/G] device=cuda:0 seed=43 cwd=/home/snirhordan/ito/RandomSearchNNs
[d1_m1/G] loading preprocessed cache from data/qm9/qm9_d_rwnn_cache/mols_G.pt
/home/snirhordan/ito/RandomSearchNNs/quickstart/train_qm9.py:357: FutureWarning: You are using `torch.load` with `weights_only=False` (the current default value), which uses the default pickle module implicitly. It is possible to construct malicious pickle data which will execute arbitrary code during unpickling (See https://github.com/pytorch/pytorch/blob/main/SECURITY.md#untrusted-models for more details). In a future release, the default value for `weights_only` will be flipped to `True`. This limits the functions that could be executed during unpickling. Arbitrary objects will no longer be allowed to be loaded via this mode unless they are explicitly allowlisted by the user via `torch.serialization.add_safe_globals`. We recommend you start setting `weights_only=True` for any use case where you don't have full control of the loaded file. Please open an issue on GitHub for any issues related to this experimental feature.
  mols = torch.load(cache_path)
/home/snirhordan/ito/RandomSearchNNs/quickstart/train_qm9.py:358: FutureWarning: You are using `torch.load` with `weights_only=False` (the current default value), which uses the default pickle module implicitly. It is possible to construct malicious pickle data which will execute arbitrary code during unpickling (See https://github.com/pytorch/pytorch/blob/main/SECURITY.md#untrusted-models for more details). In a future release, the default value for `weights_only` will be flipped to `True`. This limits the functions that could be executed during unpickling. Arbitrary objects will no longer be allowed to be loaded via this mode unless they are explicitly allowlisted by the user via `torch.serialization.add_safe_globals`. We recommend you start setting `weights_only=True` for any use case where you don't have full control of the loaded file. Please open an issue on GitHub for any issues related to this experimental feature.
  vocab = torch.load(vocab_path)
[d1_m1/G] loaded cache (130831 mols, vocab={'C': 0, 'F': 1, 'H': 2, 'N': 3, 'O': 4, 'PAD': 5}), dt=59.0s
[d1_m1/G] max_len=29
[d1_m1/G] target stats: mean=-11179.8760 std=1085.5924
[d1_m1/G] pe_in_dim=35 pe_out_dim=16 vocab_size=6
[d1_m1/G] split 0: train=78498 valid=26166 test=26167
[d1_m1/G] split 0 epoch   0 train_mse=0.4591 valid_mae=476.9088 dt=391.9s *
[d1_m1/G] split 0 epoch   1 train_mse=0.3546 valid_mae=419.8420 dt=415.2s *
[d1_m1/G] split 0 epoch   2 train_mse=0.3421 valid_mae=414.2742 dt=414.9s *
[d1_m1/G] split 0 epoch   3 train_mse=0.3389 valid_mae=434.6318 dt=408.2s  
[d1_m1/G] split 0 epoch   4 train_mse=0.3295 valid_mae=417.5736 dt=377.4s  
[d1_m1/G] split 0 epoch   5 train_mse=0.3274 valid_mae=398.2254 dt=420.9s *
[d1_m1/G] split 0 epoch   6 train_mse=0.3254 valid_mae=404.3973 dt=414.9s  
[d1_m1/G] split 0 epoch   7 train_mse=0.3247 valid_mae=404.5656 dt=429.9s  
[d1_m1/G] split 0 epoch   8 train_mse=0.3203 valid_mae=408.9310 dt=414.9s  
[d1_m1/G] split 0 epoch   9 train_mse=0.3223 valid_mae=394.3145 dt=416.5s *
[d1_m1/G] split 0 epoch  10 train_mse=0.3240 valid_mae=402.8744 dt=416.7s  
[d1_m1/G] split 0 epoch  11 train_mse=0.3199 valid_mae=392.6815 dt=400.8s *
[d1_m1/G] split 0 epoch  12 train_mse=0.3174 valid_mae=393.5408 dt=389.9s  
[d1_m1/G] split 0 epoch  13 train_mse=0.3133 valid_mae=392.8970 dt=416.9s  
[d1_m1/G] split 0 epoch  14 train_mse=0.3127 valid_mae=386.9981 dt=406.4s *
[d1_m1/G] split 0 DONE best_valid_mae=386.9981 test_mae=384.8779 split_dt=6230.3s
[d1_m1/G] DONE mean_test_mae=384.8779 total=6230.3s peak_gpu_mem=265.7MB
[d1_m1/G] metrics saved -> /home/snirhordan/ito/RandomSearchNNs/runs/qm9_rwnn/_stage/m4/G/split1/G/metrics.json
