[d1_m0/lumo] device=cuda:0 seed=42 cwd=/home/snirhordan/ito/RandomSearchNNs
[d1_m0/lumo] loading preprocessed cache from data/qm9/qm9_d_rwnn_cache/mols_lumo.pt
/home/snirhordan/ito/RandomSearchNNs/quickstart/train_qm9.py:336: FutureWarning: You are using `torch.load` with `weights_only=False` (the current default value), which uses the default pickle module implicitly. It is possible to construct malicious pickle data which will execute arbitrary code during unpickling (See https://github.com/pytorch/pytorch/blob/main/SECURITY.md#untrusted-models for more details). In a future release, the default value for `weights_only` will be flipped to `True`. This limits the functions that could be executed during unpickling. Arbitrary objects will no longer be allowed to be loaded via this mode unless they are explicitly allowlisted by the user via `torch.serialization.add_safe_globals`. We recommend you start setting `weights_only=True` for any use case where you don't have full control of the loaded file. Please open an issue on GitHub for any issues related to this experimental feature.
  mols = torch.load(cache_path)
/home/snirhordan/ito/RandomSearchNNs/quickstart/train_qm9.py:337: FutureWarning: You are using `torch.load` with `weights_only=False` (the current default value), which uses the default pickle module implicitly. It is possible to construct malicious pickle data which will execute arbitrary code during unpickling (See https://github.com/pytorch/pytorch/blob/main/SECURITY.md#untrusted-models for more details). In a future release, the default value for `weights_only` will be flipped to `True`. This limits the functions that could be executed during unpickling. Arbitrary objects will no longer be allowed to be loaded via this mode unless they are explicitly allowlisted by the user via `torch.serialization.add_safe_globals`. We recommend you start setting `weights_only=True` for any use case where you don't have full control of the loaded file. Please open an issue on GitHub for any issues related to this experimental feature.
  vocab = torch.load(vocab_path)
[d1_m0/lumo] loaded cache (130831 mols, vocab={'C': 0, 'F': 1, 'H': 2, 'N': 3, 'O': 4, 'PAD': 5}), dt=52.8s
[d1_m0/lumo] max_len=29
[d1_m0/lumo] target stats: mean=0.3220 std=1.2749
[d1_m0/lumo] pe_in_dim=32 pe_out_dim=16 vocab_size=6
[d1_m0/lumo] split 0: train=78498 valid=26166 test=26167
[d1_m0/lumo] split 0 epoch   0 train_mse=0.3627 valid_mae=0.4327 dt=259.4s *
[d1_m0/lumo] split 0 epoch   1 train_mse=0.1810 valid_mae=0.3771 dt=255.3s *
[d1_m0/lumo] split 0 epoch   2 train_mse=0.1375 valid_mae=0.3275 dt=256.4s *
[d1_m0/lumo] split 0 epoch   3 train_mse=0.1183 valid_mae=0.2902 dt=256.1s *
[d1_m0/lumo] split 0 epoch   4 train_mse=0.1083 valid_mae=0.2959 dt=255.3s  
[d1_m0/lumo] split 0 epoch   5 train_mse=0.0998 valid_mae=0.2736 dt=256.1s *
[d1_m0/lumo] split 0 epoch   6 train_mse=0.0931 valid_mae=0.2645 dt=256.0s *
[d1_m0/lumo] split 0 epoch   7 train_mse=0.0892 valid_mae=0.2498 dt=256.2s *
[d1_m0/lumo] split 0 epoch   8 train_mse=0.0848 valid_mae=0.2464 dt=256.0s *
[d1_m0/lumo] split 0 epoch   9 train_mse=0.0826 valid_mae=0.2338 dt=255.4s *
[d1_m0/lumo] split 0 epoch  10 train_mse=0.0787 valid_mae=0.2381 dt=255.5s  
[d1_m0/lumo] split 0 epoch  11 train_mse=0.0747 valid_mae=0.2338 dt=256.1s *
[d1_m0/lumo] split 0 epoch  12 train_mse=0.0740 valid_mae=0.2264 dt=255.5s *
[d1_m0/lumo] split 0 epoch  13 train_mse=0.0716 valid_mae=0.2313 dt=254.6s  
[d1_m0/lumo] split 0 epoch  14 train_mse=0.0695 valid_mae=0.2345 dt=256.3s  
[d1_m0/lumo] split 0 DONE best_valid_mae=0.2264 test_mae=0.2226 split_dt=3901.4s
[d1_m0/lumo] DONE mean_test_mae=0.2226 total=3901.5s peak_gpu_mem=479.1MB
[d1_m0/lumo] metrics saved -> runs/qm9/d1_m0/lumo/metrics.json
