# cmd: /home/snirhordan/miniconda3/envs/rwnn/bin/python3 -u /home/snirhordan/ito/RandomSearchNNs/quickstart/train_qm9.py --target Cv --walk_type walk_ada --distances 1 --mol_edge_feat 1 --epochs 15 --early_stopping 4 --n_splits 1 --batch_size 128 --h_dim 128 --num_layers 2 --m 4 --w 8 --reduce mean --seed 42 --num_workers 4 --device_idx 0 --out_root /home/snirhordan/ito/RandomSearchNNs/runs/qm9_rwnn/_stage --run_subdir m4/Cv/split0 --limit 0
# gpu: 0 seed: 42 (CVD=0)
[d1_m1/Cv] device=cuda:0 seed=42 cwd=/home/snirhordan/ito/RandomSearchNNs
[d1_m1/Cv] loading preprocessed cache from data/qm9/qm9_d_rwnn_cache/mols_Cv.pt
/home/snirhordan/ito/RandomSearchNNs/quickstart/train_qm9.py:357: FutureWarning: You are using `torch.load` with `weights_only=False` (the current default value), which uses the default pickle module implicitly. It is possible to construct malicious pickle data which will execute arbitrary code during unpickling (See https://github.com/pytorch/pytorch/blob/main/SECURITY.md#untrusted-models for more details). In a future release, the default value for `weights_only` will be flipped to `True`. This limits the functions that could be executed during unpickling. Arbitrary objects will no longer be allowed to be loaded via this mode unless they are explicitly allowlisted by the user via `torch.serialization.add_safe_globals`. We recommend you start setting `weights_only=True` for any use case where you don't have full control of the loaded file. Please open an issue on GitHub for any issues related to this experimental feature.
  mols = torch.load(cache_path)
/home/snirhordan/ito/RandomSearchNNs/quickstart/train_qm9.py:358: FutureWarning: You are using `torch.load` with `weights_only=False` (the current default value), which uses the default pickle module implicitly. It is possible to construct malicious pickle data which will execute arbitrary code during unpickling (See https://github.com/pytorch/pytorch/blob/main/SECURITY.md#untrusted-models for more details). In a future release, the default value for `weights_only` will be flipped to `True`. This limits the functions that could be executed during unpickling. Arbitrary objects will no longer be allowed to be loaded via this mode unless they are explicitly allowlisted by the user via `torch.serialization.add_safe_globals`. We recommend you start setting `weights_only=True` for any use case where you don't have full control of the loaded file. Please open an issue on GitHub for any issues related to this experimental feature.
  vocab = torch.load(vocab_path)
[d1_m1/Cv] loaded cache (130831 mols, vocab={'C': 0, 'F': 1, 'H': 2, 'N': 3, 'O': 4, 'PAD': 5}), dt=66.2s
[d1_m1/Cv] max_len=29
[d1_m1/Cv] target stats: mean=31.6204 std=4.0676
[d1_m1/Cv] pe_in_dim=35 pe_out_dim=16 vocab_size=6
[d1_m1/Cv] split 0: train=78498 valid=26166 test=26167
[d1_m1/Cv] split 0 epoch   0 train_mse=0.2850 valid_mae=1.4705 dt=418.0s *
[d1_m1/Cv] split 0 epoch   1 train_mse=0.1528 valid_mae=1.1756 dt=416.1s *
[d1_m1/Cv] split 0 epoch   2 train_mse=0.1336 valid_mae=1.1153 dt=403.1s *
[d1_m1/Cv] split 0 epoch   3 train_mse=0.1222 valid_mae=1.0837 dt=400.8s *
[d1_m1/Cv] split 0 epoch   4 train_mse=0.1110 valid_mae=1.0605 dt=421.2s *
[d1_m1/Cv] split 0 epoch   5 train_mse=0.1073 valid_mae=0.9984 dt=407.8s *
[d1_m1/Cv] split 0 epoch   6 train_mse=0.1020 valid_mae=0.9869 dt=423.2s *
[d1_m1/Cv] split 0 epoch   7 train_mse=0.1002 valid_mae=0.9881 dt=384.3s  
[d1_m1/Cv] split 0 epoch   8 train_mse=0.0976 valid_mae=1.0013 dt=406.0s  
[d1_m1/Cv] split 0 epoch   9 train_mse=0.0964 valid_mae=0.9638 dt=410.8s *
[d1_m1/Cv] split 0 epoch  10 train_mse=0.0942 valid_mae=0.9395 dt=378.3s *
[d1_m1/Cv] split 0 epoch  11 train_mse=0.0918 valid_mae=0.9245 dt=413.5s *
[d1_m1/Cv] split 0 epoch  12 train_mse=0.0909 valid_mae=0.9383 dt=412.0s  
[d1_m1/Cv] split 0 epoch  13 train_mse=0.0885 valid_mae=0.9148 dt=414.3s *
[d1_m1/Cv] split 0 epoch  14 train_mse=0.0884 valid_mae=0.9272 dt=411.5s  
[d1_m1/Cv] split 0 DONE best_valid_mae=0.9148 test_mae=0.9260 split_dt=6217.1s
[d1_m1/Cv] DONE mean_test_mae=0.9260 total=6217.2s peak_gpu_mem=264.4MB
[d1_m1/Cv] metrics saved -> /home/snirhordan/ito/RandomSearchNNs/runs/qm9_rwnn/_stage/m4/Cv/split0/Cv/metrics.json
