[d0_m0/R2] device=cuda:0 seed=42 cwd=/home/snirhordan/ito/RandomSearchNNs
[d0_m0/R2] loading preprocessed cache from data/qm9/qm9_d_rwnn_cache/mols_R2.pt
/home/snirhordan/ito/RandomSearchNNs/quickstart/train_qm9.py:336: FutureWarning: You are using `torch.load` with `weights_only=False` (the current default value), which uses the default pickle module implicitly. It is possible to construct malicious pickle data which will execute arbitrary code during unpickling (See https://github.com/pytorch/pytorch/blob/main/SECURITY.md#untrusted-models for more details). In a future release, the default value for `weights_only` will be flipped to `True`. This limits the functions that could be executed during unpickling. Arbitrary objects will no longer be allowed to be loaded via this mode unless they are explicitly allowlisted by the user via `torch.serialization.add_safe_globals`. We recommend you start setting `weights_only=True` for any use case where you don't have full control of the loaded file. Please open an issue on GitHub for any issues related to this experimental feature.
  mols = torch.load(cache_path)
/home/snirhordan/ito/RandomSearchNNs/quickstart/train_qm9.py:337: FutureWarning: You are using `torch.load` with `weights_only=False` (the current default value), which uses the default pickle module implicitly. It is possible to construct malicious pickle data which will execute arbitrary code during unpickling (See https://github.com/pytorch/pytorch/blob/main/SECURITY.md#untrusted-models for more details). In a future release, the default value for `weights_only` will be flipped to `True`. This limits the functions that could be executed during unpickling. Arbitrary objects will no longer be allowed to be loaded via this mode unless they are explicitly allowlisted by the user via `torch.serialization.add_safe_globals`. We recommend you start setting `weights_only=True` for any use case where you don't have full control of the loaded file. Please open an issue on GitHub for any issues related to this experimental feature.
  vocab = torch.load(vocab_path)
[d0_m0/R2] loaded cache (130831 mols, vocab={'C': 0, 'F': 1, 'H': 2, 'N': 3, 'O': 4, 'PAD': 5}), dt=50.2s
[d0_m0/R2] max_len=29
[d0_m0/R2] target stats: mean=1189.4105 std=280.4781
[d0_m0/R2] pe_in_dim=16 pe_out_dim=16 vocab_size=6
[d0_m0/R2] split 0: train=78498 valid=26166 test=26167
[d0_m0/R2] split 0 epoch   0 train_mse=0.6166 valid_mae=139.1349 dt=231.6s *
[d0_m0/R2] split 0 epoch   1 train_mse=0.4469 valid_mae=127.2994 dt=228.6s *
[d0_m0/R2] split 0 epoch   2 train_mse=0.3862 valid_mae=119.7252 dt=229.0s *
[d0_m0/R2] split 0 epoch   3 train_mse=0.3425 valid_mae=113.4031 dt=228.8s *
[d0_m0/R2] split 0 epoch   4 train_mse=0.3168 valid_mae=110.6024 dt=228.4s *
[d0_m0/R2] split 0 epoch   5 train_mse=0.2910 valid_mae=103.5609 dt=228.3s *
[d0_m0/R2] split 0 epoch   6 train_mse=0.2625 valid_mae=100.9224 dt=228.6s *
[d0_m0/R2] split 0 epoch   7 train_mse=0.2473 valid_mae=100.4610 dt=228.6s *
[d0_m0/R2] split 0 epoch   8 train_mse=0.2375 valid_mae=94.3747 dt=227.9s *
[d0_m0/R2] split 0 epoch   9 train_mse=0.2249 valid_mae=93.6083 dt=227.8s *
[d0_m0/R2] split 0 epoch  10 train_mse=0.2183 valid_mae=91.5455 dt=227.8s *
[d0_m0/R2] split 0 epoch  11 train_mse=0.2126 valid_mae=88.5902 dt=228.4s *
[d0_m0/R2] split 0 epoch  12 train_mse=0.2026 valid_mae=89.9114 dt=228.5s  
[d0_m0/R2] split 0 epoch  13 train_mse=0.1939 valid_mae=84.3577 dt=228.2s *
[d0_m0/R2] split 0 epoch  14 train_mse=0.1938 valid_mae=90.0774 dt=228.3s  
[d0_m0/R2] split 0 DONE best_valid_mae=84.3577 test_mae=85.4751 split_dt=3485.5s
[d0_m0/R2] DONE mean_test_mae=85.4751 total=3485.6s peak_gpu_mem=475.6MB
[d0_m0/R2] metrics saved -> runs/qm9/d0_m0/R2/metrics.json
