# cmd: /home/snirhordan/miniconda3/envs/rwnn/bin/python3 -u /home/snirhordan/ito/RandomSearchNNs/quickstart/train_qm9.py --target zpve --walk_type walk_ada --distances 1 --mol_edge_feat 1 --epochs 15 --early_stopping 4 --n_splits 1 --batch_size 128 --h_dim 128 --num_layers 2 --m 16 --w 8 --reduce mean --seed 43 --num_workers 4 --device_idx 0 --out_root /home/snirhordan/ito/RandomSearchNNs/runs/qm9_rwnn/_stage --run_subdir m16/zpve/split1 --limit 0
# gpu: 0 seed: 43 (CVD=0)
[d1_m1/zpve] device=cuda:0 seed=43 cwd=/home/snirhordan/ito/RandomSearchNNs
[d1_m1/zpve] loading preprocessed cache from data/qm9/qm9_d_rwnn_cache/mols_zpve.pt
/home/snirhordan/ito/RandomSearchNNs/quickstart/train_qm9.py:357: FutureWarning: You are using `torch.load` with `weights_only=False` (the current default value), which uses the default pickle module implicitly. It is possible to construct malicious pickle data which will execute arbitrary code during unpickling (See https://github.com/pytorch/pytorch/blob/main/SECURITY.md#untrusted-models for more details). In a future release, the default value for `weights_only` will be flipped to `True`. This limits the functions that could be executed during unpickling. Arbitrary objects will no longer be allowed to be loaded via this mode unless they are explicitly allowlisted by the user via `torch.serialization.add_safe_globals`. We recommend you start setting `weights_only=True` for any use case where you don't have full control of the loaded file. Please open an issue on GitHub for any issues related to this experimental feature.
  mols = torch.load(cache_path)
/home/snirhordan/ito/RandomSearchNNs/quickstart/train_qm9.py:358: FutureWarning: You are using `torch.load` with `weights_only=False` (the current default value), which uses the default pickle module implicitly. It is possible to construct malicious pickle data which will execute arbitrary code during unpickling (See https://github.com/pytorch/pytorch/blob/main/SECURITY.md#untrusted-models for more details). In a future release, the default value for `weights_only` will be flipped to `True`. This limits the functions that could be executed during unpickling. Arbitrary objects will no longer be allowed to be loaded via this mode unless they are explicitly allowlisted by the user via `torch.serialization.add_safe_globals`. We recommend you start setting `weights_only=True` for any use case where you don't have full control of the loaded file. Please open an issue on GitHub for any issues related to this experimental feature.
  vocab = torch.load(vocab_path)
[d1_m1/zpve] loaded cache (130831 mols, vocab={'C': 0, 'F': 1, 'H': 2, 'N': 3, 'O': 4, 'PAD': 5}), dt=35.0s
[d1_m1/zpve] max_len=29
[d1_m1/zpve] target stats: mean=4.0569 std=0.9017
[d1_m1/zpve] pe_in_dim=35 pe_out_dim=16 vocab_size=6
[d1_m1/zpve] split 0: train=78498 valid=26166 test=26167
[d1_m1/zpve] split 0 epoch   0 train_mse=0.0367 valid_mae=0.0339 dt=520.3s *
[d1_m1/zpve] split 0 epoch   1 train_mse=0.0035 valid_mae=0.0355 dt=516.7s  
[d1_m1/zpve] split 0 epoch   2 train_mse=0.0031 valid_mae=0.0430 dt=519.0s  
[d1_m1/zpve] split 0 epoch   3 train_mse=0.0024 valid_mae=0.0258 dt=515.2s *
[d1_m1/zpve] split 0 epoch   4 train_mse=0.0020 valid_mae=0.0237 dt=521.1s *
[d1_m1/zpve] split 0 epoch   5 train_mse=0.0021 valid_mae=0.0231 dt=514.8s *
[d1_m1/zpve] split 0 epoch   6 train_mse=0.0019 valid_mae=0.0304 dt=521.8s  
[d1_m1/zpve] split 0 epoch   7 train_mse=0.0017 valid_mae=0.0265 dt=519.6s  
[d1_m1/zpve] split 0 epoch   8 train_mse=0.0016 valid_mae=0.0284 dt=517.6s  
[d1_m1/zpve] split 0 epoch   9 train_mse=0.0015 valid_mae=0.0233 dt=518.5s  
[d1_m1/zpve] split 0 early stop at epoch 10
[d1_m1/zpve] split 0 DONE best_valid_mae=0.0231 test_mae=0.0229 split_dt=5305.9s
[d1_m1/zpve] DONE mean_test_mae=0.0229 total=5306.0s peak_gpu_mem=912.2MB
[d1_m1/zpve] metrics saved -> /home/snirhordan/ito/RandomSearchNNs/runs/qm9_rwnn/_stage/m16/zpve/split1/zpve/metrics.json
