# cmd: /home/snirhordan/miniconda3/envs/rwnn/bin/python3 -u quickstart/train_qm9.py --target H --walk_type search --distances 0 --mol_edge_feat 0 --epochs 10 --early_stopping 3 --n_splits 1 --batch_size 128 --h_dim 128 --num_layers 2 --m 8 --w 8 --reduce mean --seed 42 --num_workers 4 --device_idx 0 --out_root /home/snirhordan/ito/RandomSearchNNs/runs/qm9_rsnn/_stage --run_subdir m8/H/split0 --limit 0
# gpu: 3
# seed: 42
[d0_m0/H] device=cuda:0 seed=42 cwd=/home/snirhordan/ito/RandomSearchNNs
[d0_m0/H] loading preprocessed cache from data/qm9/qm9_d_rwnn_cache/mols_H.pt
/home/snirhordan/ito/RandomSearchNNs/quickstart/train_qm9.py:357: FutureWarning: You are using `torch.load` with `weights_only=False` (the current default value), which uses the default pickle module implicitly. It is possible to construct malicious pickle data which will execute arbitrary code during unpickling (See https://github.com/pytorch/pytorch/blob/main/SECURITY.md#untrusted-models for more details). In a future release, the default value for `weights_only` will be flipped to `True`. This limits the functions that could be executed during unpickling. Arbitrary objects will no longer be allowed to be loaded via this mode unless they are explicitly allowlisted by the user via `torch.serialization.add_safe_globals`. We recommend you start setting `weights_only=True` for any use case where you don't have full control of the loaded file. Please open an issue on GitHub for any issues related to this experimental feature.
  mols = torch.load(cache_path)
/home/snirhordan/ito/RandomSearchNNs/quickstart/train_qm9.py:358: FutureWarning: You are using `torch.load` with `weights_only=False` (the current default value), which uses the default pickle module implicitly. It is possible to construct malicious pickle data which will execute arbitrary code during unpickling (See https://github.com/pytorch/pytorch/blob/main/SECURITY.md#untrusted-models for more details). In a future release, the default value for `weights_only` will be flipped to `True`. This limits the functions that could be executed during unpickling. Arbitrary objects will no longer be allowed to be loaded via this mode unless they are explicitly allowlisted by the user via `torch.serialization.add_safe_globals`. We recommend you start setting `weights_only=True` for any use case where you don't have full control of the loaded file. Please open an issue on GitHub for any issues related to this experimental feature.
  vocab = torch.load(vocab_path)
[d0_m0/H] loaded cache (130831 mols, vocab={'C': 0, 'F': 1, 'H': 2, 'N': 3, 'O': 4, 'PAD': 5}), dt=46.9s
[d0_m0/H] max_len=29
[d0_m0/H] target stats: mean=-11178.7100 std=1085.5728
[d0_m0/H] pe_in_dim=8 pe_out_dim=16 vocab_size=6
[d0_m0/H] split 0: train=78498 valid=26166 test=26167
[d0_m0/H] split 0 epoch   0 train_mse=0.0739 valid_mae=42.3329 dt=129.6s *
[d0_m0/H] split 0 epoch   1 train_mse=0.0052 valid_mae=26.7675 dt=127.1s *
[d0_m0/H] split 0 epoch   2 train_mse=0.0043 valid_mae=37.6592 dt=127.5s  
[d0_m0/H] split 0 epoch   3 train_mse=0.0015 valid_mae=47.1631 dt=127.3s  
[d0_m0/H] split 0 epoch   4 train_mse=0.0027 valid_mae=26.2073 dt=127.2s *
[d0_m0/H] split 0 epoch   5 train_mse=0.0010 valid_mae=28.9662 dt=127.2s  
[d0_m0/H] split 0 epoch   6 train_mse=0.0053 valid_mae=20.3640 dt=127.3s *
[d0_m0/H] split 0 epoch   7 train_mse=0.0006 valid_mae=13.6452 dt=127.4s *
[d0_m0/H] split 0 epoch   8 train_mse=0.0003 valid_mae=10.6506 dt=127.4s *
[d0_m0/H] split 0 epoch   9 train_mse=0.0006 valid_mae=25.5582 dt=127.0s  
[d0_m0/H] split 0 DONE best_valid_mae=10.6506 test_mae=10.7389 split_dt=1306.8s
[d0_m0/H] DONE mean_test_mae=10.7389 total=1306.9s peak_gpu_mem=472.9MB
[d0_m0/H] metrics saved -> /home/snirhordan/ito/RandomSearchNNs/runs/qm9_rsnn/_stage/m8/H/split0/H/metrics.json
