# cmd: /home/snirhordan/miniconda3/envs/rwnn/bin/python3 -u /home/snirhordan/ito/RandomSearchNNs/quickstart/train_qm9.py --target H --walk_type walk_ada --distances 1 --mol_edge_feat 1 --epochs 15 --early_stopping 4 --n_splits 1 --batch_size 128 --h_dim 128 --num_layers 2 --m 8 --w 8 --reduce mean --seed 42 --num_workers 4 --device_idx 0 --out_root /home/snirhordan/ito/RandomSearchNNs/runs/qm9_rwnn/_stage --run_subdir m8/H/split0 --limit 0
# gpu: 0 seed: 42 (CVD=0)
[d1_m1/H] device=cuda:0 seed=42 cwd=/home/snirhordan/ito/RandomSearchNNs
[d1_m1/H] loading preprocessed cache from data/qm9/qm9_d_rwnn_cache/mols_H.pt
/home/snirhordan/ito/RandomSearchNNs/quickstart/train_qm9.py:357: FutureWarning: You are using `torch.load` with `weights_only=False` (the current default value), which uses the default pickle module implicitly. It is possible to construct malicious pickle data which will execute arbitrary code during unpickling (See https://github.com/pytorch/pytorch/blob/main/SECURITY.md#untrusted-models for more details). In a future release, the default value for `weights_only` will be flipped to `True`. This limits the functions that could be executed during unpickling. Arbitrary objects will no longer be allowed to be loaded via this mode unless they are explicitly allowlisted by the user via `torch.serialization.add_safe_globals`. We recommend you start setting `weights_only=True` for any use case where you don't have full control of the loaded file. Please open an issue on GitHub for any issues related to this experimental feature.
  mols = torch.load(cache_path)
/home/snirhordan/ito/RandomSearchNNs/quickstart/train_qm9.py:358: FutureWarning: You are using `torch.load` with `weights_only=False` (the current default value), which uses the default pickle module implicitly. It is possible to construct malicious pickle data which will execute arbitrary code during unpickling (See https://github.com/pytorch/pytorch/blob/main/SECURITY.md#untrusted-models for more details). In a future release, the default value for `weights_only` will be flipped to `True`. This limits the functions that could be executed during unpickling. Arbitrary objects will no longer be allowed to be loaded via this mode unless they are explicitly allowlisted by the user via `torch.serialization.add_safe_globals`. We recommend you start setting `weights_only=True` for any use case where you don't have full control of the loaded file. Please open an issue on GitHub for any issues related to this experimental feature.
  vocab = torch.load(vocab_path)
[d1_m1/H] loaded cache (130831 mols, vocab={'C': 0, 'F': 1, 'H': 2, 'N': 3, 'O': 4, 'PAD': 5}), dt=71.7s
[d1_m1/H] max_len=29
[d1_m1/H] target stats: mean=-11178.7100 std=1085.5728
[d1_m1/H] pe_in_dim=35 pe_out_dim=16 vocab_size=6
[d1_m1/H] split 0: train=78498 valid=26166 test=26167
[d1_m1/H] split 0 epoch   0 train_mse=0.2433 valid_mae=322.6197 dt=750.0s *
[d1_m1/H] split 0 epoch   1 train_mse=0.1141 valid_mae=181.8881 dt=791.1s *
[d1_m1/H] split 0 epoch   2 train_mse=0.1035 valid_mae=156.8478 dt=776.5s *
[d1_m1/H] split 0 epoch   3 train_mse=0.1039 valid_mae=173.7159 dt=829.4s  
[d1_m1/H] split 0 epoch   4 train_mse=0.1013 valid_mae=150.8615 dt=831.4s *
[d1_m1/H] split 0 epoch   5 train_mse=0.0956 valid_mae=158.4070 dt=860.0s  
[d1_m1/H] split 0 epoch   6 train_mse=0.0979 valid_mae=168.3110 dt=828.8s  
[d1_m1/H] split 0 epoch   7 train_mse=0.0917 valid_mae=163.3485 dt=827.1s  
[d1_m1/H] split 0 epoch   8 train_mse=0.0942 valid_mae=139.9000 dt=828.0s *
[d1_m1/H] split 0 epoch   9 train_mse=0.0899 valid_mae=155.9296 dt=785.0s  
[d1_m1/H] split 0 epoch  10 train_mse=0.0902 valid_mae=142.9739 dt=822.5s  
[d1_m1/H] split 0 epoch  11 train_mse=0.0891 valid_mae=136.3854 dt=835.6s *
[d1_m1/H] split 0 epoch  12 train_mse=0.0875 valid_mae=155.0171 dt=827.0s  
[d1_m1/H] split 0 epoch  13 train_mse=0.0879 valid_mae=154.2600 dt=774.7s  
