[dispatch-rwnn] 78 jobs (gpus=[2, 2, 2, 3, 3, 3], epochs=15, patience=4)
  preview: m=16 tgt=G split=0
  preview: m=16 tgt=G split=1
  preview: m=16 tgt=G split=2
  preview: m=16 tgt=Cv split=0
  preview: m=16 tgt=Cv split=1
[dispatch-rwnn] [1/78] launch m=16 tgt=G     split=0 -> gpu=2 pid=164863
[dispatch-rwnn] [2/78] launch m=16 tgt=G     split=1 -> gpu=2 pid=164864
[dispatch-rwnn] [3/78] launch m=16 tgt=G     split=2 -> gpu=2 pid=164865
[dispatch-rwnn] [4/78] launch m=16 tgt=Cv    split=0 -> gpu=3 pid=164866
[dispatch-rwnn] [5/78] launch m=16 tgt=Cv    split=1 -> gpu=3 pid=164867
[dispatch-rwnn] [6/78] launch m=16 tgt=Cv    split=2 -> gpu=3 pid=164868
[dispatch-rwnn] OK m=16 tgt=G     split=0 gpu=2 dt=117.1min
[dispatch-rwnn] [7/78] launch m=8 tgt=mu    split=0 -> gpu=2 pid=174337
[dispatch-rwnn] OK m=16 tgt=G     split=1 gpu=2 dt=129.4min
[dispatch-rwnn] [8/78] launch m=8 tgt=mu    split=1 -> gpu=2 pid=175303
[dispatch-rwnn] OK m=16 tgt=Cv    split=0 gpu=3 dt=155.9min
[dispatch-rwnn] [9/78] launch m=8 tgt=mu    split=2 -> gpu=3 pid=177112
[dispatch-rwnn] OK m=16 tgt=G     split=2 gpu=2 dt=182.4min
[dispatch-rwnn] [10/78] launch m=8 tgt=alpha split=0 -> gpu=2 pid=178899
[dispatch-rwnn] OK m=16 tgt=Cv    split=2 gpu=3 dt=192.7min
[dispatch-rwnn] [11/78] launch m=8 tgt=alpha split=1 -> gpu=3 pid=179821
[dispatch-rwnn] OK m=16 tgt=Cv    split=1 gpu=3 dt=192.9min
[dispatch-rwnn] [12/78] launch m=8 tgt=alpha split=2 -> gpu=3 pid=179835
[dispatch-rwnn] OK m=8 tgt=mu    split=0 gpu=2 dt=103.8min
[dispatch-rwnn] [13/78] launch m=8 tgt=homo  split=0 -> gpu=2 pid=182126
[dispatch-rwnn] OK m=8 tgt=mu    split=1 gpu=2 dt=98.6min
[dispatch-rwnn] [14/78] launch m=8 tgt=homo  split=1 -> gpu=2 pid=182866
[dispatch-rwnn] OK m=8 tgt=mu    split=2 gpu=3 dt=102.8min
[dispatch-rwnn] [15/78] launch m=8 tgt=homo  split=2 -> gpu=3 pid=184847
[dispatch-rwnn] OK m=8 tgt=alpha split=0 gpu=2 dt=100.1min
[dispatch-rwnn] [16/78] launch m=8 tgt=lumo  split=0 -> gpu=2 pid=186508
[dispatch-rwnn] OK m=8 tgt=alpha split=1 gpu=3 dt=101.3min
[dispatch-rwnn] [17/78] launch m=8 tgt=lumo  split=1 -> gpu=3 pid=187501
[dispatch-rwnn] OK m=8 tgt=alpha split=2 gpu=3 dt=101.8min
[dispatch-rwnn] [18/78] launch m=8 tgt=lumo  split=2 -> gpu=3 pid=187529
[dispatch-rwnn] OK m=8 tgt=homo  split=0 gpu=2 dt=102.3min
[dispatch-rwnn] [19/78] launch m=8 tgt=gap   split=0 -> gpu=2 pid=189792
[dispatch-rwnn] OK m=8 tgt=homo  split=1 gpu=2 dt=101.3min
[dispatch-rwnn] [20/78] launch m=8 tgt=gap   split=1 -> gpu=2 pid=190444
[dispatch-rwnn] OK m=8 tgt=homo  split=2 gpu=3 dt=100.8min
[dispatch-rwnn] [21/78] launch m=8 tgt=gap   split=2 -> gpu=3 pid=192434
[dispatch-rwnn] OK m=8 tgt=lumo  split=0 gpu=2 dt=100.6min
[dispatch-rwnn] [22/78] launch m=8 tgt=R2    split=0 -> gpu=2 pid=194188
[dispatch-rwnn] OK m=8 tgt=lumo  split=1 gpu=3 dt=100.3min
[dispatch-rwnn] [23/78] launch m=8 tgt=R2    split=1 -> gpu=3 pid=195156
[dispatch-rwnn] OK m=8 tgt=lumo  split=2 gpu=3 dt=100.6min
[dispatch-rwnn] [24/78] launch m=8 tgt=R2    split=2 -> gpu=3 pid=195198
[dispatch-rwnn] OK m=8 tgt=gap   split=0 gpu=2 dt=100.3min
[dispatch-rwnn] [25/78] launch m=8 tgt=zpve  split=0 -> gpu=2 pid=197460
[dispatch-rwnn] OK m=8 tgt=gap   split=1 gpu=2 dt=102.3min
[dispatch-rwnn] [26/78] launch m=8 tgt=zpve  split=1 -> gpu=2 pid=198254
[dispatch-rwnn] OK m=8 tgt=gap   split=2 gpu=3 dt=100.8min
[dispatch-rwnn] [27/78] launch m=8 tgt=zpve  split=2 -> gpu=3 pid=200114
[dispatch-rwnn] OK m=8 tgt=R2    split=0 gpu=2 dt=100.1min
[dispatch-rwnn] [28/78] launch m=8 tgt=U0    split=0 -> gpu=2 pid=201758
[dispatch-rwnn] OK m=8 tgt=R2    split=1 gpu=3 dt=101.1min
[dispatch-rwnn] [29/78] launch m=8 tgt=U0    split=1 -> gpu=3 pid=202761
[dispatch-rwnn] OK m=8 tgt=R2    split=2 gpu=3 dt=101.8min
[dispatch-rwnn] [30/78] launch m=8 tgt=U0    split=2 -> gpu=3 pid=203258
[dispatch-rwnn] OK m=8 tgt=zpve  split=0 gpu=2 dt=101.6min
[dispatch-rwnn] [31/78] launch m=8 tgt=U     split=0 -> gpu=2 pid=205062
[dispatch-rwnn] OK m=8 tgt=zpve  split=1 gpu=2 dt=101.6min
[dispatch-rwnn] [32/78] launch m=8 tgt=U     split=1 -> gpu=2 pid=205892
[dispatch-rwnn] OK m=8 tgt=zpve  split=2 gpu=3 dt=100.3min
[dispatch-rwnn] [33/78] launch m=8 tgt=U     split=2 -> gpu=3 pid=207727
[dispatch-rwnn] OK m=8 tgt=U0    split=0 gpu=2 dt=101.6min
[dispatch-rwnn] [34/78] launch m=8 tgt=H     split=0 -> gpu=2 pid=209356
[dispatch-rwnn] OK m=8 tgt=U0    split=1 gpu=3 dt=93.8min
[dispatch-rwnn] [35/78] launch m=8 tgt=H     split=1 -> gpu=3 pid=209966
[dispatch-rwnn] OK m=8 tgt=U0    split=2 gpu=3 dt=94.8min
[dispatch-rwnn] [36/78] launch m=8 tgt=H     split=2 -> gpu=3 pid=210542
[dispatch-rwnn] OK m=8 tgt=U     split=0 gpu=2 dt=101.1min
[dispatch-rwnn] [37/78] launch m=8 tgt=G     split=0 -> gpu=2 pid=212705
[dispatch-rwnn] OK m=8 tgt=U     split=1 gpu=2 dt=94.1min
[dispatch-rwnn] [38/78] launch m=8 tgt=G     split=1 -> gpu=2 pid=212784
[dispatch-rwnn] OK m=8 tgt=U     split=2 gpu=3 dt=95.6min
[dispatch-rwnn] [39/78] launch m=8 tgt=G     split=2 -> gpu=3 pid=215021
[dispatch-rwnn] OK m=8 tgt=H     split=0 gpu=2 dt=89.1min
[dispatch-rwnn] [40/78] launch m=8 tgt=Cv    split=0 -> gpu=2 pid=216313
[dispatch-rwnn] OK m=8 tgt=H     split=1 gpu=3 dt=95.3min
[dispatch-rwnn] [41/78] launch m=8 tgt=Cv    split=1 -> gpu=3 pid=217314
[dispatch-rwnn] OK m=8 tgt=H     split=2 gpu=3 dt=95.3min
[dispatch-rwnn] [42/78] launch m=8 tgt=Cv    split=2 -> gpu=3 pid=217863
[dispatch-rwnn] OK m=8 tgt=G     split=0 gpu=2 dt=88.6min
[dispatch-rwnn] [43/78] launch m=4 tgt=mu    split=0 -> gpu=2 pid=219647
[dispatch-rwnn] OK m=8 tgt=G     split=2 gpu=3 dt=70.3min
[dispatch-rwnn] [44/78] launch m=4 tgt=mu    split=1 -> gpu=3 pid=220681
[dispatch-rwnn] OK m=8 tgt=G     split=1 gpu=2 dt=100.3min
[dispatch-rwnn] [45/78] launch m=4 tgt=mu    split=2 -> gpu=2 pid=220772
[dispatch-rwnn] OK m=4 tgt=mu    split=0 gpu=2 dt=55.1min
[dispatch-rwnn] [46/78] launch m=4 tgt=alpha split=0 -> gpu=2 pid=223677
[dispatch-rwnn] OK m=8 tgt=Cv    split=0 gpu=2 dt=102.1min
[dispatch-rwnn] [47/78] launch m=4 tgt=alpha split=1 -> gpu=2 pid=224411
[dispatch-rwnn] OK m=4 tgt=mu    split=1 gpu=3 dt=55.1min
[dispatch-rwnn] [48/78] launch m=4 tgt=alpha split=2 -> gpu=3 pid=225090
[dispatch-rwnn] OK m=4 tgt=mu    split=2 gpu=2 dt=54.3min
[dispatch-rwnn] [49/78] launch m=4 tgt=homo  split=0 -> gpu=2 pid=225104
[dispatch-rwnn] OK m=8 tgt=Cv    split=1 gpu=3 dt=102.6min
[dispatch-rwnn] [50/78] launch m=4 tgt=homo  split=1 -> gpu=3 pid=226128
[dispatch-rwnn] OK m=8 tgt=Cv    split=2 gpu=3 dt=101.8min
[dispatch-rwnn] [51/78] launch m=4 tgt=homo  split=2 -> gpu=3 pid=226543
[dispatch-rwnn] OK m=4 tgt=alpha split=0 gpu=2 dt=55.1min
[dispatch-rwnn] [52/78] launch m=4 tgt=lumo  split=0 -> gpu=2 pid=228805
[dispatch-rwnn] OK m=4 tgt=alpha split=1 gpu=2 dt=54.6min
[dispatch-rwnn] [53/78] launch m=4 tgt=lumo  split=1 -> gpu=2 pid=229477
[dispatch-rwnn] OK m=4 tgt=alpha split=2 gpu=3 dt=54.6min
[dispatch-rwnn] [54/78] launch m=4 tgt=lumo  split=2 -> gpu=3 pid=230191
[dispatch-rwnn] OK m=4 tgt=homo  split=0 gpu=2 dt=54.8min
[dispatch-rwnn] [55/78] launch m=4 tgt=gap   split=0 -> gpu=2 pid=230220
[dispatch-rwnn] OK m=4 tgt=homo  split=1 gpu=3 dt=55.1min
[dispatch-rwnn] [56/78] launch m=4 tgt=gap   split=1 -> gpu=3 pid=231252
[dispatch-rwnn] OK m=4 tgt=homo  split=2 gpu=3 dt=55.6min
[dispatch-rwnn] [57/78] launch m=4 tgt=gap   split=2 -> gpu=3 pid=231699
[dispatch-rwnn] OK m=4 tgt=lumo  split=0 gpu=2 dt=54.8min
[dispatch-rwnn] [58/78] launch m=4 tgt=R2    split=0 -> gpu=2 pid=233941
[dispatch-rwnn] OK m=4 tgt=lumo  split=1 gpu=2 dt=55.8min
[dispatch-rwnn] [59/78] launch m=4 tgt=R2    split=1 -> gpu=2 pid=234683
[dispatch-rwnn] OK m=4 tgt=lumo  split=2 gpu=3 dt=54.3min
[dispatch-rwnn] [60/78] launch m=4 tgt=R2    split=2 -> gpu=3 pid=235299
[dispatch-rwnn] OK m=4 tgt=gap   split=0 gpu=2 dt=55.6min
[dispatch-rwnn] [61/78] launch m=4 tgt=zpve  split=0 -> gpu=2 pid=235750
[dispatch-rwnn] OK m=4 tgt=gap   split=1 gpu=3 dt=55.3min
[dispatch-rwnn] [62/78] launch m=4 tgt=zpve  split=1 -> gpu=3 pid=236408
[dispatch-rwnn] OK m=4 tgt=gap   split=2 gpu=3 dt=55.3min
[dispatch-rwnn] [63/78] launch m=4 tgt=zpve  split=2 -> gpu=3 pid=236849
[dispatch-rwnn] OK m=4 tgt=zpve  split=0 gpu=2 dt=42.0min
[dispatch-rwnn] [64/78] launch m=4 tgt=U0    split=0 -> gpu=2 pid=239060
[dispatch-rwnn] OK m=4 tgt=R2    split=0 gpu=2 dt=54.8min
[dispatch-rwnn] [65/78] launch m=4 tgt=U0    split=1 -> gpu=2 pid=239076
[dispatch-rwnn] OK m=4 tgt=R2    split=1 gpu=2 dt=55.3min
[dispatch-rwnn] [66/78] launch m=4 tgt=U0    split=2 -> gpu=2 pid=240192
[dispatch-rwnn] OK m=4 tgt=R2    split=2 gpu=3 dt=55.6min
[dispatch-rwnn] [67/78] launch m=4 tgt=U     split=0 -> gpu=3 pid=240814
[dispatch-rwnn] OK m=4 tgt=zpve  split=1 gpu=3 dt=55.3min
[dispatch-rwnn] [68/78] launch m=4 tgt=U     split=1 -> gpu=3 pid=241548
[dispatch-rwnn] OK m=4 tgt=zpve  split=2 gpu=3 dt=56.3min
[dispatch-rwnn] [69/78] launch m=4 tgt=U     split=2 -> gpu=3 pid=242073
[dispatch-rwnn] OK m=4 tgt=U0    split=0 gpu=2 dt=37.3min
[dispatch-rwnn] [70/78] launch m=4 tgt=H     split=0 -> gpu=2 pid=243257
[dispatch-rwnn] OK m=4 tgt=U0    split=2 gpu=2 dt=42.0min
[dispatch-rwnn] [71/78] launch m=4 tgt=H     split=1 -> gpu=2 pid=244284
[dispatch-rwnn] OK m=4 tgt=U     split=0 gpu=3 dt=37.8min
[dispatch-rwnn] [72/78] launch m=4 tgt=H     split=2 -> gpu=3 pid=244295
[dispatch-rwnn] OK m=4 tgt=U0    split=1 gpu=2 dt=55.3min
[dispatch-rwnn] [73/78] launch m=4 tgt=G     split=0 -> gpu=2 pid=245304
[dispatch-rwnn] OK m=4 tgt=U     split=2 gpu=3 dt=41.3min
[dispatch-rwnn] [74/78] launch m=4 tgt=G     split=1 -> gpu=3 pid=246138
[dispatch-rwnn] OK m=4 tgt=U     split=1 gpu=3 dt=54.8min
[dispatch-rwnn] [75/78] launch m=4 tgt=G     split=2 -> gpu=3 pid=247043
[dispatch-rwnn] OK m=4 tgt=H     split=0 gpu=2 dt=38.0min
[dispatch-rwnn] [76/78] launch m=4 tgt=Cv    split=0 -> gpu=2 pid=247456
[dispatch-rwnn] OK m=4 tgt=H     split=2 gpu=3 dt=42.0min
[dispatch-rwnn] [77/78] launch m=4 tgt=Cv    split=1 -> gpu=3 pid=248745
[dispatch-rwnn] OK m=4 tgt=G     split=0 gpu=2 dt=37.5min
[dispatch-rwnn] [78/78] launch m=4 tgt=Cv    split=2 -> gpu=2 pid=249194
[dispatch-rwnn] OK m=4 tgt=H     split=1 gpu=2 dt=55.1min
[dispatch-rwnn] OK m=4 tgt=G     split=2 gpu=3 dt=41.0min
[dispatch-rwnn] OK m=4 tgt=G     split=1 gpu=3 dt=55.3min
[dispatch-rwnn] OK m=4 tgt=Cv    split=0 gpu=2 dt=56.6min
[dispatch-rwnn] OK m=4 tgt=Cv    split=1 gpu=3 dt=61.8min
[dispatch-rwnn] OK m=4 tgt=Cv    split=2 gpu=2 dt=61.3min
[dispatch-rwnn] DONE completed=78 failed=0 wall=18.15h
