# cmd: /home/snirhordan/miniconda3/envs/rwnn/bin/python3 -u /home/snirhordan/ito/RandomSearchNNs/quickstart/train_qm9.py --target U0 --walk_type walk_ada --distances 1 --mol_edge_feat 1 --epochs 15 --early_stopping 4 --n_splits 1 --batch_size 128 --h_dim 128 --num_layers 2 --m 4 --w 8 --reduce mean --seed 44 --num_workers 4 --device_idx 0 --out_root /home/snirhordan/ito/RandomSearchNNs/runs/qm9_rwnn/_stage --run_subdir m4/U0/split2 --limit 0
# gpu: 0 seed: 44 (CVD=0)
[d1_m1/U0] device=cuda:0 seed=44 cwd=/home/snirhordan/ito/RandomSearchNNs
[d1_m1/U0] loading preprocessed cache from data/qm9/qm9_d_rwnn_cache/mols_U0.pt
/home/snirhordan/ito/RandomSearchNNs/quickstart/train_qm9.py:357: FutureWarning: You are using `torch.load` with `weights_only=False` (the current default value), which uses the default pickle module implicitly. It is possible to construct malicious pickle data which will execute arbitrary code during unpickling (See https://github.com/pytorch/pytorch/blob/main/SECURITY.md#untrusted-models for more details). In a future release, the default value for `weights_only` will be flipped to `True`. This limits the functions that could be executed during unpickling. Arbitrary objects will no longer be allowed to be loaded via this mode unless they are explicitly allowlisted by the user via `torch.serialization.add_safe_globals`. We recommend you start setting `weights_only=True` for any use case where you don't have full control of the loaded file. Please open an issue on GitHub for any issues related to this experimental feature.
  mols = torch.load(cache_path)
/home/snirhordan/ito/RandomSearchNNs/quickstart/train_qm9.py:358: FutureWarning: You are using `torch.load` with `weights_only=False` (the current default value), which uses the default pickle module implicitly. It is possible to construct malicious pickle data which will execute arbitrary code during unpickling (See https://github.com/pytorch/pytorch/blob/main/SECURITY.md#untrusted-models for more details). In a future release, the default value for `weights_only` will be flipped to `True`. This limits the functions that could be executed during unpickling. Arbitrary objects will no longer be allowed to be loaded via this mode unless they are explicitly allowlisted by the user via `torch.serialization.add_safe_globals`. We recommend you start setting `weights_only=True` for any use case where you don't have full control of the loaded file. Please open an issue on GitHub for any issues related to this experimental feature.
  vocab = torch.load(vocab_path)
[d1_m1/U0] loaded cache (130831 mols, vocab={'C': 0, 'F': 1, 'H': 2, 'N': 3, 'O': 4, 'PAD': 5}), dt=62.0s
[d1_m1/U0] max_len=29
[d1_m1/U0] target stats: mean=-11178.9668 std=1085.5787
[d1_m1/U0] pe_in_dim=35 pe_out_dim=16 vocab_size=6
[d1_m1/U0] split 0: train=78498 valid=26166 test=26167
[d1_m1/U0] split 0 epoch   0 train_mse=0.4482 valid_mae=488.4873 dt=419.3s *
[d1_m1/U0] split 0 epoch   1 train_mse=0.3541 valid_mae=434.1913 dt=403.1s *
[d1_m1/U0] split 0 epoch   2 train_mse=0.3419 valid_mae=396.0894 dt=409.2s *
[d1_m1/U0] split 0 epoch   3 train_mse=0.3423 valid_mae=404.4187 dt=406.3s  
[d1_m1/U0] split 0 epoch   4 train_mse=0.3373 valid_mae=400.4415 dt=408.3s  
[d1_m1/U0] split 0 epoch   5 train_mse=0.3284 valid_mae=401.2130 dt=388.8s  
[d1_m1/U0] split 0 epoch   6 train_mse=0.3328 valid_mae=391.2333 dt=392.8s *
[d1_m1/U0] split 0 epoch   7 train_mse=0.3247 valid_mae=417.7618 dt=410.3s  
[d1_m1/U0] split 0 epoch   8 train_mse=0.3244 valid_mae=399.0246 dt=415.4s  
[d1_m1/U0] split 0 epoch   9 train_mse=0.3214 valid_mae=406.5414 dt=411.8s  
[d1_m1/U0] split 0 epoch  10 train_mse=0.3200 valid_mae=399.3217 dt=411.4s  
[d1_m1/U0] split 0 early stop at epoch 11
[d1_m1/U0] split 0 DONE best_valid_mae=391.2333 test_mae=393.5365 split_dt=4575.8s
[d1_m1/U0] DONE mean_test_mae=393.5365 total=4575.9s peak_gpu_mem=264.0MB
[d1_m1/U0] metrics saved -> /home/snirhordan/ito/RandomSearchNNs/runs/qm9_rwnn/_stage/m4/U0/split2/U0/metrics.json
