# cmd: /home/snirhordan/miniconda3/envs/rwnn/bin/python3 -u /home/snirhordan/ito/RandomSearchNNs/quickstart/train_qm9.py --target U0 --walk_type walk_ada --distances 1 --mol_edge_feat 1 --epochs 15 --early_stopping 4 --n_splits 1 --batch_size 128 --h_dim 128 --num_layers 2 --m 16 --w 8 --reduce mean --seed 44 --num_workers 4 --device_idx 0 --out_root /home/snirhordan/ito/RandomSearchNNs/runs/qm9_rwnn/_stage --run_subdir m16/U0/split2 --limit 0
# gpu: 0 seed: 44 (CVD=0)
[d1_m1/U0] device=cuda:0 seed=44 cwd=/home/snirhordan/ito/RandomSearchNNs
[d1_m1/U0] loading preprocessed cache from data/qm9/qm9_d_rwnn_cache/mols_U0.pt
/home/snirhordan/ito/RandomSearchNNs/quickstart/train_qm9.py:357: FutureWarning: You are using `torch.load` with `weights_only=False` (the current default value), which uses the default pickle module implicitly. It is possible to construct malicious pickle data which will execute arbitrary code during unpickling (See https://github.com/pytorch/pytorch/blob/main/SECURITY.md#untrusted-models for more details). In a future release, the default value for `weights_only` will be flipped to `True`. This limits the functions that could be executed during unpickling. Arbitrary objects will no longer be allowed to be loaded via this mode unless they are explicitly allowlisted by the user via `torch.serialization.add_safe_globals`. We recommend you start setting `weights_only=True` for any use case where you don't have full control of the loaded file. Please open an issue on GitHub for any issues related to this experimental feature.
  mols = torch.load(cache_path)
/home/snirhordan/ito/RandomSearchNNs/quickstart/train_qm9.py:358: FutureWarning: You are using `torch.load` with `weights_only=False` (the current default value), which uses the default pickle module implicitly. It is possible to construct malicious pickle data which will execute arbitrary code during unpickling (See https://github.com/pytorch/pytorch/blob/main/SECURITY.md#untrusted-models for more details). In a future release, the default value for `weights_only` will be flipped to `True`. This limits the functions that could be executed during unpickling. Arbitrary objects will no longer be allowed to be loaded via this mode unless they are explicitly allowlisted by the user via `torch.serialization.add_safe_globals`. We recommend you start setting `weights_only=True` for any use case where you don't have full control of the loaded file. Please open an issue on GitHub for any issues related to this experimental feature.
  vocab = torch.load(vocab_path)
[d1_m1/U0] loaded cache (130831 mols, vocab={'C': 0, 'F': 1, 'H': 2, 'N': 3, 'O': 4, 'PAD': 5}), dt=33.3s
[d1_m1/U0] max_len=29
[d1_m1/U0] target stats: mean=-11178.9668 std=1085.5787
[d1_m1/U0] pe_in_dim=35 pe_out_dim=16 vocab_size=6
[d1_m1/U0] split 0: train=78498 valid=26166 test=26167
[d1_m1/U0] split 0 epoch   0 train_mse=0.1389 valid_mae=74.0643 dt=529.4s *
[d1_m1/U0] split 0 epoch   1 train_mse=0.0204 valid_mae=58.8797 dt=527.0s *
[d1_m1/U0] split 0 epoch   2 train_mse=0.0162 valid_mae=36.9215 dt=523.6s *
[d1_m1/U0] split 0 epoch   3 train_mse=0.0134 valid_mae=109.7361 dt=529.2s  
[d1_m1/U0] split 0 epoch   4 train_mse=0.0104 valid_mae=38.2521 dt=524.5s  
[d1_m1/U0] split 0 epoch   5 train_mse=0.0226 valid_mae=30.2677 dt=523.1s *
[d1_m1/U0] split 0 epoch   6 train_mse=0.0099 valid_mae=31.7280 dt=522.7s  
[d1_m1/U0] split 0 epoch   7 train_mse=0.0101 valid_mae=57.4398 dt=520.2s  
[d1_m1/U0] split 0 epoch   8 train_mse=0.0089 valid_mae=74.5560 dt=526.6s  
[d1_m1/U0] split 0 epoch   9 train_mse=0.0093 valid_mae=32.5637 dt=525.5s  
[d1_m1/U0] split 0 early stop at epoch 10
[d1_m1/U0] split 0 DONE best_valid_mae=30.2677 test_mae=30.8675 split_dt=5373.2s
[d1_m1/U0] DONE mean_test_mae=30.8675 total=5373.3s peak_gpu_mem=905.8MB
[d1_m1/U0] metrics saved -> /home/snirhordan/ito/RandomSearchNNs/runs/qm9_rwnn/_stage/m16/U0/split2/U0/metrics.json
