# cmd: /home/snirhordan/miniconda3/envs/rwnn/bin/python3 -u /home/snirhordan/ito/RandomSearchNNs/quickstart/train_qm9.py --target gap --walk_type walk_ada --distances 1 --mol_edge_feat 1 --epochs 15 --early_stopping 4 --n_splits 1 --batch_size 128 --h_dim 128 --num_layers 2 --m 8 --w 8 --reduce mean --seed 43 --num_workers 4 --device_idx 0 --out_root /home/snirhordan/ito/RandomSearchNNs/runs/qm9_rwnn/_stage --run_subdir m8/gap/split1 --limit 0
# gpu: 0 seed: 43 (CVD=0)
[d1_m1/gap] device=cuda:0 seed=43 cwd=/home/snirhordan/ito/RandomSearchNNs
[d1_m1/gap] loading preprocessed cache from data/qm9/qm9_d_rwnn_cache/mols_gap.pt
/home/snirhordan/ito/RandomSearchNNs/quickstart/train_qm9.py:357: FutureWarning: You are using `torch.load` with `weights_only=False` (the current default value), which uses the default pickle module implicitly. It is possible to construct malicious pickle data which will execute arbitrary code during unpickling (See https://github.com/pytorch/pytorch/blob/main/SECURITY.md#untrusted-models for more details). In a future release, the default value for `weights_only` will be flipped to `True`. This limits the functions that could be executed during unpickling. Arbitrary objects will no longer be allowed to be loaded via this mode unless they are explicitly allowlisted by the user via `torch.serialization.add_safe_globals`. We recommend you start setting `weights_only=True` for any use case where you don't have full control of the loaded file. Please open an issue on GitHub for any issues related to this experimental feature.
  mols = torch.load(cache_path)
/home/snirhordan/ito/RandomSearchNNs/quickstart/train_qm9.py:358: FutureWarning: You are using `torch.load` with `weights_only=False` (the current default value), which uses the default pickle module implicitly. It is possible to construct malicious pickle data which will execute arbitrary code during unpickling (See https://github.com/pytorch/pytorch/blob/main/SECURITY.md#untrusted-models for more details). In a future release, the default value for `weights_only` will be flipped to `True`. This limits the functions that could be executed during unpickling. Arbitrary objects will no longer be allowed to be loaded via this mode unless they are explicitly allowlisted by the user via `torch.serialization.add_safe_globals`. We recommend you start setting `weights_only=True` for any use case where you don't have full control of the loaded file. Please open an issue on GitHub for any issues related to this experimental feature.
  vocab = torch.load(vocab_path)
[d1_m1/gap] loaded cache (130831 mols, vocab={'C': 0, 'F': 1, 'H': 2, 'N': 3, 'O': 4, 'PAD': 5}), dt=33.9s
[d1_m1/gap] max_len=29
[d1_m1/gap] target stats: mean=6.8585 std=1.2842
[d1_m1/gap] pe_in_dim=35 pe_out_dim=16 vocab_size=6
[d1_m1/gap] split 0: train=78498 valid=26166 test=26167
[d1_m1/gap] split 0 epoch   0 train_mse=0.3636 valid_mae=0.4402 dt=288.5s *
[d1_m1/gap] split 0 epoch   1 train_mse=0.2033 valid_mae=0.3899 dt=282.5s *
[d1_m1/gap] split 0 epoch   2 train_mse=0.1742 valid_mae=0.3568 dt=285.9s *
[d1_m1/gap] split 0 epoch   3 train_mse=0.1519 valid_mae=0.3694 dt=286.5s  
[d1_m1/gap] split 0 epoch   4 train_mse=0.1388 valid_mae=0.3280 dt=285.1s *
[d1_m1/gap] split 0 epoch   5 train_mse=0.1303 valid_mae=0.3328 dt=287.4s  
[d1_m1/gap] split 0 epoch   6 train_mse=0.1221 valid_mae=0.3150 dt=285.3s *
[d1_m1/gap] split 0 epoch   7 train_mse=0.1160 valid_mae=0.3040 dt=284.9s *
[d1_m1/gap] split 0 epoch   8 train_mse=0.1109 valid_mae=0.2988 dt=285.0s *
[d1_m1/gap] split 0 epoch   9 train_mse=0.1086 valid_mae=0.2908 dt=285.3s *
[d1_m1/gap] split 0 epoch  10 train_mse=0.1031 valid_mae=0.2887 dt=284.7s *
[d1_m1/gap] split 0 epoch  11 train_mse=0.1013 valid_mae=0.2797 dt=283.8s *
[d1_m1/gap] split 0 epoch  12 train_mse=0.0973 valid_mae=0.2825 dt=285.8s  
[d1_m1/gap] split 0 epoch  13 train_mse=0.0935 valid_mae=0.2778 dt=284.7s *
[d1_m1/gap] split 0 epoch  14 train_mse=0.0915 valid_mae=0.2655 dt=284.1s *
[d1_m1/gap] split 0 DONE best_valid_mae=0.2655 test_mae=0.2651 split_dt=4351.3s
[d1_m1/gap] DONE mean_test_mae=0.2651 total=4351.4s peak_gpu_mem=480.5MB
[d1_m1/gap] metrics saved -> /home/snirhordan/ito/RandomSearchNNs/runs/qm9_rwnn/_stage/m8/gap/split1/gap/metrics.json
