# cmd: /home/snirhordan/miniconda3/envs/rwnn/bin/python3 -u quickstart/train_qm9.py --target Cv --walk_type search --distances 0 --mol_edge_feat 0 --epochs 10 --early_stopping 3 --n_splits 1 --batch_size 128 --h_dim 128 --num_layers 2 --m 4 --w 8 --reduce mean --seed 44 --num_workers 4 --device_idx 0 --out_root /home/snirhordan/ito/RandomSearchNNs/runs/qm9_rsnn/_stage --run_subdir m4/Cv/split2 --limit 0
# gpu: 3
# seed: 44
[d0_m0/Cv] device=cuda:0 seed=44 cwd=/home/snirhordan/ito/RandomSearchNNs
[d0_m0/Cv] loading preprocessed cache from data/qm9/qm9_d_rwnn_cache/mols_Cv.pt
/home/snirhordan/ito/RandomSearchNNs/quickstart/train_qm9.py:357: FutureWarning: You are using `torch.load` with `weights_only=False` (the current default value), which uses the default pickle module implicitly. It is possible to construct malicious pickle data which will execute arbitrary code during unpickling (See https://github.com/pytorch/pytorch/blob/main/SECURITY.md#untrusted-models for more details). In a future release, the default value for `weights_only` will be flipped to `True`. This limits the functions that could be executed during unpickling. Arbitrary objects will no longer be allowed to be loaded via this mode unless they are explicitly allowlisted by the user via `torch.serialization.add_safe_globals`. We recommend you start setting `weights_only=True` for any use case where you don't have full control of the loaded file. Please open an issue on GitHub for any issues related to this experimental feature.
  mols = torch.load(cache_path)
/home/snirhordan/ito/RandomSearchNNs/quickstart/train_qm9.py:358: FutureWarning: You are using `torch.load` with `weights_only=False` (the current default value), which uses the default pickle module implicitly. It is possible to construct malicious pickle data which will execute arbitrary code during unpickling (See https://github.com/pytorch/pytorch/blob/main/SECURITY.md#untrusted-models for more details). In a future release, the default value for `weights_only` will be flipped to `True`. This limits the functions that could be executed during unpickling. Arbitrary objects will no longer be allowed to be loaded via this mode unless they are explicitly allowlisted by the user via `torch.serialization.add_safe_globals`. We recommend you start setting `weights_only=True` for any use case where you don't have full control of the loaded file. Please open an issue on GitHub for any issues related to this experimental feature.
  vocab = torch.load(vocab_path)
[d0_m0/Cv] loaded cache (130831 mols, vocab={'C': 0, 'F': 1, 'H': 2, 'N': 3, 'O': 4, 'PAD': 5}), dt=46.5s
[d0_m0/Cv] max_len=29
[d0_m0/Cv] target stats: mean=31.6204 std=4.0676
[d0_m0/Cv] pe_in_dim=8 pe_out_dim=16 vocab_size=6
[d0_m0/Cv] split 0: train=78498 valid=26166 test=26167
[d0_m0/Cv] split 0 epoch   0 train_mse=0.1775 valid_mae=0.9693 dt=87.0s *
[d0_m0/Cv] split 0 epoch   1 train_mse=0.0625 valid_mae=0.7165 dt=85.2s *
[d0_m0/Cv] split 0 epoch   2 train_mse=0.0462 valid_mae=0.7121 dt=85.0s *
[d0_m0/Cv] split 0 epoch   3 train_mse=0.0328 valid_mae=0.7639 dt=85.1s  
[d0_m0/Cv] split 0 epoch   4 train_mse=0.0265 valid_mae=0.7116 dt=84.8s *
[d0_m0/Cv] split 0 epoch   5 train_mse=0.0218 valid_mae=0.4295 dt=85.0s *
[d0_m0/Cv] split 0 epoch   6 train_mse=0.0196 valid_mae=0.5332 dt=85.0s  
[d0_m0/Cv] split 0 epoch   7 train_mse=0.0173 valid_mae=0.4870 dt=84.9s  
[d0_m0/Cv] split 0 epoch   8 train_mse=0.0157 valid_mae=0.4216 dt=85.0s *
[d0_m0/Cv] split 0 epoch   9 train_mse=0.0152 valid_mae=0.3465 dt=84.8s *
[d0_m0/Cv] split 0 DONE best_valid_mae=0.3465 test_mae=0.3460 split_dt=872.3s
[d0_m0/Cv] DONE mean_test_mae=0.3460 total=872.3s peak_gpu_mem=265.0MB
[d0_m0/Cv] metrics saved -> /home/snirhordan/ito/RandomSearchNNs/runs/qm9_rsnn/_stage/m4/Cv/split2/Cv/metrics.json
